[2024-10-05T02:19:14.043+0000] {taskinstance.py:1956} INFO - Dependencies all met for dep_context=non-requeueable deps ti=<TaskInstance: insert_employee_feedback_summary.create_table_task manual__2024-10-05T02:18:57.102439+00:00 [queued]>
[2024-10-05T02:19:14.091+0000] {taskinstance.py:1956} INFO - Dependencies all met for dep_context=requeueable deps ti=<TaskInstance: insert_employee_feedback_summary.create_table_task manual__2024-10-05T02:18:57.102439+00:00 [queued]>
[2024-10-05T02:19:14.094+0000] {taskinstance.py:2170} INFO - Starting attempt 1 of 1
[2024-10-05T02:19:14.143+0000] {taskinstance.py:2191} INFO - Executing <Task(PostgresOperator): create_table_task> on 2024-10-05 02:18:57.102439+00:00
[2024-10-05T02:19:14.171+0000] {standard_task_runner.py:60} INFO - Started process 698 to run task
[2024-10-05T02:19:14.178+0000] {standard_task_runner.py:87} INFO - Running: ['***', 'tasks', 'run', 'insert_employee_feedback_summary', 'create_table_task', 'manual__2024-10-05T02:18:57.102439+00:00', '--job-id', '151', '--raw', '--subdir', 'DAGS_FOLDER/feedback.py', '--cfg-path', '/tmp/tmpyl_5u7kh']
[2024-10-05T02:19:14.185+0000] {standard_task_runner.py:88} INFO - Job 151: Subtask create_table_task
[2024-10-05T02:19:14.307+0000] {task_command.py:423} INFO - Running <TaskInstance: insert_employee_feedback_summary.create_table_task manual__2024-10-05T02:18:57.102439+00:00 [running]> on host ffa59a91c4ec
[2024-10-05T02:19:14.648+0000] {taskinstance.py:2480} INFO - Exporting env vars: AIRFLOW_CTX_DAG_OWNER='***' AIRFLOW_CTX_DAG_ID='insert_employee_feedback_summary' AIRFLOW_CTX_TASK_ID='create_table_task' AIRFLOW_CTX_EXECUTION_DATE='2024-10-05T02:18:57.102439+00:00' AIRFLOW_CTX_TRY_NUMBER='1' AIRFLOW_CTX_DAG_RUN_ID='manual__2024-10-05T02:18:57.102439+00:00'
[2024-10-05T02:19:14.728+0000] {sql.py:276} INFO - Executing: 
        CREATE TABLE IF NOT EXISTS employee_feedback_summary (
            employee_name VARCHAR(100),
            department_name VARCHAR(100),
            feedback_rating INT,
            employee_gender VARCHAR(100)
        );
        
[2024-10-05T02:19:14.814+0000] {base.py:83} INFO - Using connection ID 'postgres_conn_id' for task execution.
[2024-10-05T02:19:14.890+0000] {base.py:83} INFO - Using connection ID 'postgres_conn_id' for task execution.
[2024-10-05T02:19:15.212+0000] {sql.py:450} INFO - Running statement: 
        CREATE TABLE IF NOT EXISTS employee_feedback_summary (
            employee_name VARCHAR(100),
            department_name VARCHAR(100),
            feedback_rating INT,
            employee_gender VARCHAR(100)
        );
        , parameters: None
[2024-10-05T02:19:15.286+0000] {taskinstance.py:1138} INFO - Marking task as SUCCESS. dag_id=insert_employee_feedback_summary, task_id=create_table_task, execution_date=20241005T021857, start_date=20241005T021914, end_date=20241005T021915
[2024-10-05T02:19:15.360+0000] {local_task_job_runner.py:234} INFO - Task exited with return code 0
[2024-10-05T02:19:15.419+0000] {taskinstance.py:3280} INFO - 1 downstream tasks scheduled from follow-on schedule check
