[2024-10-05T01:57:34.998+0000] {taskinstance.py:1956} INFO - Dependencies all met for dep_context=non-requeueable deps ti=<TaskInstance: insert_employee_feedback_summary.create_table_task manual__2024-10-05T01:57:00.746291+00:00 [queued]>
[2024-10-05T01:57:35.031+0000] {taskinstance.py:1956} INFO - Dependencies all met for dep_context=requeueable deps ti=<TaskInstance: insert_employee_feedback_summary.create_table_task manual__2024-10-05T01:57:00.746291+00:00 [queued]>
[2024-10-05T01:57:35.036+0000] {taskinstance.py:2170} INFO - Starting attempt 1 of 1
[2024-10-05T01:57:35.095+0000] {taskinstance.py:2191} INFO - Executing <Task(PostgresOperator): create_table_task> on 2024-10-05 01:57:00.746291+00:00
[2024-10-05T01:57:35.188+0000] {standard_task_runner.py:60} INFO - Started process 374 to run task
[2024-10-05T01:57:35.208+0000] {standard_task_runner.py:87} INFO - Running: ['***', 'tasks', 'run', 'insert_employee_feedback_summary', 'create_table_task', 'manual__2024-10-05T01:57:00.746291+00:00', '--job-id', '145', '--raw', '--subdir', 'DAGS_FOLDER/feedback.py', '--cfg-path', '/tmp/tmpp5onc3yo']
[2024-10-05T01:57:35.244+0000] {standard_task_runner.py:88} INFO - Job 145: Subtask create_table_task
[2024-10-05T01:57:35.582+0000] {task_command.py:423} INFO - Running <TaskInstance: insert_employee_feedback_summary.create_table_task manual__2024-10-05T01:57:00.746291+00:00 [running]> on host ffa59a91c4ec
[2024-10-05T01:57:35.881+0000] {taskinstance.py:2480} INFO - Exporting env vars: AIRFLOW_CTX_DAG_OWNER='***' AIRFLOW_CTX_DAG_ID='insert_employee_feedback_summary' AIRFLOW_CTX_TASK_ID='create_table_task' AIRFLOW_CTX_EXECUTION_DATE='2024-10-05T01:57:00.746291+00:00' AIRFLOW_CTX_TRY_NUMBER='1' AIRFLOW_CTX_DAG_RUN_ID='manual__2024-10-05T01:57:00.746291+00:00'
[2024-10-05T01:57:35.886+0000] {sql.py:276} INFO - Executing: 
        CREATE TABLE IF NOT EXISTS employee_feedback_summary (
            employee_name VARCHAR(100),
            department_name VARCHAR(100),
            feedback_rating INT
        );
        
[2024-10-05T01:57:35.910+0000] {base.py:83} INFO - Using connection ID 'postgres_conn_id' for task execution.
[2024-10-05T01:57:35.980+0000] {base.py:83} INFO - Using connection ID 'postgres_conn_id' for task execution.
[2024-10-05T01:57:36.234+0000] {sql.py:450} INFO - Running statement: 
        CREATE TABLE IF NOT EXISTS employee_feedback_summary (
            employee_name VARCHAR(100),
            department_name VARCHAR(100),
            feedback_rating INT
        );
        , parameters: None
[2024-10-05T01:57:36.309+0000] {taskinstance.py:1138} INFO - Marking task as SUCCESS. dag_id=insert_employee_feedback_summary, task_id=create_table_task, execution_date=20241005T015700, start_date=20241005T015735, end_date=20241005T015736
[2024-10-05T01:57:36.428+0000] {local_task_job_runner.py:234} INFO - Task exited with return code 0
[2024-10-05T01:57:36.518+0000] {taskinstance.py:3280} INFO - 1 downstream tasks scheduled from follow-on schedule check
