[2024-10-04T23:09:01.130+0000] {processor.py:161} INFO - Started process (PID=75) to work on /opt/airflow/dags/mysql.py
[2024-10-04T23:09:01.142+0000] {processor.py:830} INFO - Processing file /opt/airflow/dags/mysql.py for tasks to queue
[2024-10-04T23:09:01.165+0000] {logging_mixin.py:188} INFO - [2024-10-04T23:09:01.163+0000] {dagbag.py:538} INFO - Filling up the DagBag from /opt/airflow/dags/mysql.py
[2024-10-04T23:09:01.341+0000] {processor.py:840} INFO - DAG(s) 'create_table_in_mysql' retrieved from /opt/airflow/dags/mysql.py
[2024-10-04T23:09:02.113+0000] {logging_mixin.py:188} INFO - [2024-10-04T23:09:02.112+0000] {dag.py:3036} INFO - Sync 1 DAGs
[2024-10-04T23:09:02.154+0000] {logging_mixin.py:188} INFO - [2024-10-04T23:09:02.154+0000] {dag.py:3823} INFO - Setting next_dagrun for create_table_in_mysql to None, run_after=None
[2024-10-04T23:09:02.192+0000] {processor.py:183} INFO - Processing /opt/airflow/dags/mysql.py took 1.119 seconds
[2024-10-04T23:09:32.393+0000] {processor.py:161} INFO - Started process (PID=134) to work on /opt/airflow/dags/mysql.py
[2024-10-04T23:09:32.394+0000] {processor.py:830} INFO - Processing file /opt/airflow/dags/mysql.py for tasks to queue
[2024-10-04T23:09:32.397+0000] {logging_mixin.py:188} INFO - [2024-10-04T23:09:32.397+0000] {dagbag.py:538} INFO - Filling up the DagBag from /opt/airflow/dags/mysql.py
[2024-10-04T23:09:32.416+0000] {processor.py:840} INFO - DAG(s) 'create_table_in_mysql' retrieved from /opt/airflow/dags/mysql.py
[2024-10-04T23:09:32.449+0000] {logging_mixin.py:188} INFO - [2024-10-04T23:09:32.448+0000] {dag.py:3036} INFO - Sync 1 DAGs
[2024-10-04T23:09:32.492+0000] {logging_mixin.py:188} INFO - [2024-10-04T23:09:32.492+0000] {dag.py:3823} INFO - Setting next_dagrun for create_table_in_mysql to None, run_after=None
[2024-10-04T23:09:32.525+0000] {processor.py:183} INFO - Processing /opt/airflow/dags/mysql.py took 0.136 seconds
[2024-10-04T23:10:03.539+0000] {processor.py:161} INFO - Started process (PID=193) to work on /opt/airflow/dags/mysql.py
[2024-10-04T23:10:03.540+0000] {processor.py:830} INFO - Processing file /opt/airflow/dags/mysql.py for tasks to queue
[2024-10-04T23:10:03.544+0000] {logging_mixin.py:188} INFO - [2024-10-04T23:10:03.543+0000] {dagbag.py:538} INFO - Filling up the DagBag from /opt/airflow/dags/mysql.py
[2024-10-04T23:10:03.587+0000] {processor.py:840} INFO - DAG(s) 'create_table_in_mysql' retrieved from /opt/airflow/dags/mysql.py
[2024-10-04T23:10:03.632+0000] {logging_mixin.py:188} INFO - [2024-10-04T23:10:03.631+0000] {dag.py:3036} INFO - Sync 1 DAGs
[2024-10-04T23:10:03.720+0000] {logging_mixin.py:188} INFO - [2024-10-04T23:10:03.720+0000] {dag.py:3823} INFO - Setting next_dagrun for create_table_in_mysql to None, run_after=None
[2024-10-04T23:10:03.777+0000] {processor.py:183} INFO - Processing /opt/airflow/dags/mysql.py took 0.243 seconds
[2024-10-04T23:10:33.985+0000] {processor.py:161} INFO - Started process (PID=252) to work on /opt/airflow/dags/mysql.py
[2024-10-04T23:10:33.990+0000] {processor.py:830} INFO - Processing file /opt/airflow/dags/mysql.py for tasks to queue
[2024-10-04T23:10:33.999+0000] {logging_mixin.py:188} INFO - [2024-10-04T23:10:33.996+0000] {dagbag.py:538} INFO - Filling up the DagBag from /opt/airflow/dags/mysql.py
[2024-10-04T23:10:34.028+0000] {processor.py:840} INFO - DAG(s) 'create_table_in_mysql' retrieved from /opt/airflow/dags/mysql.py
[2024-10-04T23:10:34.052+0000] {logging_mixin.py:188} INFO - [2024-10-04T23:10:34.052+0000] {dag.py:3036} INFO - Sync 1 DAGs
[2024-10-04T23:10:34.082+0000] {logging_mixin.py:188} INFO - [2024-10-04T23:10:34.082+0000] {dag.py:3823} INFO - Setting next_dagrun for create_table_in_mysql to None, run_after=None
[2024-10-04T23:10:34.108+0000] {processor.py:183} INFO - Processing /opt/airflow/dags/mysql.py took 0.137 seconds
[2024-10-04T23:11:04.238+0000] {processor.py:161} INFO - Started process (PID=311) to work on /opt/airflow/dags/mysql.py
[2024-10-04T23:11:04.239+0000] {processor.py:830} INFO - Processing file /opt/airflow/dags/mysql.py for tasks to queue
[2024-10-04T23:11:04.242+0000] {logging_mixin.py:188} INFO - [2024-10-04T23:11:04.241+0000] {dagbag.py:538} INFO - Filling up the DagBag from /opt/airflow/dags/mysql.py
[2024-10-04T23:11:04.259+0000] {processor.py:840} INFO - DAG(s) 'create_table_in_mysql' retrieved from /opt/airflow/dags/mysql.py
[2024-10-04T23:11:04.285+0000] {logging_mixin.py:188} INFO - [2024-10-04T23:11:04.285+0000] {dag.py:3036} INFO - Sync 1 DAGs
[2024-10-04T23:11:04.313+0000] {logging_mixin.py:188} INFO - [2024-10-04T23:11:04.312+0000] {dag.py:3823} INFO - Setting next_dagrun for create_table_in_mysql to None, run_after=None
[2024-10-04T23:11:04.339+0000] {processor.py:183} INFO - Processing /opt/airflow/dags/mysql.py took 0.106 seconds
[2024-10-04T23:11:34.733+0000] {processor.py:161} INFO - Started process (PID=370) to work on /opt/airflow/dags/mysql.py
[2024-10-04T23:11:34.735+0000] {processor.py:830} INFO - Processing file /opt/airflow/dags/mysql.py for tasks to queue
[2024-10-04T23:11:34.738+0000] {logging_mixin.py:188} INFO - [2024-10-04T23:11:34.737+0000] {dagbag.py:538} INFO - Filling up the DagBag from /opt/airflow/dags/mysql.py
[2024-10-04T23:11:34.757+0000] {processor.py:840} INFO - DAG(s) 'create_table_in_mysql' retrieved from /opt/airflow/dags/mysql.py
[2024-10-04T23:11:34.788+0000] {logging_mixin.py:188} INFO - [2024-10-04T23:11:34.787+0000] {dag.py:3036} INFO - Sync 1 DAGs
[2024-10-04T23:11:34.817+0000] {logging_mixin.py:188} INFO - [2024-10-04T23:11:34.816+0000] {dag.py:3823} INFO - Setting next_dagrun for create_table_in_mysql to None, run_after=None
[2024-10-04T23:11:34.847+0000] {processor.py:183} INFO - Processing /opt/airflow/dags/mysql.py took 0.118 seconds
[2024-10-04T23:12:05.047+0000] {processor.py:161} INFO - Started process (PID=429) to work on /opt/airflow/dags/mysql.py
[2024-10-04T23:12:05.050+0000] {processor.py:830} INFO - Processing file /opt/airflow/dags/mysql.py for tasks to queue
[2024-10-04T23:12:05.054+0000] {logging_mixin.py:188} INFO - [2024-10-04T23:12:05.053+0000] {dagbag.py:538} INFO - Filling up the DagBag from /opt/airflow/dags/mysql.py
[2024-10-04T23:12:05.077+0000] {processor.py:840} INFO - DAG(s) 'create_table_in_mysql' retrieved from /opt/airflow/dags/mysql.py
[2024-10-04T23:12:05.117+0000] {logging_mixin.py:188} INFO - [2024-10-04T23:12:05.115+0000] {dag.py:3036} INFO - Sync 1 DAGs
[2024-10-04T23:12:05.164+0000] {logging_mixin.py:188} INFO - [2024-10-04T23:12:05.164+0000] {dag.py:3823} INFO - Setting next_dagrun for create_table_in_mysql to None, run_after=None
[2024-10-04T23:12:05.204+0000] {processor.py:183} INFO - Processing /opt/airflow/dags/mysql.py took 0.162 seconds
[2024-10-04T23:12:35.621+0000] {processor.py:161} INFO - Started process (PID=488) to work on /opt/airflow/dags/mysql.py
[2024-10-04T23:12:35.622+0000] {processor.py:830} INFO - Processing file /opt/airflow/dags/mysql.py for tasks to queue
[2024-10-04T23:12:35.624+0000] {logging_mixin.py:188} INFO - [2024-10-04T23:12:35.624+0000] {dagbag.py:538} INFO - Filling up the DagBag from /opt/airflow/dags/mysql.py
[2024-10-04T23:12:35.639+0000] {processor.py:840} INFO - DAG(s) 'create_table_in_mysql' retrieved from /opt/airflow/dags/mysql.py
[2024-10-04T23:12:35.664+0000] {logging_mixin.py:188} INFO - [2024-10-04T23:12:35.664+0000] {dag.py:3036} INFO - Sync 1 DAGs
[2024-10-04T23:12:35.690+0000] {logging_mixin.py:188} INFO - [2024-10-04T23:12:35.690+0000] {dag.py:3823} INFO - Setting next_dagrun for create_table_in_mysql to None, run_after=None
[2024-10-04T23:12:35.713+0000] {processor.py:183} INFO - Processing /opt/airflow/dags/mysql.py took 0.096 seconds
[2024-10-04T23:12:50.062+0000] {processor.py:161} INFO - Started process (PID=531) to work on /opt/airflow/dags/mysql.py
[2024-10-04T23:12:50.064+0000] {processor.py:830} INFO - Processing file /opt/airflow/dags/mysql.py for tasks to queue
[2024-10-04T23:12:50.068+0000] {logging_mixin.py:188} INFO - [2024-10-04T23:12:50.067+0000] {dagbag.py:538} INFO - Filling up the DagBag from /opt/airflow/dags/mysql.py
[2024-10-04T23:12:50.127+0000] {processor.py:840} INFO - DAG(s) 'insert_client_every_minute' retrieved from /opt/airflow/dags/mysql.py
[2024-10-04T23:12:50.293+0000] {logging_mixin.py:188} INFO - [2024-10-04T23:12:50.292+0000] {override.py:1769} INFO - Created Permission View: can read on DAG:insert_client_every_minute
[2024-10-04T23:12:50.309+0000] {logging_mixin.py:188} INFO - [2024-10-04T23:12:50.308+0000] {override.py:1769} INFO - Created Permission View: can edit on DAG:insert_client_every_minute
[2024-10-04T23:12:50.321+0000] {logging_mixin.py:188} INFO - [2024-10-04T23:12:50.320+0000] {override.py:1769} INFO - Created Permission View: can delete on DAG:insert_client_every_minute
[2024-10-04T23:12:50.322+0000] {logging_mixin.py:188} INFO - [2024-10-04T23:12:50.322+0000] {dag.py:3036} INFO - Sync 1 DAGs
[2024-10-04T23:12:50.336+0000] {logging_mixin.py:188} INFO - [2024-10-04T23:12:50.336+0000] {dag.py:3058} INFO - Creating ORM DAG for insert_client_every_minute
[2024-10-04T23:12:50.353+0000] {logging_mixin.py:188} INFO - [2024-10-04T23:12:50.352+0000] {dag.py:3823} INFO - Setting next_dagrun for insert_client_every_minute to 2024-10-04 00:00:00+00:00, run_after=2024-10-04 00:01:00+00:00
[2024-10-04T23:12:50.391+0000] {processor.py:183} INFO - Processing /opt/airflow/dags/mysql.py took 0.336 seconds
[2024-10-04T23:12:51.841+0000] {processor.py:161} INFO - Started process (PID=540) to work on /opt/airflow/dags/mysql.py
[2024-10-04T23:12:51.842+0000] {processor.py:830} INFO - Processing file /opt/airflow/dags/mysql.py for tasks to queue
[2024-10-04T23:12:51.846+0000] {logging_mixin.py:188} INFO - [2024-10-04T23:12:51.845+0000] {dagbag.py:538} INFO - Filling up the DagBag from /opt/airflow/dags/mysql.py
[2024-10-04T23:12:51.885+0000] {processor.py:840} INFO - DAG(s) 'insert_client_every_minute' retrieved from /opt/airflow/dags/mysql.py
[2024-10-04T23:12:51.900+0000] {logging_mixin.py:188} INFO - [2024-10-04T23:12:51.899+0000] {dag.py:3036} INFO - Sync 1 DAGs
[2024-10-04T23:12:51.930+0000] {logging_mixin.py:188} INFO - [2024-10-04T23:12:51.930+0000] {dag.py:3823} INFO - Setting next_dagrun for insert_client_every_minute to 2024-10-04 00:00:00+00:00, run_after=2024-10-04 00:01:00+00:00
[2024-10-04T23:12:51.967+0000] {processor.py:183} INFO - Processing /opt/airflow/dags/mysql.py took 0.131 seconds
[2024-10-04T23:13:22.714+0000] {processor.py:161} INFO - Started process (PID=599) to work on /opt/airflow/dags/mysql.py
[2024-10-04T23:13:22.716+0000] {processor.py:830} INFO - Processing file /opt/airflow/dags/mysql.py for tasks to queue
[2024-10-04T23:13:22.718+0000] {logging_mixin.py:188} INFO - [2024-10-04T23:13:22.718+0000] {dagbag.py:538} INFO - Filling up the DagBag from /opt/airflow/dags/mysql.py
[2024-10-04T23:13:22.740+0000] {processor.py:840} INFO - DAG(s) 'insert_client_every_minute' retrieved from /opt/airflow/dags/mysql.py
[2024-10-04T23:13:22.767+0000] {logging_mixin.py:188} INFO - [2024-10-04T23:13:22.766+0000] {dag.py:3036} INFO - Sync 1 DAGs
[2024-10-04T23:13:22.794+0000] {logging_mixin.py:188} INFO - [2024-10-04T23:13:22.793+0000] {dag.py:3823} INFO - Setting next_dagrun for insert_client_every_minute to 2024-10-04 00:00:00+00:00, run_after=2024-10-04 00:01:00+00:00
[2024-10-04T23:13:22.819+0000] {processor.py:183} INFO - Processing /opt/airflow/dags/mysql.py took 0.109 seconds
[2024-10-04T23:13:52.922+0000] {processor.py:161} INFO - Started process (PID=658) to work on /opt/airflow/dags/mysql.py
[2024-10-04T23:13:52.924+0000] {processor.py:830} INFO - Processing file /opt/airflow/dags/mysql.py for tasks to queue
[2024-10-04T23:13:52.927+0000] {logging_mixin.py:188} INFO - [2024-10-04T23:13:52.926+0000] {dagbag.py:538} INFO - Filling up the DagBag from /opt/airflow/dags/mysql.py
[2024-10-04T23:13:52.948+0000] {processor.py:840} INFO - DAG(s) 'insert_client_every_minute' retrieved from /opt/airflow/dags/mysql.py
[2024-10-04T23:13:52.974+0000] {logging_mixin.py:188} INFO - [2024-10-04T23:13:52.973+0000] {dag.py:3036} INFO - Sync 1 DAGs
[2024-10-04T23:13:53.001+0000] {logging_mixin.py:188} INFO - [2024-10-04T23:13:53.001+0000] {dag.py:3823} INFO - Setting next_dagrun for insert_client_every_minute to 2024-10-04 00:00:00+00:00, run_after=2024-10-04 00:01:00+00:00
[2024-10-04T23:13:53.027+0000] {processor.py:183} INFO - Processing /opt/airflow/dags/mysql.py took 0.108 seconds
[2024-10-04T23:14:23.350+0000] {processor.py:161} INFO - Started process (PID=717) to work on /opt/airflow/dags/mysql.py
[2024-10-04T23:14:23.352+0000] {processor.py:830} INFO - Processing file /opt/airflow/dags/mysql.py for tasks to queue
[2024-10-04T23:14:23.353+0000] {logging_mixin.py:188} INFO - [2024-10-04T23:14:23.353+0000] {dagbag.py:538} INFO - Filling up the DagBag from /opt/airflow/dags/mysql.py
[2024-10-04T23:14:23.372+0000] {processor.py:840} INFO - DAG(s) 'insert_client_every_minute' retrieved from /opt/airflow/dags/mysql.py
[2024-10-04T23:14:23.392+0000] {logging_mixin.py:188} INFO - [2024-10-04T23:14:23.392+0000] {dag.py:3036} INFO - Sync 1 DAGs
[2024-10-04T23:14:23.419+0000] {logging_mixin.py:188} INFO - [2024-10-04T23:14:23.419+0000] {dag.py:3823} INFO - Setting next_dagrun for insert_client_every_minute to 2024-10-04 00:00:00+00:00, run_after=2024-10-04 00:01:00+00:00
[2024-10-04T23:14:23.443+0000] {processor.py:183} INFO - Processing /opt/airflow/dags/mysql.py took 0.096 seconds
[2024-10-04T23:14:53.943+0000] {processor.py:161} INFO - Started process (PID=776) to work on /opt/airflow/dags/mysql.py
[2024-10-04T23:14:53.944+0000] {processor.py:830} INFO - Processing file /opt/airflow/dags/mysql.py for tasks to queue
[2024-10-04T23:14:53.945+0000] {logging_mixin.py:188} INFO - [2024-10-04T23:14:53.945+0000] {dagbag.py:538} INFO - Filling up the DagBag from /opt/airflow/dags/mysql.py
[2024-10-04T23:14:53.964+0000] {processor.py:840} INFO - DAG(s) 'insert_client_every_minute' retrieved from /opt/airflow/dags/mysql.py
[2024-10-04T23:14:53.989+0000] {logging_mixin.py:188} INFO - [2024-10-04T23:14:53.988+0000] {dag.py:3036} INFO - Sync 1 DAGs
[2024-10-04T23:14:54.022+0000] {logging_mixin.py:188} INFO - [2024-10-04T23:14:54.022+0000] {dag.py:3823} INFO - Setting next_dagrun for insert_client_every_minute to 2024-10-04 00:00:00+00:00, run_after=2024-10-04 00:01:00+00:00
[2024-10-04T23:14:54.049+0000] {processor.py:183} INFO - Processing /opt/airflow/dags/mysql.py took 0.110 seconds
[2024-10-04T23:15:24.682+0000] {processor.py:161} INFO - Started process (PID=843) to work on /opt/airflow/dags/mysql.py
[2024-10-04T23:15:24.683+0000] {processor.py:830} INFO - Processing file /opt/airflow/dags/mysql.py for tasks to queue
[2024-10-04T23:15:24.685+0000] {logging_mixin.py:188} INFO - [2024-10-04T23:15:24.684+0000] {dagbag.py:538} INFO - Filling up the DagBag from /opt/airflow/dags/mysql.py
[2024-10-04T23:15:24.705+0000] {processor.py:840} INFO - DAG(s) 'insert_client_every_minute' retrieved from /opt/airflow/dags/mysql.py
[2024-10-04T23:15:24.729+0000] {logging_mixin.py:188} INFO - [2024-10-04T23:15:24.729+0000] {dag.py:3036} INFO - Sync 1 DAGs
[2024-10-04T23:15:24.757+0000] {logging_mixin.py:188} INFO - [2024-10-04T23:15:24.756+0000] {dag.py:3823} INFO - Setting next_dagrun for insert_client_every_minute to 2024-10-04 00:00:00+00:00, run_after=2024-10-04 00:01:00+00:00
[2024-10-04T23:15:24.782+0000] {processor.py:183} INFO - Processing /opt/airflow/dags/mysql.py took 0.103 seconds
[2024-10-04T23:15:25.726+0000] {processor.py:161} INFO - Started process (PID=844) to work on /opt/airflow/dags/mysql.py
[2024-10-04T23:15:25.727+0000] {processor.py:830} INFO - Processing file /opt/airflow/dags/mysql.py for tasks to queue
[2024-10-04T23:15:25.729+0000] {logging_mixin.py:188} INFO - [2024-10-04T23:15:25.728+0000] {dagbag.py:538} INFO - Filling up the DagBag from /opt/airflow/dags/mysql.py
[2024-10-04T23:15:25.758+0000] {processor.py:840} INFO - DAG(s) 'insert_client_with_table_creation' retrieved from /opt/airflow/dags/mysql.py
[2024-10-04T23:15:25.859+0000] {logging_mixin.py:188} INFO - [2024-10-04T23:15:25.858+0000] {override.py:1769} INFO - Created Permission View: can read on DAG:insert_client_with_table_creation
[2024-10-04T23:15:25.870+0000] {logging_mixin.py:188} INFO - [2024-10-04T23:15:25.870+0000] {override.py:1769} INFO - Created Permission View: can edit on DAG:insert_client_with_table_creation
[2024-10-04T23:15:25.879+0000] {logging_mixin.py:188} INFO - [2024-10-04T23:15:25.879+0000] {override.py:1769} INFO - Created Permission View: can delete on DAG:insert_client_with_table_creation
[2024-10-04T23:15:25.880+0000] {logging_mixin.py:188} INFO - [2024-10-04T23:15:25.880+0000] {dag.py:3036} INFO - Sync 1 DAGs
[2024-10-04T23:15:25.892+0000] {logging_mixin.py:188} INFO - [2024-10-04T23:15:25.892+0000] {dag.py:3058} INFO - Creating ORM DAG for insert_client_with_table_creation
[2024-10-04T23:15:25.905+0000] {logging_mixin.py:188} INFO - [2024-10-04T23:15:25.905+0000] {dag.py:3823} INFO - Setting next_dagrun for insert_client_with_table_creation to 2024-10-04 00:00:00+00:00, run_after=2024-10-04 00:01:00+00:00
[2024-10-04T23:15:25.929+0000] {processor.py:183} INFO - Processing /opt/airflow/dags/mysql.py took 0.206 seconds
[2024-10-04T23:15:26.980+0000] {processor.py:161} INFO - Started process (PID=845) to work on /opt/airflow/dags/mysql.py
[2024-10-04T23:15:26.981+0000] {processor.py:830} INFO - Processing file /opt/airflow/dags/mysql.py for tasks to queue
[2024-10-04T23:15:26.982+0000] {logging_mixin.py:188} INFO - [2024-10-04T23:15:26.982+0000] {dagbag.py:538} INFO - Filling up the DagBag from /opt/airflow/dags/mysql.py
[2024-10-04T23:15:27.017+0000] {processor.py:840} INFO - DAG(s) 'insert_client_with_table_creation' retrieved from /opt/airflow/dags/mysql.py
[2024-10-04T23:15:27.031+0000] {logging_mixin.py:188} INFO - [2024-10-04T23:15:27.030+0000] {dag.py:3036} INFO - Sync 1 DAGs
[2024-10-04T23:15:27.057+0000] {logging_mixin.py:188} INFO - [2024-10-04T23:15:27.056+0000] {dag.py:3823} INFO - Setting next_dagrun for insert_client_with_table_creation to 2024-10-04 00:00:00+00:00, run_after=2024-10-04 00:01:00+00:00
[2024-10-04T23:15:27.083+0000] {processor.py:183} INFO - Processing /opt/airflow/dags/mysql.py took 0.107 seconds
[2024-10-04T23:15:57.136+0000] {processor.py:161} INFO - Started process (PID=904) to work on /opt/airflow/dags/mysql.py
[2024-10-04T23:15:57.138+0000] {processor.py:830} INFO - Processing file /opt/airflow/dags/mysql.py for tasks to queue
[2024-10-04T23:15:57.139+0000] {logging_mixin.py:188} INFO - [2024-10-04T23:15:57.139+0000] {dagbag.py:538} INFO - Filling up the DagBag from /opt/airflow/dags/mysql.py
[2024-10-04T23:15:57.157+0000] {processor.py:840} INFO - DAG(s) 'insert_client_with_table_creation' retrieved from /opt/airflow/dags/mysql.py
[2024-10-04T23:15:57.178+0000] {logging_mixin.py:188} INFO - [2024-10-04T23:15:57.178+0000] {dag.py:3036} INFO - Sync 1 DAGs
[2024-10-04T23:15:57.204+0000] {logging_mixin.py:188} INFO - [2024-10-04T23:15:57.204+0000] {dag.py:3823} INFO - Setting next_dagrun for insert_client_with_table_creation to 2024-10-04 00:00:00+00:00, run_after=2024-10-04 00:01:00+00:00
[2024-10-04T23:15:57.227+0000] {processor.py:183} INFO - Processing /opt/airflow/dags/mysql.py took 0.094 seconds
[2024-10-04T23:16:02.264+0000] {processor.py:161} INFO - Started process (PID=905) to work on /opt/airflow/dags/mysql.py
[2024-10-04T23:16:02.265+0000] {processor.py:830} INFO - Processing file /opt/airflow/dags/mysql.py for tasks to queue
[2024-10-04T23:16:02.267+0000] {logging_mixin.py:188} INFO - [2024-10-04T23:16:02.267+0000] {dagbag.py:538} INFO - Filling up the DagBag from /opt/airflow/dags/mysql.py
[2024-10-04T23:16:02.305+0000] {processor.py:840} INFO - DAG(s) 'create_table_in_mysql' retrieved from /opt/airflow/dags/mysql.py
[2024-10-04T23:16:02.477+0000] {logging_mixin.py:188} INFO - [2024-10-04T23:16:02.477+0000] {dag.py:3036} INFO - Sync 1 DAGs
[2024-10-04T23:16:02.507+0000] {logging_mixin.py:188} INFO - [2024-10-04T23:16:02.506+0000] {dag.py:3823} INFO - Setting next_dagrun for create_table_in_mysql to None, run_after=None
[2024-10-04T23:16:02.589+0000] {processor.py:183} INFO - Processing /opt/airflow/dags/mysql.py took 0.330 seconds
[2024-10-04T23:16:04.253+0000] {processor.py:161} INFO - Started process (PID=908) to work on /opt/airflow/dags/mysql.py
[2024-10-04T23:16:04.264+0000] {processor.py:830} INFO - Processing file /opt/airflow/dags/mysql.py for tasks to queue
[2024-10-04T23:16:04.266+0000] {logging_mixin.py:188} INFO - [2024-10-04T23:16:04.266+0000] {dagbag.py:538} INFO - Filling up the DagBag from /opt/airflow/dags/mysql.py
[2024-10-04T23:16:04.296+0000] {processor.py:840} INFO - DAG(s) 'create_table_in_mysql' retrieved from /opt/airflow/dags/mysql.py
[2024-10-04T23:16:04.318+0000] {logging_mixin.py:188} INFO - [2024-10-04T23:16:04.318+0000] {dag.py:3036} INFO - Sync 1 DAGs
[2024-10-04T23:16:04.347+0000] {logging_mixin.py:188} INFO - [2024-10-04T23:16:04.347+0000] {dag.py:3823} INFO - Setting next_dagrun for create_table_in_mysql to None, run_after=None
[2024-10-04T23:16:04.382+0000] {processor.py:183} INFO - Processing /opt/airflow/dags/mysql.py took 0.132 seconds
[2024-10-04T23:16:35.075+0000] {processor.py:161} INFO - Started process (PID=965) to work on /opt/airflow/dags/mysql.py
[2024-10-04T23:16:35.076+0000] {processor.py:830} INFO - Processing file /opt/airflow/dags/mysql.py for tasks to queue
[2024-10-04T23:16:35.078+0000] {logging_mixin.py:188} INFO - [2024-10-04T23:16:35.077+0000] {dagbag.py:538} INFO - Filling up the DagBag from /opt/airflow/dags/mysql.py
[2024-10-04T23:16:35.092+0000] {processor.py:840} INFO - DAG(s) 'create_table_in_mysql' retrieved from /opt/airflow/dags/mysql.py
[2024-10-04T23:16:35.118+0000] {logging_mixin.py:188} INFO - [2024-10-04T23:16:35.118+0000] {dag.py:3036} INFO - Sync 1 DAGs
[2024-10-04T23:16:35.144+0000] {logging_mixin.py:188} INFO - [2024-10-04T23:16:35.143+0000] {dag.py:3823} INFO - Setting next_dagrun for create_table_in_mysql to None, run_after=None
[2024-10-04T23:16:35.167+0000] {processor.py:183} INFO - Processing /opt/airflow/dags/mysql.py took 0.096 seconds
[2024-10-04T23:17:05.552+0000] {processor.py:161} INFO - Started process (PID=1024) to work on /opt/airflow/dags/mysql.py
[2024-10-04T23:17:05.554+0000] {processor.py:830} INFO - Processing file /opt/airflow/dags/mysql.py for tasks to queue
[2024-10-04T23:17:05.556+0000] {logging_mixin.py:188} INFO - [2024-10-04T23:17:05.555+0000] {dagbag.py:538} INFO - Filling up the DagBag from /opt/airflow/dags/mysql.py
[2024-10-04T23:17:05.600+0000] {processor.py:840} INFO - DAG(s) 'create_table_in_mysql' retrieved from /opt/airflow/dags/mysql.py
[2024-10-04T23:17:05.730+0000] {logging_mixin.py:188} INFO - [2024-10-04T23:17:05.730+0000] {dag.py:3036} INFO - Sync 1 DAGs
[2024-10-04T23:17:05.754+0000] {logging_mixin.py:188} INFO - [2024-10-04T23:17:05.753+0000] {dag.py:3823} INFO - Setting next_dagrun for create_table_in_mysql to None, run_after=None
[2024-10-04T23:17:05.792+0000] {processor.py:183} INFO - Processing /opt/airflow/dags/mysql.py took 0.244 seconds
[2024-10-04T23:17:36.094+0000] {processor.py:161} INFO - Started process (PID=1083) to work on /opt/airflow/dags/mysql.py
[2024-10-04T23:17:36.096+0000] {processor.py:830} INFO - Processing file /opt/airflow/dags/mysql.py for tasks to queue
[2024-10-04T23:17:36.098+0000] {logging_mixin.py:188} INFO - [2024-10-04T23:17:36.097+0000] {dagbag.py:538} INFO - Filling up the DagBag from /opt/airflow/dags/mysql.py
[2024-10-04T23:17:36.117+0000] {processor.py:840} INFO - DAG(s) 'create_table_in_mysql' retrieved from /opt/airflow/dags/mysql.py
[2024-10-04T23:17:36.147+0000] {logging_mixin.py:188} INFO - [2024-10-04T23:17:36.147+0000] {dag.py:3036} INFO - Sync 1 DAGs
[2024-10-04T23:17:36.189+0000] {logging_mixin.py:188} INFO - [2024-10-04T23:17:36.188+0000] {dag.py:3823} INFO - Setting next_dagrun for create_table_in_mysql to None, run_after=None
[2024-10-04T23:17:36.228+0000] {processor.py:183} INFO - Processing /opt/airflow/dags/mysql.py took 0.138 seconds
[2024-10-04T23:18:07.116+0000] {processor.py:161} INFO - Started process (PID=1142) to work on /opt/airflow/dags/mysql.py
[2024-10-04T23:18:07.117+0000] {processor.py:830} INFO - Processing file /opt/airflow/dags/mysql.py for tasks to queue
[2024-10-04T23:18:07.118+0000] {logging_mixin.py:188} INFO - [2024-10-04T23:18:07.118+0000] {dagbag.py:538} INFO - Filling up the DagBag from /opt/airflow/dags/mysql.py
[2024-10-04T23:18:07.134+0000] {processor.py:840} INFO - DAG(s) 'create_table_in_mysql' retrieved from /opt/airflow/dags/mysql.py
[2024-10-04T23:18:07.153+0000] {logging_mixin.py:188} INFO - [2024-10-04T23:18:07.153+0000] {dag.py:3036} INFO - Sync 1 DAGs
[2024-10-04T23:18:07.177+0000] {logging_mixin.py:188} INFO - [2024-10-04T23:18:07.177+0000] {dag.py:3823} INFO - Setting next_dagrun for create_table_in_mysql to None, run_after=None
[2024-10-04T23:18:07.203+0000] {processor.py:183} INFO - Processing /opt/airflow/dags/mysql.py took 0.090 seconds
[2024-10-04T23:18:37.300+0000] {processor.py:161} INFO - Started process (PID=1201) to work on /opt/airflow/dags/mysql.py
[2024-10-04T23:18:37.302+0000] {processor.py:830} INFO - Processing file /opt/airflow/dags/mysql.py for tasks to queue
[2024-10-04T23:18:37.303+0000] {logging_mixin.py:188} INFO - [2024-10-04T23:18:37.302+0000] {dagbag.py:538} INFO - Filling up the DagBag from /opt/airflow/dags/mysql.py
[2024-10-04T23:18:37.324+0000] {processor.py:840} INFO - DAG(s) 'create_table_in_mysql' retrieved from /opt/airflow/dags/mysql.py
[2024-10-04T23:18:37.347+0000] {logging_mixin.py:188} INFO - [2024-10-04T23:18:37.347+0000] {dag.py:3036} INFO - Sync 1 DAGs
[2024-10-04T23:18:37.374+0000] {logging_mixin.py:188} INFO - [2024-10-04T23:18:37.374+0000] {dag.py:3823} INFO - Setting next_dagrun for create_table_in_mysql to None, run_after=None
[2024-10-04T23:18:37.405+0000] {processor.py:183} INFO - Processing /opt/airflow/dags/mysql.py took 0.109 seconds
[2024-10-04T23:19:07.731+0000] {processor.py:161} INFO - Started process (PID=1260) to work on /opt/airflow/dags/mysql.py
[2024-10-04T23:19:07.733+0000] {processor.py:830} INFO - Processing file /opt/airflow/dags/mysql.py for tasks to queue
[2024-10-04T23:19:07.734+0000] {logging_mixin.py:188} INFO - [2024-10-04T23:19:07.734+0000] {dagbag.py:538} INFO - Filling up the DagBag from /opt/airflow/dags/mysql.py
[2024-10-04T23:19:07.750+0000] {processor.py:840} INFO - DAG(s) 'create_table_in_mysql' retrieved from /opt/airflow/dags/mysql.py
[2024-10-04T23:19:07.771+0000] {logging_mixin.py:188} INFO - [2024-10-04T23:19:07.771+0000] {dag.py:3036} INFO - Sync 1 DAGs
[2024-10-04T23:19:07.795+0000] {logging_mixin.py:188} INFO - [2024-10-04T23:19:07.794+0000] {dag.py:3823} INFO - Setting next_dagrun for create_table_in_mysql to None, run_after=None
[2024-10-04T23:19:07.822+0000] {processor.py:183} INFO - Processing /opt/airflow/dags/mysql.py took 0.094 seconds
[2024-10-04T23:19:08.772+0000] {processor.py:161} INFO - Started process (PID=1261) to work on /opt/airflow/dags/mysql.py
[2024-10-04T23:19:08.774+0000] {processor.py:830} INFO - Processing file /opt/airflow/dags/mysql.py for tasks to queue
[2024-10-04T23:19:08.775+0000] {logging_mixin.py:188} INFO - [2024-10-04T23:19:08.774+0000] {dagbag.py:538} INFO - Filling up the DagBag from /opt/airflow/dags/mysql.py
[2024-10-04T23:19:08.800+0000] {processor.py:840} INFO - DAG(s) 'insert_clients_every_minute' retrieved from /opt/airflow/dags/mysql.py
[2024-10-04T23:19:08.902+0000] {logging_mixin.py:188} INFO - [2024-10-04T23:19:08.902+0000] {override.py:1769} INFO - Created Permission View: can read on DAG:insert_clients_every_minute
[2024-10-04T23:19:08.914+0000] {logging_mixin.py:188} INFO - [2024-10-04T23:19:08.914+0000] {override.py:1769} INFO - Created Permission View: can edit on DAG:insert_clients_every_minute
[2024-10-04T23:19:08.922+0000] {logging_mixin.py:188} INFO - [2024-10-04T23:19:08.921+0000] {override.py:1769} INFO - Created Permission View: can delete on DAG:insert_clients_every_minute
[2024-10-04T23:19:08.922+0000] {logging_mixin.py:188} INFO - [2024-10-04T23:19:08.922+0000] {dag.py:3036} INFO - Sync 1 DAGs
[2024-10-04T23:19:08.933+0000] {logging_mixin.py:188} INFO - [2024-10-04T23:19:08.933+0000] {dag.py:3058} INFO - Creating ORM DAG for insert_clients_every_minute
[2024-10-04T23:19:08.948+0000] {logging_mixin.py:188} INFO - [2024-10-04T23:19:08.948+0000] {dag.py:3823} INFO - Setting next_dagrun for insert_clients_every_minute to 2024-10-04 00:00:00+00:00, run_after=2024-10-04 00:01:00+00:00
[2024-10-04T23:19:08.970+0000] {processor.py:183} INFO - Processing /opt/airflow/dags/mysql.py took 0.201 seconds
[2024-10-04T23:19:09.912+0000] {processor.py:161} INFO - Started process (PID=1262) to work on /opt/airflow/dags/mysql.py
[2024-10-04T23:19:09.914+0000] {processor.py:830} INFO - Processing file /opt/airflow/dags/mysql.py for tasks to queue
[2024-10-04T23:19:09.917+0000] {logging_mixin.py:188} INFO - [2024-10-04T23:19:09.916+0000] {dagbag.py:538} INFO - Filling up the DagBag from /opt/airflow/dags/mysql.py
[2024-10-04T23:19:09.981+0000] {processor.py:840} INFO - DAG(s) 'insert_clients_every_minute' retrieved from /opt/airflow/dags/mysql.py
[2024-10-04T23:19:10.021+0000] {logging_mixin.py:188} INFO - [2024-10-04T23:19:10.020+0000] {dag.py:3036} INFO - Sync 1 DAGs
[2024-10-04T23:19:10.088+0000] {logging_mixin.py:188} INFO - [2024-10-04T23:19:10.087+0000] {dag.py:3823} INFO - Setting next_dagrun for insert_clients_every_minute to 2024-10-04 00:00:00+00:00, run_after=2024-10-04 00:01:00+00:00
[2024-10-04T23:19:10.139+0000] {processor.py:183} INFO - Processing /opt/airflow/dags/mysql.py took 0.232 seconds
[2024-10-04T23:19:40.301+0000] {processor.py:161} INFO - Started process (PID=1321) to work on /opt/airflow/dags/mysql.py
[2024-10-04T23:19:40.302+0000] {processor.py:830} INFO - Processing file /opt/airflow/dags/mysql.py for tasks to queue
[2024-10-04T23:19:40.304+0000] {logging_mixin.py:188} INFO - [2024-10-04T23:19:40.303+0000] {dagbag.py:538} INFO - Filling up the DagBag from /opt/airflow/dags/mysql.py
[2024-10-04T23:19:40.325+0000] {processor.py:840} INFO - DAG(s) 'insert_clients_every_minute' retrieved from /opt/airflow/dags/mysql.py
[2024-10-04T23:19:40.346+0000] {logging_mixin.py:188} INFO - [2024-10-04T23:19:40.345+0000] {dag.py:3036} INFO - Sync 1 DAGs
[2024-10-04T23:19:40.372+0000] {logging_mixin.py:188} INFO - [2024-10-04T23:19:40.371+0000] {dag.py:3823} INFO - Setting next_dagrun for insert_clients_every_minute to 2024-10-04 00:00:00+00:00, run_after=2024-10-04 00:01:00+00:00
[2024-10-04T23:19:40.400+0000] {processor.py:183} INFO - Processing /opt/airflow/dags/mysql.py took 0.103 seconds
[2024-10-04T23:20:11.236+0000] {processor.py:161} INFO - Started process (PID=1380) to work on /opt/airflow/dags/mysql.py
[2024-10-04T23:20:11.239+0000] {processor.py:830} INFO - Processing file /opt/airflow/dags/mysql.py for tasks to queue
[2024-10-04T23:20:11.243+0000] {logging_mixin.py:188} INFO - [2024-10-04T23:20:11.242+0000] {dagbag.py:538} INFO - Filling up the DagBag from /opt/airflow/dags/mysql.py
[2024-10-04T23:20:11.273+0000] {processor.py:840} INFO - DAG(s) 'insert_clients_every_minute' retrieved from /opt/airflow/dags/mysql.py
[2024-10-04T23:20:11.294+0000] {logging_mixin.py:188} INFO - [2024-10-04T23:20:11.294+0000] {dag.py:3036} INFO - Sync 1 DAGs
[2024-10-04T23:20:11.322+0000] {logging_mixin.py:188} INFO - [2024-10-04T23:20:11.321+0000] {dag.py:3823} INFO - Setting next_dagrun for insert_clients_every_minute to 2024-10-04 00:00:00+00:00, run_after=2024-10-04 00:01:00+00:00
[2024-10-04T23:20:11.355+0000] {processor.py:183} INFO - Processing /opt/airflow/dags/mysql.py took 0.126 seconds
[2024-10-04T23:20:42.244+0000] {processor.py:161} INFO - Started process (PID=1439) to work on /opt/airflow/dags/mysql.py
[2024-10-04T23:20:42.245+0000] {processor.py:830} INFO - Processing file /opt/airflow/dags/mysql.py for tasks to queue
[2024-10-04T23:20:42.246+0000] {logging_mixin.py:188} INFO - [2024-10-04T23:20:42.246+0000] {dagbag.py:538} INFO - Filling up the DagBag from /opt/airflow/dags/mysql.py
[2024-10-04T23:20:42.267+0000] {processor.py:840} INFO - DAG(s) 'insert_clients_every_minute' retrieved from /opt/airflow/dags/mysql.py
[2024-10-04T23:20:42.288+0000] {logging_mixin.py:188} INFO - [2024-10-04T23:20:42.288+0000] {dag.py:3036} INFO - Sync 1 DAGs
[2024-10-04T23:20:42.314+0000] {logging_mixin.py:188} INFO - [2024-10-04T23:20:42.313+0000] {dag.py:3823} INFO - Setting next_dagrun for insert_clients_every_minute to 2024-10-04 00:00:00+00:00, run_after=2024-10-04 00:01:00+00:00
[2024-10-04T23:20:42.337+0000] {processor.py:183} INFO - Processing /opt/airflow/dags/mysql.py took 0.097 seconds
[2024-10-04T23:20:55.283+0000] {processor.py:161} INFO - Started process (PID=1484) to work on /opt/airflow/dags/mysql.py
[2024-10-04T23:20:55.284+0000] {processor.py:830} INFO - Processing file /opt/airflow/dags/mysql.py for tasks to queue
[2024-10-04T23:20:55.285+0000] {logging_mixin.py:188} INFO - [2024-10-04T23:20:55.285+0000] {dagbag.py:538} INFO - Filling up the DagBag from /opt/airflow/dags/mysql.py
[2024-10-04T23:20:55.313+0000] {processor.py:840} INFO - DAG(s) 'create_table_in_mysql' retrieved from /opt/airflow/dags/mysql.py
[2024-10-04T23:20:55.421+0000] {logging_mixin.py:188} INFO - [2024-10-04T23:20:55.421+0000] {dag.py:3036} INFO - Sync 1 DAGs
[2024-10-04T23:20:55.445+0000] {logging_mixin.py:188} INFO - [2024-10-04T23:20:55.444+0000] {dag.py:3823} INFO - Setting next_dagrun for create_table_in_mysql to None, run_after=None
[2024-10-04T23:20:55.477+0000] {processor.py:183} INFO - Processing /opt/airflow/dags/mysql.py took 0.196 seconds
[2024-10-04T23:20:58.956+0000] {processor.py:161} INFO - Started process (PID=1493) to work on /opt/airflow/dags/mysql.py
[2024-10-04T23:20:58.959+0000] {processor.py:830} INFO - Processing file /opt/airflow/dags/mysql.py for tasks to queue
[2024-10-04T23:20:58.962+0000] {logging_mixin.py:188} INFO - [2024-10-04T23:20:58.961+0000] {dagbag.py:538} INFO - Filling up the DagBag from /opt/airflow/dags/mysql.py
[2024-10-04T23:20:59.004+0000] {processor.py:840} INFO - DAG(s) 'create_table_in_mysql' retrieved from /opt/airflow/dags/mysql.py
[2024-10-04T23:20:59.019+0000] {logging_mixin.py:188} INFO - [2024-10-04T23:20:59.019+0000] {dag.py:3036} INFO - Sync 1 DAGs
[2024-10-04T23:20:59.050+0000] {logging_mixin.py:188} INFO - [2024-10-04T23:20:59.049+0000] {dag.py:3823} INFO - Setting next_dagrun for create_table_in_mysql to None, run_after=None
[2024-10-04T23:20:59.087+0000] {processor.py:183} INFO - Processing /opt/airflow/dags/mysql.py took 0.142 seconds
[2024-10-04T23:21:30.104+0000] {processor.py:161} INFO - Started process (PID=1552) to work on /opt/airflow/dags/mysql.py
[2024-10-04T23:21:30.105+0000] {processor.py:830} INFO - Processing file /opt/airflow/dags/mysql.py for tasks to queue
[2024-10-04T23:21:30.106+0000] {logging_mixin.py:188} INFO - [2024-10-04T23:21:30.106+0000] {dagbag.py:538} INFO - Filling up the DagBag from /opt/airflow/dags/mysql.py
[2024-10-04T23:21:30.120+0000] {processor.py:840} INFO - DAG(s) 'create_table_in_mysql' retrieved from /opt/airflow/dags/mysql.py
[2024-10-04T23:21:30.143+0000] {logging_mixin.py:188} INFO - [2024-10-04T23:21:30.143+0000] {dag.py:3036} INFO - Sync 1 DAGs
[2024-10-04T23:21:30.167+0000] {logging_mixin.py:188} INFO - [2024-10-04T23:21:30.167+0000] {dag.py:3823} INFO - Setting next_dagrun for create_table_in_mysql to None, run_after=None
[2024-10-04T23:21:30.194+0000] {processor.py:183} INFO - Processing /opt/airflow/dags/mysql.py took 0.093 seconds
[2024-10-04T23:22:00.377+0000] {processor.py:161} INFO - Started process (PID=1611) to work on /opt/airflow/dags/mysql.py
[2024-10-04T23:22:00.379+0000] {processor.py:830} INFO - Processing file /opt/airflow/dags/mysql.py for tasks to queue
[2024-10-04T23:22:00.380+0000] {logging_mixin.py:188} INFO - [2024-10-04T23:22:00.380+0000] {dagbag.py:538} INFO - Filling up the DagBag from /opt/airflow/dags/mysql.py
[2024-10-04T23:22:00.406+0000] {processor.py:840} INFO - DAG(s) 'create_table_in_mysql' retrieved from /opt/airflow/dags/mysql.py
[2024-10-04T23:22:00.443+0000] {logging_mixin.py:188} INFO - [2024-10-04T23:22:00.443+0000] {dag.py:3036} INFO - Sync 1 DAGs
[2024-10-04T23:22:00.473+0000] {logging_mixin.py:188} INFO - [2024-10-04T23:22:00.473+0000] {dag.py:3823} INFO - Setting next_dagrun for create_table_in_mysql to None, run_after=None
[2024-10-04T23:22:00.505+0000] {processor.py:183} INFO - Processing /opt/airflow/dags/mysql.py took 0.132 seconds
[2024-10-04T23:22:02.818+0000] {processor.py:161} INFO - Started process (PID=1618) to work on /opt/airflow/dags/mysql.py
[2024-10-04T23:22:02.820+0000] {processor.py:830} INFO - Processing file /opt/airflow/dags/mysql.py for tasks to queue
[2024-10-04T23:22:02.822+0000] {logging_mixin.py:188} INFO - [2024-10-04T23:22:02.821+0000] {dagbag.py:538} INFO - Filling up the DagBag from /opt/airflow/dags/mysql.py
[2024-10-04T23:22:02.852+0000] {processor.py:840} INFO - DAG(s) 'create_table_in_mysql' retrieved from /opt/airflow/dags/mysql.py
[2024-10-04T23:22:03.001+0000] {logging_mixin.py:188} INFO - [2024-10-04T23:22:03.001+0000] {dag.py:3036} INFO - Sync 1 DAGs
[2024-10-04T23:22:03.034+0000] {logging_mixin.py:188} INFO - [2024-10-04T23:22:03.034+0000] {dag.py:3823} INFO - Setting next_dagrun for create_table_in_mysql to None, run_after=None
[2024-10-04T23:22:03.078+0000] {processor.py:183} INFO - Processing /opt/airflow/dags/mysql.py took 0.265 seconds
[2024-10-04T23:22:03.864+0000] {processor.py:161} INFO - Started process (PID=1619) to work on /opt/airflow/dags/mysql.py
[2024-10-04T23:22:03.866+0000] {processor.py:830} INFO - Processing file /opt/airflow/dags/mysql.py for tasks to queue
[2024-10-04T23:22:03.870+0000] {logging_mixin.py:188} INFO - [2024-10-04T23:22:03.869+0000] {dagbag.py:538} INFO - Filling up the DagBag from /opt/airflow/dags/mysql.py
[2024-10-04T23:22:03.926+0000] {processor.py:840} INFO - DAG(s) 'create_table_in_mysql' retrieved from /opt/airflow/dags/mysql.py
[2024-10-04T23:22:03.951+0000] {logging_mixin.py:188} INFO - [2024-10-04T23:22:03.951+0000] {dag.py:3036} INFO - Sync 1 DAGs
[2024-10-04T23:22:04.002+0000] {logging_mixin.py:188} INFO - [2024-10-04T23:22:04.002+0000] {dag.py:3823} INFO - Setting next_dagrun for create_table_in_mysql to None, run_after=None
[2024-10-04T23:22:04.061+0000] {processor.py:183} INFO - Processing /opt/airflow/dags/mysql.py took 0.204 seconds
[2024-10-04T23:22:34.255+0000] {processor.py:161} INFO - Started process (PID=1678) to work on /opt/airflow/dags/mysql.py
[2024-10-04T23:22:34.257+0000] {processor.py:830} INFO - Processing file /opt/airflow/dags/mysql.py for tasks to queue
[2024-10-04T23:22:34.258+0000] {logging_mixin.py:188} INFO - [2024-10-04T23:22:34.258+0000] {dagbag.py:538} INFO - Filling up the DagBag from /opt/airflow/dags/mysql.py
[2024-10-04T23:22:34.283+0000] {processor.py:840} INFO - DAG(s) 'create_table_in_mysql' retrieved from /opt/airflow/dags/mysql.py
[2024-10-04T23:22:34.310+0000] {logging_mixin.py:188} INFO - [2024-10-04T23:22:34.310+0000] {dag.py:3036} INFO - Sync 1 DAGs
[2024-10-04T23:22:34.353+0000] {logging_mixin.py:188} INFO - [2024-10-04T23:22:34.353+0000] {dag.py:3823} INFO - Setting next_dagrun for create_table_in_mysql to None, run_after=None
[2024-10-04T23:22:34.388+0000] {processor.py:183} INFO - Processing /opt/airflow/dags/mysql.py took 0.137 seconds
[2024-10-04T23:23:04.871+0000] {processor.py:161} INFO - Started process (PID=1737) to work on /opt/airflow/dags/mysql.py
[2024-10-04T23:23:04.872+0000] {processor.py:830} INFO - Processing file /opt/airflow/dags/mysql.py for tasks to queue
[2024-10-04T23:23:04.873+0000] {logging_mixin.py:188} INFO - [2024-10-04T23:23:04.873+0000] {dagbag.py:538} INFO - Filling up the DagBag from /opt/airflow/dags/mysql.py
[2024-10-04T23:23:04.892+0000] {processor.py:840} INFO - DAG(s) 'create_table_in_mysql' retrieved from /opt/airflow/dags/mysql.py
[2024-10-04T23:23:04.913+0000] {logging_mixin.py:188} INFO - [2024-10-04T23:23:04.912+0000] {dag.py:3036} INFO - Sync 1 DAGs
[2024-10-04T23:23:04.936+0000] {logging_mixin.py:188} INFO - [2024-10-04T23:23:04.936+0000] {dag.py:3823} INFO - Setting next_dagrun for create_table_in_mysql to None, run_after=None
[2024-10-04T23:23:04.962+0000] {processor.py:183} INFO - Processing /opt/airflow/dags/mysql.py took 0.094 seconds
[2024-10-04T23:23:13.995+0000] {processor.py:161} INFO - Started process (PID=1738) to work on /opt/airflow/dags/mysql.py
[2024-10-04T23:23:13.997+0000] {processor.py:830} INFO - Processing file /opt/airflow/dags/mysql.py for tasks to queue
[2024-10-04T23:23:13.998+0000] {logging_mixin.py:188} INFO - [2024-10-04T23:23:13.998+0000] {dagbag.py:538} INFO - Filling up the DagBag from /opt/airflow/dags/mysql.py
[2024-10-04T23:23:14.026+0000] {processor.py:840} INFO - DAG(s) 'insert_clients_every_minute' retrieved from /opt/airflow/dags/mysql.py
[2024-10-04T23:23:14.133+0000] {logging_mixin.py:188} INFO - [2024-10-04T23:23:14.133+0000] {dag.py:3036} INFO - Sync 1 DAGs
[2024-10-04T23:23:14.159+0000] {logging_mixin.py:188} INFO - [2024-10-04T23:23:14.158+0000] {dag.py:3823} INFO - Setting next_dagrun for insert_clients_every_minute to 2024-10-04 00:00:00+00:00, run_after=2024-10-04 00:01:00+00:00
[2024-10-04T23:23:14.190+0000] {processor.py:183} INFO - Processing /opt/airflow/dags/mysql.py took 0.198 seconds
[2024-10-04T23:23:15.095+0000] {processor.py:161} INFO - Started process (PID=1739) to work on /opt/airflow/dags/mysql.py
[2024-10-04T23:23:15.096+0000] {processor.py:830} INFO - Processing file /opt/airflow/dags/mysql.py for tasks to queue
[2024-10-04T23:23:15.097+0000] {logging_mixin.py:188} INFO - [2024-10-04T23:23:15.097+0000] {dagbag.py:538} INFO - Filling up the DagBag from /opt/airflow/dags/mysql.py
[2024-10-04T23:23:15.126+0000] {processor.py:840} INFO - DAG(s) 'insert_clients_every_minute' retrieved from /opt/airflow/dags/mysql.py
[2024-10-04T23:23:15.147+0000] {logging_mixin.py:188} INFO - [2024-10-04T23:23:15.146+0000] {dag.py:3036} INFO - Sync 1 DAGs
[2024-10-04T23:23:15.184+0000] {logging_mixin.py:188} INFO - [2024-10-04T23:23:15.183+0000] {dag.py:3823} INFO - Setting next_dagrun for insert_clients_every_minute to 2024-10-04 00:00:00+00:00, run_after=2024-10-04 00:01:00+00:00
[2024-10-04T23:23:15.215+0000] {processor.py:183} INFO - Processing /opt/airflow/dags/mysql.py took 0.123 seconds
[2024-10-04T23:23:45.949+0000] {processor.py:161} INFO - Started process (PID=1799) to work on /opt/airflow/dags/mysql.py
[2024-10-04T23:23:45.952+0000] {processor.py:830} INFO - Processing file /opt/airflow/dags/mysql.py for tasks to queue
[2024-10-04T23:23:45.954+0000] {logging_mixin.py:188} INFO - [2024-10-04T23:23:45.953+0000] {dagbag.py:538} INFO - Filling up the DagBag from /opt/airflow/dags/mysql.py
[2024-10-04T23:23:45.995+0000] {processor.py:840} INFO - DAG(s) 'insert_clients_every_minute' retrieved from /opt/airflow/dags/mysql.py
[2024-10-04T23:23:46.024+0000] {logging_mixin.py:188} INFO - [2024-10-04T23:23:46.024+0000] {dag.py:3036} INFO - Sync 1 DAGs
[2024-10-04T23:23:46.063+0000] {logging_mixin.py:188} INFO - [2024-10-04T23:23:46.062+0000] {dag.py:3823} INFO - Setting next_dagrun for insert_clients_every_minute to 2024-10-04 00:00:00+00:00, run_after=2024-10-04 00:01:00+00:00
[2024-10-04T23:23:46.091+0000] {processor.py:183} INFO - Processing /opt/airflow/dags/mysql.py took 0.149 seconds
[2024-10-04T23:23:47.314+0000] {processor.py:161} INFO - Started process (PID=1804) to work on /opt/airflow/dags/mysql.py
[2024-10-04T23:23:47.315+0000] {processor.py:830} INFO - Processing file /opt/airflow/dags/mysql.py for tasks to queue
[2024-10-04T23:23:47.317+0000] {logging_mixin.py:188} INFO - [2024-10-04T23:23:47.316+0000] {dagbag.py:538} INFO - Filling up the DagBag from /opt/airflow/dags/mysql.py
[2024-10-04T23:23:47.342+0000] {processor.py:840} INFO - DAG(s) 'create_table_in_mysql' retrieved from /opt/airflow/dags/mysql.py
[2024-10-04T23:23:47.366+0000] {logging_mixin.py:188} INFO - [2024-10-04T23:23:47.365+0000] {dag.py:3036} INFO - Sync 1 DAGs
[2024-10-04T23:23:47.389+0000] {logging_mixin.py:188} INFO - [2024-10-04T23:23:47.389+0000] {dag.py:3823} INFO - Setting next_dagrun for create_table_in_mysql to None, run_after=None
[2024-10-04T23:23:47.418+0000] {processor.py:183} INFO - Processing /opt/airflow/dags/mysql.py took 0.108 seconds
[2024-10-04T23:23:49.813+0000] {processor.py:161} INFO - Started process (PID=1811) to work on /opt/airflow/dags/mysql.py
[2024-10-04T23:23:49.815+0000] {processor.py:830} INFO - Processing file /opt/airflow/dags/mysql.py for tasks to queue
[2024-10-04T23:23:49.816+0000] {logging_mixin.py:188} INFO - [2024-10-04T23:23:49.816+0000] {dagbag.py:538} INFO - Filling up the DagBag from /opt/airflow/dags/mysql.py
[2024-10-04T23:23:49.859+0000] {processor.py:840} INFO - DAG(s) 'create_table_in_mysql' retrieved from /opt/airflow/dags/mysql.py
[2024-10-04T23:23:49.886+0000] {logging_mixin.py:188} INFO - [2024-10-04T23:23:49.886+0000] {dag.py:3036} INFO - Sync 1 DAGs
[2024-10-04T23:23:49.915+0000] {logging_mixin.py:188} INFO - [2024-10-04T23:23:49.915+0000] {dag.py:3823} INFO - Setting next_dagrun for create_table_in_mysql to None, run_after=None
[2024-10-04T23:23:49.955+0000] {processor.py:183} INFO - Processing /opt/airflow/dags/mysql.py took 0.146 seconds
[2024-10-04T23:24:20.062+0000] {processor.py:161} INFO - Started process (PID=1870) to work on /opt/airflow/dags/mysql.py
[2024-10-04T23:24:20.063+0000] {processor.py:830} INFO - Processing file /opt/airflow/dags/mysql.py for tasks to queue
[2024-10-04T23:24:20.065+0000] {logging_mixin.py:188} INFO - [2024-10-04T23:24:20.065+0000] {dagbag.py:538} INFO - Filling up the DagBag from /opt/airflow/dags/mysql.py
[2024-10-04T23:24:20.083+0000] {processor.py:840} INFO - DAG(s) 'create_table_in_mysql' retrieved from /opt/airflow/dags/mysql.py
[2024-10-04T23:24:20.107+0000] {logging_mixin.py:188} INFO - [2024-10-04T23:24:20.106+0000] {dag.py:3036} INFO - Sync 1 DAGs
[2024-10-04T23:24:20.132+0000] {logging_mixin.py:188} INFO - [2024-10-04T23:24:20.131+0000] {dag.py:3823} INFO - Setting next_dagrun for create_table_in_mysql to None, run_after=None
[2024-10-04T23:24:20.157+0000] {processor.py:183} INFO - Processing /opt/airflow/dags/mysql.py took 0.099 seconds
[2024-10-04T23:24:50.294+0000] {processor.py:161} INFO - Started process (PID=1928) to work on /opt/airflow/dags/mysql.py
[2024-10-04T23:24:50.296+0000] {processor.py:830} INFO - Processing file /opt/airflow/dags/mysql.py for tasks to queue
[2024-10-04T23:24:50.297+0000] {logging_mixin.py:188} INFO - [2024-10-04T23:24:50.297+0000] {dagbag.py:538} INFO - Filling up the DagBag from /opt/airflow/dags/mysql.py
[2024-10-04T23:24:50.318+0000] {processor.py:840} INFO - DAG(s) 'create_table_in_mysql' retrieved from /opt/airflow/dags/mysql.py
[2024-10-04T23:24:50.345+0000] {logging_mixin.py:188} INFO - [2024-10-04T23:24:50.344+0000] {dag.py:3036} INFO - Sync 1 DAGs
[2024-10-04T23:24:50.369+0000] {logging_mixin.py:188} INFO - [2024-10-04T23:24:50.368+0000] {dag.py:3823} INFO - Setting next_dagrun for create_table_in_mysql to None, run_after=None
[2024-10-04T23:24:50.391+0000] {processor.py:183} INFO - Processing /opt/airflow/dags/mysql.py took 0.101 seconds
[2024-10-04T23:24:57.951+0000] {processor.py:161} INFO - Started process (PID=1948) to work on /opt/airflow/dags/mysql.py
[2024-10-04T23:24:57.952+0000] {processor.py:830} INFO - Processing file /opt/airflow/dags/mysql.py for tasks to queue
[2024-10-04T23:24:57.953+0000] {logging_mixin.py:188} INFO - [2024-10-04T23:24:57.953+0000] {dagbag.py:538} INFO - Filling up the DagBag from /opt/airflow/dags/mysql.py
[2024-10-04T23:24:57.987+0000] {processor.py:840} INFO - DAG(s) 'insert_clients_every_minute', 'create_table_in_mysql' retrieved from /opt/airflow/dags/mysql.py
[2024-10-04T23:24:58.102+0000] {logging_mixin.py:188} INFO - [2024-10-04T23:24:58.102+0000] {dag.py:3036} INFO - Sync 2 DAGs
[2024-10-04T23:24:58.124+0000] {logging_mixin.py:188} INFO - [2024-10-04T23:24:58.124+0000] {dag.py:3823} INFO - Setting next_dagrun for create_table_in_mysql to None, run_after=None
[2024-10-04T23:24:58.130+0000] {logging_mixin.py:188} INFO - [2024-10-04T23:24:58.129+0000] {dag.py:3823} INFO - Setting next_dagrun for insert_clients_every_minute to 2024-10-04 00:00:00+00:00, run_after=2024-10-04 00:01:00+00:00
[2024-10-04T23:24:58.160+0000] {processor.py:183} INFO - Processing /opt/airflow/dags/mysql.py took 0.212 seconds
[2024-10-04T23:24:59.184+0000] {processor.py:161} INFO - Started process (PID=1949) to work on /opt/airflow/dags/mysql.py
[2024-10-04T23:24:59.185+0000] {processor.py:830} INFO - Processing file /opt/airflow/dags/mysql.py for tasks to queue
[2024-10-04T23:24:59.186+0000] {logging_mixin.py:188} INFO - [2024-10-04T23:24:59.186+0000] {dagbag.py:538} INFO - Filling up the DagBag from /opt/airflow/dags/mysql.py
[2024-10-04T23:24:59.215+0000] {processor.py:840} INFO - DAG(s) 'insert_clients_every_minute', 'create_table_in_mysql' retrieved from /opt/airflow/dags/mysql.py
[2024-10-04T23:24:59.231+0000] {logging_mixin.py:188} INFO - [2024-10-04T23:24:59.230+0000] {dag.py:3036} INFO - Sync 2 DAGs
[2024-10-04T23:24:59.256+0000] {logging_mixin.py:188} INFO - [2024-10-04T23:24:59.255+0000] {dag.py:3823} INFO - Setting next_dagrun for create_table_in_mysql to None, run_after=None
[2024-10-04T23:24:59.264+0000] {logging_mixin.py:188} INFO - [2024-10-04T23:24:59.264+0000] {dag.py:3823} INFO - Setting next_dagrun for insert_clients_every_minute to 2024-10-04 00:00:00+00:00, run_after=2024-10-04 00:01:00+00:00
[2024-10-04T23:24:59.290+0000] {processor.py:183} INFO - Processing /opt/airflow/dags/mysql.py took 0.109 seconds
[2024-10-04T23:25:29.596+0000] {processor.py:161} INFO - Started process (PID=2008) to work on /opt/airflow/dags/mysql.py
[2024-10-04T23:25:29.598+0000] {processor.py:830} INFO - Processing file /opt/airflow/dags/mysql.py for tasks to queue
[2024-10-04T23:25:29.600+0000] {logging_mixin.py:188} INFO - [2024-10-04T23:25:29.600+0000] {dagbag.py:538} INFO - Filling up the DagBag from /opt/airflow/dags/mysql.py
[2024-10-04T23:25:29.630+0000] {processor.py:840} INFO - DAG(s) 'insert_clients_every_minute', 'create_table_in_mysql' retrieved from /opt/airflow/dags/mysql.py
[2024-10-04T23:25:29.664+0000] {logging_mixin.py:188} INFO - [2024-10-04T23:25:29.663+0000] {dag.py:3036} INFO - Sync 2 DAGs
[2024-10-04T23:25:29.690+0000] {logging_mixin.py:188} INFO - [2024-10-04T23:25:29.690+0000] {dag.py:3823} INFO - Setting next_dagrun for create_table_in_mysql to None, run_after=None
[2024-10-04T23:25:29.699+0000] {logging_mixin.py:188} INFO - [2024-10-04T23:25:29.699+0000] {dag.py:3823} INFO - Setting next_dagrun for insert_clients_every_minute to 2024-10-04 00:00:00+00:00, run_after=2024-10-04 00:01:00+00:00
[2024-10-04T23:25:29.728+0000] {processor.py:183} INFO - Processing /opt/airflow/dags/mysql.py took 0.137 seconds
[2024-10-04T23:25:48.837+0000] {processor.py:161} INFO - Started process (PID=2039) to work on /opt/airflow/dags/mysql.py
[2024-10-04T23:25:48.838+0000] {processor.py:830} INFO - Processing file /opt/airflow/dags/mysql.py for tasks to queue
[2024-10-04T23:25:48.840+0000] {logging_mixin.py:188} INFO - [2024-10-04T23:25:48.839+0000] {dagbag.py:538} INFO - Filling up the DagBag from /opt/airflow/dags/mysql.py
[2024-10-04T23:25:48.878+0000] {logging_mixin.py:188} INFO - [2024-10-04T23:25:48.871+0000] {dagbag.py:348} ERROR - Failed to import: /opt/airflow/dags/mysql.py
Traceback (most recent call last):
  File "/home/airflow/.local/lib/python3.8/site-packages/airflow/models/dagbag.py", line 344, in parse
    loader.exec_module(new_module)
  File "<frozen importlib._bootstrap_external>", line 843, in exec_module
  File "<frozen importlib._bootstrap>", line 219, in _call_with_frames_removed
  File "/opt/airflow/dags/mysql.py", line 38, in <module>
    create_table_task >> insert_client_task
  File "/home/airflow/.local/lib/python3.8/site-packages/airflow/models/taskmixin.py", line 104, in __rshift__
    self.set_downstream(other)
  File "/home/airflow/.local/lib/python3.8/site-packages/airflow/models/taskmixin.py", line 262, in set_downstream
    self._set_relatives(task_or_task_list, upstream=False, edge_modifier=edge_modifier)
  File "/home/airflow/.local/lib/python3.8/site-packages/airflow/models/taskmixin.py", line 228, in _set_relatives
    raise AirflowException(f"Tried to set relationships between tasks in more than one DAG: {dags}")
airflow.exceptions.AirflowException: Tried to set relationships between tasks in more than one DAG: {<DAG: insert_clients_every_minute>, <DAG: create_table_in_mysql>}
[2024-10-04T23:25:48.879+0000] {processor.py:842} WARNING - No viable dags retrieved from /opt/airflow/dags/mysql.py
[2024-10-04T23:25:48.904+0000] {processor.py:183} INFO - Processing /opt/airflow/dags/mysql.py took 0.070 seconds
[2024-10-04T23:26:09.120+0000] {processor.py:161} INFO - Started process (PID=2098) to work on /opt/airflow/dags/mysql.py
[2024-10-04T23:26:09.121+0000] {processor.py:830} INFO - Processing file /opt/airflow/dags/mysql.py for tasks to queue
[2024-10-04T23:26:09.122+0000] {logging_mixin.py:188} INFO - [2024-10-04T23:26:09.122+0000] {dagbag.py:538} INFO - Filling up the DagBag from /opt/airflow/dags/mysql.py
[2024-10-04T23:26:09.146+0000] {processor.py:840} INFO - DAG(s) 'create_table_in_mysql' retrieved from /opt/airflow/dags/mysql.py
[2024-10-04T23:26:09.255+0000] {logging_mixin.py:188} INFO - [2024-10-04T23:26:09.254+0000] {dag.py:3036} INFO - Sync 1 DAGs
[2024-10-04T23:26:09.278+0000] {logging_mixin.py:188} INFO - [2024-10-04T23:26:09.277+0000] {dag.py:3823} INFO - Setting next_dagrun for create_table_in_mysql to None, run_after=None
[2024-10-04T23:26:09.318+0000] {processor.py:183} INFO - Processing /opt/airflow/dags/mysql.py took 0.201 seconds
[2024-10-04T23:26:10.156+0000] {processor.py:161} INFO - Started process (PID=2099) to work on /opt/airflow/dags/mysql.py
[2024-10-04T23:26:10.157+0000] {processor.py:830} INFO - Processing file /opt/airflow/dags/mysql.py for tasks to queue
[2024-10-04T23:26:10.159+0000] {logging_mixin.py:188} INFO - [2024-10-04T23:26:10.158+0000] {dagbag.py:538} INFO - Filling up the DagBag from /opt/airflow/dags/mysql.py
[2024-10-04T23:26:10.186+0000] {processor.py:840} INFO - DAG(s) 'create_table_in_mysql' retrieved from /opt/airflow/dags/mysql.py
[2024-10-04T23:26:10.201+0000] {logging_mixin.py:188} INFO - [2024-10-04T23:26:10.200+0000] {dag.py:3036} INFO - Sync 1 DAGs
[2024-10-04T23:26:10.228+0000] {logging_mixin.py:188} INFO - [2024-10-04T23:26:10.227+0000] {dag.py:3823} INFO - Setting next_dagrun for create_table_in_mysql to None, run_after=None
[2024-10-04T23:26:10.259+0000] {processor.py:183} INFO - Processing /opt/airflow/dags/mysql.py took 0.106 seconds
[2024-10-04T23:26:40.350+0000] {processor.py:161} INFO - Started process (PID=2158) to work on /opt/airflow/dags/mysql.py
[2024-10-04T23:26:40.351+0000] {processor.py:830} INFO - Processing file /opt/airflow/dags/mysql.py for tasks to queue
[2024-10-04T23:26:40.352+0000] {logging_mixin.py:188} INFO - [2024-10-04T23:26:40.352+0000] {dagbag.py:538} INFO - Filling up the DagBag from /opt/airflow/dags/mysql.py
[2024-10-04T23:26:40.369+0000] {processor.py:840} INFO - DAG(s) 'create_table_in_mysql' retrieved from /opt/airflow/dags/mysql.py
[2024-10-04T23:26:40.392+0000] {logging_mixin.py:188} INFO - [2024-10-04T23:26:40.392+0000] {dag.py:3036} INFO - Sync 1 DAGs
[2024-10-04T23:26:40.417+0000] {logging_mixin.py:188} INFO - [2024-10-04T23:26:40.416+0000] {dag.py:3823} INFO - Setting next_dagrun for create_table_in_mysql to None, run_after=None
[2024-10-04T23:26:40.440+0000] {processor.py:183} INFO - Processing /opt/airflow/dags/mysql.py took 0.093 seconds
[2024-10-04T23:27:10.753+0000] {processor.py:161} INFO - Started process (PID=2217) to work on /opt/airflow/dags/mysql.py
[2024-10-04T23:27:10.755+0000] {processor.py:830} INFO - Processing file /opt/airflow/dags/mysql.py for tasks to queue
[2024-10-04T23:27:10.756+0000] {logging_mixin.py:188} INFO - [2024-10-04T23:27:10.756+0000] {dagbag.py:538} INFO - Filling up the DagBag from /opt/airflow/dags/mysql.py
[2024-10-04T23:27:10.774+0000] {processor.py:840} INFO - DAG(s) 'create_table_in_mysql' retrieved from /opt/airflow/dags/mysql.py
[2024-10-04T23:27:10.795+0000] {logging_mixin.py:188} INFO - [2024-10-04T23:27:10.795+0000] {dag.py:3036} INFO - Sync 1 DAGs
[2024-10-04T23:27:10.819+0000] {logging_mixin.py:188} INFO - [2024-10-04T23:27:10.819+0000] {dag.py:3823} INFO - Setting next_dagrun for create_table_in_mysql to None, run_after=None
[2024-10-04T23:27:10.846+0000] {processor.py:183} INFO - Processing /opt/airflow/dags/mysql.py took 0.095 seconds
[2024-10-04T23:27:16.837+0000] {processor.py:161} INFO - Started process (PID=2218) to work on /opt/airflow/dags/mysql.py
[2024-10-04T23:27:16.839+0000] {processor.py:830} INFO - Processing file /opt/airflow/dags/mysql.py for tasks to queue
[2024-10-04T23:27:16.840+0000] {logging_mixin.py:188} INFO - [2024-10-04T23:27:16.839+0000] {dagbag.py:538} INFO - Filling up the DagBag from /opt/airflow/dags/mysql.py
[2024-10-04T23:27:16.872+0000] {processor.py:840} INFO - DAG(s) 'insert_clients_every_minute', 'create_table_in_mysql' retrieved from /opt/airflow/dags/mysql.py
[2024-10-04T23:27:16.997+0000] {logging_mixin.py:188} INFO - [2024-10-04T23:27:16.997+0000] {dag.py:3036} INFO - Sync 2 DAGs
[2024-10-04T23:27:17.019+0000] {logging_mixin.py:188} INFO - [2024-10-04T23:27:17.018+0000] {dag.py:3823} INFO - Setting next_dagrun for create_table_in_mysql to None, run_after=None
[2024-10-04T23:27:17.026+0000] {logging_mixin.py:188} INFO - [2024-10-04T23:27:17.026+0000] {dag.py:3823} INFO - Setting next_dagrun for insert_clients_every_minute to 2024-10-04 00:00:00+00:00, run_after=2024-10-04 00:01:00+00:00
[2024-10-04T23:27:17.240+0000] {processor.py:183} INFO - Processing /opt/airflow/dags/mysql.py took 0.406 seconds
[2024-10-04T23:27:17.974+0000] {processor.py:161} INFO - Started process (PID=2219) to work on /opt/airflow/dags/mysql.py
[2024-10-04T23:27:17.976+0000] {processor.py:830} INFO - Processing file /opt/airflow/dags/mysql.py for tasks to queue
[2024-10-04T23:27:17.980+0000] {logging_mixin.py:188} INFO - [2024-10-04T23:27:17.979+0000] {dagbag.py:538} INFO - Filling up the DagBag from /opt/airflow/dags/mysql.py
[2024-10-04T23:27:18.033+0000] {processor.py:840} INFO - DAG(s) 'create_table_in_mysql', 'insert_clients_every_minute' retrieved from /opt/airflow/dags/mysql.py
[2024-10-04T23:27:18.055+0000] {logging_mixin.py:188} INFO - [2024-10-04T23:27:18.055+0000] {dag.py:3036} INFO - Sync 2 DAGs
[2024-10-04T23:27:18.092+0000] {logging_mixin.py:188} INFO - [2024-10-04T23:27:18.091+0000] {dag.py:3823} INFO - Setting next_dagrun for create_table_in_mysql to None, run_after=None
[2024-10-04T23:27:18.103+0000] {logging_mixin.py:188} INFO - [2024-10-04T23:27:18.103+0000] {dag.py:3823} INFO - Setting next_dagrun for insert_clients_every_minute to 2024-10-04 00:00:00+00:00, run_after=2024-10-04 00:01:00+00:00
[2024-10-04T23:27:18.138+0000] {processor.py:183} INFO - Processing /opt/airflow/dags/mysql.py took 0.172 seconds
[2024-10-04T23:27:49.028+0000] {processor.py:161} INFO - Started process (PID=2278) to work on /opt/airflow/dags/mysql.py
[2024-10-04T23:27:49.030+0000] {processor.py:830} INFO - Processing file /opt/airflow/dags/mysql.py for tasks to queue
[2024-10-04T23:27:49.031+0000] {logging_mixin.py:188} INFO - [2024-10-04T23:27:49.031+0000] {dagbag.py:538} INFO - Filling up the DagBag from /opt/airflow/dags/mysql.py
[2024-10-04T23:27:49.055+0000] {processor.py:840} INFO - DAG(s) 'create_table_in_mysql', 'insert_clients_every_minute' retrieved from /opt/airflow/dags/mysql.py
[2024-10-04T23:27:49.082+0000] {logging_mixin.py:188} INFO - [2024-10-04T23:27:49.082+0000] {dag.py:3036} INFO - Sync 2 DAGs
[2024-10-04T23:27:49.114+0000] {logging_mixin.py:188} INFO - [2024-10-04T23:27:49.114+0000] {dag.py:3823} INFO - Setting next_dagrun for create_table_in_mysql to None, run_after=None
[2024-10-04T23:27:49.122+0000] {logging_mixin.py:188} INFO - [2024-10-04T23:27:49.122+0000] {dag.py:3823} INFO - Setting next_dagrun for insert_clients_every_minute to 2024-10-04 00:00:00+00:00, run_after=2024-10-04 00:01:00+00:00
[2024-10-04T23:27:49.146+0000] {processor.py:183} INFO - Processing /opt/airflow/dags/mysql.py took 0.120 seconds
[2024-10-04T23:27:53.051+0000] {processor.py:161} INFO - Started process (PID=2292) to work on /opt/airflow/dags/mysql.py
[2024-10-04T23:27:53.052+0000] {processor.py:830} INFO - Processing file /opt/airflow/dags/mysql.py for tasks to queue
[2024-10-04T23:27:53.054+0000] {logging_mixin.py:188} INFO - [2024-10-04T23:27:53.053+0000] {dagbag.py:538} INFO - Filling up the DagBag from /opt/airflow/dags/mysql.py
[2024-10-04T23:27:53.082+0000] {processor.py:840} INFO - DAG(s) 'create_table_in_mysql' retrieved from /opt/airflow/dags/mysql.py
[2024-10-04T23:27:53.181+0000] {logging_mixin.py:188} INFO - [2024-10-04T23:27:53.181+0000] {dag.py:3036} INFO - Sync 1 DAGs
[2024-10-04T23:27:53.202+0000] {logging_mixin.py:188} INFO - [2024-10-04T23:27:53.202+0000] {dag.py:3823} INFO - Setting next_dagrun for create_table_in_mysql to None, run_after=None
[2024-10-04T23:27:53.232+0000] {processor.py:183} INFO - Processing /opt/airflow/dags/mysql.py took 0.184 seconds
[2024-10-04T23:27:54.112+0000] {processor.py:161} INFO - Started process (PID=2293) to work on /opt/airflow/dags/mysql.py
[2024-10-04T23:27:54.113+0000] {processor.py:830} INFO - Processing file /opt/airflow/dags/mysql.py for tasks to queue
[2024-10-04T23:27:54.115+0000] {logging_mixin.py:188} INFO - [2024-10-04T23:27:54.114+0000] {dagbag.py:538} INFO - Filling up the DagBag from /opt/airflow/dags/mysql.py
[2024-10-04T23:27:54.145+0000] {processor.py:840} INFO - DAG(s) 'create_table_in_mysql' retrieved from /opt/airflow/dags/mysql.py
[2024-10-04T23:27:54.162+0000] {logging_mixin.py:188} INFO - [2024-10-04T23:27:54.162+0000] {dag.py:3036} INFO - Sync 1 DAGs
[2024-10-04T23:27:54.191+0000] {logging_mixin.py:188} INFO - [2024-10-04T23:27:54.191+0000] {dag.py:3823} INFO - Setting next_dagrun for create_table_in_mysql to None, run_after=None
[2024-10-04T23:27:54.230+0000] {processor.py:183} INFO - Processing /opt/airflow/dags/mysql.py took 0.122 seconds
[2024-10-04T23:27:55.293+0000] {processor.py:161} INFO - Started process (PID=2296) to work on /opt/airflow/dags/mysql.py
[2024-10-04T23:27:55.294+0000] {processor.py:830} INFO - Processing file /opt/airflow/dags/mysql.py for tasks to queue
[2024-10-04T23:27:55.295+0000] {logging_mixin.py:188} INFO - [2024-10-04T23:27:55.295+0000] {dagbag.py:538} INFO - Filling up the DagBag from /opt/airflow/dags/mysql.py
[2024-10-04T23:27:55.311+0000] {processor.py:840} INFO - DAG(s) 'create_table_in_mysql' retrieved from /opt/airflow/dags/mysql.py
[2024-10-04T23:27:55.326+0000] {logging_mixin.py:188} INFO - [2024-10-04T23:27:55.325+0000] {dag.py:3036} INFO - Sync 1 DAGs
[2024-10-04T23:27:55.348+0000] {logging_mixin.py:188} INFO - [2024-10-04T23:27:55.348+0000] {dag.py:3823} INFO - Setting next_dagrun for create_table_in_mysql to None, run_after=None
[2024-10-04T23:27:55.379+0000] {processor.py:183} INFO - Processing /opt/airflow/dags/mysql.py took 0.090 seconds
