[2024-10-05T02:26:51.161+0000] {taskinstance.py:1956} INFO - Dependencies all met for dep_context=non-requeueable deps ti=<TaskInstance: insert_employee_feedback_summary.insert_employee_feedback_data manual__2024-10-05T02:26:40.683458+00:00 [queued]>
[2024-10-05T02:26:51.174+0000] {taskinstance.py:1956} INFO - Dependencies all met for dep_context=requeueable deps ti=<TaskInstance: insert_employee_feedback_summary.insert_employee_feedback_data manual__2024-10-05T02:26:40.683458+00:00 [queued]>
[2024-10-05T02:26:51.176+0000] {taskinstance.py:2170} INFO - Starting attempt 1 of 1
[2024-10-05T02:26:51.193+0000] {taskinstance.py:2191} INFO - Executing <Task(PostgresOperator): insert_employee_feedback_data> on 2024-10-05 02:26:40.683458+00:00
[2024-10-05T02:26:51.204+0000] {standard_task_runner.py:60} INFO - Started process 829 to run task
[2024-10-05T02:26:51.206+0000] {standard_task_runner.py:87} INFO - Running: ['***', 'tasks', 'run', 'insert_employee_feedback_summary', 'insert_employee_feedback_data', 'manual__2024-10-05T02:26:40.683458+00:00', '--job-id', '160', '--raw', '--subdir', 'DAGS_FOLDER/feedback.py', '--cfg-path', '/tmp/tmph8i19oto']
[2024-10-05T02:26:51.210+0000] {standard_task_runner.py:88} INFO - Job 160: Subtask insert_employee_feedback_data
[2024-10-05T02:26:51.281+0000] {task_command.py:423} INFO - Running <TaskInstance: insert_employee_feedback_summary.insert_employee_feedback_data manual__2024-10-05T02:26:40.683458+00:00 [running]> on host ffa59a91c4ec
[2024-10-05T02:26:51.390+0000] {taskinstance.py:2480} INFO - Exporting env vars: AIRFLOW_CTX_DAG_OWNER='***' AIRFLOW_CTX_DAG_ID='insert_employee_feedback_summary' AIRFLOW_CTX_TASK_ID='insert_employee_feedback_data' AIRFLOW_CTX_EXECUTION_DATE='2024-10-05T02:26:40.683458+00:00' AIRFLOW_CTX_TRY_NUMBER='1' AIRFLOW_CTX_DAG_RUN_ID='manual__2024-10-05T02:26:40.683458+00:00'
[2024-10-05T02:26:51.392+0000] {sql.py:276} INFO - Executing: 
        INSERT INTO employee_feedback_summary (employee_name, department_name, feedback_rating,employee_gender )
        SELECT 
            e.name AS employee_name, 
            d.name AS department_name, 
            f.rating AS feedback_rating,
            e.gender AS employee_gender

        FROM 
            employees e
        JOIN 
            departments d ON e.department_id = d.id
        LEFT JOIN 
            feedback f ON e.id = f.employee_id;
        
[2024-10-05T02:26:51.405+0000] {base.py:83} INFO - Using connection ID 'postgres_conn_id' for task execution.
[2024-10-05T02:26:51.416+0000] {base.py:83} INFO - Using connection ID 'postgres_conn_id' for task execution.
[2024-10-05T02:26:51.568+0000] {sql.py:450} INFO - Running statement: 
        INSERT INTO employee_feedback_summary (employee_name, department_name, feedback_rating,employee_gender )
        SELECT 
            e.name AS employee_name, 
            d.name AS department_name, 
            f.rating AS feedback_rating,
            e.gender AS employee_gender

        FROM 
            employees e
        JOIN 
            departments d ON e.department_id = d.id
        LEFT JOIN 
            feedback f ON e.id = f.employee_id;
        , parameters: None
[2024-10-05T02:26:51.584+0000] {sql.py:459} INFO - Rows affected: 20
[2024-10-05T02:26:51.608+0000] {taskinstance.py:1138} INFO - Marking task as SUCCESS. dag_id=insert_employee_feedback_summary, task_id=insert_employee_feedback_data, execution_date=20241005T022640, start_date=20241005T022651, end_date=20241005T022651
[2024-10-05T02:26:51.662+0000] {local_task_job_runner.py:234} INFO - Task exited with return code 0
[2024-10-05T02:26:51.685+0000] {taskinstance.py:3280} INFO - 0 downstream tasks scheduled from follow-on schedule check
