[2024-10-05T01:46:33.873+0000] {taskinstance.py:1956} INFO - Dependencies all met for dep_context=non-requeueable deps ti=<TaskInstance: insert_employee_feedback_summary.insert_employee_feedback_data manual__2024-10-05T01:46:17.995730+00:00 [queued]>
[2024-10-05T01:46:33.886+0000] {taskinstance.py:1956} INFO - Dependencies all met for dep_context=requeueable deps ti=<TaskInstance: insert_employee_feedback_summary.insert_employee_feedback_data manual__2024-10-05T01:46:17.995730+00:00 [queued]>
[2024-10-05T01:46:33.887+0000] {taskinstance.py:2170} INFO - Starting attempt 1 of 1
[2024-10-05T01:46:33.908+0000] {taskinstance.py:2191} INFO - Executing <Task(MySqlOperator): insert_employee_feedback_data> on 2024-10-05 01:46:17.995730+00:00
[2024-10-05T01:46:33.920+0000] {standard_task_runner.py:60} INFO - Started process 211 to run task
[2024-10-05T01:46:33.924+0000] {standard_task_runner.py:87} INFO - Running: ['***', 'tasks', 'run', 'insert_employee_feedback_summary', 'insert_employee_feedback_data', 'manual__2024-10-05T01:46:17.995730+00:00', '--job-id', '142', '--raw', '--subdir', 'DAGS_FOLDER/feedback.py', '--cfg-path', '/tmp/tmp71z70h8s']
[2024-10-05T01:46:33.927+0000] {standard_task_runner.py:88} INFO - Job 142: Subtask insert_employee_feedback_data
[2024-10-05T01:46:33.989+0000] {task_command.py:423} INFO - Running <TaskInstance: insert_employee_feedback_summary.insert_employee_feedback_data manual__2024-10-05T01:46:17.995730+00:00 [running]> on host ffa59a91c4ec
[2024-10-05T01:46:34.080+0000] {taskinstance.py:2480} INFO - Exporting env vars: AIRFLOW_CTX_DAG_OWNER='***' AIRFLOW_CTX_DAG_ID='insert_employee_feedback_summary' AIRFLOW_CTX_TASK_ID='insert_employee_feedback_data' AIRFLOW_CTX_EXECUTION_DATE='2024-10-05T01:46:17.995730+00:00' AIRFLOW_CTX_TRY_NUMBER='1' AIRFLOW_CTX_DAG_RUN_ID='manual__2024-10-05T01:46:17.995730+00:00'
[2024-10-05T01:46:34.083+0000] {sql.py:276} INFO - Executing: 
        INSERT INTO employee_feedback_summary (employee_name, department_name, feedback_rating)
        SELECT 
            e.name AS employee_name, 
            d.name AS department_name, 
            f.rating AS feedback_rating
        FROM 
            employees e
        JOIN 
            departments d ON e.department_id = d.id
        LEFT JOIN 
            feedback f ON e.id = f.employee_id;
        
[2024-10-05T01:46:34.095+0000] {base.py:83} INFO - Using connection ID 'your_postgres_connection' for task execution.
[2024-10-05T01:46:34.109+0000] {base.py:83} INFO - Using connection ID 'your_postgres_connection' for task execution.
[2024-10-05T01:46:34.176+0000] {sql.py:450} INFO - Running statement: 
        INSERT INTO employee_feedback_summary (employee_name, department_name, feedback_rating)
        SELECT 
            e.name AS employee_name, 
            d.name AS department_name, 
            f.rating AS feedback_rating
        FROM 
            employees e
        JOIN 
            departments d ON e.department_id = d.id
        LEFT JOIN 
            feedback f ON e.id = f.employee_id;
        , parameters: None
[2024-10-05T01:46:34.205+0000] {sql.py:459} INFO - Rows affected: 30
[2024-10-05T01:46:34.224+0000] {taskinstance.py:1138} INFO - Marking task as SUCCESS. dag_id=insert_employee_feedback_summary, task_id=insert_employee_feedback_data, execution_date=20241005T014617, start_date=20241005T014633, end_date=20241005T014634
[2024-10-05T01:46:34.258+0000] {local_task_job_runner.py:234} INFO - Task exited with return code 0
[2024-10-05T01:46:34.279+0000] {taskinstance.py:3280} INFO - 0 downstream tasks scheduled from follow-on schedule check
