[2024-10-05T02:17:52.269+0000] {taskinstance.py:1956} INFO - Dependencies all met for dep_context=non-requeueable deps ti=<TaskInstance: insert_employee_feedback_summary.create_table_task manual__2024-10-05T02:17:36.433399+00:00 [queued]>
[2024-10-05T02:17:52.305+0000] {taskinstance.py:1956} INFO - Dependencies all met for dep_context=requeueable deps ti=<TaskInstance: insert_employee_feedback_summary.create_table_task manual__2024-10-05T02:17:36.433399+00:00 [queued]>
[2024-10-05T02:17:52.307+0000] {taskinstance.py:2170} INFO - Starting attempt 1 of 1
[2024-10-05T02:17:52.385+0000] {taskinstance.py:2191} INFO - Executing <Task(PostgresOperator): create_table_task> on 2024-10-05 02:17:36.433399+00:00
[2024-10-05T02:17:52.462+0000] {standard_task_runner.py:60} INFO - Started process 675 to run task
[2024-10-05T02:17:52.461+0000] {standard_task_runner.py:87} INFO - Running: ['***', 'tasks', 'run', 'insert_employee_feedback_summary', 'create_table_task', 'manual__2024-10-05T02:17:36.433399+00:00', '--job-id', '149', '--raw', '--subdir', 'DAGS_FOLDER/feedback.py', '--cfg-path', '/tmp/tmpit99gco2']
[2024-10-05T02:17:52.612+0000] {standard_task_runner.py:88} INFO - Job 149: Subtask create_table_task
[2024-10-05T02:17:53.720+0000] {task_command.py:423} INFO - Running <TaskInstance: insert_employee_feedback_summary.create_table_task manual__2024-10-05T02:17:36.433399+00:00 [running]> on host ffa59a91c4ec
[2024-10-05T02:17:54.107+0000] {taskinstance.py:2480} INFO - Exporting env vars: AIRFLOW_CTX_DAG_OWNER='***' AIRFLOW_CTX_DAG_ID='insert_employee_feedback_summary' AIRFLOW_CTX_TASK_ID='create_table_task' AIRFLOW_CTX_EXECUTION_DATE='2024-10-05T02:17:36.433399+00:00' AIRFLOW_CTX_TRY_NUMBER='1' AIRFLOW_CTX_DAG_RUN_ID='manual__2024-10-05T02:17:36.433399+00:00'
[2024-10-05T02:17:54.146+0000] {sql.py:276} INFO - Executing: 
        CREATE TABLE IF NOT EXISTS employee_feedback_summary (
            employee_name VARCHAR(100),
            department_name VARCHAR(100),
            feedback_rating INT
        );
        
[2024-10-05T02:17:54.178+0000] {base.py:83} INFO - Using connection ID 'postgres_conn_id' for task execution.
[2024-10-05T02:17:54.211+0000] {base.py:83} INFO - Using connection ID 'postgres_conn_id' for task execution.
[2024-10-05T02:17:54.527+0000] {sql.py:450} INFO - Running statement: 
        CREATE TABLE IF NOT EXISTS employee_feedback_summary (
            employee_name VARCHAR(100),
            department_name VARCHAR(100),
            feedback_rating INT
        );
        , parameters: None
[2024-10-05T02:17:54.622+0000] {taskinstance.py:1138} INFO - Marking task as SUCCESS. dag_id=insert_employee_feedback_summary, task_id=create_table_task, execution_date=20241005T021736, start_date=20241005T021752, end_date=20241005T021754
[2024-10-05T02:17:54.709+0000] {local_task_job_runner.py:234} INFO - Task exited with return code 0
[2024-10-05T02:17:54.770+0000] {taskinstance.py:3280} INFO - 0 downstream tasks scheduled from follow-on schedule check
