[2024-10-08T00:56:38.053+0000] {processor.py:161} INFO - Started process (PID=73) to work on /opt/airflow/dags/mysql.py
[2024-10-08T00:56:38.055+0000] {processor.py:830} INFO - Processing file /opt/airflow/dags/mysql.py for tasks to queue
[2024-10-08T00:56:38.059+0000] {logging_mixin.py:188} INFO - [2024-10-08T00:56:38.058+0000] {dagbag.py:538} INFO - Filling up the DagBag from /opt/airflow/dags/mysql.py
[2024-10-08T00:56:38.094+0000] {processor.py:840} INFO - DAG(s) 'create_table_in_mysql' retrieved from /opt/airflow/dags/mysql.py
[2024-10-08T00:56:38.565+0000] {logging_mixin.py:188} INFO - [2024-10-08T00:56:38.564+0000] {dag.py:3036} INFO - Sync 1 DAGs
[2024-10-08T00:56:38.610+0000] {logging_mixin.py:188} INFO - [2024-10-08T00:56:38.609+0000] {dag.py:3823} INFO - Setting next_dagrun for create_table_in_mysql to None, run_after=None
[2024-10-08T00:56:38.659+0000] {processor.py:183} INFO - Processing /opt/airflow/dags/mysql.py took 0.611 seconds
[2024-10-08T00:57:08.788+0000] {processor.py:161} INFO - Started process (PID=134) to work on /opt/airflow/dags/mysql.py
[2024-10-08T00:57:08.794+0000] {processor.py:830} INFO - Processing file /opt/airflow/dags/mysql.py for tasks to queue
[2024-10-08T00:57:08.814+0000] {logging_mixin.py:188} INFO - [2024-10-08T00:57:08.812+0000] {dagbag.py:538} INFO - Filling up the DagBag from /opt/airflow/dags/mysql.py
[2024-10-08T00:57:08.886+0000] {processor.py:840} INFO - DAG(s) 'create_table_in_mysql' retrieved from /opt/airflow/dags/mysql.py
[2024-10-08T00:57:08.973+0000] {logging_mixin.py:188} INFO - [2024-10-08T00:57:08.972+0000] {dag.py:3036} INFO - Sync 1 DAGs
[2024-10-08T00:57:09.103+0000] {logging_mixin.py:188} INFO - [2024-10-08T00:57:09.103+0000] {dag.py:3823} INFO - Setting next_dagrun for create_table_in_mysql to None, run_after=None
[2024-10-08T00:57:09.205+0000] {processor.py:183} INFO - Processing /opt/airflow/dags/mysql.py took 0.442 seconds
[2024-10-08T00:57:16.016+0000] {processor.py:161} INFO - Started process (PID=152) to work on /opt/airflow/dags/mysql.py
[2024-10-08T00:57:16.018+0000] {processor.py:830} INFO - Processing file /opt/airflow/dags/mysql.py for tasks to queue
[2024-10-08T00:57:16.020+0000] {logging_mixin.py:188} INFO - [2024-10-08T00:57:16.020+0000] {dagbag.py:538} INFO - Filling up the DagBag from /opt/airflow/dags/mysql.py
[2024-10-08T00:57:16.053+0000] {processor.py:840} INFO - DAG(s) 'create_table_in_mysql' retrieved from /opt/airflow/dags/mysql.py
[2024-10-08T00:57:16.077+0000] {logging_mixin.py:188} INFO - [2024-10-08T00:57:16.076+0000] {dag.py:3036} INFO - Sync 1 DAGs
[2024-10-08T00:57:16.106+0000] {logging_mixin.py:188} INFO - [2024-10-08T00:57:16.105+0000] {dag.py:3823} INFO - Setting next_dagrun for create_table_in_mysql to None, run_after=None
[2024-10-08T00:57:16.147+0000] {processor.py:183} INFO - Processing /opt/airflow/dags/mysql.py took 0.135 seconds
[2024-10-08T00:57:46.504+0000] {processor.py:161} INFO - Started process (PID=212) to work on /opt/airflow/dags/mysql.py
[2024-10-08T00:57:46.506+0000] {processor.py:830} INFO - Processing file /opt/airflow/dags/mysql.py for tasks to queue
[2024-10-08T00:57:46.508+0000] {logging_mixin.py:188} INFO - [2024-10-08T00:57:46.508+0000] {dagbag.py:538} INFO - Filling up the DagBag from /opt/airflow/dags/mysql.py
[2024-10-08T00:57:46.527+0000] {processor.py:840} INFO - DAG(s) 'create_table_in_mysql' retrieved from /opt/airflow/dags/mysql.py
[2024-10-08T00:57:46.562+0000] {logging_mixin.py:188} INFO - [2024-10-08T00:57:46.562+0000] {dag.py:3036} INFO - Sync 1 DAGs
[2024-10-08T00:57:46.595+0000] {logging_mixin.py:188} INFO - [2024-10-08T00:57:46.594+0000] {dag.py:3823} INFO - Setting next_dagrun for create_table_in_mysql to None, run_after=None
[2024-10-08T00:57:46.622+0000] {processor.py:183} INFO - Processing /opt/airflow/dags/mysql.py took 0.122 seconds
[2024-10-08T00:58:16.759+0000] {processor.py:161} INFO - Started process (PID=270) to work on /opt/airflow/dags/mysql.py
[2024-10-08T00:58:16.762+0000] {processor.py:830} INFO - Processing file /opt/airflow/dags/mysql.py for tasks to queue
[2024-10-08T00:58:16.764+0000] {logging_mixin.py:188} INFO - [2024-10-08T00:58:16.764+0000] {dagbag.py:538} INFO - Filling up the DagBag from /opt/airflow/dags/mysql.py
[2024-10-08T00:58:16.788+0000] {processor.py:840} INFO - DAG(s) 'create_table_in_mysql' retrieved from /opt/airflow/dags/mysql.py
[2024-10-08T00:58:16.835+0000] {logging_mixin.py:188} INFO - [2024-10-08T00:58:16.835+0000] {dag.py:3036} INFO - Sync 1 DAGs
[2024-10-08T00:58:16.870+0000] {logging_mixin.py:188} INFO - [2024-10-08T00:58:16.870+0000] {dag.py:3823} INFO - Setting next_dagrun for create_table_in_mysql to None, run_after=None
[2024-10-08T00:58:16.900+0000] {processor.py:183} INFO - Processing /opt/airflow/dags/mysql.py took 0.145 seconds
[2024-10-08T00:58:47.973+0000] {processor.py:161} INFO - Started process (PID=332) to work on /opt/airflow/dags/mysql.py
[2024-10-08T00:58:47.986+0000] {processor.py:830} INFO - Processing file /opt/airflow/dags/mysql.py for tasks to queue
[2024-10-08T00:58:48.015+0000] {logging_mixin.py:188} INFO - [2024-10-08T00:58:48.006+0000] {dagbag.py:538} INFO - Filling up the DagBag from /opt/airflow/dags/mysql.py
[2024-10-08T00:58:48.165+0000] {processor.py:840} INFO - DAG(s) 'create_table_in_mysql' retrieved from /opt/airflow/dags/mysql.py
[2024-10-08T00:58:48.370+0000] {logging_mixin.py:188} INFO - [2024-10-08T00:58:48.369+0000] {dag.py:3036} INFO - Sync 1 DAGs
[2024-10-08T00:58:48.531+0000] {logging_mixin.py:188} INFO - [2024-10-08T00:58:48.530+0000] {dag.py:3823} INFO - Setting next_dagrun for create_table_in_mysql to None, run_after=None
[2024-10-08T00:58:48.693+0000] {processor.py:183} INFO - Processing /opt/airflow/dags/mysql.py took 0.812 seconds
[2024-10-08T00:59:19.304+0000] {processor.py:161} INFO - Started process (PID=394) to work on /opt/airflow/dags/mysql.py
[2024-10-08T00:59:19.306+0000] {processor.py:830} INFO - Processing file /opt/airflow/dags/mysql.py for tasks to queue
[2024-10-08T00:59:19.309+0000] {logging_mixin.py:188} INFO - [2024-10-08T00:59:19.308+0000] {dagbag.py:538} INFO - Filling up the DagBag from /opt/airflow/dags/mysql.py
[2024-10-08T00:59:19.328+0000] {processor.py:840} INFO - DAG(s) 'create_table_in_mysql' retrieved from /opt/airflow/dags/mysql.py
[2024-10-08T00:59:19.359+0000] {logging_mixin.py:188} INFO - [2024-10-08T00:59:19.358+0000] {dag.py:3036} INFO - Sync 1 DAGs
[2024-10-08T00:59:19.396+0000] {logging_mixin.py:188} INFO - [2024-10-08T00:59:19.396+0000] {dag.py:3823} INFO - Setting next_dagrun for create_table_in_mysql to None, run_after=None
[2024-10-08T00:59:19.431+0000] {processor.py:183} INFO - Processing /opt/airflow/dags/mysql.py took 0.129 seconds
[2024-10-08T00:59:49.597+0000] {processor.py:161} INFO - Started process (PID=456) to work on /opt/airflow/dags/mysql.py
[2024-10-08T00:59:49.598+0000] {processor.py:830} INFO - Processing file /opt/airflow/dags/mysql.py for tasks to queue
[2024-10-08T00:59:49.601+0000] {logging_mixin.py:188} INFO - [2024-10-08T00:59:49.600+0000] {dagbag.py:538} INFO - Filling up the DagBag from /opt/airflow/dags/mysql.py
[2024-10-08T00:59:49.619+0000] {processor.py:840} INFO - DAG(s) 'create_table_in_mysql' retrieved from /opt/airflow/dags/mysql.py
[2024-10-08T00:59:49.646+0000] {logging_mixin.py:188} INFO - [2024-10-08T00:59:49.646+0000] {dag.py:3036} INFO - Sync 1 DAGs
[2024-10-08T00:59:49.669+0000] {logging_mixin.py:188} INFO - [2024-10-08T00:59:49.669+0000] {dag.py:3823} INFO - Setting next_dagrun for create_table_in_mysql to None, run_after=None
[2024-10-08T00:59:51.291+0000] {processor.py:183} INFO - Processing /opt/airflow/dags/mysql.py took 1.699 seconds
[2024-10-08T01:00:21.675+0000] {processor.py:161} INFO - Started process (PID=519) to work on /opt/airflow/dags/mysql.py
[2024-10-08T01:00:21.677+0000] {processor.py:830} INFO - Processing file /opt/airflow/dags/mysql.py for tasks to queue
[2024-10-08T01:00:21.680+0000] {logging_mixin.py:188} INFO - [2024-10-08T01:00:21.679+0000] {dagbag.py:538} INFO - Filling up the DagBag from /opt/airflow/dags/mysql.py
[2024-10-08T01:00:21.705+0000] {processor.py:840} INFO - DAG(s) 'create_table_in_mysql' retrieved from /opt/airflow/dags/mysql.py
[2024-10-08T01:00:21.732+0000] {logging_mixin.py:188} INFO - [2024-10-08T01:00:21.731+0000] {dag.py:3036} INFO - Sync 1 DAGs
[2024-10-08T01:00:21.762+0000] {logging_mixin.py:188} INFO - [2024-10-08T01:00:21.761+0000] {dag.py:3823} INFO - Setting next_dagrun for create_table_in_mysql to None, run_after=None
[2024-10-08T01:00:21.806+0000] {processor.py:183} INFO - Processing /opt/airflow/dags/mysql.py took 0.136 seconds
