[2024-10-05T02:34:28.302+0000] {taskinstance.py:1956} INFO - Dependencies all met for dep_context=non-requeueable deps ti=<TaskInstance: insert_employee_feedback_summary.create_table_task manual__2024-10-05T02:34:15.810334+00:00 [queued]>
[2024-10-05T02:34:28.327+0000] {taskinstance.py:1956} INFO - Dependencies all met for dep_context=requeueable deps ti=<TaskInstance: insert_employee_feedback_summary.create_table_task manual__2024-10-05T02:34:15.810334+00:00 [queued]>
[2024-10-05T02:34:28.328+0000] {taskinstance.py:2170} INFO - Starting attempt 1 of 1
[2024-10-05T02:34:28.361+0000] {taskinstance.py:2191} INFO - Executing <Task(PostgresOperator): create_table_task> on 2024-10-05 02:34:15.810334+00:00
[2024-10-05T02:34:28.381+0000] {standard_task_runner.py:60} INFO - Started process 946 to run task
[2024-10-05T02:34:28.390+0000] {standard_task_runner.py:87} INFO - Running: ['***', 'tasks', 'run', 'insert_employee_feedback_summary', 'create_table_task', 'manual__2024-10-05T02:34:15.810334+00:00', '--job-id', '161', '--raw', '--subdir', 'DAGS_FOLDER/feedback.py', '--cfg-path', '/tmp/tmps46qydw5']
[2024-10-05T02:34:28.427+0000] {standard_task_runner.py:88} INFO - Job 161: Subtask create_table_task
[2024-10-05T02:34:28.548+0000] {task_command.py:423} INFO - Running <TaskInstance: insert_employee_feedback_summary.create_table_task manual__2024-10-05T02:34:15.810334+00:00 [running]> on host ffa59a91c4ec
[2024-10-05T02:34:28.735+0000] {taskinstance.py:2480} INFO - Exporting env vars: AIRFLOW_CTX_DAG_OWNER='***' AIRFLOW_CTX_DAG_ID='insert_employee_feedback_summary' AIRFLOW_CTX_TASK_ID='create_table_task' AIRFLOW_CTX_EXECUTION_DATE='2024-10-05T02:34:15.810334+00:00' AIRFLOW_CTX_TRY_NUMBER='1' AIRFLOW_CTX_DAG_RUN_ID='manual__2024-10-05T02:34:15.810334+00:00'
[2024-10-05T02:34:28.738+0000] {sql.py:276} INFO - Executing: 
        CREATE TABLE IF NOT EXISTS employee_feedback_summary (
            employee_name VARCHAR(100),
            department_name VARCHAR(100),
            feedback_rating INT,
            employee_gender VARCHAR(100)
        );
        
[2024-10-05T02:34:28.759+0000] {base.py:83} INFO - Using connection ID 'postgres_conn_id' for task execution.
[2024-10-05T02:34:28.784+0000] {base.py:83} INFO - Using connection ID 'postgres_conn_id' for task execution.
[2024-10-05T02:34:28.946+0000] {sql.py:450} INFO - Running statement: 
        CREATE TABLE IF NOT EXISTS employee_feedback_summary (
            employee_name VARCHAR(100),
            department_name VARCHAR(100),
            feedback_rating INT,
            employee_gender VARCHAR(100)
        );
        , parameters: None
[2024-10-05T02:34:28.990+0000] {taskinstance.py:1138} INFO - Marking task as SUCCESS. dag_id=insert_employee_feedback_summary, task_id=create_table_task, execution_date=20241005T023415, start_date=20241005T023428, end_date=20241005T023428
[2024-10-05T02:34:29.050+0000] {local_task_job_runner.py:234} INFO - Task exited with return code 0
[2024-10-05T02:34:29.081+0000] {taskinstance.py:3280} INFO - 1 downstream tasks scheduled from follow-on schedule check
