[2024-10-09T22:02:12.459+0000] {processor.py:161} INFO - Started process (PID=70) to work on /opt/airflow/dags/feedback.py
[2024-10-09T22:02:12.461+0000] {processor.py:830} INFO - Processing file /opt/airflow/dags/feedback.py for tasks to queue
[2024-10-09T22:02:12.464+0000] {logging_mixin.py:188} INFO - [2024-10-09T22:02:12.463+0000] {dagbag.py:538} INFO - Filling up the DagBag from /opt/airflow/dags/feedback.py
[2024-10-09T22:02:12.491+0000] {processor.py:840} INFO - DAG(s) 'insert_employee_feedback_summary' retrieved from /opt/airflow/dags/feedback.py
[2024-10-09T22:02:12.773+0000] {logging_mixin.py:188} INFO - [2024-10-09T22:02:12.772+0000] {dag.py:3036} INFO - Sync 1 DAGs
[2024-10-09T22:02:12.830+0000] {logging_mixin.py:188} INFO - [2024-10-09T22:02:12.830+0000] {dag.py:3823} INFO - Setting next_dagrun for insert_employee_feedback_summary to None, run_after=None
[2024-10-09T22:02:12.910+0000] {processor.py:183} INFO - Processing /opt/airflow/dags/feedback.py took 0.455 seconds
[2024-10-09T22:02:53.351+0000] {processor.py:161} INFO - Started process (PID=53) to work on /opt/airflow/dags/feedback.py
[2024-10-09T22:02:53.359+0000] {processor.py:830} INFO - Processing file /opt/airflow/dags/feedback.py for tasks to queue
[2024-10-09T22:02:53.362+0000] {logging_mixin.py:188} INFO - [2024-10-09T22:02:53.361+0000] {dagbag.py:538} INFO - Filling up the DagBag from /opt/airflow/dags/feedback.py
[2024-10-09T22:02:53.401+0000] {processor.py:840} INFO - DAG(s) 'insert_employee_feedback_summary' retrieved from /opt/airflow/dags/feedback.py
[2024-10-09T22:02:53.442+0000] {logging_mixin.py:188} INFO - [2024-10-09T22:02:53.441+0000] {dag.py:3036} INFO - Sync 1 DAGs
[2024-10-09T22:02:53.475+0000] {logging_mixin.py:188} INFO - [2024-10-09T22:02:53.474+0000] {dag.py:3823} INFO - Setting next_dagrun for insert_employee_feedback_summary to None, run_after=None
[2024-10-09T22:02:53.515+0000] {processor.py:183} INFO - Processing /opt/airflow/dags/feedback.py took 0.167 seconds
[2024-10-09T22:03:23.685+0000] {processor.py:161} INFO - Started process (PID=113) to work on /opt/airflow/dags/feedback.py
[2024-10-09T22:03:23.689+0000] {processor.py:830} INFO - Processing file /opt/airflow/dags/feedback.py for tasks to queue
[2024-10-09T22:03:23.693+0000] {logging_mixin.py:188} INFO - [2024-10-09T22:03:23.692+0000] {dagbag.py:538} INFO - Filling up the DagBag from /opt/airflow/dags/feedback.py
[2024-10-09T22:03:23.722+0000] {processor.py:840} INFO - DAG(s) 'insert_employee_feedback_summary' retrieved from /opt/airflow/dags/feedback.py
[2024-10-09T22:03:23.745+0000] {logging_mixin.py:188} INFO - [2024-10-09T22:03:23.745+0000] {dag.py:3036} INFO - Sync 1 DAGs
[2024-10-09T22:03:23.774+0000] {logging_mixin.py:188} INFO - [2024-10-09T22:03:23.774+0000] {dag.py:3823} INFO - Setting next_dagrun for insert_employee_feedback_summary to None, run_after=None
[2024-10-09T22:03:23.805+0000] {processor.py:183} INFO - Processing /opt/airflow/dags/feedback.py took 0.125 seconds
[2024-10-09T22:03:54.501+0000] {processor.py:161} INFO - Started process (PID=175) to work on /opt/airflow/dags/feedback.py
[2024-10-09T22:03:54.503+0000] {processor.py:830} INFO - Processing file /opt/airflow/dags/feedback.py for tasks to queue
[2024-10-09T22:03:54.506+0000] {logging_mixin.py:188} INFO - [2024-10-09T22:03:54.506+0000] {dagbag.py:538} INFO - Filling up the DagBag from /opt/airflow/dags/feedback.py
[2024-10-09T22:03:54.536+0000] {processor.py:840} INFO - DAG(s) 'insert_employee_feedback_summary' retrieved from /opt/airflow/dags/feedback.py
[2024-10-09T22:03:54.597+0000] {logging_mixin.py:188} INFO - [2024-10-09T22:03:54.596+0000] {dag.py:3036} INFO - Sync 1 DAGs
[2024-10-09T22:03:54.648+0000] {logging_mixin.py:188} INFO - [2024-10-09T22:03:54.647+0000] {dag.py:3823} INFO - Setting next_dagrun for insert_employee_feedback_summary to None, run_after=None
[2024-10-09T22:03:54.720+0000] {processor.py:183} INFO - Processing /opt/airflow/dags/feedback.py took 0.225 seconds
[2024-10-09T22:04:24.954+0000] {processor.py:161} INFO - Started process (PID=237) to work on /opt/airflow/dags/feedback.py
[2024-10-09T22:04:24.955+0000] {processor.py:830} INFO - Processing file /opt/airflow/dags/feedback.py for tasks to queue
[2024-10-09T22:04:24.958+0000] {logging_mixin.py:188} INFO - [2024-10-09T22:04:24.958+0000] {dagbag.py:538} INFO - Filling up the DagBag from /opt/airflow/dags/feedback.py
[2024-10-09T22:04:24.982+0000] {processor.py:840} INFO - DAG(s) 'insert_employee_feedback_summary' retrieved from /opt/airflow/dags/feedback.py
[2024-10-09T22:04:25.024+0000] {logging_mixin.py:188} INFO - [2024-10-09T22:04:25.023+0000] {dag.py:3036} INFO - Sync 1 DAGs
[2024-10-09T22:04:25.060+0000] {logging_mixin.py:188} INFO - [2024-10-09T22:04:25.060+0000] {dag.py:3823} INFO - Setting next_dagrun for insert_employee_feedback_summary to None, run_after=None
[2024-10-09T22:04:25.101+0000] {processor.py:183} INFO - Processing /opt/airflow/dags/feedback.py took 0.150 seconds
[2024-10-09T22:04:55.350+0000] {processor.py:161} INFO - Started process (PID=305) to work on /opt/airflow/dags/feedback.py
[2024-10-09T22:04:55.352+0000] {processor.py:830} INFO - Processing file /opt/airflow/dags/feedback.py for tasks to queue
[2024-10-09T22:04:55.358+0000] {logging_mixin.py:188} INFO - [2024-10-09T22:04:55.357+0000] {dagbag.py:538} INFO - Filling up the DagBag from /opt/airflow/dags/feedback.py
[2024-10-09T22:04:55.394+0000] {processor.py:840} INFO - DAG(s) 'insert_employee_feedback_summary' retrieved from /opt/airflow/dags/feedback.py
[2024-10-09T22:04:55.421+0000] {logging_mixin.py:188} INFO - [2024-10-09T22:04:55.420+0000] {dag.py:3036} INFO - Sync 1 DAGs
[2024-10-09T22:04:55.454+0000] {logging_mixin.py:188} INFO - [2024-10-09T22:04:55.454+0000] {dag.py:3823} INFO - Setting next_dagrun for insert_employee_feedback_summary to None, run_after=None
[2024-10-09T22:04:55.504+0000] {processor.py:183} INFO - Processing /opt/airflow/dags/feedback.py took 0.163 seconds
[2024-10-09T22:05:25.645+0000] {processor.py:161} INFO - Started process (PID=367) to work on /opt/airflow/dags/feedback.py
[2024-10-09T22:05:25.647+0000] {processor.py:830} INFO - Processing file /opt/airflow/dags/feedback.py for tasks to queue
[2024-10-09T22:05:25.650+0000] {logging_mixin.py:188} INFO - [2024-10-09T22:05:25.649+0000] {dagbag.py:538} INFO - Filling up the DagBag from /opt/airflow/dags/feedback.py
[2024-10-09T22:05:25.673+0000] {processor.py:840} INFO - DAG(s) 'insert_employee_feedback_summary' retrieved from /opt/airflow/dags/feedback.py
[2024-10-09T22:05:25.702+0000] {logging_mixin.py:188} INFO - [2024-10-09T22:05:25.702+0000] {dag.py:3036} INFO - Sync 1 DAGs
[2024-10-09T22:05:25.739+0000] {logging_mixin.py:188} INFO - [2024-10-09T22:05:25.739+0000] {dag.py:3823} INFO - Setting next_dagrun for insert_employee_feedback_summary to None, run_after=None
[2024-10-09T22:05:25.770+0000] {processor.py:183} INFO - Processing /opt/airflow/dags/feedback.py took 0.130 seconds
[2024-10-09T22:05:56.303+0000] {processor.py:161} INFO - Started process (PID=429) to work on /opt/airflow/dags/feedback.py
[2024-10-09T22:05:56.305+0000] {processor.py:830} INFO - Processing file /opt/airflow/dags/feedback.py for tasks to queue
[2024-10-09T22:05:56.309+0000] {logging_mixin.py:188} INFO - [2024-10-09T22:05:56.308+0000] {dagbag.py:538} INFO - Filling up the DagBag from /opt/airflow/dags/feedback.py
[2024-10-09T22:05:56.362+0000] {processor.py:840} INFO - DAG(s) 'insert_employee_feedback_summary' retrieved from /opt/airflow/dags/feedback.py
[2024-10-09T22:05:56.426+0000] {logging_mixin.py:188} INFO - [2024-10-09T22:05:56.425+0000] {dag.py:3036} INFO - Sync 1 DAGs
[2024-10-09T22:05:56.492+0000] {logging_mixin.py:188} INFO - [2024-10-09T22:05:56.490+0000] {dag.py:3823} INFO - Setting next_dagrun for insert_employee_feedback_summary to None, run_after=None
[2024-10-09T22:05:56.551+0000] {processor.py:183} INFO - Processing /opt/airflow/dags/feedback.py took 0.252 seconds
[2024-10-09T22:06:26.754+0000] {processor.py:161} INFO - Started process (PID=491) to work on /opt/airflow/dags/feedback.py
[2024-10-09T22:06:26.756+0000] {processor.py:830} INFO - Processing file /opt/airflow/dags/feedback.py for tasks to queue
[2024-10-09T22:06:26.758+0000] {logging_mixin.py:188} INFO - [2024-10-09T22:06:26.757+0000] {dagbag.py:538} INFO - Filling up the DagBag from /opt/airflow/dags/feedback.py
[2024-10-09T22:06:26.776+0000] {processor.py:840} INFO - DAG(s) 'insert_employee_feedback_summary' retrieved from /opt/airflow/dags/feedback.py
[2024-10-09T22:06:26.799+0000] {logging_mixin.py:188} INFO - [2024-10-09T22:06:26.799+0000] {dag.py:3036} INFO - Sync 1 DAGs
[2024-10-09T22:06:26.824+0000] {logging_mixin.py:188} INFO - [2024-10-09T22:06:26.824+0000] {dag.py:3823} INFO - Setting next_dagrun for insert_employee_feedback_summary to None, run_after=None
[2024-10-09T22:06:26.849+0000] {processor.py:183} INFO - Processing /opt/airflow/dags/feedback.py took 0.097 seconds
[2024-10-09T22:06:57.022+0000] {processor.py:161} INFO - Started process (PID=553) to work on /opt/airflow/dags/feedback.py
[2024-10-09T22:06:57.023+0000] {processor.py:830} INFO - Processing file /opt/airflow/dags/feedback.py for tasks to queue
[2024-10-09T22:06:57.026+0000] {logging_mixin.py:188} INFO - [2024-10-09T22:06:57.025+0000] {dagbag.py:538} INFO - Filling up the DagBag from /opt/airflow/dags/feedback.py
[2024-10-09T22:06:57.046+0000] {processor.py:840} INFO - DAG(s) 'insert_employee_feedback_summary' retrieved from /opt/airflow/dags/feedback.py
[2024-10-09T22:06:57.070+0000] {logging_mixin.py:188} INFO - [2024-10-09T22:06:57.069+0000] {dag.py:3036} INFO - Sync 1 DAGs
[2024-10-09T22:06:57.102+0000] {logging_mixin.py:188} INFO - [2024-10-09T22:06:57.102+0000] {dag.py:3823} INFO - Setting next_dagrun for insert_employee_feedback_summary to None, run_after=None
[2024-10-09T22:06:57.128+0000] {processor.py:183} INFO - Processing /opt/airflow/dags/feedback.py took 0.110 seconds
[2024-10-09T22:07:27.238+0000] {processor.py:161} INFO - Started process (PID=615) to work on /opt/airflow/dags/feedback.py
[2024-10-09T22:07:27.240+0000] {processor.py:830} INFO - Processing file /opt/airflow/dags/feedback.py for tasks to queue
[2024-10-09T22:07:27.242+0000] {logging_mixin.py:188} INFO - [2024-10-09T22:07:27.241+0000] {dagbag.py:538} INFO - Filling up the DagBag from /opt/airflow/dags/feedback.py
[2024-10-09T22:07:27.260+0000] {processor.py:840} INFO - DAG(s) 'insert_employee_feedback_summary' retrieved from /opt/airflow/dags/feedback.py
[2024-10-09T22:07:27.282+0000] {logging_mixin.py:188} INFO - [2024-10-09T22:07:27.282+0000] {dag.py:3036} INFO - Sync 1 DAGs
[2024-10-09T22:07:27.304+0000] {logging_mixin.py:188} INFO - [2024-10-09T22:07:27.304+0000] {dag.py:3823} INFO - Setting next_dagrun for insert_employee_feedback_summary to None, run_after=None
[2024-10-09T22:07:27.327+0000] {processor.py:183} INFO - Processing /opt/airflow/dags/feedback.py took 0.104 seconds
[2024-10-09T22:07:57.799+0000] {processor.py:161} INFO - Started process (PID=679) to work on /opt/airflow/dags/feedback.py
[2024-10-09T22:07:57.800+0000] {processor.py:830} INFO - Processing file /opt/airflow/dags/feedback.py for tasks to queue
[2024-10-09T22:07:57.803+0000] {logging_mixin.py:188} INFO - [2024-10-09T22:07:57.802+0000] {dagbag.py:538} INFO - Filling up the DagBag from /opt/airflow/dags/feedback.py
[2024-10-09T22:07:57.826+0000] {processor.py:840} INFO - DAG(s) 'insert_employee_feedback_summary' retrieved from /opt/airflow/dags/feedback.py
[2024-10-09T22:07:57.854+0000] {logging_mixin.py:188} INFO - [2024-10-09T22:07:57.853+0000] {dag.py:3036} INFO - Sync 1 DAGs
[2024-10-09T22:07:57.906+0000] {logging_mixin.py:188} INFO - [2024-10-09T22:07:57.905+0000] {dag.py:3823} INFO - Setting next_dagrun for insert_employee_feedback_summary to None, run_after=None
[2024-10-09T22:07:57.946+0000] {processor.py:183} INFO - Processing /opt/airflow/dags/feedback.py took 0.153 seconds
[2024-10-09T22:08:28.133+0000] {processor.py:161} INFO - Started process (PID=740) to work on /opt/airflow/dags/feedback.py
[2024-10-09T22:08:28.135+0000] {processor.py:830} INFO - Processing file /opt/airflow/dags/feedback.py for tasks to queue
[2024-10-09T22:08:28.138+0000] {logging_mixin.py:188} INFO - [2024-10-09T22:08:28.138+0000] {dagbag.py:538} INFO - Filling up the DagBag from /opt/airflow/dags/feedback.py
[2024-10-09T22:08:28.161+0000] {processor.py:840} INFO - DAG(s) 'insert_employee_feedback_summary' retrieved from /opt/airflow/dags/feedback.py
[2024-10-09T22:08:28.195+0000] {logging_mixin.py:188} INFO - [2024-10-09T22:08:28.195+0000] {dag.py:3036} INFO - Sync 1 DAGs
[2024-10-09T22:08:28.232+0000] {logging_mixin.py:188} INFO - [2024-10-09T22:08:28.231+0000] {dag.py:3823} INFO - Setting next_dagrun for insert_employee_feedback_summary to None, run_after=None
[2024-10-09T22:08:28.289+0000] {processor.py:183} INFO - Processing /opt/airflow/dags/feedback.py took 0.161 seconds
[2024-10-09T22:08:58.448+0000] {processor.py:161} INFO - Started process (PID=801) to work on /opt/airflow/dags/feedback.py
[2024-10-09T22:08:58.449+0000] {processor.py:830} INFO - Processing file /opt/airflow/dags/feedback.py for tasks to queue
[2024-10-09T22:08:58.452+0000] {logging_mixin.py:188} INFO - [2024-10-09T22:08:58.451+0000] {dagbag.py:538} INFO - Filling up the DagBag from /opt/airflow/dags/feedback.py
[2024-10-09T22:08:58.472+0000] {processor.py:840} INFO - DAG(s) 'insert_employee_feedback_summary' retrieved from /opt/airflow/dags/feedback.py
[2024-10-09T22:08:58.498+0000] {logging_mixin.py:188} INFO - [2024-10-09T22:08:58.497+0000] {dag.py:3036} INFO - Sync 1 DAGs
[2024-10-09T22:08:58.524+0000] {logging_mixin.py:188} INFO - [2024-10-09T22:08:58.524+0000] {dag.py:3823} INFO - Setting next_dagrun for insert_employee_feedback_summary to None, run_after=None
[2024-10-09T22:08:58.552+0000] {processor.py:183} INFO - Processing /opt/airflow/dags/feedback.py took 0.108 seconds
