[2024-10-09T22:02:11.673+0000] {processor.py:161} INFO - Started process (PID=67) to work on /opt/airflow/dags/mysql.py
[2024-10-09T22:02:11.675+0000] {processor.py:830} INFO - Processing file /opt/airflow/dags/mysql.py for tasks to queue
[2024-10-09T22:02:11.679+0000] {logging_mixin.py:188} INFO - [2024-10-09T22:02:11.678+0000] {dagbag.py:538} INFO - Filling up the DagBag from /opt/airflow/dags/mysql.py
[2024-10-09T22:02:11.739+0000] {processor.py:840} INFO - DAG(s) 'create_table_in_mysql' retrieved from /opt/airflow/dags/mysql.py
[2024-10-09T22:02:12.233+0000] {logging_mixin.py:188} INFO - [2024-10-09T22:02:12.233+0000] {dag.py:3036} INFO - Sync 1 DAGs
[2024-10-09T22:02:12.345+0000] {logging_mixin.py:188} INFO - [2024-10-09T22:02:12.345+0000] {dag.py:3823} INFO - Setting next_dagrun for create_table_in_mysql to None, run_after=None
[2024-10-09T22:02:12.389+0000] {processor.py:183} INFO - Processing /opt/airflow/dags/mysql.py took 0.726 seconds
[2024-10-09T22:02:53.177+0000] {processor.py:161} INFO - Started process (PID=50) to work on /opt/airflow/dags/mysql.py
[2024-10-09T22:02:53.179+0000] {processor.py:830} INFO - Processing file /opt/airflow/dags/mysql.py for tasks to queue
[2024-10-09T22:02:53.181+0000] {logging_mixin.py:188} INFO - [2024-10-09T22:02:53.181+0000] {dagbag.py:538} INFO - Filling up the DagBag from /opt/airflow/dags/mysql.py
[2024-10-09T22:02:53.204+0000] {processor.py:840} INFO - DAG(s) 'create_table_in_mysql' retrieved from /opt/airflow/dags/mysql.py
[2024-10-09T22:02:53.251+0000] {logging_mixin.py:188} INFO - [2024-10-09T22:02:53.251+0000] {dag.py:3036} INFO - Sync 1 DAGs
[2024-10-09T22:02:53.279+0000] {logging_mixin.py:188} INFO - [2024-10-09T22:02:53.278+0000] {dag.py:3823} INFO - Setting next_dagrun for create_table_in_mysql to None, run_after=None
[2024-10-09T22:02:53.310+0000] {processor.py:183} INFO - Processing /opt/airflow/dags/mysql.py took 0.135 seconds
[2024-10-09T22:03:23.493+0000] {processor.py:161} INFO - Started process (PID=112) to work on /opt/airflow/dags/mysql.py
[2024-10-09T22:03:23.495+0000] {processor.py:830} INFO - Processing file /opt/airflow/dags/mysql.py for tasks to queue
[2024-10-09T22:03:23.497+0000] {logging_mixin.py:188} INFO - [2024-10-09T22:03:23.497+0000] {dagbag.py:538} INFO - Filling up the DagBag from /opt/airflow/dags/mysql.py
[2024-10-09T22:03:23.514+0000] {processor.py:840} INFO - DAG(s) 'create_table_in_mysql' retrieved from /opt/airflow/dags/mysql.py
[2024-10-09T22:03:23.538+0000] {logging_mixin.py:188} INFO - [2024-10-09T22:03:23.537+0000] {dag.py:3036} INFO - Sync 1 DAGs
[2024-10-09T22:03:23.561+0000] {logging_mixin.py:188} INFO - [2024-10-09T22:03:23.561+0000] {dag.py:3823} INFO - Setting next_dagrun for create_table_in_mysql to None, run_after=None
[2024-10-09T22:03:23.592+0000] {processor.py:183} INFO - Processing /opt/airflow/dags/mysql.py took 0.102 seconds
[2024-10-09T22:03:54.487+0000] {processor.py:161} INFO - Started process (PID=174) to work on /opt/airflow/dags/mysql.py
[2024-10-09T22:03:54.489+0000] {processor.py:830} INFO - Processing file /opt/airflow/dags/mysql.py for tasks to queue
[2024-10-09T22:03:54.494+0000] {logging_mixin.py:188} INFO - [2024-10-09T22:03:54.493+0000] {dagbag.py:538} INFO - Filling up the DagBag from /opt/airflow/dags/mysql.py
[2024-10-09T22:03:54.520+0000] {processor.py:840} INFO - DAG(s) 'create_table_in_mysql' retrieved from /opt/airflow/dags/mysql.py
[2024-10-09T22:03:54.564+0000] {logging_mixin.py:188} INFO - [2024-10-09T22:03:54.563+0000] {dag.py:3036} INFO - Sync 1 DAGs
[2024-10-09T22:03:54.631+0000] {logging_mixin.py:188} INFO - [2024-10-09T22:03:54.630+0000] {dag.py:3823} INFO - Setting next_dagrun for create_table_in_mysql to None, run_after=None
[2024-10-09T22:03:54.708+0000] {processor.py:183} INFO - Processing /opt/airflow/dags/mysql.py took 0.230 seconds
[2024-10-09T22:04:24.942+0000] {processor.py:161} INFO - Started process (PID=236) to work on /opt/airflow/dags/mysql.py
[2024-10-09T22:04:24.944+0000] {processor.py:830} INFO - Processing file /opt/airflow/dags/mysql.py for tasks to queue
[2024-10-09T22:04:24.947+0000] {logging_mixin.py:188} INFO - [2024-10-09T22:04:24.947+0000] {dagbag.py:538} INFO - Filling up the DagBag from /opt/airflow/dags/mysql.py
[2024-10-09T22:04:24.967+0000] {processor.py:840} INFO - DAG(s) 'create_table_in_mysql' retrieved from /opt/airflow/dags/mysql.py
[2024-10-09T22:04:25.007+0000] {logging_mixin.py:188} INFO - [2024-10-09T22:04:25.006+0000] {dag.py:3036} INFO - Sync 1 DAGs
[2024-10-09T22:04:25.042+0000] {logging_mixin.py:188} INFO - [2024-10-09T22:04:25.041+0000] {dag.py:3823} INFO - Setting next_dagrun for create_table_in_mysql to None, run_after=None
[2024-10-09T22:04:25.077+0000] {processor.py:183} INFO - Processing /opt/airflow/dags/mysql.py took 0.139 seconds
[2024-10-09T22:04:55.334+0000] {processor.py:161} INFO - Started process (PID=298) to work on /opt/airflow/dags/mysql.py
[2024-10-09T22:04:55.337+0000] {processor.py:830} INFO - Processing file /opt/airflow/dags/mysql.py for tasks to queue
[2024-10-09T22:04:55.341+0000] {logging_mixin.py:188} INFO - [2024-10-09T22:04:55.340+0000] {dagbag.py:538} INFO - Filling up the DagBag from /opt/airflow/dags/mysql.py
[2024-10-09T22:04:55.372+0000] {processor.py:840} INFO - DAG(s) 'create_table_in_mysql' retrieved from /opt/airflow/dags/mysql.py
[2024-10-09T22:04:55.409+0000] {logging_mixin.py:188} INFO - [2024-10-09T22:04:55.409+0000] {dag.py:3036} INFO - Sync 1 DAGs
[2024-10-09T22:04:55.447+0000] {logging_mixin.py:188} INFO - [2024-10-09T22:04:55.447+0000] {dag.py:3823} INFO - Setting next_dagrun for create_table_in_mysql to None, run_after=None
[2024-10-09T22:04:55.491+0000] {processor.py:183} INFO - Processing /opt/airflow/dags/mysql.py took 0.166 seconds
[2024-10-09T22:05:25.631+0000] {processor.py:161} INFO - Started process (PID=366) to work on /opt/airflow/dags/mysql.py
[2024-10-09T22:05:25.633+0000] {processor.py:830} INFO - Processing file /opt/airflow/dags/mysql.py for tasks to queue
[2024-10-09T22:05:25.635+0000] {logging_mixin.py:188} INFO - [2024-10-09T22:05:25.635+0000] {dagbag.py:538} INFO - Filling up the DagBag from /opt/airflow/dags/mysql.py
[2024-10-09T22:05:25.657+0000] {processor.py:840} INFO - DAG(s) 'create_table_in_mysql' retrieved from /opt/airflow/dags/mysql.py
[2024-10-09T22:05:25.682+0000] {logging_mixin.py:188} INFO - [2024-10-09T22:05:25.682+0000] {dag.py:3036} INFO - Sync 1 DAGs
[2024-10-09T22:05:25.709+0000] {logging_mixin.py:188} INFO - [2024-10-09T22:05:25.708+0000] {dag.py:3823} INFO - Setting next_dagrun for create_table_in_mysql to None, run_after=None
[2024-10-09T22:05:25.748+0000] {processor.py:183} INFO - Processing /opt/airflow/dags/mysql.py took 0.121 seconds
[2024-10-09T22:05:56.291+0000] {processor.py:161} INFO - Started process (PID=428) to work on /opt/airflow/dags/mysql.py
[2024-10-09T22:05:56.293+0000] {processor.py:830} INFO - Processing file /opt/airflow/dags/mysql.py for tasks to queue
[2024-10-09T22:05:56.297+0000] {logging_mixin.py:188} INFO - [2024-10-09T22:05:56.296+0000] {dagbag.py:538} INFO - Filling up the DagBag from /opt/airflow/dags/mysql.py
[2024-10-09T22:05:56.330+0000] {processor.py:840} INFO - DAG(s) 'create_table_in_mysql' retrieved from /opt/airflow/dags/mysql.py
[2024-10-09T22:05:56.407+0000] {logging_mixin.py:188} INFO - [2024-10-09T22:05:56.406+0000] {dag.py:3036} INFO - Sync 1 DAGs
[2024-10-09T22:05:56.460+0000] {logging_mixin.py:188} INFO - [2024-10-09T22:05:56.459+0000] {dag.py:3823} INFO - Setting next_dagrun for create_table_in_mysql to None, run_after=None
[2024-10-09T22:05:56.528+0000] {processor.py:183} INFO - Processing /opt/airflow/dags/mysql.py took 0.242 seconds
[2024-10-09T22:06:26.604+0000] {processor.py:161} INFO - Started process (PID=490) to work on /opt/airflow/dags/mysql.py
[2024-10-09T22:06:26.605+0000] {processor.py:830} INFO - Processing file /opt/airflow/dags/mysql.py for tasks to queue
[2024-10-09T22:06:26.607+0000] {logging_mixin.py:188} INFO - [2024-10-09T22:06:26.607+0000] {dagbag.py:538} INFO - Filling up the DagBag from /opt/airflow/dags/mysql.py
[2024-10-09T22:06:26.621+0000] {processor.py:840} INFO - DAG(s) 'create_table_in_mysql' retrieved from /opt/airflow/dags/mysql.py
[2024-10-09T22:06:26.642+0000] {logging_mixin.py:188} INFO - [2024-10-09T22:06:26.642+0000] {dag.py:3036} INFO - Sync 1 DAGs
[2024-10-09T22:06:26.668+0000] {logging_mixin.py:188} INFO - [2024-10-09T22:06:26.667+0000] {dag.py:3823} INFO - Setting next_dagrun for create_table_in_mysql to None, run_after=None
[2024-10-09T22:06:26.695+0000] {processor.py:183} INFO - Processing /opt/airflow/dags/mysql.py took 0.095 seconds
[2024-10-09T22:06:57.009+0000] {processor.py:161} INFO - Started process (PID=552) to work on /opt/airflow/dags/mysql.py
[2024-10-09T22:06:57.010+0000] {processor.py:830} INFO - Processing file /opt/airflow/dags/mysql.py for tasks to queue
[2024-10-09T22:06:57.012+0000] {logging_mixin.py:188} INFO - [2024-10-09T22:06:57.012+0000] {dagbag.py:538} INFO - Filling up the DagBag from /opt/airflow/dags/mysql.py
[2024-10-09T22:06:57.033+0000] {processor.py:840} INFO - DAG(s) 'create_table_in_mysql' retrieved from /opt/airflow/dags/mysql.py
[2024-10-09T22:06:57.054+0000] {logging_mixin.py:188} INFO - [2024-10-09T22:06:57.054+0000] {dag.py:3036} INFO - Sync 1 DAGs
[2024-10-09T22:06:57.077+0000] {logging_mixin.py:188} INFO - [2024-10-09T22:06:57.076+0000] {dag.py:3823} INFO - Setting next_dagrun for create_table_in_mysql to None, run_after=None
[2024-10-09T22:06:57.113+0000] {processor.py:183} INFO - Processing /opt/airflow/dags/mysql.py took 0.107 seconds
[2024-10-09T22:07:27.217+0000] {processor.py:161} INFO - Started process (PID=614) to work on /opt/airflow/dags/mysql.py
[2024-10-09T22:07:27.218+0000] {processor.py:830} INFO - Processing file /opt/airflow/dags/mysql.py for tasks to queue
[2024-10-09T22:07:27.220+0000] {logging_mixin.py:188} INFO - [2024-10-09T22:07:27.219+0000] {dagbag.py:538} INFO - Filling up the DagBag from /opt/airflow/dags/mysql.py
[2024-10-09T22:07:27.250+0000] {processor.py:840} INFO - DAG(s) 'create_table_in_mysql' retrieved from /opt/airflow/dags/mysql.py
[2024-10-09T22:07:27.274+0000] {logging_mixin.py:188} INFO - [2024-10-09T22:07:27.273+0000] {dag.py:3036} INFO - Sync 1 DAGs
[2024-10-09T22:07:27.300+0000] {logging_mixin.py:188} INFO - [2024-10-09T22:07:27.300+0000] {dag.py:3823} INFO - Setting next_dagrun for create_table_in_mysql to None, run_after=None
[2024-10-09T22:07:27.325+0000] {processor.py:183} INFO - Processing /opt/airflow/dags/mysql.py took 0.112 seconds
[2024-10-09T22:07:57.782+0000] {processor.py:161} INFO - Started process (PID=678) to work on /opt/airflow/dags/mysql.py
[2024-10-09T22:07:57.784+0000] {processor.py:830} INFO - Processing file /opt/airflow/dags/mysql.py for tasks to queue
[2024-10-09T22:07:57.788+0000] {logging_mixin.py:188} INFO - [2024-10-09T22:07:57.787+0000] {dagbag.py:538} INFO - Filling up the DagBag from /opt/airflow/dags/mysql.py
[2024-10-09T22:07:57.815+0000] {processor.py:840} INFO - DAG(s) 'create_table_in_mysql' retrieved from /opt/airflow/dags/mysql.py
[2024-10-09T22:07:57.841+0000] {logging_mixin.py:188} INFO - [2024-10-09T22:07:57.840+0000] {dag.py:3036} INFO - Sync 1 DAGs
[2024-10-09T22:07:57.892+0000] {logging_mixin.py:188} INFO - [2024-10-09T22:07:57.892+0000] {dag.py:3823} INFO - Setting next_dagrun for create_table_in_mysql to None, run_after=None
[2024-10-09T22:07:57.932+0000] {processor.py:183} INFO - Processing /opt/airflow/dags/mysql.py took 0.157 seconds
[2024-10-09T22:08:28.119+0000] {processor.py:161} INFO - Started process (PID=739) to work on /opt/airflow/dags/mysql.py
[2024-10-09T22:08:28.121+0000] {processor.py:830} INFO - Processing file /opt/airflow/dags/mysql.py for tasks to queue
[2024-10-09T22:08:28.125+0000] {logging_mixin.py:188} INFO - [2024-10-09T22:08:28.124+0000] {dagbag.py:538} INFO - Filling up the DagBag from /opt/airflow/dags/mysql.py
[2024-10-09T22:08:28.146+0000] {processor.py:840} INFO - DAG(s) 'create_table_in_mysql' retrieved from /opt/airflow/dags/mysql.py
[2024-10-09T22:08:28.179+0000] {logging_mixin.py:188} INFO - [2024-10-09T22:08:28.179+0000] {dag.py:3036} INFO - Sync 1 DAGs
[2024-10-09T22:08:28.222+0000] {logging_mixin.py:188} INFO - [2024-10-09T22:08:28.222+0000] {dag.py:3823} INFO - Setting next_dagrun for create_table_in_mysql to None, run_after=None
[2024-10-09T22:08:28.276+0000] {processor.py:183} INFO - Processing /opt/airflow/dags/mysql.py took 0.162 seconds
[2024-10-09T22:08:58.434+0000] {processor.py:161} INFO - Started process (PID=800) to work on /opt/airflow/dags/mysql.py
[2024-10-09T22:08:58.436+0000] {processor.py:830} INFO - Processing file /opt/airflow/dags/mysql.py for tasks to queue
[2024-10-09T22:08:58.439+0000] {logging_mixin.py:188} INFO - [2024-10-09T22:08:58.438+0000] {dagbag.py:538} INFO - Filling up the DagBag from /opt/airflow/dags/mysql.py
[2024-10-09T22:08:58.460+0000] {processor.py:840} INFO - DAG(s) 'create_table_in_mysql' retrieved from /opt/airflow/dags/mysql.py
[2024-10-09T22:08:58.488+0000] {logging_mixin.py:188} INFO - [2024-10-09T22:08:58.487+0000] {dag.py:3036} INFO - Sync 1 DAGs
[2024-10-09T22:08:58.515+0000] {logging_mixin.py:188} INFO - [2024-10-09T22:08:58.515+0000] {dag.py:3823} INFO - Setting next_dagrun for create_table_in_mysql to None, run_after=None
[2024-10-09T22:08:58.544+0000] {processor.py:183} INFO - Processing /opt/airflow/dags/mysql.py took 0.114 seconds
