[2024-10-05T02:22:26.949+0000] {taskinstance.py:1956} INFO - Dependencies all met for dep_context=non-requeueable deps ti=<TaskInstance: insert_employee_feedback_summary.create_table_task manual__2024-10-05T02:22:23.301794+00:00 [queued]>
[2024-10-05T02:22:26.969+0000] {taskinstance.py:1956} INFO - Dependencies all met for dep_context=requeueable deps ti=<TaskInstance: insert_employee_feedback_summary.create_table_task manual__2024-10-05T02:22:23.301794+00:00 [queued]>
[2024-10-05T02:22:26.970+0000] {taskinstance.py:2170} INFO - Starting attempt 1 of 1
[2024-10-05T02:22:27.000+0000] {taskinstance.py:2191} INFO - Executing <Task(PostgresOperator): create_table_task> on 2024-10-05 02:22:23.301794+00:00
[2024-10-05T02:22:27.013+0000] {standard_task_runner.py:60} INFO - Started process 750 to run task
[2024-10-05T02:22:27.019+0000] {standard_task_runner.py:87} INFO - Running: ['***', 'tasks', 'run', 'insert_employee_feedback_summary', 'create_table_task', 'manual__2024-10-05T02:22:23.301794+00:00', '--job-id', '155', '--raw', '--subdir', 'DAGS_FOLDER/feedback.py', '--cfg-path', '/tmp/tmpt5uc2w_7']
[2024-10-05T02:22:27.023+0000] {standard_task_runner.py:88} INFO - Job 155: Subtask create_table_task
[2024-10-05T02:22:27.107+0000] {task_command.py:423} INFO - Running <TaskInstance: insert_employee_feedback_summary.create_table_task manual__2024-10-05T02:22:23.301794+00:00 [running]> on host ffa59a91c4ec
[2024-10-05T02:22:27.264+0000] {taskinstance.py:2480} INFO - Exporting env vars: AIRFLOW_CTX_DAG_OWNER='***' AIRFLOW_CTX_DAG_ID='insert_employee_feedback_summary' AIRFLOW_CTX_TASK_ID='create_table_task' AIRFLOW_CTX_EXECUTION_DATE='2024-10-05T02:22:23.301794+00:00' AIRFLOW_CTX_TRY_NUMBER='1' AIRFLOW_CTX_DAG_RUN_ID='manual__2024-10-05T02:22:23.301794+00:00'
[2024-10-05T02:22:27.267+0000] {sql.py:276} INFO - Executing: 
        CREATE TABLE IF NOT EXISTS employee_feedback_summary (
            employee_name VARCHAR(100),
            department_name VARCHAR(100),
            feedback_rating INT,
            employee_gender VARCHAR(100)
        );
        
[2024-10-05T02:22:27.284+0000] {base.py:83} INFO - Using connection ID 'postgres_conn_id' for task execution.
[2024-10-05T02:22:27.302+0000] {base.py:83} INFO - Using connection ID 'postgres_conn_id' for task execution.
[2024-10-05T02:22:27.375+0000] {sql.py:450} INFO - Running statement: 
        CREATE TABLE IF NOT EXISTS employee_feedback_summary (
            employee_name VARCHAR(100),
            department_name VARCHAR(100),
            feedback_rating INT,
            employee_gender VARCHAR(100)
        );
        , parameters: None
[2024-10-05T02:22:27.405+0000] {taskinstance.py:1138} INFO - Marking task as SUCCESS. dag_id=insert_employee_feedback_summary, task_id=create_table_task, execution_date=20241005T022223, start_date=20241005T022226, end_date=20241005T022227
[2024-10-05T02:22:27.434+0000] {local_task_job_runner.py:234} INFO - Task exited with return code 0
[2024-10-05T02:22:27.462+0000] {taskinstance.py:3280} INFO - 1 downstream tasks scheduled from follow-on schedule check
