[2024-10-08T00:56:53.636+0000] {processor.py:161} INFO - Started process (PID=113) to work on /home/airflow/.local/lib/python3.8/site-packages/airflow/example_dags/example_branch_datetime_operator.py
[2024-10-08T00:56:53.638+0000] {processor.py:830} INFO - Processing file /home/airflow/.local/lib/python3.8/site-packages/airflow/example_dags/example_branch_datetime_operator.py for tasks to queue
[2024-10-08T00:56:53.642+0000] {logging_mixin.py:188} INFO - [2024-10-08T00:56:53.642+0000] {dagbag.py:538} INFO - Filling up the DagBag from /home/airflow/.local/lib/python3.8/site-packages/airflow/example_dags/example_branch_datetime_operator.py
[2024-10-08T00:56:53.671+0000] {processor.py:840} INFO - DAG(s) 'example_branch_datetime_operator', 'example_branch_datetime_operator_2', 'example_branch_datetime_operator_3' retrieved from /home/airflow/.local/lib/python3.8/site-packages/airflow/example_dags/example_branch_datetime_operator.py
[2024-10-08T00:56:53.870+0000] {logging_mixin.py:188} INFO - [2024-10-08T00:56:53.870+0000] {dag.py:3036} INFO - Sync 3 DAGs
[2024-10-08T00:56:53.923+0000] {logging_mixin.py:188} INFO - [2024-10-08T00:56:53.922+0000] {dag.py:3823} INFO - Setting next_dagrun for example_branch_datetime_operator to 2024-10-07 00:00:00+00:00, run_after=2024-10-08 00:00:00+00:00
[2024-10-08T00:56:53.931+0000] {logging_mixin.py:188} INFO - [2024-10-08T00:56:53.930+0000] {dag.py:3823} INFO - Setting next_dagrun for example_branch_datetime_operator_2 to 2024-10-07 00:00:00+00:00, run_after=2024-10-08 00:00:00+00:00
[2024-10-08T00:56:53.934+0000] {logging_mixin.py:188} INFO - [2024-10-08T00:56:53.934+0000] {dag.py:3823} INFO - Setting next_dagrun for example_branch_datetime_operator_3 to 2024-10-07 00:00:00+00:00, run_after=2024-10-08 00:00:00+00:00
[2024-10-08T00:56:53.970+0000] {processor.py:183} INFO - Processing /home/airflow/.local/lib/python3.8/site-packages/airflow/example_dags/example_branch_datetime_operator.py took 0.338 seconds
[2024-10-08T00:57:24.915+0000] {processor.py:161} INFO - Started process (PID=177) to work on /home/airflow/.local/lib/python3.8/site-packages/airflow/example_dags/example_branch_datetime_operator.py
[2024-10-08T00:57:24.917+0000] {processor.py:830} INFO - Processing file /home/airflow/.local/lib/python3.8/site-packages/airflow/example_dags/example_branch_datetime_operator.py for tasks to queue
[2024-10-08T00:57:24.921+0000] {logging_mixin.py:188} INFO - [2024-10-08T00:57:24.920+0000] {dagbag.py:538} INFO - Filling up the DagBag from /home/airflow/.local/lib/python3.8/site-packages/airflow/example_dags/example_branch_datetime_operator.py
[2024-10-08T00:57:24.938+0000] {processor.py:840} INFO - DAG(s) 'example_branch_datetime_operator_2', 'example_branch_datetime_operator', 'example_branch_datetime_operator_3' retrieved from /home/airflow/.local/lib/python3.8/site-packages/airflow/example_dags/example_branch_datetime_operator.py
[2024-10-08T00:57:24.986+0000] {logging_mixin.py:188} INFO - [2024-10-08T00:57:24.985+0000] {dag.py:3036} INFO - Sync 3 DAGs
[2024-10-08T00:57:25.022+0000] {logging_mixin.py:188} INFO - [2024-10-08T00:57:25.022+0000] {dag.py:3823} INFO - Setting next_dagrun for example_branch_datetime_operator to 2024-10-07 00:00:00+00:00, run_after=2024-10-08 00:00:00+00:00
[2024-10-08T00:57:25.031+0000] {logging_mixin.py:188} INFO - [2024-10-08T00:57:25.031+0000] {dag.py:3823} INFO - Setting next_dagrun for example_branch_datetime_operator_2 to 2024-10-07 00:00:00+00:00, run_after=2024-10-08 00:00:00+00:00
[2024-10-08T00:57:25.036+0000] {logging_mixin.py:188} INFO - [2024-10-08T00:57:25.035+0000] {dag.py:3823} INFO - Setting next_dagrun for example_branch_datetime_operator_3 to 2024-10-07 00:00:00+00:00, run_after=2024-10-08 00:00:00+00:00
[2024-10-08T00:57:25.117+0000] {processor.py:183} INFO - Processing /home/airflow/.local/lib/python3.8/site-packages/airflow/example_dags/example_branch_datetime_operator.py took 0.205 seconds
[2024-10-08T00:57:55.800+0000] {processor.py:161} INFO - Started process (PID=239) to work on /home/airflow/.local/lib/python3.8/site-packages/airflow/example_dags/example_branch_datetime_operator.py
[2024-10-08T00:57:55.802+0000] {processor.py:830} INFO - Processing file /home/airflow/.local/lib/python3.8/site-packages/airflow/example_dags/example_branch_datetime_operator.py for tasks to queue
[2024-10-08T00:57:55.806+0000] {logging_mixin.py:188} INFO - [2024-10-08T00:57:55.805+0000] {dagbag.py:538} INFO - Filling up the DagBag from /home/airflow/.local/lib/python3.8/site-packages/airflow/example_dags/example_branch_datetime_operator.py
[2024-10-08T00:57:55.824+0000] {processor.py:840} INFO - DAG(s) 'example_branch_datetime_operator_3', 'example_branch_datetime_operator', 'example_branch_datetime_operator_2' retrieved from /home/airflow/.local/lib/python3.8/site-packages/airflow/example_dags/example_branch_datetime_operator.py
[2024-10-08T00:57:55.867+0000] {logging_mixin.py:188} INFO - [2024-10-08T00:57:55.866+0000] {dag.py:3036} INFO - Sync 3 DAGs
[2024-10-08T00:57:55.894+0000] {logging_mixin.py:188} INFO - [2024-10-08T00:57:55.893+0000] {dag.py:3823} INFO - Setting next_dagrun for example_branch_datetime_operator to 2024-10-07 00:00:00+00:00, run_after=2024-10-08 00:00:00+00:00
[2024-10-08T00:57:55.899+0000] {logging_mixin.py:188} INFO - [2024-10-08T00:57:55.899+0000] {dag.py:3823} INFO - Setting next_dagrun for example_branch_datetime_operator_2 to 2024-10-07 00:00:00+00:00, run_after=2024-10-08 00:00:00+00:00
[2024-10-08T00:57:55.903+0000] {logging_mixin.py:188} INFO - [2024-10-08T00:57:55.902+0000] {dag.py:3823} INFO - Setting next_dagrun for example_branch_datetime_operator_3 to 2024-10-07 00:00:00+00:00, run_after=2024-10-08 00:00:00+00:00
[2024-10-08T00:57:55.925+0000] {processor.py:183} INFO - Processing /home/airflow/.local/lib/python3.8/site-packages/airflow/example_dags/example_branch_datetime_operator.py took 0.128 seconds
[2024-10-08T00:58:26.512+0000] {processor.py:161} INFO - Started process (PID=301) to work on /home/airflow/.local/lib/python3.8/site-packages/airflow/example_dags/example_branch_datetime_operator.py
[2024-10-08T00:58:26.514+0000] {processor.py:830} INFO - Processing file /home/airflow/.local/lib/python3.8/site-packages/airflow/example_dags/example_branch_datetime_operator.py for tasks to queue
[2024-10-08T00:58:26.517+0000] {logging_mixin.py:188} INFO - [2024-10-08T00:58:26.516+0000] {dagbag.py:538} INFO - Filling up the DagBag from /home/airflow/.local/lib/python3.8/site-packages/airflow/example_dags/example_branch_datetime_operator.py
[2024-10-08T00:58:26.531+0000] {processor.py:840} INFO - DAG(s) 'example_branch_datetime_operator_2', 'example_branch_datetime_operator', 'example_branch_datetime_operator_3' retrieved from /home/airflow/.local/lib/python3.8/site-packages/airflow/example_dags/example_branch_datetime_operator.py
[2024-10-08T00:58:26.583+0000] {logging_mixin.py:188} INFO - [2024-10-08T00:58:26.583+0000] {dag.py:3036} INFO - Sync 3 DAGs
[2024-10-08T00:58:26.618+0000] {logging_mixin.py:188} INFO - [2024-10-08T00:58:26.618+0000] {dag.py:3823} INFO - Setting next_dagrun for example_branch_datetime_operator to 2024-10-07 00:00:00+00:00, run_after=2024-10-08 00:00:00+00:00
[2024-10-08T00:58:26.625+0000] {logging_mixin.py:188} INFO - [2024-10-08T00:58:26.625+0000] {dag.py:3823} INFO - Setting next_dagrun for example_branch_datetime_operator_2 to 2024-10-07 00:00:00+00:00, run_after=2024-10-08 00:00:00+00:00
[2024-10-08T00:58:26.629+0000] {logging_mixin.py:188} INFO - [2024-10-08T00:58:26.628+0000] {dag.py:3823} INFO - Setting next_dagrun for example_branch_datetime_operator_3 to 2024-10-07 00:00:00+00:00, run_after=2024-10-08 00:00:00+00:00
[2024-10-08T00:58:26.655+0000] {processor.py:183} INFO - Processing /home/airflow/.local/lib/python3.8/site-packages/airflow/example_dags/example_branch_datetime_operator.py took 0.146 seconds
[2024-10-08T00:58:57.261+0000] {processor.py:161} INFO - Started process (PID=364) to work on /home/airflow/.local/lib/python3.8/site-packages/airflow/example_dags/example_branch_datetime_operator.py
[2024-10-08T00:58:57.365+0000] {processor.py:830} INFO - Processing file /home/airflow/.local/lib/python3.8/site-packages/airflow/example_dags/example_branch_datetime_operator.py for tasks to queue
[2024-10-08T00:58:57.369+0000] {logging_mixin.py:188} INFO - [2024-10-08T00:58:57.368+0000] {dagbag.py:538} INFO - Filling up the DagBag from /home/airflow/.local/lib/python3.8/site-packages/airflow/example_dags/example_branch_datetime_operator.py
[2024-10-08T00:58:57.392+0000] {processor.py:840} INFO - DAG(s) 'example_branch_datetime_operator_3', 'example_branch_datetime_operator', 'example_branch_datetime_operator_2' retrieved from /home/airflow/.local/lib/python3.8/site-packages/airflow/example_dags/example_branch_datetime_operator.py
[2024-10-08T00:58:57.474+0000] {logging_mixin.py:188} INFO - [2024-10-08T00:58:57.474+0000] {dag.py:3036} INFO - Sync 3 DAGs
[2024-10-08T00:58:57.559+0000] {logging_mixin.py:188} INFO - [2024-10-08T00:58:57.559+0000] {dag.py:3823} INFO - Setting next_dagrun for example_branch_datetime_operator to 2024-10-07 00:00:00+00:00, run_after=2024-10-08 00:00:00+00:00
[2024-10-08T00:58:57.569+0000] {logging_mixin.py:188} INFO - [2024-10-08T00:58:57.569+0000] {dag.py:3823} INFO - Setting next_dagrun for example_branch_datetime_operator_2 to 2024-10-07 00:00:00+00:00, run_after=2024-10-08 00:00:00+00:00
[2024-10-08T00:58:57.573+0000] {logging_mixin.py:188} INFO - [2024-10-08T00:58:57.573+0000] {dag.py:3823} INFO - Setting next_dagrun for example_branch_datetime_operator_3 to 2024-10-07 00:00:00+00:00, run_after=2024-10-08 00:00:00+00:00
[2024-10-08T00:58:57.606+0000] {processor.py:183} INFO - Processing /home/airflow/.local/lib/python3.8/site-packages/airflow/example_dags/example_branch_datetime_operator.py took 0.349 seconds
[2024-10-08T00:59:28.122+0000] {processor.py:161} INFO - Started process (PID=425) to work on /home/airflow/.local/lib/python3.8/site-packages/airflow/example_dags/example_branch_datetime_operator.py
[2024-10-08T00:59:28.125+0000] {processor.py:830} INFO - Processing file /home/airflow/.local/lib/python3.8/site-packages/airflow/example_dags/example_branch_datetime_operator.py for tasks to queue
[2024-10-08T00:59:28.129+0000] {logging_mixin.py:188} INFO - [2024-10-08T00:59:28.129+0000] {dagbag.py:538} INFO - Filling up the DagBag from /home/airflow/.local/lib/python3.8/site-packages/airflow/example_dags/example_branch_datetime_operator.py
[2024-10-08T00:59:28.149+0000] {processor.py:840} INFO - DAG(s) 'example_branch_datetime_operator', 'example_branch_datetime_operator_3', 'example_branch_datetime_operator_2' retrieved from /home/airflow/.local/lib/python3.8/site-packages/airflow/example_dags/example_branch_datetime_operator.py
[2024-10-08T00:59:28.207+0000] {logging_mixin.py:188} INFO - [2024-10-08T00:59:28.207+0000] {dag.py:3036} INFO - Sync 3 DAGs
[2024-10-08T00:59:28.248+0000] {logging_mixin.py:188} INFO - [2024-10-08T00:59:28.247+0000] {dag.py:3823} INFO - Setting next_dagrun for example_branch_datetime_operator to 2024-10-07 00:00:00+00:00, run_after=2024-10-08 00:00:00+00:00
[2024-10-08T00:59:28.258+0000] {logging_mixin.py:188} INFO - [2024-10-08T00:59:28.258+0000] {dag.py:3823} INFO - Setting next_dagrun for example_branch_datetime_operator_2 to 2024-10-07 00:00:00+00:00, run_after=2024-10-08 00:00:00+00:00
[2024-10-08T00:59:28.263+0000] {logging_mixin.py:188} INFO - [2024-10-08T00:59:28.263+0000] {dag.py:3823} INFO - Setting next_dagrun for example_branch_datetime_operator_3 to 2024-10-07 00:00:00+00:00, run_after=2024-10-08 00:00:00+00:00
[2024-10-08T00:59:28.304+0000] {processor.py:183} INFO - Processing /home/airflow/.local/lib/python3.8/site-packages/airflow/example_dags/example_branch_datetime_operator.py took 0.188 seconds
[2024-10-08T00:59:59.631+0000] {processor.py:161} INFO - Started process (PID=487) to work on /home/airflow/.local/lib/python3.8/site-packages/airflow/example_dags/example_branch_datetime_operator.py
[2024-10-08T00:59:59.633+0000] {processor.py:830} INFO - Processing file /home/airflow/.local/lib/python3.8/site-packages/airflow/example_dags/example_branch_datetime_operator.py for tasks to queue
[2024-10-08T00:59:59.635+0000] {logging_mixin.py:188} INFO - [2024-10-08T00:59:59.635+0000] {dagbag.py:538} INFO - Filling up the DagBag from /home/airflow/.local/lib/python3.8/site-packages/airflow/example_dags/example_branch_datetime_operator.py
[2024-10-08T00:59:59.647+0000] {processor.py:840} INFO - DAG(s) 'example_branch_datetime_operator', 'example_branch_datetime_operator_3', 'example_branch_datetime_operator_2' retrieved from /home/airflow/.local/lib/python3.8/site-packages/airflow/example_dags/example_branch_datetime_operator.py
[2024-10-08T00:59:59.685+0000] {logging_mixin.py:188} INFO - [2024-10-08T00:59:59.685+0000] {dag.py:3036} INFO - Sync 3 DAGs
[2024-10-08T00:59:59.716+0000] {logging_mixin.py:188} INFO - [2024-10-08T00:59:59.715+0000] {dag.py:3823} INFO - Setting next_dagrun for example_branch_datetime_operator to 2024-10-07 00:00:00+00:00, run_after=2024-10-08 00:00:00+00:00
[2024-10-08T00:59:59.722+0000] {logging_mixin.py:188} INFO - [2024-10-08T00:59:59.722+0000] {dag.py:3823} INFO - Setting next_dagrun for example_branch_datetime_operator_2 to 2024-10-07 00:00:00+00:00, run_after=2024-10-08 00:00:00+00:00
[2024-10-08T00:59:59.727+0000] {logging_mixin.py:188} INFO - [2024-10-08T00:59:59.727+0000] {dag.py:3823} INFO - Setting next_dagrun for example_branch_datetime_operator_3 to 2024-10-07 00:00:00+00:00, run_after=2024-10-08 00:00:00+00:00
[2024-10-08T00:59:59.757+0000] {processor.py:183} INFO - Processing /home/airflow/.local/lib/python3.8/site-packages/airflow/example_dags/example_branch_datetime_operator.py took 0.129 seconds
[2024-10-08T01:00:30.782+0000] {processor.py:161} INFO - Started process (PID=550) to work on /home/airflow/.local/lib/python3.8/site-packages/airflow/example_dags/example_branch_datetime_operator.py
[2024-10-08T01:00:30.785+0000] {processor.py:830} INFO - Processing file /home/airflow/.local/lib/python3.8/site-packages/airflow/example_dags/example_branch_datetime_operator.py for tasks to queue
[2024-10-08T01:00:30.790+0000] {logging_mixin.py:188} INFO - [2024-10-08T01:00:30.789+0000] {dagbag.py:538} INFO - Filling up the DagBag from /home/airflow/.local/lib/python3.8/site-packages/airflow/example_dags/example_branch_datetime_operator.py
[2024-10-08T01:00:30.809+0000] {processor.py:840} INFO - DAG(s) 'example_branch_datetime_operator_2', 'example_branch_datetime_operator', 'example_branch_datetime_operator_3' retrieved from /home/airflow/.local/lib/python3.8/site-packages/airflow/example_dags/example_branch_datetime_operator.py
[2024-10-08T01:00:30.864+0000] {logging_mixin.py:188} INFO - [2024-10-08T01:00:30.864+0000] {dag.py:3036} INFO - Sync 3 DAGs
[2024-10-08T01:00:30.909+0000] {logging_mixin.py:188} INFO - [2024-10-08T01:00:30.909+0000] {dag.py:3823} INFO - Setting next_dagrun for example_branch_datetime_operator to 2024-10-07 00:00:00+00:00, run_after=2024-10-08 00:00:00+00:00
[2024-10-08T01:00:30.922+0000] {logging_mixin.py:188} INFO - [2024-10-08T01:00:30.921+0000] {dag.py:3823} INFO - Setting next_dagrun for example_branch_datetime_operator_2 to 2024-10-07 00:00:00+00:00, run_after=2024-10-08 00:00:00+00:00
[2024-10-08T01:00:30.928+0000] {logging_mixin.py:188} INFO - [2024-10-08T01:00:30.928+0000] {dag.py:3823} INFO - Setting next_dagrun for example_branch_datetime_operator_3 to 2024-10-07 00:00:00+00:00, run_after=2024-10-08 00:00:00+00:00
[2024-10-08T01:00:30.962+0000] {processor.py:183} INFO - Processing /home/airflow/.local/lib/python3.8/site-packages/airflow/example_dags/example_branch_datetime_operator.py took 0.185 seconds
