[2024-10-08T00:56:55.130+0000] {processor.py:161} INFO - Started process (PID=122) to work on /home/airflow/.local/lib/python3.8/site-packages/airflow/example_dags/example_latest_only.py
[2024-10-08T00:56:55.132+0000] {processor.py:830} INFO - Processing file /home/airflow/.local/lib/python3.8/site-packages/airflow/example_dags/example_latest_only.py for tasks to queue
[2024-10-08T00:56:55.134+0000] {logging_mixin.py:188} INFO - [2024-10-08T00:56:55.134+0000] {dagbag.py:538} INFO - Filling up the DagBag from /home/airflow/.local/lib/python3.8/site-packages/airflow/example_dags/example_latest_only.py
[2024-10-08T00:56:55.141+0000] {processor.py:840} INFO - DAG(s) 'latest_only' retrieved from /home/airflow/.local/lib/python3.8/site-packages/airflow/example_dags/example_latest_only.py
[2024-10-08T00:56:55.310+0000] {logging_mixin.py:188} INFO - [2024-10-08T00:56:55.309+0000] {dag.py:3036} INFO - Sync 1 DAGs
[2024-10-08T00:56:55.393+0000] {logging_mixin.py:188} INFO - [2024-10-08T00:56:55.393+0000] {dag.py:3823} INFO - Setting next_dagrun for latest_only to 2024-10-07 20:00:00+00:00, run_after=2024-10-08 00:00:00+00:00
[2024-10-08T00:56:55.461+0000] {processor.py:183} INFO - Processing /home/airflow/.local/lib/python3.8/site-packages/airflow/example_dags/example_latest_only.py took 0.334 seconds
[2024-10-08T00:57:25.931+0000] {processor.py:161} INFO - Started process (PID=186) to work on /home/airflow/.local/lib/python3.8/site-packages/airflow/example_dags/example_latest_only.py
[2024-10-08T00:57:25.933+0000] {processor.py:830} INFO - Processing file /home/airflow/.local/lib/python3.8/site-packages/airflow/example_dags/example_latest_only.py for tasks to queue
[2024-10-08T00:57:25.937+0000] {logging_mixin.py:188} INFO - [2024-10-08T00:57:25.936+0000] {dagbag.py:538} INFO - Filling up the DagBag from /home/airflow/.local/lib/python3.8/site-packages/airflow/example_dags/example_latest_only.py
[2024-10-08T00:57:25.945+0000] {processor.py:840} INFO - DAG(s) 'latest_only' retrieved from /home/airflow/.local/lib/python3.8/site-packages/airflow/example_dags/example_latest_only.py
[2024-10-08T00:57:25.990+0000] {logging_mixin.py:188} INFO - [2024-10-08T00:57:25.990+0000] {dag.py:3036} INFO - Sync 1 DAGs
[2024-10-08T00:57:26.031+0000] {logging_mixin.py:188} INFO - [2024-10-08T00:57:26.031+0000] {dag.py:3823} INFO - Setting next_dagrun for latest_only to 2024-10-07 20:00:00+00:00, run_after=2024-10-08 00:00:00+00:00
[2024-10-08T00:57:26.071+0000] {processor.py:183} INFO - Processing /home/airflow/.local/lib/python3.8/site-packages/airflow/example_dags/example_latest_only.py took 0.147 seconds
[2024-10-08T00:57:56.571+0000] {processor.py:161} INFO - Started process (PID=248) to work on /home/airflow/.local/lib/python3.8/site-packages/airflow/example_dags/example_latest_only.py
[2024-10-08T00:57:56.573+0000] {processor.py:830} INFO - Processing file /home/airflow/.local/lib/python3.8/site-packages/airflow/example_dags/example_latest_only.py for tasks to queue
[2024-10-08T00:57:56.575+0000] {logging_mixin.py:188} INFO - [2024-10-08T00:57:56.575+0000] {dagbag.py:538} INFO - Filling up the DagBag from /home/airflow/.local/lib/python3.8/site-packages/airflow/example_dags/example_latest_only.py
[2024-10-08T00:57:56.581+0000] {processor.py:840} INFO - DAG(s) 'latest_only' retrieved from /home/airflow/.local/lib/python3.8/site-packages/airflow/example_dags/example_latest_only.py
[2024-10-08T00:57:56.605+0000] {logging_mixin.py:188} INFO - [2024-10-08T00:57:56.605+0000] {dag.py:3036} INFO - Sync 1 DAGs
[2024-10-08T00:57:56.629+0000] {logging_mixin.py:188} INFO - [2024-10-08T00:57:56.629+0000] {dag.py:3823} INFO - Setting next_dagrun for latest_only to 2024-10-07 20:00:00+00:00, run_after=2024-10-08 00:00:00+00:00
[2024-10-08T00:57:56.658+0000] {processor.py:183} INFO - Processing /home/airflow/.local/lib/python3.8/site-packages/airflow/example_dags/example_latest_only.py took 0.090 seconds
[2024-10-08T00:58:27.261+0000] {processor.py:161} INFO - Started process (PID=310) to work on /home/airflow/.local/lib/python3.8/site-packages/airflow/example_dags/example_latest_only.py
[2024-10-08T00:58:27.262+0000] {processor.py:830} INFO - Processing file /home/airflow/.local/lib/python3.8/site-packages/airflow/example_dags/example_latest_only.py for tasks to queue
[2024-10-08T00:58:27.264+0000] {logging_mixin.py:188} INFO - [2024-10-08T00:58:27.264+0000] {dagbag.py:538} INFO - Filling up the DagBag from /home/airflow/.local/lib/python3.8/site-packages/airflow/example_dags/example_latest_only.py
[2024-10-08T00:58:27.271+0000] {processor.py:840} INFO - DAG(s) 'latest_only' retrieved from /home/airflow/.local/lib/python3.8/site-packages/airflow/example_dags/example_latest_only.py
[2024-10-08T00:58:27.297+0000] {logging_mixin.py:188} INFO - [2024-10-08T00:58:27.297+0000] {dag.py:3036} INFO - Sync 1 DAGs
[2024-10-08T00:58:27.326+0000] {logging_mixin.py:188} INFO - [2024-10-08T00:58:27.326+0000] {dag.py:3823} INFO - Setting next_dagrun for latest_only to 2024-10-07 20:00:00+00:00, run_after=2024-10-08 00:00:00+00:00
[2024-10-08T00:58:27.354+0000] {processor.py:183} INFO - Processing /home/airflow/.local/lib/python3.8/site-packages/airflow/example_dags/example_latest_only.py took 0.097 seconds
[2024-10-08T00:58:58.614+0000] {processor.py:161} INFO - Started process (PID=372) to work on /home/airflow/.local/lib/python3.8/site-packages/airflow/example_dags/example_latest_only.py
[2024-10-08T00:58:58.615+0000] {processor.py:830} INFO - Processing file /home/airflow/.local/lib/python3.8/site-packages/airflow/example_dags/example_latest_only.py for tasks to queue
[2024-10-08T00:58:58.618+0000] {logging_mixin.py:188} INFO - [2024-10-08T00:58:58.618+0000] {dagbag.py:538} INFO - Filling up the DagBag from /home/airflow/.local/lib/python3.8/site-packages/airflow/example_dags/example_latest_only.py
[2024-10-08T00:58:58.624+0000] {processor.py:840} INFO - DAG(s) 'latest_only' retrieved from /home/airflow/.local/lib/python3.8/site-packages/airflow/example_dags/example_latest_only.py
[2024-10-08T00:58:58.656+0000] {logging_mixin.py:188} INFO - [2024-10-08T00:58:58.655+0000] {dag.py:3036} INFO - Sync 1 DAGs
[2024-10-08T00:58:58.683+0000] {logging_mixin.py:188} INFO - [2024-10-08T00:58:58.683+0000] {dag.py:3823} INFO - Setting next_dagrun for latest_only to 2024-10-07 20:00:00+00:00, run_after=2024-10-08 00:00:00+00:00
[2024-10-08T00:58:58.717+0000] {processor.py:183} INFO - Processing /home/airflow/.local/lib/python3.8/site-packages/airflow/example_dags/example_latest_only.py took 0.107 seconds
[2024-10-08T00:59:29.006+0000] {processor.py:161} INFO - Started process (PID=434) to work on /home/airflow/.local/lib/python3.8/site-packages/airflow/example_dags/example_latest_only.py
[2024-10-08T00:59:29.009+0000] {processor.py:830} INFO - Processing file /home/airflow/.local/lib/python3.8/site-packages/airflow/example_dags/example_latest_only.py for tasks to queue
[2024-10-08T00:59:29.013+0000] {logging_mixin.py:188} INFO - [2024-10-08T00:59:29.012+0000] {dagbag.py:538} INFO - Filling up the DagBag from /home/airflow/.local/lib/python3.8/site-packages/airflow/example_dags/example_latest_only.py
[2024-10-08T00:59:29.025+0000] {processor.py:840} INFO - DAG(s) 'latest_only' retrieved from /home/airflow/.local/lib/python3.8/site-packages/airflow/example_dags/example_latest_only.py
[2024-10-08T00:59:29.066+0000] {logging_mixin.py:188} INFO - [2024-10-08T00:59:29.066+0000] {dag.py:3036} INFO - Sync 1 DAGs
[2024-10-08T00:59:29.113+0000] {logging_mixin.py:188} INFO - [2024-10-08T00:59:29.113+0000] {dag.py:3823} INFO - Setting next_dagrun for latest_only to 2024-10-07 20:00:00+00:00, run_after=2024-10-08 00:00:00+00:00
[2024-10-08T00:59:29.158+0000] {processor.py:183} INFO - Processing /home/airflow/.local/lib/python3.8/site-packages/airflow/example_dags/example_latest_only.py took 0.157 seconds
[2024-10-08T01:00:00.401+0000] {processor.py:161} INFO - Started process (PID=496) to work on /home/airflow/.local/lib/python3.8/site-packages/airflow/example_dags/example_latest_only.py
[2024-10-08T01:00:00.403+0000] {processor.py:830} INFO - Processing file /home/airflow/.local/lib/python3.8/site-packages/airflow/example_dags/example_latest_only.py for tasks to queue
[2024-10-08T01:00:00.406+0000] {logging_mixin.py:188} INFO - [2024-10-08T01:00:00.405+0000] {dagbag.py:538} INFO - Filling up the DagBag from /home/airflow/.local/lib/python3.8/site-packages/airflow/example_dags/example_latest_only.py
[2024-10-08T01:00:00.412+0000] {processor.py:840} INFO - DAG(s) 'latest_only' retrieved from /home/airflow/.local/lib/python3.8/site-packages/airflow/example_dags/example_latest_only.py
[2024-10-08T01:00:00.439+0000] {logging_mixin.py:188} INFO - [2024-10-08T01:00:00.439+0000] {dag.py:3036} INFO - Sync 1 DAGs
[2024-10-08T01:00:00.477+0000] {logging_mixin.py:188} INFO - [2024-10-08T01:00:00.476+0000] {dag.py:3823} INFO - Setting next_dagrun for latest_only to 2024-10-07 20:00:00+00:00, run_after=2024-10-08 00:00:00+00:00
[2024-10-08T01:00:00.542+0000] {processor.py:183} INFO - Processing /home/airflow/.local/lib/python3.8/site-packages/airflow/example_dags/example_latest_only.py took 0.144 seconds
[2024-10-08T01:00:31.558+0000] {processor.py:161} INFO - Started process (PID=559) to work on /home/airflow/.local/lib/python3.8/site-packages/airflow/example_dags/example_latest_only.py
[2024-10-08T01:00:31.560+0000] {processor.py:830} INFO - Processing file /home/airflow/.local/lib/python3.8/site-packages/airflow/example_dags/example_latest_only.py for tasks to queue
[2024-10-08T01:00:31.563+0000] {logging_mixin.py:188} INFO - [2024-10-08T01:00:31.562+0000] {dagbag.py:538} INFO - Filling up the DagBag from /home/airflow/.local/lib/python3.8/site-packages/airflow/example_dags/example_latest_only.py
[2024-10-08T01:00:31.571+0000] {processor.py:840} INFO - DAG(s) 'latest_only' retrieved from /home/airflow/.local/lib/python3.8/site-packages/airflow/example_dags/example_latest_only.py
[2024-10-08T01:00:31.600+0000] {logging_mixin.py:188} INFO - [2024-10-08T01:00:31.599+0000] {dag.py:3036} INFO - Sync 1 DAGs
[2024-10-08T01:00:31.632+0000] {logging_mixin.py:188} INFO - [2024-10-08T01:00:31.632+0000] {dag.py:3823} INFO - Setting next_dagrun for latest_only to 2024-10-07 20:00:00+00:00, run_after=2024-10-08 00:00:00+00:00
[2024-10-08T01:00:31.658+0000] {processor.py:183} INFO - Processing /home/airflow/.local/lib/python3.8/site-packages/airflow/example_dags/example_latest_only.py took 0.104 seconds
