[2024-10-08T00:56:49.335+0000] {processor.py:161} INFO - Started process (PID=95) to work on /home/airflow/.local/lib/python3.8/site-packages/airflow/example_dags/example_bash_operator.py
[2024-10-08T00:56:49.337+0000] {processor.py:830} INFO - Processing file /home/airflow/.local/lib/python3.8/site-packages/airflow/example_dags/example_bash_operator.py for tasks to queue
[2024-10-08T00:56:49.339+0000] {logging_mixin.py:188} INFO - [2024-10-08T00:56:49.339+0000] {dagbag.py:538} INFO - Filling up the DagBag from /home/airflow/.local/lib/python3.8/site-packages/airflow/example_dags/example_bash_operator.py
[2024-10-08T00:56:49.358+0000] {processor.py:840} INFO - DAG(s) 'example_bash_operator' retrieved from /home/airflow/.local/lib/python3.8/site-packages/airflow/example_dags/example_bash_operator.py
[2024-10-08T00:56:49.708+0000] {logging_mixin.py:188} INFO - [2024-10-08T00:56:49.708+0000] {dag.py:3036} INFO - Sync 1 DAGs
[2024-10-08T00:56:49.779+0000] {logging_mixin.py:188} INFO - [2024-10-08T00:56:49.778+0000] {dag.py:3823} INFO - Setting next_dagrun for example_bash_operator to 2024-10-07 00:00:00+00:00, run_after=2024-10-08 00:00:00+00:00
[2024-10-08T00:56:50.038+0000] {processor.py:183} INFO - Processing /home/airflow/.local/lib/python3.8/site-packages/airflow/example_dags/example_bash_operator.py took 0.709 seconds
[2024-10-08T00:57:20.778+0000] {processor.py:161} INFO - Started process (PID=159) to work on /home/airflow/.local/lib/python3.8/site-packages/airflow/example_dags/example_bash_operator.py
[2024-10-08T00:57:20.780+0000] {processor.py:830} INFO - Processing file /home/airflow/.local/lib/python3.8/site-packages/airflow/example_dags/example_bash_operator.py for tasks to queue
[2024-10-08T00:57:20.784+0000] {logging_mixin.py:188} INFO - [2024-10-08T00:57:20.784+0000] {dagbag.py:538} INFO - Filling up the DagBag from /home/airflow/.local/lib/python3.8/site-packages/airflow/example_dags/example_bash_operator.py
[2024-10-08T00:57:20.798+0000] {processor.py:840} INFO - DAG(s) 'example_bash_operator' retrieved from /home/airflow/.local/lib/python3.8/site-packages/airflow/example_dags/example_bash_operator.py
[2024-10-08T00:57:20.831+0000] {logging_mixin.py:188} INFO - [2024-10-08T00:57:20.830+0000] {dag.py:3036} INFO - Sync 1 DAGs
[2024-10-08T00:57:20.859+0000] {logging_mixin.py:188} INFO - [2024-10-08T00:57:20.858+0000] {dag.py:3823} INFO - Setting next_dagrun for example_bash_operator to 2024-10-07 00:00:00+00:00, run_after=2024-10-08 00:00:00+00:00
[2024-10-08T00:57:20.889+0000] {processor.py:183} INFO - Processing /home/airflow/.local/lib/python3.8/site-packages/airflow/example_dags/example_bash_operator.py took 0.114 seconds
[2024-10-08T00:57:50.992+0000] {processor.py:161} INFO - Started process (PID=221) to work on /home/airflow/.local/lib/python3.8/site-packages/airflow/example_dags/example_bash_operator.py
[2024-10-08T00:57:50.994+0000] {processor.py:830} INFO - Processing file /home/airflow/.local/lib/python3.8/site-packages/airflow/example_dags/example_bash_operator.py for tasks to queue
[2024-10-08T00:57:50.997+0000] {logging_mixin.py:188} INFO - [2024-10-08T00:57:50.996+0000] {dagbag.py:538} INFO - Filling up the DagBag from /home/airflow/.local/lib/python3.8/site-packages/airflow/example_dags/example_bash_operator.py
[2024-10-08T00:57:51.013+0000] {processor.py:840} INFO - DAG(s) 'example_bash_operator' retrieved from /home/airflow/.local/lib/python3.8/site-packages/airflow/example_dags/example_bash_operator.py
[2024-10-08T00:57:51.051+0000] {logging_mixin.py:188} INFO - [2024-10-08T00:57:51.051+0000] {dag.py:3036} INFO - Sync 1 DAGs
[2024-10-08T00:57:51.079+0000] {logging_mixin.py:188} INFO - [2024-10-08T00:57:51.078+0000] {dag.py:3823} INFO - Setting next_dagrun for example_bash_operator to 2024-10-07 00:00:00+00:00, run_after=2024-10-08 00:00:00+00:00
[2024-10-08T00:57:51.106+0000] {processor.py:183} INFO - Processing /home/airflow/.local/lib/python3.8/site-packages/airflow/example_dags/example_bash_operator.py took 0.118 seconds
[2024-10-08T00:58:21.180+0000] {processor.py:161} INFO - Started process (PID=283) to work on /home/airflow/.local/lib/python3.8/site-packages/airflow/example_dags/example_bash_operator.py
[2024-10-08T00:58:21.181+0000] {processor.py:830} INFO - Processing file /home/airflow/.local/lib/python3.8/site-packages/airflow/example_dags/example_bash_operator.py for tasks to queue
[2024-10-08T00:58:21.185+0000] {logging_mixin.py:188} INFO - [2024-10-08T00:58:21.184+0000] {dagbag.py:538} INFO - Filling up the DagBag from /home/airflow/.local/lib/python3.8/site-packages/airflow/example_dags/example_bash_operator.py
[2024-10-08T00:58:21.198+0000] {processor.py:840} INFO - DAG(s) 'example_bash_operator' retrieved from /home/airflow/.local/lib/python3.8/site-packages/airflow/example_dags/example_bash_operator.py
[2024-10-08T00:58:21.234+0000] {logging_mixin.py:188} INFO - [2024-10-08T00:58:21.234+0000] {dag.py:3036} INFO - Sync 1 DAGs
[2024-10-08T00:58:21.264+0000] {logging_mixin.py:188} INFO - [2024-10-08T00:58:21.263+0000] {dag.py:3823} INFO - Setting next_dagrun for example_bash_operator to 2024-10-07 00:00:00+00:00, run_after=2024-10-08 00:00:00+00:00
[2024-10-08T00:58:21.294+0000] {processor.py:183} INFO - Processing /home/airflow/.local/lib/python3.8/site-packages/airflow/example_dags/example_bash_operator.py took 0.118 seconds
[2024-10-08T00:58:53.041+0000] {processor.py:161} INFO - Started process (PID=345) to work on /home/airflow/.local/lib/python3.8/site-packages/airflow/example_dags/example_bash_operator.py
[2024-10-08T00:58:53.043+0000] {processor.py:830} INFO - Processing file /home/airflow/.local/lib/python3.8/site-packages/airflow/example_dags/example_bash_operator.py for tasks to queue
[2024-10-08T00:58:53.047+0000] {logging_mixin.py:188} INFO - [2024-10-08T00:58:53.046+0000] {dagbag.py:538} INFO - Filling up the DagBag from /home/airflow/.local/lib/python3.8/site-packages/airflow/example_dags/example_bash_operator.py
[2024-10-08T00:58:53.067+0000] {processor.py:840} INFO - DAG(s) 'example_bash_operator' retrieved from /home/airflow/.local/lib/python3.8/site-packages/airflow/example_dags/example_bash_operator.py
[2024-10-08T00:58:53.124+0000] {logging_mixin.py:188} INFO - [2024-10-08T00:58:53.123+0000] {dag.py:3036} INFO - Sync 1 DAGs
[2024-10-08T00:58:53.205+0000] {logging_mixin.py:188} INFO - [2024-10-08T00:58:53.204+0000] {dag.py:3823} INFO - Setting next_dagrun for example_bash_operator to 2024-10-07 00:00:00+00:00, run_after=2024-10-08 00:00:00+00:00
[2024-10-08T00:58:53.256+0000] {processor.py:183} INFO - Processing /home/airflow/.local/lib/python3.8/site-packages/airflow/example_dags/example_bash_operator.py took 0.221 seconds
[2024-10-08T00:59:23.633+0000] {processor.py:161} INFO - Started process (PID=405) to work on /home/airflow/.local/lib/python3.8/site-packages/airflow/example_dags/example_bash_operator.py
[2024-10-08T00:59:23.635+0000] {processor.py:830} INFO - Processing file /home/airflow/.local/lib/python3.8/site-packages/airflow/example_dags/example_bash_operator.py for tasks to queue
[2024-10-08T00:59:23.638+0000] {logging_mixin.py:188} INFO - [2024-10-08T00:59:23.638+0000] {dagbag.py:538} INFO - Filling up the DagBag from /home/airflow/.local/lib/python3.8/site-packages/airflow/example_dags/example_bash_operator.py
[2024-10-08T00:59:23.654+0000] {processor.py:840} INFO - DAG(s) 'example_bash_operator' retrieved from /home/airflow/.local/lib/python3.8/site-packages/airflow/example_dags/example_bash_operator.py
[2024-10-08T00:59:23.712+0000] {logging_mixin.py:188} INFO - [2024-10-08T00:59:23.711+0000] {dag.py:3036} INFO - Sync 1 DAGs
[2024-10-08T00:59:23.770+0000] {logging_mixin.py:188} INFO - [2024-10-08T00:59:23.770+0000] {dag.py:3823} INFO - Setting next_dagrun for example_bash_operator to 2024-10-07 00:00:00+00:00, run_after=2024-10-08 00:00:00+00:00
[2024-10-08T00:59:23.827+0000] {processor.py:183} INFO - Processing /home/airflow/.local/lib/python3.8/site-packages/airflow/example_dags/example_bash_operator.py took 0.198 seconds
[2024-10-08T00:59:53.971+0000] {processor.py:161} INFO - Started process (PID=467) to work on /home/airflow/.local/lib/python3.8/site-packages/airflow/example_dags/example_bash_operator.py
[2024-10-08T00:59:53.973+0000] {processor.py:830} INFO - Processing file /home/airflow/.local/lib/python3.8/site-packages/airflow/example_dags/example_bash_operator.py for tasks to queue
[2024-10-08T00:59:53.977+0000] {logging_mixin.py:188} INFO - [2024-10-08T00:59:53.976+0000] {dagbag.py:538} INFO - Filling up the DagBag from /home/airflow/.local/lib/python3.8/site-packages/airflow/example_dags/example_bash_operator.py
[2024-10-08T00:59:53.995+0000] {processor.py:840} INFO - DAG(s) 'example_bash_operator' retrieved from /home/airflow/.local/lib/python3.8/site-packages/airflow/example_dags/example_bash_operator.py
[2024-10-08T00:59:54.038+0000] {logging_mixin.py:188} INFO - [2024-10-08T00:59:54.037+0000] {dag.py:3036} INFO - Sync 1 DAGs
[2024-10-08T00:59:54.072+0000] {logging_mixin.py:188} INFO - [2024-10-08T00:59:54.072+0000] {dag.py:3823} INFO - Setting next_dagrun for example_bash_operator to 2024-10-07 00:00:00+00:00, run_after=2024-10-08 00:00:00+00:00
[2024-10-08T00:59:54.105+0000] {processor.py:183} INFO - Processing /home/airflow/.local/lib/python3.8/site-packages/airflow/example_dags/example_bash_operator.py took 0.140 seconds
[2024-10-08T01:00:24.595+0000] {processor.py:161} INFO - Started process (PID=530) to work on /home/airflow/.local/lib/python3.8/site-packages/airflow/example_dags/example_bash_operator.py
[2024-10-08T01:00:24.597+0000] {processor.py:830} INFO - Processing file /home/airflow/.local/lib/python3.8/site-packages/airflow/example_dags/example_bash_operator.py for tasks to queue
[2024-10-08T01:00:24.600+0000] {logging_mixin.py:188} INFO - [2024-10-08T01:00:24.600+0000] {dagbag.py:538} INFO - Filling up the DagBag from /home/airflow/.local/lib/python3.8/site-packages/airflow/example_dags/example_bash_operator.py
[2024-10-08T01:00:24.614+0000] {processor.py:840} INFO - DAG(s) 'example_bash_operator' retrieved from /home/airflow/.local/lib/python3.8/site-packages/airflow/example_dags/example_bash_operator.py
[2024-10-08T01:00:24.649+0000] {logging_mixin.py:188} INFO - [2024-10-08T01:00:24.648+0000] {dag.py:3036} INFO - Sync 1 DAGs
[2024-10-08T01:00:24.675+0000] {logging_mixin.py:188} INFO - [2024-10-08T01:00:24.674+0000] {dag.py:3823} INFO - Setting next_dagrun for example_bash_operator to 2024-10-07 00:00:00+00:00, run_after=2024-10-08 00:00:00+00:00
[2024-10-08T01:00:24.703+0000] {processor.py:183} INFO - Processing /home/airflow/.local/lib/python3.8/site-packages/airflow/example_dags/example_bash_operator.py took 0.111 seconds
