[2024-10-08T00:56:43.957+0000] {processor.py:161} INFO - Started process (PID=86) to work on /home/airflow/.local/lib/python3.8/site-packages/airflow/example_dags/example_trigger_target_dag.py
[2024-10-08T00:56:43.960+0000] {processor.py:830} INFO - Processing file /home/airflow/.local/lib/python3.8/site-packages/airflow/example_dags/example_trigger_target_dag.py for tasks to queue
[2024-10-08T00:56:43.965+0000] {logging_mixin.py:188} INFO - [2024-10-08T00:56:43.964+0000] {dagbag.py:538} INFO - Filling up the DagBag from /home/airflow/.local/lib/python3.8/site-packages/airflow/example_dags/example_trigger_target_dag.py
[2024-10-08T00:56:44.006+0000] {processor.py:840} INFO - DAG(s) 'example_trigger_target_dag' retrieved from /home/airflow/.local/lib/python3.8/site-packages/airflow/example_dags/example_trigger_target_dag.py
[2024-10-08T00:56:44.918+0000] {logging_mixin.py:188} INFO - [2024-10-08T00:56:44.918+0000] {dag.py:3036} INFO - Sync 1 DAGs
[2024-10-08T00:56:44.969+0000] {logging_mixin.py:188} INFO - [2024-10-08T00:56:44.968+0000] {dag.py:3823} INFO - Setting next_dagrun for example_trigger_target_dag to None, run_after=None
[2024-10-08T00:56:45.093+0000] {processor.py:183} INFO - Processing /home/airflow/.local/lib/python3.8/site-packages/airflow/example_dags/example_trigger_target_dag.py took 1.154 seconds
[2024-10-08T00:57:15.477+0000] {processor.py:161} INFO - Started process (PID=148) to work on /home/airflow/.local/lib/python3.8/site-packages/airflow/example_dags/example_trigger_target_dag.py
[2024-10-08T00:57:15.480+0000] {processor.py:830} INFO - Processing file /home/airflow/.local/lib/python3.8/site-packages/airflow/example_dags/example_trigger_target_dag.py for tasks to queue
[2024-10-08T00:57:15.483+0000] {logging_mixin.py:188} INFO - [2024-10-08T00:57:15.482+0000] {dagbag.py:538} INFO - Filling up the DagBag from /home/airflow/.local/lib/python3.8/site-packages/airflow/example_dags/example_trigger_target_dag.py
[2024-10-08T00:57:15.496+0000] {processor.py:840} INFO - DAG(s) 'example_trigger_target_dag' retrieved from /home/airflow/.local/lib/python3.8/site-packages/airflow/example_dags/example_trigger_target_dag.py
[2024-10-08T00:57:15.538+0000] {logging_mixin.py:188} INFO - [2024-10-08T00:57:15.538+0000] {dag.py:3036} INFO - Sync 1 DAGs
[2024-10-08T00:57:15.558+0000] {logging_mixin.py:188} INFO - [2024-10-08T00:57:15.558+0000] {dag.py:3823} INFO - Setting next_dagrun for example_trigger_target_dag to None, run_after=None
[2024-10-08T00:57:15.598+0000] {processor.py:183} INFO - Processing /home/airflow/.local/lib/python3.8/site-packages/airflow/example_dags/example_trigger_target_dag.py took 0.125 seconds
[2024-10-08T00:57:46.193+0000] {processor.py:161} INFO - Started process (PID=209) to work on /home/airflow/.local/lib/python3.8/site-packages/airflow/example_dags/example_trigger_target_dag.py
[2024-10-08T00:57:46.204+0000] {processor.py:830} INFO - Processing file /home/airflow/.local/lib/python3.8/site-packages/airflow/example_dags/example_trigger_target_dag.py for tasks to queue
[2024-10-08T00:57:46.212+0000] {logging_mixin.py:188} INFO - [2024-10-08T00:57:46.212+0000] {dagbag.py:538} INFO - Filling up the DagBag from /home/airflow/.local/lib/python3.8/site-packages/airflow/example_dags/example_trigger_target_dag.py
[2024-10-08T00:57:46.239+0000] {processor.py:840} INFO - DAG(s) 'example_trigger_target_dag' retrieved from /home/airflow/.local/lib/python3.8/site-packages/airflow/example_dags/example_trigger_target_dag.py
[2024-10-08T00:57:46.309+0000] {logging_mixin.py:188} INFO - [2024-10-08T00:57:46.308+0000] {dag.py:3036} INFO - Sync 1 DAGs
[2024-10-08T00:57:46.351+0000] {logging_mixin.py:188} INFO - [2024-10-08T00:57:46.351+0000] {dag.py:3823} INFO - Setting next_dagrun for example_trigger_target_dag to None, run_after=None
[2024-10-08T00:57:46.399+0000] {processor.py:183} INFO - Processing /home/airflow/.local/lib/python3.8/site-packages/airflow/example_dags/example_trigger_target_dag.py took 0.211 seconds
[2024-10-08T00:58:16.935+0000] {processor.py:161} INFO - Started process (PID=272) to work on /home/airflow/.local/lib/python3.8/site-packages/airflow/example_dags/example_trigger_target_dag.py
[2024-10-08T00:58:16.937+0000] {processor.py:830} INFO - Processing file /home/airflow/.local/lib/python3.8/site-packages/airflow/example_dags/example_trigger_target_dag.py for tasks to queue
[2024-10-08T00:58:16.940+0000] {logging_mixin.py:188} INFO - [2024-10-08T00:58:16.939+0000] {dagbag.py:538} INFO - Filling up the DagBag from /home/airflow/.local/lib/python3.8/site-packages/airflow/example_dags/example_trigger_target_dag.py
[2024-10-08T00:58:16.946+0000] {processor.py:840} INFO - DAG(s) 'example_trigger_target_dag' retrieved from /home/airflow/.local/lib/python3.8/site-packages/airflow/example_dags/example_trigger_target_dag.py
[2024-10-08T00:58:16.971+0000] {logging_mixin.py:188} INFO - [2024-10-08T00:58:16.971+0000] {dag.py:3036} INFO - Sync 1 DAGs
[2024-10-08T00:58:16.986+0000] {logging_mixin.py:188} INFO - [2024-10-08T00:58:16.985+0000] {dag.py:3823} INFO - Setting next_dagrun for example_trigger_target_dag to None, run_after=None
[2024-10-08T00:58:17.013+0000] {processor.py:183} INFO - Processing /home/airflow/.local/lib/python3.8/site-packages/airflow/example_dags/example_trigger_target_dag.py took 0.082 seconds
[2024-10-08T00:58:48.796+0000] {processor.py:161} INFO - Started process (PID=334) to work on /home/airflow/.local/lib/python3.8/site-packages/airflow/example_dags/example_trigger_target_dag.py
[2024-10-08T00:58:48.799+0000] {processor.py:830} INFO - Processing file /home/airflow/.local/lib/python3.8/site-packages/airflow/example_dags/example_trigger_target_dag.py for tasks to queue
[2024-10-08T00:58:48.805+0000] {logging_mixin.py:188} INFO - [2024-10-08T00:58:48.804+0000] {dagbag.py:538} INFO - Filling up the DagBag from /home/airflow/.local/lib/python3.8/site-packages/airflow/example_dags/example_trigger_target_dag.py
[2024-10-08T00:58:48.820+0000] {processor.py:840} INFO - DAG(s) 'example_trigger_target_dag' retrieved from /home/airflow/.local/lib/python3.8/site-packages/airflow/example_dags/example_trigger_target_dag.py
[2024-10-08T00:58:48.870+0000] {logging_mixin.py:188} INFO - [2024-10-08T00:58:48.870+0000] {dag.py:3036} INFO - Sync 1 DAGs
[2024-10-08T00:58:48.899+0000] {logging_mixin.py:188} INFO - [2024-10-08T00:58:48.899+0000] {dag.py:3823} INFO - Setting next_dagrun for example_trigger_target_dag to None, run_after=None
[2024-10-08T00:58:48.938+0000] {processor.py:183} INFO - Processing /home/airflow/.local/lib/python3.8/site-packages/airflow/example_dags/example_trigger_target_dag.py took 0.148 seconds
[2024-10-08T00:59:19.469+0000] {processor.py:161} INFO - Started process (PID=396) to work on /home/airflow/.local/lib/python3.8/site-packages/airflow/example_dags/example_trigger_target_dag.py
[2024-10-08T00:59:19.471+0000] {processor.py:830} INFO - Processing file /home/airflow/.local/lib/python3.8/site-packages/airflow/example_dags/example_trigger_target_dag.py for tasks to queue
[2024-10-08T00:59:19.474+0000] {logging_mixin.py:188} INFO - [2024-10-08T00:59:19.474+0000] {dagbag.py:538} INFO - Filling up the DagBag from /home/airflow/.local/lib/python3.8/site-packages/airflow/example_dags/example_trigger_target_dag.py
[2024-10-08T00:59:19.481+0000] {processor.py:840} INFO - DAG(s) 'example_trigger_target_dag' retrieved from /home/airflow/.local/lib/python3.8/site-packages/airflow/example_dags/example_trigger_target_dag.py
[2024-10-08T00:59:19.507+0000] {logging_mixin.py:188} INFO - [2024-10-08T00:59:19.507+0000] {dag.py:3036} INFO - Sync 1 DAGs
[2024-10-08T00:59:19.520+0000] {logging_mixin.py:188} INFO - [2024-10-08T00:59:19.520+0000] {dag.py:3823} INFO - Setting next_dagrun for example_trigger_target_dag to None, run_after=None
[2024-10-08T00:59:19.548+0000] {processor.py:183} INFO - Processing /home/airflow/.local/lib/python3.8/site-packages/airflow/example_dags/example_trigger_target_dag.py took 0.083 seconds
[2024-10-08T00:59:51.462+0000] {processor.py:161} INFO - Started process (PID=458) to work on /home/airflow/.local/lib/python3.8/site-packages/airflow/example_dags/example_trigger_target_dag.py
[2024-10-08T00:59:51.468+0000] {processor.py:830} INFO - Processing file /home/airflow/.local/lib/python3.8/site-packages/airflow/example_dags/example_trigger_target_dag.py for tasks to queue
[2024-10-08T00:59:51.473+0000] {logging_mixin.py:188} INFO - [2024-10-08T00:59:51.472+0000] {dagbag.py:538} INFO - Filling up the DagBag from /home/airflow/.local/lib/python3.8/site-packages/airflow/example_dags/example_trigger_target_dag.py
[2024-10-08T00:59:51.498+0000] {processor.py:840} INFO - DAG(s) 'example_trigger_target_dag' retrieved from /home/airflow/.local/lib/python3.8/site-packages/airflow/example_dags/example_trigger_target_dag.py
[2024-10-08T00:59:51.566+0000] {logging_mixin.py:188} INFO - [2024-10-08T00:59:51.565+0000] {dag.py:3036} INFO - Sync 1 DAGs
[2024-10-08T00:59:51.591+0000] {logging_mixin.py:188} INFO - [2024-10-08T00:59:51.590+0000] {dag.py:3823} INFO - Setting next_dagrun for example_trigger_target_dag to None, run_after=None
[2024-10-08T00:59:51.629+0000] {processor.py:183} INFO - Processing /home/airflow/.local/lib/python3.8/site-packages/airflow/example_dags/example_trigger_target_dag.py took 0.179 seconds
[2024-10-08T01:00:21.858+0000] {processor.py:161} INFO - Started process (PID=521) to work on /home/airflow/.local/lib/python3.8/site-packages/airflow/example_dags/example_trigger_target_dag.py
[2024-10-08T01:00:21.861+0000] {processor.py:830} INFO - Processing file /home/airflow/.local/lib/python3.8/site-packages/airflow/example_dags/example_trigger_target_dag.py for tasks to queue
[2024-10-08T01:00:21.864+0000] {logging_mixin.py:188} INFO - [2024-10-08T01:00:21.863+0000] {dagbag.py:538} INFO - Filling up the DagBag from /home/airflow/.local/lib/python3.8/site-packages/airflow/example_dags/example_trigger_target_dag.py
[2024-10-08T01:00:21.870+0000] {processor.py:840} INFO - DAG(s) 'example_trigger_target_dag' retrieved from /home/airflow/.local/lib/python3.8/site-packages/airflow/example_dags/example_trigger_target_dag.py
[2024-10-08T01:00:21.896+0000] {logging_mixin.py:188} INFO - [2024-10-08T01:00:21.895+0000] {dag.py:3036} INFO - Sync 1 DAGs
[2024-10-08T01:00:21.910+0000] {logging_mixin.py:188} INFO - [2024-10-08T01:00:21.910+0000] {dag.py:3823} INFO - Setting next_dagrun for example_trigger_target_dag to None, run_after=None
[2024-10-08T01:00:21.938+0000] {processor.py:183} INFO - Processing /home/airflow/.local/lib/python3.8/site-packages/airflow/example_dags/example_trigger_target_dag.py took 0.085 seconds
