[2024-10-08T00:56:54.293+0000] {processor.py:161} INFO - Started process (PID=117) to work on /home/airflow/.local/lib/python3.8/site-packages/airflow/example_dags/example_branch_day_of_week_operator.py
[2024-10-08T00:56:54.294+0000] {processor.py:830} INFO - Processing file /home/airflow/.local/lib/python3.8/site-packages/airflow/example_dags/example_branch_day_of_week_operator.py for tasks to queue
[2024-10-08T00:56:54.298+0000] {logging_mixin.py:188} INFO - [2024-10-08T00:56:54.297+0000] {dagbag.py:538} INFO - Filling up the DagBag from /home/airflow/.local/lib/python3.8/site-packages/airflow/example_dags/example_branch_day_of_week_operator.py
[2024-10-08T00:56:54.308+0000] {processor.py:840} INFO - DAG(s) 'example_weekday_branch_operator' retrieved from /home/airflow/.local/lib/python3.8/site-packages/airflow/example_dags/example_branch_day_of_week_operator.py
[2024-10-08T00:56:54.490+0000] {logging_mixin.py:188} INFO - [2024-10-08T00:56:54.490+0000] {dag.py:3036} INFO - Sync 1 DAGs
[2024-10-08T00:56:54.533+0000] {logging_mixin.py:188} INFO - [2024-10-08T00:56:54.532+0000] {dag.py:3823} INFO - Setting next_dagrun for example_weekday_branch_operator to 2024-10-07 00:00:00+00:00, run_after=2024-10-08 00:00:00+00:00
[2024-10-08T00:56:54.569+0000] {processor.py:183} INFO - Processing /home/airflow/.local/lib/python3.8/site-packages/airflow/example_dags/example_branch_day_of_week_operator.py took 0.281 seconds
[2024-10-08T00:57:25.365+0000] {processor.py:161} INFO - Started process (PID=181) to work on /home/airflow/.local/lib/python3.8/site-packages/airflow/example_dags/example_branch_day_of_week_operator.py
[2024-10-08T00:57:25.367+0000] {processor.py:830} INFO - Processing file /home/airflow/.local/lib/python3.8/site-packages/airflow/example_dags/example_branch_day_of_week_operator.py for tasks to queue
[2024-10-08T00:57:25.369+0000] {logging_mixin.py:188} INFO - [2024-10-08T00:57:25.369+0000] {dagbag.py:538} INFO - Filling up the DagBag from /home/airflow/.local/lib/python3.8/site-packages/airflow/example_dags/example_branch_day_of_week_operator.py
[2024-10-08T00:57:25.392+0000] {processor.py:840} INFO - DAG(s) 'example_weekday_branch_operator' retrieved from /home/airflow/.local/lib/python3.8/site-packages/airflow/example_dags/example_branch_day_of_week_operator.py
[2024-10-08T00:57:25.427+0000] {logging_mixin.py:188} INFO - [2024-10-08T00:57:25.427+0000] {dag.py:3036} INFO - Sync 1 DAGs
[2024-10-08T00:57:25.468+0000] {logging_mixin.py:188} INFO - [2024-10-08T00:57:25.468+0000] {dag.py:3823} INFO - Setting next_dagrun for example_weekday_branch_operator to 2024-10-07 00:00:00+00:00, run_after=2024-10-08 00:00:00+00:00
[2024-10-08T00:57:25.518+0000] {processor.py:183} INFO - Processing /home/airflow/.local/lib/python3.8/site-packages/airflow/example_dags/example_branch_day_of_week_operator.py took 0.160 seconds
[2024-10-08T00:57:56.104+0000] {processor.py:161} INFO - Started process (PID=243) to work on /home/airflow/.local/lib/python3.8/site-packages/airflow/example_dags/example_branch_day_of_week_operator.py
[2024-10-08T00:57:56.106+0000] {processor.py:830} INFO - Processing file /home/airflow/.local/lib/python3.8/site-packages/airflow/example_dags/example_branch_day_of_week_operator.py for tasks to queue
[2024-10-08T00:57:56.108+0000] {logging_mixin.py:188} INFO - [2024-10-08T00:57:56.108+0000] {dagbag.py:538} INFO - Filling up the DagBag from /home/airflow/.local/lib/python3.8/site-packages/airflow/example_dags/example_branch_day_of_week_operator.py
[2024-10-08T00:57:56.117+0000] {processor.py:840} INFO - DAG(s) 'example_weekday_branch_operator' retrieved from /home/airflow/.local/lib/python3.8/site-packages/airflow/example_dags/example_branch_day_of_week_operator.py
[2024-10-08T00:57:56.152+0000] {logging_mixin.py:188} INFO - [2024-10-08T00:57:56.151+0000] {dag.py:3036} INFO - Sync 1 DAGs
[2024-10-08T00:57:56.183+0000] {logging_mixin.py:188} INFO - [2024-10-08T00:57:56.183+0000] {dag.py:3823} INFO - Setting next_dagrun for example_weekday_branch_operator to 2024-10-07 00:00:00+00:00, run_after=2024-10-08 00:00:00+00:00
[2024-10-08T00:57:56.215+0000] {processor.py:183} INFO - Processing /home/airflow/.local/lib/python3.8/site-packages/airflow/example_dags/example_branch_day_of_week_operator.py took 0.114 seconds
[2024-10-08T00:58:26.823+0000] {processor.py:161} INFO - Started process (PID=305) to work on /home/airflow/.local/lib/python3.8/site-packages/airflow/example_dags/example_branch_day_of_week_operator.py
[2024-10-08T00:58:26.825+0000] {processor.py:830} INFO - Processing file /home/airflow/.local/lib/python3.8/site-packages/airflow/example_dags/example_branch_day_of_week_operator.py for tasks to queue
[2024-10-08T00:58:26.828+0000] {logging_mixin.py:188} INFO - [2024-10-08T00:58:26.827+0000] {dagbag.py:538} INFO - Filling up the DagBag from /home/airflow/.local/lib/python3.8/site-packages/airflow/example_dags/example_branch_day_of_week_operator.py
[2024-10-08T00:58:26.838+0000] {processor.py:840} INFO - DAG(s) 'example_weekday_branch_operator' retrieved from /home/airflow/.local/lib/python3.8/site-packages/airflow/example_dags/example_branch_day_of_week_operator.py
[2024-10-08T00:58:26.886+0000] {logging_mixin.py:188} INFO - [2024-10-08T00:58:26.886+0000] {dag.py:3036} INFO - Sync 1 DAGs
[2024-10-08T00:58:26.931+0000] {logging_mixin.py:188} INFO - [2024-10-08T00:58:26.931+0000] {dag.py:3823} INFO - Setting next_dagrun for example_weekday_branch_operator to 2024-10-07 00:00:00+00:00, run_after=2024-10-08 00:00:00+00:00
[2024-10-08T00:58:26.964+0000] {processor.py:183} INFO - Processing /home/airflow/.local/lib/python3.8/site-packages/airflow/example_dags/example_branch_day_of_week_operator.py took 0.145 seconds
[2024-10-08T00:58:57.694+0000] {processor.py:161} INFO - Started process (PID=367) to work on /home/airflow/.local/lib/python3.8/site-packages/airflow/example_dags/example_branch_day_of_week_operator.py
[2024-10-08T00:58:57.696+0000] {processor.py:830} INFO - Processing file /home/airflow/.local/lib/python3.8/site-packages/airflow/example_dags/example_branch_day_of_week_operator.py for tasks to queue
[2024-10-08T00:58:57.699+0000] {logging_mixin.py:188} INFO - [2024-10-08T00:58:57.698+0000] {dagbag.py:538} INFO - Filling up the DagBag from /home/airflow/.local/lib/python3.8/site-packages/airflow/example_dags/example_branch_day_of_week_operator.py
[2024-10-08T00:58:57.710+0000] {processor.py:840} INFO - DAG(s) 'example_weekday_branch_operator' retrieved from /home/airflow/.local/lib/python3.8/site-packages/airflow/example_dags/example_branch_day_of_week_operator.py
[2024-10-08T00:58:57.744+0000] {logging_mixin.py:188} INFO - [2024-10-08T00:58:57.744+0000] {dag.py:3036} INFO - Sync 1 DAGs
[2024-10-08T00:58:57.782+0000] {logging_mixin.py:188} INFO - [2024-10-08T00:58:57.781+0000] {dag.py:3823} INFO - Setting next_dagrun for example_weekday_branch_operator to 2024-10-07 00:00:00+00:00, run_after=2024-10-08 00:00:00+00:00
[2024-10-08T00:58:57.812+0000] {processor.py:183} INFO - Processing /home/airflow/.local/lib/python3.8/site-packages/airflow/example_dags/example_branch_day_of_week_operator.py took 0.122 seconds
[2024-10-08T00:59:28.559+0000] {processor.py:161} INFO - Started process (PID=429) to work on /home/airflow/.local/lib/python3.8/site-packages/airflow/example_dags/example_branch_day_of_week_operator.py
[2024-10-08T00:59:28.562+0000] {processor.py:830} INFO - Processing file /home/airflow/.local/lib/python3.8/site-packages/airflow/example_dags/example_branch_day_of_week_operator.py for tasks to queue
[2024-10-08T00:59:28.567+0000] {logging_mixin.py:188} INFO - [2024-10-08T00:59:28.566+0000] {dagbag.py:538} INFO - Filling up the DagBag from /home/airflow/.local/lib/python3.8/site-packages/airflow/example_dags/example_branch_day_of_week_operator.py
[2024-10-08T00:59:28.580+0000] {processor.py:840} INFO - DAG(s) 'example_weekday_branch_operator' retrieved from /home/airflow/.local/lib/python3.8/site-packages/airflow/example_dags/example_branch_day_of_week_operator.py
[2024-10-08T00:59:28.618+0000] {logging_mixin.py:188} INFO - [2024-10-08T00:59:28.618+0000] {dag.py:3036} INFO - Sync 1 DAGs
[2024-10-08T00:59:28.656+0000] {logging_mixin.py:188} INFO - [2024-10-08T00:59:28.655+0000] {dag.py:3823} INFO - Setting next_dagrun for example_weekday_branch_operator to 2024-10-07 00:00:00+00:00, run_after=2024-10-08 00:00:00+00:00
[2024-10-08T00:59:28.708+0000] {processor.py:183} INFO - Processing /home/airflow/.local/lib/python3.8/site-packages/airflow/example_dags/example_branch_day_of_week_operator.py took 0.156 seconds
[2024-10-08T00:59:59.952+0000] {processor.py:161} INFO - Started process (PID=491) to work on /home/airflow/.local/lib/python3.8/site-packages/airflow/example_dags/example_branch_day_of_week_operator.py
[2024-10-08T00:59:59.954+0000] {processor.py:830} INFO - Processing file /home/airflow/.local/lib/python3.8/site-packages/airflow/example_dags/example_branch_day_of_week_operator.py for tasks to queue
[2024-10-08T00:59:59.957+0000] {logging_mixin.py:188} INFO - [2024-10-08T00:59:59.957+0000] {dagbag.py:538} INFO - Filling up the DagBag from /home/airflow/.local/lib/python3.8/site-packages/airflow/example_dags/example_branch_day_of_week_operator.py
[2024-10-08T00:59:59.967+0000] {processor.py:840} INFO - DAG(s) 'example_weekday_branch_operator' retrieved from /home/airflow/.local/lib/python3.8/site-packages/airflow/example_dags/example_branch_day_of_week_operator.py
[2024-10-08T00:59:59.995+0000] {logging_mixin.py:188} INFO - [2024-10-08T00:59:59.995+0000] {dag.py:3036} INFO - Sync 1 DAGs
[2024-10-08T01:00:00.030+0000] {logging_mixin.py:188} INFO - [2024-10-08T01:00:00.030+0000] {dag.py:3823} INFO - Setting next_dagrun for example_weekday_branch_operator to 2024-10-07 00:00:00+00:00, run_after=2024-10-08 00:00:00+00:00
[2024-10-08T01:00:00.065+0000] {processor.py:183} INFO - Processing /home/airflow/.local/lib/python3.8/site-packages/airflow/example_dags/example_branch_day_of_week_operator.py took 0.116 seconds
[2024-10-08T01:00:31.214+0000] {processor.py:161} INFO - Started process (PID=554) to work on /home/airflow/.local/lib/python3.8/site-packages/airflow/example_dags/example_branch_day_of_week_operator.py
[2024-10-08T01:00:31.216+0000] {processor.py:830} INFO - Processing file /home/airflow/.local/lib/python3.8/site-packages/airflow/example_dags/example_branch_day_of_week_operator.py for tasks to queue
[2024-10-08T01:00:31.218+0000] {logging_mixin.py:188} INFO - [2024-10-08T01:00:31.218+0000] {dagbag.py:538} INFO - Filling up the DagBag from /home/airflow/.local/lib/python3.8/site-packages/airflow/example_dags/example_branch_day_of_week_operator.py
[2024-10-08T01:00:31.230+0000] {processor.py:840} INFO - DAG(s) 'example_weekday_branch_operator' retrieved from /home/airflow/.local/lib/python3.8/site-packages/airflow/example_dags/example_branch_day_of_week_operator.py
[2024-10-08T01:00:31.261+0000] {logging_mixin.py:188} INFO - [2024-10-08T01:00:31.261+0000] {dag.py:3036} INFO - Sync 1 DAGs
[2024-10-08T01:00:31.291+0000] {logging_mixin.py:188} INFO - [2024-10-08T01:00:31.290+0000] {dag.py:3823} INFO - Setting next_dagrun for example_weekday_branch_operator to 2024-10-07 00:00:00+00:00, run_after=2024-10-08 00:00:00+00:00
[2024-10-08T01:00:31.320+0000] {processor.py:183} INFO - Processing /home/airflow/.local/lib/python3.8/site-packages/airflow/example_dags/example_branch_day_of_week_operator.py took 0.112 seconds
