[2024-10-08T00:56:53.961+0000] {processor.py:161} INFO - Started process (PID=115) to work on /home/airflow/.local/lib/python3.8/site-packages/airflow/example_dags/example_skip_dag.py
[2024-10-08T00:56:53.963+0000] {processor.py:830} INFO - Processing file /home/airflow/.local/lib/python3.8/site-packages/airflow/example_dags/example_skip_dag.py for tasks to queue
[2024-10-08T00:56:53.966+0000] {logging_mixin.py:188} INFO - [2024-10-08T00:56:53.966+0000] {dagbag.py:538} INFO - Filling up the DagBag from /home/airflow/.local/lib/python3.8/site-packages/airflow/example_dags/example_skip_dag.py
[2024-10-08T00:56:53.983+0000] {processor.py:840} INFO - DAG(s) 'example_skip_dag' retrieved from /home/airflow/.local/lib/python3.8/site-packages/airflow/example_dags/example_skip_dag.py
[2024-10-08T00:56:54.146+0000] {logging_mixin.py:188} INFO - [2024-10-08T00:56:54.146+0000] {dag.py:3036} INFO - Sync 1 DAGs
[2024-10-08T00:56:54.192+0000] {logging_mixin.py:188} INFO - [2024-10-08T00:56:54.192+0000] {dag.py:3823} INFO - Setting next_dagrun for example_skip_dag to 2024-10-07 00:00:00+00:00, run_after=2024-10-08 00:00:00+00:00
[2024-10-08T00:56:54.241+0000] {processor.py:183} INFO - Processing /home/airflow/.local/lib/python3.8/site-packages/airflow/example_dags/example_skip_dag.py took 0.284 seconds
[2024-10-08T00:57:25.092+0000] {processor.py:161} INFO - Started process (PID=179) to work on /home/airflow/.local/lib/python3.8/site-packages/airflow/example_dags/example_skip_dag.py
[2024-10-08T00:57:25.099+0000] {processor.py:830} INFO - Processing file /home/airflow/.local/lib/python3.8/site-packages/airflow/example_dags/example_skip_dag.py for tasks to queue
[2024-10-08T00:57:25.106+0000] {logging_mixin.py:188} INFO - [2024-10-08T00:57:25.106+0000] {dagbag.py:538} INFO - Filling up the DagBag from /home/airflow/.local/lib/python3.8/site-packages/airflow/example_dags/example_skip_dag.py
[2024-10-08T00:57:25.125+0000] {processor.py:840} INFO - DAG(s) 'example_skip_dag' retrieved from /home/airflow/.local/lib/python3.8/site-packages/airflow/example_dags/example_skip_dag.py
[2024-10-08T00:57:25.206+0000] {logging_mixin.py:188} INFO - [2024-10-08T00:57:25.205+0000] {dag.py:3036} INFO - Sync 1 DAGs
[2024-10-08T00:57:25.261+0000] {logging_mixin.py:188} INFO - [2024-10-08T00:57:25.260+0000] {dag.py:3823} INFO - Setting next_dagrun for example_skip_dag to 2024-10-07 00:00:00+00:00, run_after=2024-10-08 00:00:00+00:00
[2024-10-08T00:57:25.309+0000] {processor.py:183} INFO - Processing /home/airflow/.local/lib/python3.8/site-packages/airflow/example_dags/example_skip_dag.py took 0.224 seconds
[2024-10-08T00:57:55.961+0000] {processor.py:161} INFO - Started process (PID=241) to work on /home/airflow/.local/lib/python3.8/site-packages/airflow/example_dags/example_skip_dag.py
[2024-10-08T00:57:55.963+0000] {processor.py:830} INFO - Processing file /home/airflow/.local/lib/python3.8/site-packages/airflow/example_dags/example_skip_dag.py for tasks to queue
[2024-10-08T00:57:55.966+0000] {logging_mixin.py:188} INFO - [2024-10-08T00:57:55.965+0000] {dagbag.py:538} INFO - Filling up the DagBag from /home/airflow/.local/lib/python3.8/site-packages/airflow/example_dags/example_skip_dag.py
[2024-10-08T00:57:55.975+0000] {processor.py:840} INFO - DAG(s) 'example_skip_dag' retrieved from /home/airflow/.local/lib/python3.8/site-packages/airflow/example_dags/example_skip_dag.py
[2024-10-08T00:57:56.000+0000] {logging_mixin.py:188} INFO - [2024-10-08T00:57:56.000+0000] {dag.py:3036} INFO - Sync 1 DAGs
[2024-10-08T00:57:56.029+0000] {logging_mixin.py:188} INFO - [2024-10-08T00:57:56.028+0000] {dag.py:3823} INFO - Setting next_dagrun for example_skip_dag to 2024-10-07 00:00:00+00:00, run_after=2024-10-08 00:00:00+00:00
[2024-10-08T00:57:56.060+0000] {processor.py:183} INFO - Processing /home/airflow/.local/lib/python3.8/site-packages/airflow/example_dags/example_skip_dag.py took 0.104 seconds
[2024-10-08T00:58:26.660+0000] {processor.py:161} INFO - Started process (PID=303) to work on /home/airflow/.local/lib/python3.8/site-packages/airflow/example_dags/example_skip_dag.py
[2024-10-08T00:58:26.662+0000] {processor.py:830} INFO - Processing file /home/airflow/.local/lib/python3.8/site-packages/airflow/example_dags/example_skip_dag.py for tasks to queue
[2024-10-08T00:58:26.665+0000] {logging_mixin.py:188} INFO - [2024-10-08T00:58:26.664+0000] {dagbag.py:538} INFO - Filling up the DagBag from /home/airflow/.local/lib/python3.8/site-packages/airflow/example_dags/example_skip_dag.py
[2024-10-08T00:58:26.675+0000] {processor.py:840} INFO - DAG(s) 'example_skip_dag' retrieved from /home/airflow/.local/lib/python3.8/site-packages/airflow/example_dags/example_skip_dag.py
[2024-10-08T00:58:26.702+0000] {logging_mixin.py:188} INFO - [2024-10-08T00:58:26.701+0000] {dag.py:3036} INFO - Sync 1 DAGs
[2024-10-08T00:58:26.733+0000] {logging_mixin.py:188} INFO - [2024-10-08T00:58:26.733+0000] {dag.py:3823} INFO - Setting next_dagrun for example_skip_dag to 2024-10-07 00:00:00+00:00, run_after=2024-10-08 00:00:00+00:00
[2024-10-08T00:58:26.774+0000] {processor.py:183} INFO - Processing /home/airflow/.local/lib/python3.8/site-packages/airflow/example_dags/example_skip_dag.py took 0.119 seconds
[2024-10-08T00:58:57.470+0000] {processor.py:161} INFO - Started process (PID=365) to work on /home/airflow/.local/lib/python3.8/site-packages/airflow/example_dags/example_skip_dag.py
[2024-10-08T00:58:57.477+0000] {processor.py:830} INFO - Processing file /home/airflow/.local/lib/python3.8/site-packages/airflow/example_dags/example_skip_dag.py for tasks to queue
[2024-10-08T00:58:57.486+0000] {logging_mixin.py:188} INFO - [2024-10-08T00:58:57.485+0000] {dagbag.py:538} INFO - Filling up the DagBag from /home/airflow/.local/lib/python3.8/site-packages/airflow/example_dags/example_skip_dag.py
[2024-10-08T00:58:57.513+0000] {processor.py:840} INFO - DAG(s) 'example_skip_dag' retrieved from /home/airflow/.local/lib/python3.8/site-packages/airflow/example_dags/example_skip_dag.py
[2024-10-08T00:58:57.569+0000] {logging_mixin.py:188} INFO - [2024-10-08T00:58:57.568+0000] {dag.py:3036} INFO - Sync 1 DAGs
[2024-10-08T00:58:57.603+0000] {logging_mixin.py:188} INFO - [2024-10-08T00:58:57.603+0000] {dag.py:3823} INFO - Setting next_dagrun for example_skip_dag to 2024-10-07 00:00:00+00:00, run_after=2024-10-08 00:00:00+00:00
[2024-10-08T00:58:57.647+0000] {processor.py:183} INFO - Processing /home/airflow/.local/lib/python3.8/site-packages/airflow/example_dags/example_skip_dag.py took 0.183 seconds
[2024-10-08T00:59:28.345+0000] {processor.py:161} INFO - Started process (PID=427) to work on /home/airflow/.local/lib/python3.8/site-packages/airflow/example_dags/example_skip_dag.py
[2024-10-08T00:59:28.349+0000] {processor.py:830} INFO - Processing file /home/airflow/.local/lib/python3.8/site-packages/airflow/example_dags/example_skip_dag.py for tasks to queue
[2024-10-08T00:59:28.352+0000] {logging_mixin.py:188} INFO - [2024-10-08T00:59:28.351+0000] {dagbag.py:538} INFO - Filling up the DagBag from /home/airflow/.local/lib/python3.8/site-packages/airflow/example_dags/example_skip_dag.py
[2024-10-08T00:59:28.365+0000] {processor.py:840} INFO - DAG(s) 'example_skip_dag' retrieved from /home/airflow/.local/lib/python3.8/site-packages/airflow/example_dags/example_skip_dag.py
[2024-10-08T00:59:28.409+0000] {logging_mixin.py:188} INFO - [2024-10-08T00:59:28.408+0000] {dag.py:3036} INFO - Sync 1 DAGs
[2024-10-08T00:59:28.454+0000] {logging_mixin.py:188} INFO - [2024-10-08T00:59:28.454+0000] {dag.py:3823} INFO - Setting next_dagrun for example_skip_dag to 2024-10-07 00:00:00+00:00, run_after=2024-10-08 00:00:00+00:00
[2024-10-08T00:59:28.499+0000] {processor.py:183} INFO - Processing /home/airflow/.local/lib/python3.8/site-packages/airflow/example_dags/example_skip_dag.py took 0.157 seconds
[2024-10-08T00:59:59.809+0000] {processor.py:161} INFO - Started process (PID=489) to work on /home/airflow/.local/lib/python3.8/site-packages/airflow/example_dags/example_skip_dag.py
[2024-10-08T00:59:59.811+0000] {processor.py:830} INFO - Processing file /home/airflow/.local/lib/python3.8/site-packages/airflow/example_dags/example_skip_dag.py for tasks to queue
[2024-10-08T00:59:59.814+0000] {logging_mixin.py:188} INFO - [2024-10-08T00:59:59.813+0000] {dagbag.py:538} INFO - Filling up the DagBag from /home/airflow/.local/lib/python3.8/site-packages/airflow/example_dags/example_skip_dag.py
[2024-10-08T00:59:59.825+0000] {processor.py:840} INFO - DAG(s) 'example_skip_dag' retrieved from /home/airflow/.local/lib/python3.8/site-packages/airflow/example_dags/example_skip_dag.py
[2024-10-08T00:59:59.855+0000] {logging_mixin.py:188} INFO - [2024-10-08T00:59:59.854+0000] {dag.py:3036} INFO - Sync 1 DAGs
[2024-10-08T00:59:59.881+0000] {logging_mixin.py:188} INFO - [2024-10-08T00:59:59.881+0000] {dag.py:3823} INFO - Setting next_dagrun for example_skip_dag to 2024-10-07 00:00:00+00:00, run_after=2024-10-08 00:00:00+00:00
[2024-10-08T00:59:59.912+0000] {processor.py:183} INFO - Processing /home/airflow/.local/lib/python3.8/site-packages/airflow/example_dags/example_skip_dag.py took 0.108 seconds
[2024-10-08T01:00:31.024+0000] {processor.py:161} INFO - Started process (PID=552) to work on /home/airflow/.local/lib/python3.8/site-packages/airflow/example_dags/example_skip_dag.py
[2024-10-08T01:00:31.027+0000] {processor.py:830} INFO - Processing file /home/airflow/.local/lib/python3.8/site-packages/airflow/example_dags/example_skip_dag.py for tasks to queue
[2024-10-08T01:00:31.032+0000] {logging_mixin.py:188} INFO - [2024-10-08T01:00:31.031+0000] {dagbag.py:538} INFO - Filling up the DagBag from /home/airflow/.local/lib/python3.8/site-packages/airflow/example_dags/example_skip_dag.py
[2024-10-08T01:00:31.046+0000] {processor.py:840} INFO - DAG(s) 'example_skip_dag' retrieved from /home/airflow/.local/lib/python3.8/site-packages/airflow/example_dags/example_skip_dag.py
[2024-10-08T01:00:31.090+0000] {logging_mixin.py:188} INFO - [2024-10-08T01:00:31.089+0000] {dag.py:3036} INFO - Sync 1 DAGs
[2024-10-08T01:00:31.130+0000] {logging_mixin.py:188} INFO - [2024-10-08T01:00:31.130+0000] {dag.py:3823} INFO - Setting next_dagrun for example_skip_dag to 2024-10-07 00:00:00+00:00, run_after=2024-10-08 00:00:00+00:00
[2024-10-08T01:00:31.164+0000] {processor.py:183} INFO - Processing /home/airflow/.local/lib/python3.8/site-packages/airflow/example_dags/example_skip_dag.py took 0.148 seconds
