[2024-10-08T00:56:52.494+0000] {processor.py:161} INFO - Started process (PID=108) to work on /home/airflow/.local/lib/python3.8/site-packages/airflow/example_dags/example_external_task_marker_dag.py
[2024-10-08T00:56:52.496+0000] {processor.py:830} INFO - Processing file /home/airflow/.local/lib/python3.8/site-packages/airflow/example_dags/example_external_task_marker_dag.py for tasks to queue
[2024-10-08T00:56:52.498+0000] {logging_mixin.py:188} INFO - [2024-10-08T00:56:52.498+0000] {dagbag.py:538} INFO - Filling up the DagBag from /home/airflow/.local/lib/python3.8/site-packages/airflow/example_dags/example_external_task_marker_dag.py
[2024-10-08T00:56:52.510+0000] {processor.py:840} INFO - DAG(s) 'example_external_task_marker_parent', 'example_external_task_marker_child' retrieved from /home/airflow/.local/lib/python3.8/site-packages/airflow/example_dags/example_external_task_marker_dag.py
[2024-10-08T00:56:52.706+0000] {logging_mixin.py:188} INFO - [2024-10-08T00:56:52.706+0000] {dag.py:3036} INFO - Sync 2 DAGs
[2024-10-08T00:56:52.720+0000] {logging_mixin.py:188} INFO - [2024-10-08T00:56:52.719+0000] {dag.py:3823} INFO - Setting next_dagrun for example_external_task_marker_child to None, run_after=None
[2024-10-08T00:56:52.725+0000] {logging_mixin.py:188} INFO - [2024-10-08T00:56:52.725+0000] {dag.py:3823} INFO - Setting next_dagrun for example_external_task_marker_parent to None, run_after=None
[2024-10-08T00:56:52.754+0000] {processor.py:183} INFO - Processing /home/airflow/.local/lib/python3.8/site-packages/airflow/example_dags/example_external_task_marker_dag.py took 0.264 seconds
[2024-10-08T00:57:22.799+0000] {processor.py:161} INFO - Started process (PID=172) to work on /home/airflow/.local/lib/python3.8/site-packages/airflow/example_dags/example_external_task_marker_dag.py
[2024-10-08T00:57:22.801+0000] {processor.py:830} INFO - Processing file /home/airflow/.local/lib/python3.8/site-packages/airflow/example_dags/example_external_task_marker_dag.py for tasks to queue
[2024-10-08T00:57:22.803+0000] {logging_mixin.py:188} INFO - [2024-10-08T00:57:22.802+0000] {dagbag.py:538} INFO - Filling up the DagBag from /home/airflow/.local/lib/python3.8/site-packages/airflow/example_dags/example_external_task_marker_dag.py
[2024-10-08T00:57:22.809+0000] {processor.py:840} INFO - DAG(s) 'example_external_task_marker_parent', 'example_external_task_marker_child' retrieved from /home/airflow/.local/lib/python3.8/site-packages/airflow/example_dags/example_external_task_marker_dag.py
[2024-10-08T00:57:22.839+0000] {logging_mixin.py:188} INFO - [2024-10-08T00:57:22.839+0000] {dag.py:3036} INFO - Sync 2 DAGs
[2024-10-08T00:57:22.852+0000] {logging_mixin.py:188} INFO - [2024-10-08T00:57:22.852+0000] {dag.py:3823} INFO - Setting next_dagrun for example_external_task_marker_child to None, run_after=None
[2024-10-08T00:57:22.858+0000] {logging_mixin.py:188} INFO - [2024-10-08T00:57:22.858+0000] {dag.py:3823} INFO - Setting next_dagrun for example_external_task_marker_parent to None, run_after=None
[2024-10-08T00:57:22.886+0000] {processor.py:183} INFO - Processing /home/airflow/.local/lib/python3.8/site-packages/airflow/example_dags/example_external_task_marker_dag.py took 0.090 seconds
[2024-10-08T00:57:53.367+0000] {processor.py:161} INFO - Started process (PID=234) to work on /home/airflow/.local/lib/python3.8/site-packages/airflow/example_dags/example_external_task_marker_dag.py
[2024-10-08T00:57:53.369+0000] {processor.py:830} INFO - Processing file /home/airflow/.local/lib/python3.8/site-packages/airflow/example_dags/example_external_task_marker_dag.py for tasks to queue
[2024-10-08T00:57:53.371+0000] {logging_mixin.py:188} INFO - [2024-10-08T00:57:53.371+0000] {dagbag.py:538} INFO - Filling up the DagBag from /home/airflow/.local/lib/python3.8/site-packages/airflow/example_dags/example_external_task_marker_dag.py
[2024-10-08T00:57:53.378+0000] {processor.py:840} INFO - DAG(s) 'example_external_task_marker_parent', 'example_external_task_marker_child' retrieved from /home/airflow/.local/lib/python3.8/site-packages/airflow/example_dags/example_external_task_marker_dag.py
[2024-10-08T00:57:53.407+0000] {logging_mixin.py:188} INFO - [2024-10-08T00:57:53.406+0000] {dag.py:3036} INFO - Sync 2 DAGs
[2024-10-08T00:57:53.421+0000] {logging_mixin.py:188} INFO - [2024-10-08T00:57:53.421+0000] {dag.py:3823} INFO - Setting next_dagrun for example_external_task_marker_child to None, run_after=None
[2024-10-08T00:57:53.426+0000] {logging_mixin.py:188} INFO - [2024-10-08T00:57:53.426+0000] {dag.py:3823} INFO - Setting next_dagrun for example_external_task_marker_parent to None, run_after=None
[2024-10-08T00:57:53.449+0000] {processor.py:183} INFO - Processing /home/airflow/.local/lib/python3.8/site-packages/airflow/example_dags/example_external_task_marker_dag.py took 0.085 seconds
[2024-10-08T00:58:24.207+0000] {processor.py:161} INFO - Started process (PID=296) to work on /home/airflow/.local/lib/python3.8/site-packages/airflow/example_dags/example_external_task_marker_dag.py
[2024-10-08T00:58:24.209+0000] {processor.py:830} INFO - Processing file /home/airflow/.local/lib/python3.8/site-packages/airflow/example_dags/example_external_task_marker_dag.py for tasks to queue
[2024-10-08T00:58:24.211+0000] {logging_mixin.py:188} INFO - [2024-10-08T00:58:24.211+0000] {dagbag.py:538} INFO - Filling up the DagBag from /home/airflow/.local/lib/python3.8/site-packages/airflow/example_dags/example_external_task_marker_dag.py
[2024-10-08T00:58:24.218+0000] {processor.py:840} INFO - DAG(s) 'example_external_task_marker_parent', 'example_external_task_marker_child' retrieved from /home/airflow/.local/lib/python3.8/site-packages/airflow/example_dags/example_external_task_marker_dag.py
[2024-10-08T00:58:24.248+0000] {logging_mixin.py:188} INFO - [2024-10-08T00:58:24.248+0000] {dag.py:3036} INFO - Sync 2 DAGs
[2024-10-08T00:58:24.264+0000] {logging_mixin.py:188} INFO - [2024-10-08T00:58:24.263+0000] {dag.py:3823} INFO - Setting next_dagrun for example_external_task_marker_child to None, run_after=None
[2024-10-08T00:58:24.269+0000] {logging_mixin.py:188} INFO - [2024-10-08T00:58:24.268+0000] {dag.py:3823} INFO - Setting next_dagrun for example_external_task_marker_parent to None, run_after=None
[2024-10-08T00:58:24.293+0000] {processor.py:183} INFO - Processing /home/airflow/.local/lib/python3.8/site-packages/airflow/example_dags/example_external_task_marker_dag.py took 0.089 seconds
[2024-10-08T00:58:55.271+0000] {processor.py:161} INFO - Started process (PID=358) to work on /home/airflow/.local/lib/python3.8/site-packages/airflow/example_dags/example_external_task_marker_dag.py
[2024-10-08T00:58:55.273+0000] {processor.py:830} INFO - Processing file /home/airflow/.local/lib/python3.8/site-packages/airflow/example_dags/example_external_task_marker_dag.py for tasks to queue
[2024-10-08T00:58:55.276+0000] {logging_mixin.py:188} INFO - [2024-10-08T00:58:55.276+0000] {dagbag.py:538} INFO - Filling up the DagBag from /home/airflow/.local/lib/python3.8/site-packages/airflow/example_dags/example_external_task_marker_dag.py
[2024-10-08T00:58:55.288+0000] {processor.py:840} INFO - DAG(s) 'example_external_task_marker_child', 'example_external_task_marker_parent' retrieved from /home/airflow/.local/lib/python3.8/site-packages/airflow/example_dags/example_external_task_marker_dag.py
[2024-10-08T00:58:55.324+0000] {logging_mixin.py:188} INFO - [2024-10-08T00:58:55.324+0000] {dag.py:3036} INFO - Sync 2 DAGs
[2024-10-08T00:58:55.350+0000] {logging_mixin.py:188} INFO - [2024-10-08T00:58:55.350+0000] {dag.py:3823} INFO - Setting next_dagrun for example_external_task_marker_child to None, run_after=None
[2024-10-08T00:58:55.360+0000] {logging_mixin.py:188} INFO - [2024-10-08T00:58:55.360+0000] {dag.py:3823} INFO - Setting next_dagrun for example_external_task_marker_parent to None, run_after=None
[2024-10-08T00:58:55.448+0000] {processor.py:183} INFO - Processing /home/airflow/.local/lib/python3.8/site-packages/airflow/example_dags/example_external_task_marker_dag.py took 0.182 seconds
[2024-10-08T00:59:26.688+0000] {processor.py:161} INFO - Started process (PID=420) to work on /home/airflow/.local/lib/python3.8/site-packages/airflow/example_dags/example_external_task_marker_dag.py
[2024-10-08T00:59:26.689+0000] {processor.py:830} INFO - Processing file /home/airflow/.local/lib/python3.8/site-packages/airflow/example_dags/example_external_task_marker_dag.py for tasks to queue
[2024-10-08T00:59:26.696+0000] {logging_mixin.py:188} INFO - [2024-10-08T00:59:26.694+0000] {dagbag.py:538} INFO - Filling up the DagBag from /home/airflow/.local/lib/python3.8/site-packages/airflow/example_dags/example_external_task_marker_dag.py
[2024-10-08T00:59:26.706+0000] {processor.py:840} INFO - DAG(s) 'example_external_task_marker_parent', 'example_external_task_marker_child' retrieved from /home/airflow/.local/lib/python3.8/site-packages/airflow/example_dags/example_external_task_marker_dag.py
[2024-10-08T00:59:26.744+0000] {logging_mixin.py:188} INFO - [2024-10-08T00:59:26.744+0000] {dag.py:3036} INFO - Sync 2 DAGs
[2024-10-08T00:59:26.767+0000] {logging_mixin.py:188} INFO - [2024-10-08T00:59:26.766+0000] {dag.py:3823} INFO - Setting next_dagrun for example_external_task_marker_child to None, run_after=None
[2024-10-08T00:59:26.778+0000] {logging_mixin.py:188} INFO - [2024-10-08T00:59:26.777+0000] {dag.py:3823} INFO - Setting next_dagrun for example_external_task_marker_parent to None, run_after=None
[2024-10-08T00:59:26.810+0000] {processor.py:183} INFO - Processing /home/airflow/.local/lib/python3.8/site-packages/airflow/example_dags/example_external_task_marker_dag.py took 0.126 seconds
[2024-10-08T00:59:59.179+0000] {processor.py:161} INFO - Started process (PID=482) to work on /home/airflow/.local/lib/python3.8/site-packages/airflow/example_dags/example_external_task_marker_dag.py
[2024-10-08T00:59:59.182+0000] {processor.py:830} INFO - Processing file /home/airflow/.local/lib/python3.8/site-packages/airflow/example_dags/example_external_task_marker_dag.py for tasks to queue
[2024-10-08T00:59:59.186+0000] {logging_mixin.py:188} INFO - [2024-10-08T00:59:59.185+0000] {dagbag.py:538} INFO - Filling up the DagBag from /home/airflow/.local/lib/python3.8/site-packages/airflow/example_dags/example_external_task_marker_dag.py
[2024-10-08T00:59:59.193+0000] {processor.py:840} INFO - DAG(s) 'example_external_task_marker_parent', 'example_external_task_marker_child' retrieved from /home/airflow/.local/lib/python3.8/site-packages/airflow/example_dags/example_external_task_marker_dag.py
[2024-10-08T00:59:59.229+0000] {logging_mixin.py:188} INFO - [2024-10-08T00:59:59.229+0000] {dag.py:3036} INFO - Sync 2 DAGs
[2024-10-08T00:59:59.248+0000] {logging_mixin.py:188} INFO - [2024-10-08T00:59:59.247+0000] {dag.py:3823} INFO - Setting next_dagrun for example_external_task_marker_child to None, run_after=None
[2024-10-08T00:59:59.254+0000] {logging_mixin.py:188} INFO - [2024-10-08T00:59:59.254+0000] {dag.py:3823} INFO - Setting next_dagrun for example_external_task_marker_parent to None, run_after=None
[2024-10-08T00:59:59.282+0000] {processor.py:183} INFO - Processing /home/airflow/.local/lib/python3.8/site-packages/airflow/example_dags/example_external_task_marker_dag.py took 0.106 seconds
[2024-10-08T01:00:30.297+0000] {processor.py:161} INFO - Started process (PID=545) to work on /home/airflow/.local/lib/python3.8/site-packages/airflow/example_dags/example_external_task_marker_dag.py
[2024-10-08T01:00:30.299+0000] {processor.py:830} INFO - Processing file /home/airflow/.local/lib/python3.8/site-packages/airflow/example_dags/example_external_task_marker_dag.py for tasks to queue
[2024-10-08T01:00:30.303+0000] {logging_mixin.py:188} INFO - [2024-10-08T01:00:30.302+0000] {dagbag.py:538} INFO - Filling up the DagBag from /home/airflow/.local/lib/python3.8/site-packages/airflow/example_dags/example_external_task_marker_dag.py
[2024-10-08T01:00:30.312+0000] {processor.py:840} INFO - DAG(s) 'example_external_task_marker_child', 'example_external_task_marker_parent' retrieved from /home/airflow/.local/lib/python3.8/site-packages/airflow/example_dags/example_external_task_marker_dag.py
[2024-10-08T01:00:30.352+0000] {logging_mixin.py:188} INFO - [2024-10-08T01:00:30.352+0000] {dag.py:3036} INFO - Sync 2 DAGs
[2024-10-08T01:00:30.371+0000] {logging_mixin.py:188} INFO - [2024-10-08T01:00:30.371+0000] {dag.py:3823} INFO - Setting next_dagrun for example_external_task_marker_child to None, run_after=None
[2024-10-08T01:00:30.376+0000] {logging_mixin.py:188} INFO - [2024-10-08T01:00:30.376+0000] {dag.py:3823} INFO - Setting next_dagrun for example_external_task_marker_parent to None, run_after=None
[2024-10-08T01:00:30.405+0000] {processor.py:183} INFO - Processing /home/airflow/.local/lib/python3.8/site-packages/airflow/example_dags/example_external_task_marker_dag.py took 0.112 seconds
