[2024-10-08T00:56:50.485+0000] {processor.py:161} INFO - Started process (PID=98) to work on /home/airflow/.local/lib/python3.8/site-packages/airflow/example_dags/example_python_operator.py
[2024-10-08T00:56:50.488+0000] {processor.py:830} INFO - Processing file /home/airflow/.local/lib/python3.8/site-packages/airflow/example_dags/example_python_operator.py for tasks to queue
[2024-10-08T00:56:50.494+0000] {logging_mixin.py:188} INFO - [2024-10-08T00:56:50.493+0000] {dagbag.py:538} INFO - Filling up the DagBag from /home/airflow/.local/lib/python3.8/site-packages/airflow/example_dags/example_python_operator.py
[2024-10-08T00:56:50.522+0000] {processor.py:840} INFO - DAG(s) 'example_python_operator' retrieved from /home/airflow/.local/lib/python3.8/site-packages/airflow/example_dags/example_python_operator.py
[2024-10-08T00:56:50.790+0000] {logging_mixin.py:188} INFO - [2024-10-08T00:56:50.789+0000] {dag.py:3036} INFO - Sync 1 DAGs
[2024-10-08T00:56:50.811+0000] {logging_mixin.py:188} INFO - [2024-10-08T00:56:50.811+0000] {dag.py:3823} INFO - Setting next_dagrun for example_python_operator to None, run_after=None
[2024-10-08T00:56:50.860+0000] {processor.py:183} INFO - Processing /home/airflow/.local/lib/python3.8/site-packages/airflow/example_dags/example_python_operator.py took 0.382 seconds
[2024-10-08T00:57:20.932+0000] {processor.py:161} INFO - Started process (PID=162) to work on /home/airflow/.local/lib/python3.8/site-packages/airflow/example_dags/example_python_operator.py
[2024-10-08T00:57:20.934+0000] {processor.py:830} INFO - Processing file /home/airflow/.local/lib/python3.8/site-packages/airflow/example_dags/example_python_operator.py for tasks to queue
[2024-10-08T00:57:20.936+0000] {logging_mixin.py:188} INFO - [2024-10-08T00:57:20.936+0000] {dagbag.py:538} INFO - Filling up the DagBag from /home/airflow/.local/lib/python3.8/site-packages/airflow/example_dags/example_python_operator.py
[2024-10-08T00:57:20.947+0000] {processor.py:840} INFO - DAG(s) 'example_python_operator' retrieved from /home/airflow/.local/lib/python3.8/site-packages/airflow/example_dags/example_python_operator.py
[2024-10-08T00:57:20.976+0000] {logging_mixin.py:188} INFO - [2024-10-08T00:57:20.976+0000] {dag.py:3036} INFO - Sync 1 DAGs
[2024-10-08T00:57:20.994+0000] {logging_mixin.py:188} INFO - [2024-10-08T00:57:20.994+0000] {dag.py:3823} INFO - Setting next_dagrun for example_python_operator to None, run_after=None
[2024-10-08T00:57:21.021+0000] {processor.py:183} INFO - Processing /home/airflow/.local/lib/python3.8/site-packages/airflow/example_dags/example_python_operator.py took 0.092 seconds
[2024-10-08T00:57:51.291+0000] {processor.py:161} INFO - Started process (PID=224) to work on /home/airflow/.local/lib/python3.8/site-packages/airflow/example_dags/example_python_operator.py
[2024-10-08T00:57:51.294+0000] {processor.py:830} INFO - Processing file /home/airflow/.local/lib/python3.8/site-packages/airflow/example_dags/example_python_operator.py for tasks to queue
[2024-10-08T00:57:51.296+0000] {logging_mixin.py:188} INFO - [2024-10-08T00:57:51.296+0000] {dagbag.py:538} INFO - Filling up the DagBag from /home/airflow/.local/lib/python3.8/site-packages/airflow/example_dags/example_python_operator.py
[2024-10-08T00:57:51.308+0000] {processor.py:840} INFO - DAG(s) 'example_python_operator' retrieved from /home/airflow/.local/lib/python3.8/site-packages/airflow/example_dags/example_python_operator.py
[2024-10-08T00:57:51.335+0000] {logging_mixin.py:188} INFO - [2024-10-08T00:57:51.334+0000] {dag.py:3036} INFO - Sync 1 DAGs
[2024-10-08T00:57:51.350+0000] {logging_mixin.py:188} INFO - [2024-10-08T00:57:51.349+0000] {dag.py:3823} INFO - Setting next_dagrun for example_python_operator to None, run_after=None
[2024-10-08T00:57:51.377+0000] {processor.py:183} INFO - Processing /home/airflow/.local/lib/python3.8/site-packages/airflow/example_dags/example_python_operator.py took 0.090 seconds
[2024-10-08T00:58:21.503+0000] {processor.py:161} INFO - Started process (PID=286) to work on /home/airflow/.local/lib/python3.8/site-packages/airflow/example_dags/example_python_operator.py
[2024-10-08T00:58:21.506+0000] {processor.py:830} INFO - Processing file /home/airflow/.local/lib/python3.8/site-packages/airflow/example_dags/example_python_operator.py for tasks to queue
[2024-10-08T00:58:21.510+0000] {logging_mixin.py:188} INFO - [2024-10-08T00:58:21.509+0000] {dagbag.py:538} INFO - Filling up the DagBag from /home/airflow/.local/lib/python3.8/site-packages/airflow/example_dags/example_python_operator.py
[2024-10-08T00:58:21.530+0000] {processor.py:840} INFO - DAG(s) 'example_python_operator' retrieved from /home/airflow/.local/lib/python3.8/site-packages/airflow/example_dags/example_python_operator.py
[2024-10-08T00:58:21.577+0000] {logging_mixin.py:188} INFO - [2024-10-08T00:58:21.576+0000] {dag.py:3036} INFO - Sync 1 DAGs
[2024-10-08T00:58:21.598+0000] {logging_mixin.py:188} INFO - [2024-10-08T00:58:21.597+0000] {dag.py:3823} INFO - Setting next_dagrun for example_python_operator to None, run_after=None
[2024-10-08T00:58:21.640+0000] {processor.py:183} INFO - Processing /home/airflow/.local/lib/python3.8/site-packages/airflow/example_dags/example_python_operator.py took 0.142 seconds
[2024-10-08T00:58:53.729+0000] {processor.py:161} INFO - Started process (PID=348) to work on /home/airflow/.local/lib/python3.8/site-packages/airflow/example_dags/example_python_operator.py
[2024-10-08T00:58:53.731+0000] {processor.py:830} INFO - Processing file /home/airflow/.local/lib/python3.8/site-packages/airflow/example_dags/example_python_operator.py for tasks to queue
[2024-10-08T00:58:53.735+0000] {logging_mixin.py:188} INFO - [2024-10-08T00:58:53.734+0000] {dagbag.py:538} INFO - Filling up the DagBag from /home/airflow/.local/lib/python3.8/site-packages/airflow/example_dags/example_python_operator.py
[2024-10-08T00:58:53.753+0000] {processor.py:840} INFO - DAG(s) 'example_python_operator' retrieved from /home/airflow/.local/lib/python3.8/site-packages/airflow/example_dags/example_python_operator.py
[2024-10-08T00:58:53.858+0000] {logging_mixin.py:188} INFO - [2024-10-08T00:58:53.858+0000] {dag.py:3036} INFO - Sync 1 DAGs
[2024-10-08T00:58:53.884+0000] {logging_mixin.py:188} INFO - [2024-10-08T00:58:53.884+0000] {dag.py:3823} INFO - Setting next_dagrun for example_python_operator to None, run_after=None
[2024-10-08T00:58:53.921+0000] {processor.py:183} INFO - Processing /home/airflow/.local/lib/python3.8/site-packages/airflow/example_dags/example_python_operator.py took 0.198 seconds
[2024-10-08T00:59:24.091+0000] {processor.py:161} INFO - Started process (PID=408) to work on /home/airflow/.local/lib/python3.8/site-packages/airflow/example_dags/example_python_operator.py
[2024-10-08T00:59:24.093+0000] {processor.py:830} INFO - Processing file /home/airflow/.local/lib/python3.8/site-packages/airflow/example_dags/example_python_operator.py for tasks to queue
[2024-10-08T00:59:24.095+0000] {logging_mixin.py:188} INFO - [2024-10-08T00:59:24.095+0000] {dagbag.py:538} INFO - Filling up the DagBag from /home/airflow/.local/lib/python3.8/site-packages/airflow/example_dags/example_python_operator.py
[2024-10-08T00:59:24.107+0000] {processor.py:840} INFO - DAG(s) 'example_python_operator' retrieved from /home/airflow/.local/lib/python3.8/site-packages/airflow/example_dags/example_python_operator.py
[2024-10-08T00:59:24.136+0000] {logging_mixin.py:188} INFO - [2024-10-08T00:59:24.136+0000] {dag.py:3036} INFO - Sync 1 DAGs
[2024-10-08T00:59:24.149+0000] {logging_mixin.py:188} INFO - [2024-10-08T00:59:24.149+0000] {dag.py:3823} INFO - Setting next_dagrun for example_python_operator to None, run_after=None
[2024-10-08T00:59:24.173+0000] {processor.py:183} INFO - Processing /home/airflow/.local/lib/python3.8/site-packages/airflow/example_dags/example_python_operator.py took 0.086 seconds
[2024-10-08T00:59:54.371+0000] {processor.py:161} INFO - Started process (PID=470) to work on /home/airflow/.local/lib/python3.8/site-packages/airflow/example_dags/example_python_operator.py
[2024-10-08T00:59:54.372+0000] {processor.py:830} INFO - Processing file /home/airflow/.local/lib/python3.8/site-packages/airflow/example_dags/example_python_operator.py for tasks to queue
[2024-10-08T00:59:54.375+0000] {logging_mixin.py:188} INFO - [2024-10-08T00:59:54.375+0000] {dagbag.py:538} INFO - Filling up the DagBag from /home/airflow/.local/lib/python3.8/site-packages/airflow/example_dags/example_python_operator.py
[2024-10-08T00:59:54.388+0000] {processor.py:840} INFO - DAG(s) 'example_python_operator' retrieved from /home/airflow/.local/lib/python3.8/site-packages/airflow/example_dags/example_python_operator.py
[2024-10-08T00:59:54.507+0000] {logging_mixin.py:188} INFO - [2024-10-08T00:59:54.507+0000] {dag.py:3036} INFO - Sync 1 DAGs
[2024-10-08T00:59:54.522+0000] {logging_mixin.py:188} INFO - [2024-10-08T00:59:54.522+0000] {dag.py:3823} INFO - Setting next_dagrun for example_python_operator to None, run_after=None
[2024-10-08T00:59:54.705+0000] {processor.py:183} INFO - Processing /home/airflow/.local/lib/python3.8/site-packages/airflow/example_dags/example_python_operator.py took 0.337 seconds
[2024-10-08T01:00:24.898+0000] {processor.py:161} INFO - Started process (PID=533) to work on /home/airflow/.local/lib/python3.8/site-packages/airflow/example_dags/example_python_operator.py
[2024-10-08T01:00:24.900+0000] {processor.py:830} INFO - Processing file /home/airflow/.local/lib/python3.8/site-packages/airflow/example_dags/example_python_operator.py for tasks to queue
[2024-10-08T01:00:24.902+0000] {logging_mixin.py:188} INFO - [2024-10-08T01:00:24.902+0000] {dagbag.py:538} INFO - Filling up the DagBag from /home/airflow/.local/lib/python3.8/site-packages/airflow/example_dags/example_python_operator.py
[2024-10-08T01:00:24.916+0000] {processor.py:840} INFO - DAG(s) 'example_python_operator' retrieved from /home/airflow/.local/lib/python3.8/site-packages/airflow/example_dags/example_python_operator.py
[2024-10-08T01:00:24.946+0000] {logging_mixin.py:188} INFO - [2024-10-08T01:00:24.946+0000] {dag.py:3036} INFO - Sync 1 DAGs
[2024-10-08T01:00:24.962+0000] {logging_mixin.py:188} INFO - [2024-10-08T01:00:24.961+0000] {dag.py:3823} INFO - Setting next_dagrun for example_python_operator to None, run_after=None
[2024-10-08T01:00:24.992+0000] {processor.py:183} INFO - Processing /home/airflow/.local/lib/python3.8/site-packages/airflow/example_dags/example_python_operator.py took 0.097 seconds
