[2024-10-08T00:56:46.182+0000] {processor.py:161} INFO - Started process (PID=91) to work on /home/airflow/.local/lib/python3.8/site-packages/airflow/example_dags/example_branch_python_dop_operator_3.py
[2024-10-08T00:56:46.192+0000] {processor.py:830} INFO - Processing file /home/airflow/.local/lib/python3.8/site-packages/airflow/example_dags/example_branch_python_dop_operator_3.py for tasks to queue
[2024-10-08T00:56:46.223+0000] {logging_mixin.py:188} INFO - [2024-10-08T00:56:46.221+0000] {dagbag.py:538} INFO - Filling up the DagBag from /home/airflow/.local/lib/python3.8/site-packages/airflow/example_dags/example_branch_python_dop_operator_3.py
[2024-10-08T00:56:46.589+0000] {processor.py:840} INFO - DAG(s) 'example_branch_dop_operator_v3' retrieved from /home/airflow/.local/lib/python3.8/site-packages/airflow/example_dags/example_branch_python_dop_operator_3.py
[2024-10-08T00:56:47.379+0000] {logging_mixin.py:188} INFO - [2024-10-08T00:56:47.378+0000] {dag.py:3036} INFO - Sync 1 DAGs
[2024-10-08T00:56:47.549+0000] {logging_mixin.py:188} INFO - [2024-10-08T00:56:47.548+0000] {dag.py:3823} INFO - Setting next_dagrun for example_branch_dop_operator_v3 to 2024-10-08 00:55:00+00:00, run_after=2024-10-08 00:56:00+00:00
[2024-10-08T00:56:47.657+0000] {processor.py:183} INFO - Processing /home/airflow/.local/lib/python3.8/site-packages/airflow/example_dags/example_branch_python_dop_operator_3.py took 1.493 seconds
[2024-10-08T00:57:18.464+0000] {processor.py:161} INFO - Started process (PID=155) to work on /home/airflow/.local/lib/python3.8/site-packages/airflow/example_dags/example_branch_python_dop_operator_3.py
[2024-10-08T00:57:18.466+0000] {processor.py:830} INFO - Processing file /home/airflow/.local/lib/python3.8/site-packages/airflow/example_dags/example_branch_python_dop_operator_3.py for tasks to queue
[2024-10-08T00:57:18.469+0000] {logging_mixin.py:188} INFO - [2024-10-08T00:57:18.469+0000] {dagbag.py:538} INFO - Filling up the DagBag from /home/airflow/.local/lib/python3.8/site-packages/airflow/example_dags/example_branch_python_dop_operator_3.py
[2024-10-08T00:57:18.482+0000] {processor.py:840} INFO - DAG(s) 'example_branch_dop_operator_v3' retrieved from /home/airflow/.local/lib/python3.8/site-packages/airflow/example_dags/example_branch_python_dop_operator_3.py
[2024-10-08T00:57:18.511+0000] {logging_mixin.py:188} INFO - [2024-10-08T00:57:18.511+0000] {dag.py:3036} INFO - Sync 1 DAGs
[2024-10-08T00:57:18.546+0000] {logging_mixin.py:188} INFO - [2024-10-08T00:57:18.546+0000] {dag.py:3823} INFO - Setting next_dagrun for example_branch_dop_operator_v3 to 2024-10-08 00:56:00+00:00, run_after=2024-10-08 00:57:00+00:00
[2024-10-08T00:57:18.582+0000] {processor.py:183} INFO - Processing /home/airflow/.local/lib/python3.8/site-packages/airflow/example_dags/example_branch_python_dop_operator_3.py took 0.122 seconds
[2024-10-08T00:57:48.643+0000] {processor.py:161} INFO - Started process (PID=217) to work on /home/airflow/.local/lib/python3.8/site-packages/airflow/example_dags/example_branch_python_dop_operator_3.py
[2024-10-08T00:57:48.645+0000] {processor.py:830} INFO - Processing file /home/airflow/.local/lib/python3.8/site-packages/airflow/example_dags/example_branch_python_dop_operator_3.py for tasks to queue
[2024-10-08T00:57:48.647+0000] {logging_mixin.py:188} INFO - [2024-10-08T00:57:48.647+0000] {dagbag.py:538} INFO - Filling up the DagBag from /home/airflow/.local/lib/python3.8/site-packages/airflow/example_dags/example_branch_python_dop_operator_3.py
[2024-10-08T00:57:48.657+0000] {processor.py:840} INFO - DAG(s) 'example_branch_dop_operator_v3' retrieved from /home/airflow/.local/lib/python3.8/site-packages/airflow/example_dags/example_branch_python_dop_operator_3.py
[2024-10-08T00:57:48.684+0000] {logging_mixin.py:188} INFO - [2024-10-08T00:57:48.683+0000] {dag.py:3036} INFO - Sync 1 DAGs
[2024-10-08T00:57:48.716+0000] {logging_mixin.py:188} INFO - [2024-10-08T00:57:48.716+0000] {dag.py:3823} INFO - Setting next_dagrun for example_branch_dop_operator_v3 to 2024-10-08 00:56:00+00:00, run_after=2024-10-08 00:57:00+00:00
[2024-10-08T00:57:48.747+0000] {processor.py:183} INFO - Processing /home/airflow/.local/lib/python3.8/site-packages/airflow/example_dags/example_branch_python_dop_operator_3.py took 0.107 seconds
[2024-10-08T00:58:19.412+0000] {processor.py:161} INFO - Started process (PID=279) to work on /home/airflow/.local/lib/python3.8/site-packages/airflow/example_dags/example_branch_python_dop_operator_3.py
[2024-10-08T00:58:19.413+0000] {processor.py:830} INFO - Processing file /home/airflow/.local/lib/python3.8/site-packages/airflow/example_dags/example_branch_python_dop_operator_3.py for tasks to queue
[2024-10-08T00:58:19.417+0000] {logging_mixin.py:188} INFO - [2024-10-08T00:58:19.416+0000] {dagbag.py:538} INFO - Filling up the DagBag from /home/airflow/.local/lib/python3.8/site-packages/airflow/example_dags/example_branch_python_dop_operator_3.py
[2024-10-08T00:58:19.429+0000] {processor.py:840} INFO - DAG(s) 'example_branch_dop_operator_v3' retrieved from /home/airflow/.local/lib/python3.8/site-packages/airflow/example_dags/example_branch_python_dop_operator_3.py
[2024-10-08T00:58:19.455+0000] {logging_mixin.py:188} INFO - [2024-10-08T00:58:19.454+0000] {dag.py:3036} INFO - Sync 1 DAGs
[2024-10-08T00:58:19.486+0000] {logging_mixin.py:188} INFO - [2024-10-08T00:58:19.485+0000] {dag.py:3823} INFO - Setting next_dagrun for example_branch_dop_operator_v3 to 2024-10-08 00:57:00+00:00, run_after=2024-10-08 00:58:00+00:00
[2024-10-08T00:58:19.510+0000] {processor.py:183} INFO - Processing /home/airflow/.local/lib/python3.8/site-packages/airflow/example_dags/example_branch_python_dop_operator_3.py took 0.101 seconds
[2024-10-08T00:58:50.155+0000] {processor.py:161} INFO - Started process (PID=339) to work on /home/airflow/.local/lib/python3.8/site-packages/airflow/example_dags/example_branch_python_dop_operator_3.py
[2024-10-08T00:58:50.158+0000] {processor.py:830} INFO - Processing file /home/airflow/.local/lib/python3.8/site-packages/airflow/example_dags/example_branch_python_dop_operator_3.py for tasks to queue
[2024-10-08T00:58:50.162+0000] {logging_mixin.py:188} INFO - [2024-10-08T00:58:50.161+0000] {dagbag.py:538} INFO - Filling up the DagBag from /home/airflow/.local/lib/python3.8/site-packages/airflow/example_dags/example_branch_python_dop_operator_3.py
[2024-10-08T00:58:50.197+0000] {processor.py:840} INFO - DAG(s) 'example_branch_dop_operator_v3' retrieved from /home/airflow/.local/lib/python3.8/site-packages/airflow/example_dags/example_branch_python_dop_operator_3.py
[2024-10-08T00:58:50.267+0000] {logging_mixin.py:188} INFO - [2024-10-08T00:58:50.266+0000] {dag.py:3036} INFO - Sync 1 DAGs
[2024-10-08T00:58:50.450+0000] {logging_mixin.py:188} INFO - [2024-10-08T00:58:50.447+0000] {dag.py:3823} INFO - Setting next_dagrun for example_branch_dop_operator_v3 to 2024-10-08 00:57:00+00:00, run_after=2024-10-08 00:58:00+00:00
[2024-10-08T00:58:50.720+0000] {processor.py:183} INFO - Processing /home/airflow/.local/lib/python3.8/site-packages/airflow/example_dags/example_branch_python_dop_operator_3.py took 0.577 seconds
[2024-10-08T00:59:21.079+0000] {processor.py:161} INFO - Started process (PID=401) to work on /home/airflow/.local/lib/python3.8/site-packages/airflow/example_dags/example_branch_python_dop_operator_3.py
[2024-10-08T00:59:21.081+0000] {processor.py:830} INFO - Processing file /home/airflow/.local/lib/python3.8/site-packages/airflow/example_dags/example_branch_python_dop_operator_3.py for tasks to queue
[2024-10-08T00:59:21.084+0000] {logging_mixin.py:188} INFO - [2024-10-08T00:59:21.084+0000] {dagbag.py:538} INFO - Filling up the DagBag from /home/airflow/.local/lib/python3.8/site-packages/airflow/example_dags/example_branch_python_dop_operator_3.py
[2024-10-08T00:59:21.095+0000] {processor.py:840} INFO - DAG(s) 'example_branch_dop_operator_v3' retrieved from /home/airflow/.local/lib/python3.8/site-packages/airflow/example_dags/example_branch_python_dop_operator_3.py
[2024-10-08T00:59:21.124+0000] {logging_mixin.py:188} INFO - [2024-10-08T00:59:21.123+0000] {dag.py:3036} INFO - Sync 1 DAGs
[2024-10-08T00:59:21.159+0000] {logging_mixin.py:188} INFO - [2024-10-08T00:59:21.159+0000] {dag.py:3823} INFO - Setting next_dagrun for example_branch_dop_operator_v3 to 2024-10-08 00:58:00+00:00, run_after=2024-10-08 00:59:00+00:00
[2024-10-08T00:59:21.191+0000] {processor.py:183} INFO - Processing /home/airflow/.local/lib/python3.8/site-packages/airflow/example_dags/example_branch_python_dop_operator_3.py took 0.115 seconds
[2024-10-08T00:59:52.391+0000] {processor.py:161} INFO - Started process (PID=463) to work on /home/airflow/.local/lib/python3.8/site-packages/airflow/example_dags/example_branch_python_dop_operator_3.py
[2024-10-08T00:59:52.393+0000] {processor.py:830} INFO - Processing file /home/airflow/.local/lib/python3.8/site-packages/airflow/example_dags/example_branch_python_dop_operator_3.py for tasks to queue
[2024-10-08T00:59:52.397+0000] {logging_mixin.py:188} INFO - [2024-10-08T00:59:52.396+0000] {dagbag.py:538} INFO - Filling up the DagBag from /home/airflow/.local/lib/python3.8/site-packages/airflow/example_dags/example_branch_python_dop_operator_3.py
[2024-10-08T00:59:52.414+0000] {processor.py:840} INFO - DAG(s) 'example_branch_dop_operator_v3' retrieved from /home/airflow/.local/lib/python3.8/site-packages/airflow/example_dags/example_branch_python_dop_operator_3.py
[2024-10-08T00:59:52.463+0000] {logging_mixin.py:188} INFO - [2024-10-08T00:59:52.462+0000] {dag.py:3036} INFO - Sync 1 DAGs
[2024-10-08T00:59:52.511+0000] {logging_mixin.py:188} INFO - [2024-10-08T00:59:52.511+0000] {dag.py:3823} INFO - Setting next_dagrun for example_branch_dop_operator_v3 to 2024-10-08 00:58:00+00:00, run_after=2024-10-08 00:59:00+00:00
[2024-10-08T00:59:52.561+0000] {processor.py:183} INFO - Processing /home/airflow/.local/lib/python3.8/site-packages/airflow/example_dags/example_branch_python_dop_operator_3.py took 0.176 seconds
[2024-10-08T01:00:23.263+0000] {processor.py:161} INFO - Started process (PID=526) to work on /home/airflow/.local/lib/python3.8/site-packages/airflow/example_dags/example_branch_python_dop_operator_3.py
[2024-10-08T01:00:23.265+0000] {processor.py:830} INFO - Processing file /home/airflow/.local/lib/python3.8/site-packages/airflow/example_dags/example_branch_python_dop_operator_3.py for tasks to queue
[2024-10-08T01:00:23.268+0000] {logging_mixin.py:188} INFO - [2024-10-08T01:00:23.267+0000] {dagbag.py:538} INFO - Filling up the DagBag from /home/airflow/.local/lib/python3.8/site-packages/airflow/example_dags/example_branch_python_dop_operator_3.py
[2024-10-08T01:00:23.282+0000] {processor.py:840} INFO - DAG(s) 'example_branch_dop_operator_v3' retrieved from /home/airflow/.local/lib/python3.8/site-packages/airflow/example_dags/example_branch_python_dop_operator_3.py
[2024-10-08T01:00:23.327+0000] {logging_mixin.py:188} INFO - [2024-10-08T01:00:23.326+0000] {dag.py:3036} INFO - Sync 1 DAGs
[2024-10-08T01:00:23.369+0000] {logging_mixin.py:188} INFO - [2024-10-08T01:00:23.369+0000] {dag.py:3823} INFO - Setting next_dagrun for example_branch_dop_operator_v3 to 2024-10-08 00:59:00+00:00, run_after=2024-10-08 01:00:00+00:00
[2024-10-08T01:00:23.406+0000] {processor.py:183} INFO - Processing /home/airflow/.local/lib/python3.8/site-packages/airflow/example_dags/example_branch_python_dop_operator_3.py took 0.149 seconds
