[2024-10-08T00:56:51.780+0000] {processor.py:161} INFO - Started process (PID=104) to work on /home/airflow/.local/lib/python3.8/site-packages/airflow/example_dags/example_sla_dag.py
[2024-10-08T00:56:51.782+0000] {processor.py:830} INFO - Processing file /home/airflow/.local/lib/python3.8/site-packages/airflow/example_dags/example_sla_dag.py for tasks to queue
[2024-10-08T00:56:51.785+0000] {logging_mixin.py:188} INFO - [2024-10-08T00:56:51.785+0000] {dagbag.py:538} INFO - Filling up the DagBag from /home/airflow/.local/lib/python3.8/site-packages/airflow/example_dags/example_sla_dag.py
[2024-10-08T00:56:51.802+0000] {processor.py:840} INFO - DAG(s) 'example_sla_dag' retrieved from /home/airflow/.local/lib/python3.8/site-packages/airflow/example_dags/example_sla_dag.py
[2024-10-08T00:56:52.070+0000] {logging_mixin.py:188} INFO - [2024-10-08T00:56:52.069+0000] {dag.py:3036} INFO - Sync 1 DAGs
[2024-10-08T00:56:52.120+0000] {logging_mixin.py:188} INFO - [2024-10-08T00:56:52.120+0000] {dag.py:3823} INFO - Setting next_dagrun for example_sla_dag to 2024-10-08 00:54:00+00:00, run_after=2024-10-08 00:56:00+00:00
[2024-10-08T00:56:52.155+0000] {processor.py:183} INFO - Processing /home/airflow/.local/lib/python3.8/site-packages/airflow/example_dags/example_sla_dag.py took 0.382 seconds
[2024-10-08T00:57:22.481+0000] {processor.py:161} INFO - Started process (PID=168) to work on /home/airflow/.local/lib/python3.8/site-packages/airflow/example_dags/example_sla_dag.py
[2024-10-08T00:57:22.483+0000] {processor.py:830} INFO - Processing file /home/airflow/.local/lib/python3.8/site-packages/airflow/example_dags/example_sla_dag.py for tasks to queue
[2024-10-08T00:57:22.485+0000] {logging_mixin.py:188} INFO - [2024-10-08T00:57:22.485+0000] {dagbag.py:538} INFO - Filling up the DagBag from /home/airflow/.local/lib/python3.8/site-packages/airflow/example_dags/example_sla_dag.py
[2024-10-08T00:57:22.495+0000] {processor.py:840} INFO - DAG(s) 'example_sla_dag' retrieved from /home/airflow/.local/lib/python3.8/site-packages/airflow/example_dags/example_sla_dag.py
[2024-10-08T00:57:22.519+0000] {logging_mixin.py:188} INFO - [2024-10-08T00:57:22.518+0000] {dag.py:3036} INFO - Sync 1 DAGs
[2024-10-08T00:57:22.551+0000] {logging_mixin.py:188} INFO - [2024-10-08T00:57:22.551+0000] {dag.py:3823} INFO - Setting next_dagrun for example_sla_dag to 2024-10-08 00:54:00+00:00, run_after=2024-10-08 00:56:00+00:00
[2024-10-08T00:57:22.590+0000] {processor.py:183} INFO - Processing /home/airflow/.local/lib/python3.8/site-packages/airflow/example_dags/example_sla_dag.py took 0.112 seconds
[2024-10-08T00:57:52.932+0000] {processor.py:161} INFO - Started process (PID=230) to work on /home/airflow/.local/lib/python3.8/site-packages/airflow/example_dags/example_sla_dag.py
[2024-10-08T00:57:52.934+0000] {processor.py:830} INFO - Processing file /home/airflow/.local/lib/python3.8/site-packages/airflow/example_dags/example_sla_dag.py for tasks to queue
[2024-10-08T00:57:52.937+0000] {logging_mixin.py:188} INFO - [2024-10-08T00:57:52.936+0000] {dagbag.py:538} INFO - Filling up the DagBag from /home/airflow/.local/lib/python3.8/site-packages/airflow/example_dags/example_sla_dag.py
[2024-10-08T00:57:52.950+0000] {processor.py:840} INFO - DAG(s) 'example_sla_dag' retrieved from /home/airflow/.local/lib/python3.8/site-packages/airflow/example_dags/example_sla_dag.py
[2024-10-08T00:57:52.990+0000] {logging_mixin.py:188} INFO - [2024-10-08T00:57:52.990+0000] {dag.py:3036} INFO - Sync 1 DAGs
[2024-10-08T00:57:53.031+0000] {logging_mixin.py:188} INFO - [2024-10-08T00:57:53.030+0000] {dag.py:3823} INFO - Setting next_dagrun for example_sla_dag to 2024-10-08 00:54:00+00:00, run_after=2024-10-08 00:56:00+00:00
[2024-10-08T00:57:53.067+0000] {processor.py:183} INFO - Processing /home/airflow/.local/lib/python3.8/site-packages/airflow/example_dags/example_sla_dag.py took 0.142 seconds
[2024-10-08T00:58:23.909+0000] {processor.py:161} INFO - Started process (PID=292) to work on /home/airflow/.local/lib/python3.8/site-packages/airflow/example_dags/example_sla_dag.py
[2024-10-08T00:58:23.910+0000] {processor.py:830} INFO - Processing file /home/airflow/.local/lib/python3.8/site-packages/airflow/example_dags/example_sla_dag.py for tasks to queue
[2024-10-08T00:58:23.913+0000] {logging_mixin.py:188} INFO - [2024-10-08T00:58:23.912+0000] {dagbag.py:538} INFO - Filling up the DagBag from /home/airflow/.local/lib/python3.8/site-packages/airflow/example_dags/example_sla_dag.py
[2024-10-08T00:58:23.924+0000] {processor.py:840} INFO - DAG(s) 'example_sla_dag' retrieved from /home/airflow/.local/lib/python3.8/site-packages/airflow/example_dags/example_sla_dag.py
[2024-10-08T00:58:23.947+0000] {logging_mixin.py:188} INFO - [2024-10-08T00:58:23.947+0000] {dag.py:3036} INFO - Sync 1 DAGs
[2024-10-08T00:58:23.978+0000] {logging_mixin.py:188} INFO - [2024-10-08T00:58:23.977+0000] {dag.py:3823} INFO - Setting next_dagrun for example_sla_dag to 2024-10-08 00:56:00+00:00, run_after=2024-10-08 00:58:00+00:00
[2024-10-08T00:58:24.006+0000] {processor.py:183} INFO - Processing /home/airflow/.local/lib/python3.8/site-packages/airflow/example_dags/example_sla_dag.py took 0.101 seconds
[2024-10-08T00:58:54.792+0000] {processor.py:161} INFO - Started process (PID=354) to work on /home/airflow/.local/lib/python3.8/site-packages/airflow/example_dags/example_sla_dag.py
[2024-10-08T00:58:54.795+0000] {processor.py:830} INFO - Processing file /home/airflow/.local/lib/python3.8/site-packages/airflow/example_dags/example_sla_dag.py for tasks to queue
[2024-10-08T00:58:54.799+0000] {logging_mixin.py:188} INFO - [2024-10-08T00:58:54.799+0000] {dagbag.py:538} INFO - Filling up the DagBag from /home/airflow/.local/lib/python3.8/site-packages/airflow/example_dags/example_sla_dag.py
[2024-10-08T00:58:54.826+0000] {processor.py:840} INFO - DAG(s) 'example_sla_dag' retrieved from /home/airflow/.local/lib/python3.8/site-packages/airflow/example_dags/example_sla_dag.py
[2024-10-08T00:58:54.868+0000] {logging_mixin.py:188} INFO - [2024-10-08T00:58:54.868+0000] {dag.py:3036} INFO - Sync 1 DAGs
[2024-10-08T00:58:54.917+0000] {logging_mixin.py:188} INFO - [2024-10-08T00:58:54.917+0000] {dag.py:3823} INFO - Setting next_dagrun for example_sla_dag to 2024-10-08 00:56:00+00:00, run_after=2024-10-08 00:58:00+00:00
[2024-10-08T00:58:54.957+0000] {processor.py:183} INFO - Processing /home/airflow/.local/lib/python3.8/site-packages/airflow/example_dags/example_sla_dag.py took 0.173 seconds
[2024-10-08T00:59:26.223+0000] {processor.py:161} INFO - Started process (PID=416) to work on /home/airflow/.local/lib/python3.8/site-packages/airflow/example_dags/example_sla_dag.py
[2024-10-08T00:59:26.226+0000] {processor.py:830} INFO - Processing file /home/airflow/.local/lib/python3.8/site-packages/airflow/example_dags/example_sla_dag.py for tasks to queue
[2024-10-08T00:59:26.230+0000] {logging_mixin.py:188} INFO - [2024-10-08T00:59:26.229+0000] {dagbag.py:538} INFO - Filling up the DagBag from /home/airflow/.local/lib/python3.8/site-packages/airflow/example_dags/example_sla_dag.py
[2024-10-08T00:59:26.246+0000] {processor.py:840} INFO - DAG(s) 'example_sla_dag' retrieved from /home/airflow/.local/lib/python3.8/site-packages/airflow/example_dags/example_sla_dag.py
[2024-10-08T00:59:26.280+0000] {logging_mixin.py:188} INFO - [2024-10-08T00:59:26.279+0000] {dag.py:3036} INFO - Sync 1 DAGs
[2024-10-08T00:59:26.328+0000] {logging_mixin.py:188} INFO - [2024-10-08T00:59:26.328+0000] {dag.py:3823} INFO - Setting next_dagrun for example_sla_dag to 2024-10-08 00:56:00+00:00, run_after=2024-10-08 00:58:00+00:00
[2024-10-08T00:59:26.371+0000] {processor.py:183} INFO - Processing /home/airflow/.local/lib/python3.8/site-packages/airflow/example_dags/example_sla_dag.py took 0.153 seconds
[2024-10-08T00:59:58.834+0000] {processor.py:161} INFO - Started process (PID=478) to work on /home/airflow/.local/lib/python3.8/site-packages/airflow/example_dags/example_sla_dag.py
[2024-10-08T00:59:58.836+0000] {processor.py:830} INFO - Processing file /home/airflow/.local/lib/python3.8/site-packages/airflow/example_dags/example_sla_dag.py for tasks to queue
[2024-10-08T00:59:58.839+0000] {logging_mixin.py:188} INFO - [2024-10-08T00:59:58.838+0000] {dagbag.py:538} INFO - Filling up the DagBag from /home/airflow/.local/lib/python3.8/site-packages/airflow/example_dags/example_sla_dag.py
[2024-10-08T00:59:58.852+0000] {processor.py:840} INFO - DAG(s) 'example_sla_dag' retrieved from /home/airflow/.local/lib/python3.8/site-packages/airflow/example_dags/example_sla_dag.py
[2024-10-08T00:59:58.886+0000] {logging_mixin.py:188} INFO - [2024-10-08T00:59:58.885+0000] {dag.py:3036} INFO - Sync 1 DAGs
[2024-10-08T00:59:58.924+0000] {logging_mixin.py:188} INFO - [2024-10-08T00:59:58.923+0000] {dag.py:3823} INFO - Setting next_dagrun for example_sla_dag to 2024-10-08 00:56:00+00:00, run_after=2024-10-08 00:58:00+00:00
[2024-10-08T00:59:58.953+0000] {processor.py:183} INFO - Processing /home/airflow/.local/lib/python3.8/site-packages/airflow/example_dags/example_sla_dag.py took 0.123 seconds
[2024-10-08T01:00:29.863+0000] {processor.py:161} INFO - Started process (PID=541) to work on /home/airflow/.local/lib/python3.8/site-packages/airflow/example_dags/example_sla_dag.py
[2024-10-08T01:00:29.865+0000] {processor.py:830} INFO - Processing file /home/airflow/.local/lib/python3.8/site-packages/airflow/example_dags/example_sla_dag.py for tasks to queue
[2024-10-08T01:00:29.869+0000] {logging_mixin.py:188} INFO - [2024-10-08T01:00:29.868+0000] {dagbag.py:538} INFO - Filling up the DagBag from /home/airflow/.local/lib/python3.8/site-packages/airflow/example_dags/example_sla_dag.py
[2024-10-08T01:00:29.881+0000] {processor.py:840} INFO - DAG(s) 'example_sla_dag' retrieved from /home/airflow/.local/lib/python3.8/site-packages/airflow/example_dags/example_sla_dag.py
[2024-10-08T01:00:29.913+0000] {logging_mixin.py:188} INFO - [2024-10-08T01:00:29.912+0000] {dag.py:3036} INFO - Sync 1 DAGs
[2024-10-08T01:00:29.951+0000] {logging_mixin.py:188} INFO - [2024-10-08T01:00:29.950+0000] {dag.py:3823} INFO - Setting next_dagrun for example_sla_dag to 2024-10-08 00:58:00+00:00, run_after=2024-10-08 01:00:00+00:00
[2024-10-08T01:00:29.981+0000] {processor.py:183} INFO - Processing /home/airflow/.local/lib/python3.8/site-packages/airflow/example_dags/example_sla_dag.py took 0.123 seconds
