[2024-10-08T00:56:48.090+0000] {processor.py:161} INFO - Started process (PID=93) to work on /home/airflow/.local/lib/python3.8/site-packages/airflow/example_dags/example_trigger_controller_dag.py
[2024-10-08T00:56:48.098+0000] {processor.py:830} INFO - Processing file /home/airflow/.local/lib/python3.8/site-packages/airflow/example_dags/example_trigger_controller_dag.py for tasks to queue
[2024-10-08T00:56:48.111+0000] {logging_mixin.py:188} INFO - [2024-10-08T00:56:48.109+0000] {dagbag.py:538} INFO - Filling up the DagBag from /home/airflow/.local/lib/python3.8/site-packages/airflow/example_dags/example_trigger_controller_dag.py
[2024-10-08T00:56:48.182+0000] {processor.py:840} INFO - DAG(s) 'example_trigger_controller_dag' retrieved from /home/airflow/.local/lib/python3.8/site-packages/airflow/example_dags/example_trigger_controller_dag.py
[2024-10-08T00:56:48.873+0000] {logging_mixin.py:188} INFO - [2024-10-08T00:56:48.873+0000] {dag.py:3036} INFO - Sync 1 DAGs
[2024-10-08T00:56:49.026+0000] {logging_mixin.py:188} INFO - [2024-10-08T00:56:49.025+0000] {dag.py:3823} INFO - Setting next_dagrun for example_trigger_controller_dag to 2021-01-01 00:00:00+00:00, run_after=2021-01-01 00:00:00+00:00
[2024-10-08T00:56:49.130+0000] {processor.py:183} INFO - Processing /home/airflow/.local/lib/python3.8/site-packages/airflow/example_dags/example_trigger_controller_dag.py took 1.151 seconds
[2024-10-08T00:57:19.495+0000] {processor.py:161} INFO - Started process (PID=157) to work on /home/airflow/.local/lib/python3.8/site-packages/airflow/example_dags/example_trigger_controller_dag.py
[2024-10-08T00:57:19.497+0000] {processor.py:830} INFO - Processing file /home/airflow/.local/lib/python3.8/site-packages/airflow/example_dags/example_trigger_controller_dag.py for tasks to queue
[2024-10-08T00:57:19.500+0000] {logging_mixin.py:188} INFO - [2024-10-08T00:57:19.499+0000] {dagbag.py:538} INFO - Filling up the DagBag from /home/airflow/.local/lib/python3.8/site-packages/airflow/example_dags/example_trigger_controller_dag.py
[2024-10-08T00:57:19.505+0000] {processor.py:840} INFO - DAG(s) 'example_trigger_controller_dag' retrieved from /home/airflow/.local/lib/python3.8/site-packages/airflow/example_dags/example_trigger_controller_dag.py
[2024-10-08T00:57:19.531+0000] {logging_mixin.py:188} INFO - [2024-10-08T00:57:19.531+0000] {dag.py:3036} INFO - Sync 1 DAGs
[2024-10-08T00:57:19.560+0000] {logging_mixin.py:188} INFO - [2024-10-08T00:57:19.560+0000] {dag.py:3823} INFO - Setting next_dagrun for example_trigger_controller_dag to 2021-01-01 00:00:00+00:00, run_after=2021-01-01 00:00:00+00:00
[2024-10-08T00:57:19.589+0000] {processor.py:183} INFO - Processing /home/airflow/.local/lib/python3.8/site-packages/airflow/example_dags/example_trigger_controller_dag.py took 0.097 seconds
[2024-10-08T00:57:49.670+0000] {processor.py:161} INFO - Started process (PID=218) to work on /home/airflow/.local/lib/python3.8/site-packages/airflow/example_dags/example_trigger_controller_dag.py
[2024-10-08T00:57:49.672+0000] {processor.py:830} INFO - Processing file /home/airflow/.local/lib/python3.8/site-packages/airflow/example_dags/example_trigger_controller_dag.py for tasks to queue
[2024-10-08T00:57:49.674+0000] {logging_mixin.py:188} INFO - [2024-10-08T00:57:49.674+0000] {dagbag.py:538} INFO - Filling up the DagBag from /home/airflow/.local/lib/python3.8/site-packages/airflow/example_dags/example_trigger_controller_dag.py
[2024-10-08T00:57:49.680+0000] {processor.py:840} INFO - DAG(s) 'example_trigger_controller_dag' retrieved from /home/airflow/.local/lib/python3.8/site-packages/airflow/example_dags/example_trigger_controller_dag.py
[2024-10-08T00:57:49.705+0000] {logging_mixin.py:188} INFO - [2024-10-08T00:57:49.704+0000] {dag.py:3036} INFO - Sync 1 DAGs
[2024-10-08T00:57:49.732+0000] {logging_mixin.py:188} INFO - [2024-10-08T00:57:49.731+0000] {dag.py:3823} INFO - Setting next_dagrun for example_trigger_controller_dag to 2021-01-01 00:00:00+00:00, run_after=2021-01-01 00:00:00+00:00
[2024-10-08T00:57:49.766+0000] {processor.py:183} INFO - Processing /home/airflow/.local/lib/python3.8/site-packages/airflow/example_dags/example_trigger_controller_dag.py took 0.102 seconds
[2024-10-08T00:58:19.879+0000] {processor.py:161} INFO - Started process (PID=280) to work on /home/airflow/.local/lib/python3.8/site-packages/airflow/example_dags/example_trigger_controller_dag.py
[2024-10-08T00:58:19.880+0000] {processor.py:830} INFO - Processing file /home/airflow/.local/lib/python3.8/site-packages/airflow/example_dags/example_trigger_controller_dag.py for tasks to queue
[2024-10-08T00:58:19.882+0000] {logging_mixin.py:188} INFO - [2024-10-08T00:58:19.882+0000] {dagbag.py:538} INFO - Filling up the DagBag from /home/airflow/.local/lib/python3.8/site-packages/airflow/example_dags/example_trigger_controller_dag.py
[2024-10-08T00:58:19.887+0000] {processor.py:840} INFO - DAG(s) 'example_trigger_controller_dag' retrieved from /home/airflow/.local/lib/python3.8/site-packages/airflow/example_dags/example_trigger_controller_dag.py
[2024-10-08T00:58:19.912+0000] {logging_mixin.py:188} INFO - [2024-10-08T00:58:19.911+0000] {dag.py:3036} INFO - Sync 1 DAGs
[2024-10-08T00:58:19.956+0000] {logging_mixin.py:188} INFO - [2024-10-08T00:58:19.956+0000] {dag.py:3823} INFO - Setting next_dagrun for example_trigger_controller_dag to 2021-01-01 00:00:00+00:00, run_after=2021-01-01 00:00:00+00:00
[2024-10-08T00:58:19.993+0000] {processor.py:183} INFO - Processing /home/airflow/.local/lib/python3.8/site-packages/airflow/example_dags/example_trigger_controller_dag.py took 0.117 seconds
[2024-10-08T00:58:50.937+0000] {processor.py:161} INFO - Started process (PID=341) to work on /home/airflow/.local/lib/python3.8/site-packages/airflow/example_dags/example_trigger_controller_dag.py
[2024-10-08T00:58:50.941+0000] {processor.py:830} INFO - Processing file /home/airflow/.local/lib/python3.8/site-packages/airflow/example_dags/example_trigger_controller_dag.py for tasks to queue
[2024-10-08T00:58:50.956+0000] {logging_mixin.py:188} INFO - [2024-10-08T00:58:50.955+0000] {dagbag.py:538} INFO - Filling up the DagBag from /home/airflow/.local/lib/python3.8/site-packages/airflow/example_dags/example_trigger_controller_dag.py
[2024-10-08T00:58:50.995+0000] {processor.py:840} INFO - DAG(s) 'example_trigger_controller_dag' retrieved from /home/airflow/.local/lib/python3.8/site-packages/airflow/example_dags/example_trigger_controller_dag.py
[2024-10-08T00:58:51.218+0000] {logging_mixin.py:188} INFO - [2024-10-08T00:58:51.217+0000] {dag.py:3036} INFO - Sync 1 DAGs
[2024-10-08T00:58:51.293+0000] {logging_mixin.py:188} INFO - [2024-10-08T00:58:51.293+0000] {dag.py:3823} INFO - Setting next_dagrun for example_trigger_controller_dag to 2021-01-01 00:00:00+00:00, run_after=2021-01-01 00:00:00+00:00
[2024-10-08T00:58:51.512+0000] {processor.py:183} INFO - Processing /home/airflow/.local/lib/python3.8/site-packages/airflow/example_dags/example_trigger_controller_dag.py took 0.592 seconds
[2024-10-08T00:59:22.096+0000] {processor.py:161} INFO - Started process (PID=402) to work on /home/airflow/.local/lib/python3.8/site-packages/airflow/example_dags/example_trigger_controller_dag.py
[2024-10-08T00:59:22.098+0000] {processor.py:830} INFO - Processing file /home/airflow/.local/lib/python3.8/site-packages/airflow/example_dags/example_trigger_controller_dag.py for tasks to queue
[2024-10-08T00:59:22.101+0000] {logging_mixin.py:188} INFO - [2024-10-08T00:59:22.100+0000] {dagbag.py:538} INFO - Filling up the DagBag from /home/airflow/.local/lib/python3.8/site-packages/airflow/example_dags/example_trigger_controller_dag.py
[2024-10-08T00:59:22.106+0000] {processor.py:840} INFO - DAG(s) 'example_trigger_controller_dag' retrieved from /home/airflow/.local/lib/python3.8/site-packages/airflow/example_dags/example_trigger_controller_dag.py
[2024-10-08T00:59:22.131+0000] {logging_mixin.py:188} INFO - [2024-10-08T00:59:22.131+0000] {dag.py:3036} INFO - Sync 1 DAGs
[2024-10-08T00:59:22.156+0000] {logging_mixin.py:188} INFO - [2024-10-08T00:59:22.156+0000] {dag.py:3823} INFO - Setting next_dagrun for example_trigger_controller_dag to 2021-01-01 00:00:00+00:00, run_after=2021-01-01 00:00:00+00:00
[2024-10-08T00:59:22.186+0000] {processor.py:183} INFO - Processing /home/airflow/.local/lib/python3.8/site-packages/airflow/example_dags/example_trigger_controller_dag.py took 0.094 seconds
[2024-10-08T00:59:52.625+0000] {processor.py:161} INFO - Started process (PID=464) to work on /home/airflow/.local/lib/python3.8/site-packages/airflow/example_dags/example_trigger_controller_dag.py
[2024-10-08T00:59:52.628+0000] {processor.py:830} INFO - Processing file /home/airflow/.local/lib/python3.8/site-packages/airflow/example_dags/example_trigger_controller_dag.py for tasks to queue
[2024-10-08T00:59:52.632+0000] {logging_mixin.py:188} INFO - [2024-10-08T00:59:52.632+0000] {dagbag.py:538} INFO - Filling up the DagBag from /home/airflow/.local/lib/python3.8/site-packages/airflow/example_dags/example_trigger_controller_dag.py
[2024-10-08T00:59:52.642+0000] {processor.py:840} INFO - DAG(s) 'example_trigger_controller_dag' retrieved from /home/airflow/.local/lib/python3.8/site-packages/airflow/example_dags/example_trigger_controller_dag.py
[2024-10-08T00:59:52.678+0000] {logging_mixin.py:188} INFO - [2024-10-08T00:59:52.677+0000] {dag.py:3036} INFO - Sync 1 DAGs
[2024-10-08T00:59:52.710+0000] {logging_mixin.py:188} INFO - [2024-10-08T00:59:52.709+0000] {dag.py:3823} INFO - Setting next_dagrun for example_trigger_controller_dag to 2021-01-01 00:00:00+00:00, run_after=2021-01-01 00:00:00+00:00
[2024-10-08T00:59:52.740+0000] {processor.py:183} INFO - Processing /home/airflow/.local/lib/python3.8/site-packages/airflow/example_dags/example_trigger_controller_dag.py took 0.121 seconds
[2024-10-08T01:00:23.453+0000] {processor.py:161} INFO - Started process (PID=527) to work on /home/airflow/.local/lib/python3.8/site-packages/airflow/example_dags/example_trigger_controller_dag.py
[2024-10-08T01:00:23.454+0000] {processor.py:830} INFO - Processing file /home/airflow/.local/lib/python3.8/site-packages/airflow/example_dags/example_trigger_controller_dag.py for tasks to queue
[2024-10-08T01:00:23.456+0000] {logging_mixin.py:188} INFO - [2024-10-08T01:00:23.456+0000] {dagbag.py:538} INFO - Filling up the DagBag from /home/airflow/.local/lib/python3.8/site-packages/airflow/example_dags/example_trigger_controller_dag.py
[2024-10-08T01:00:23.463+0000] {processor.py:840} INFO - DAG(s) 'example_trigger_controller_dag' retrieved from /home/airflow/.local/lib/python3.8/site-packages/airflow/example_dags/example_trigger_controller_dag.py
[2024-10-08T01:00:23.488+0000] {logging_mixin.py:188} INFO - [2024-10-08T01:00:23.488+0000] {dag.py:3036} INFO - Sync 1 DAGs
[2024-10-08T01:00:23.511+0000] {logging_mixin.py:188} INFO - [2024-10-08T01:00:23.511+0000] {dag.py:3823} INFO - Setting next_dagrun for example_trigger_controller_dag to 2021-01-01 00:00:00+00:00, run_after=2021-01-01 00:00:00+00:00
[2024-10-08T01:00:23.537+0000] {processor.py:183} INFO - Processing /home/airflow/.local/lib/python3.8/site-packages/airflow/example_dags/example_trigger_controller_dag.py took 0.088 seconds
