[2024-10-08T00:56:52.803+0000] {processor.py:161} INFO - Started process (PID=110) to work on /home/airflow/.local/lib/python3.8/site-packages/airflow/example_dags/example_task_group.py
[2024-10-08T00:56:52.804+0000] {processor.py:830} INFO - Processing file /home/airflow/.local/lib/python3.8/site-packages/airflow/example_dags/example_task_group.py for tasks to queue
[2024-10-08T00:56:52.809+0000] {logging_mixin.py:188} INFO - [2024-10-08T00:56:52.808+0000] {dagbag.py:538} INFO - Filling up the DagBag from /home/airflow/.local/lib/python3.8/site-packages/airflow/example_dags/example_task_group.py
[2024-10-08T00:56:52.822+0000] {processor.py:840} INFO - DAG(s) 'example_task_group' retrieved from /home/airflow/.local/lib/python3.8/site-packages/airflow/example_dags/example_task_group.py
[2024-10-08T00:56:53.185+0000] {logging_mixin.py:188} INFO - [2024-10-08T00:56:53.185+0000] {dag.py:3036} INFO - Sync 1 DAGs
[2024-10-08T00:56:53.269+0000] {logging_mixin.py:188} INFO - [2024-10-08T00:56:53.269+0000] {dag.py:3823} INFO - Setting next_dagrun for example_task_group to 2024-10-07 00:00:00+00:00, run_after=2024-10-08 00:00:00+00:00
[2024-10-08T00:56:53.303+0000] {processor.py:183} INFO - Processing /home/airflow/.local/lib/python3.8/site-packages/airflow/example_dags/example_task_group.py took 0.506 seconds
[2024-10-08T00:57:23.879+0000] {processor.py:161} INFO - Started process (PID=174) to work on /home/airflow/.local/lib/python3.8/site-packages/airflow/example_dags/example_task_group.py
[2024-10-08T00:57:23.883+0000] {processor.py:830} INFO - Processing file /home/airflow/.local/lib/python3.8/site-packages/airflow/example_dags/example_task_group.py for tasks to queue
[2024-10-08T00:57:23.885+0000] {logging_mixin.py:188} INFO - [2024-10-08T00:57:23.885+0000] {dagbag.py:538} INFO - Filling up the DagBag from /home/airflow/.local/lib/python3.8/site-packages/airflow/example_dags/example_task_group.py
[2024-10-08T00:57:23.895+0000] {processor.py:840} INFO - DAG(s) 'example_task_group' retrieved from /home/airflow/.local/lib/python3.8/site-packages/airflow/example_dags/example_task_group.py
[2024-10-08T00:57:23.965+0000] {logging_mixin.py:188} INFO - [2024-10-08T00:57:23.964+0000] {dag.py:3036} INFO - Sync 1 DAGs
[2024-10-08T00:57:24.038+0000] {logging_mixin.py:188} INFO - [2024-10-08T00:57:24.037+0000] {dag.py:3823} INFO - Setting next_dagrun for example_task_group to 2024-10-07 00:00:00+00:00, run_after=2024-10-08 00:00:00+00:00
[2024-10-08T00:57:24.134+0000] {processor.py:183} INFO - Processing /home/airflow/.local/lib/python3.8/site-packages/airflow/example_dags/example_task_group.py took 0.258 seconds
[2024-10-08T00:57:54.402+0000] {processor.py:161} INFO - Started process (PID=236) to work on /home/airflow/.local/lib/python3.8/site-packages/airflow/example_dags/example_task_group.py
[2024-10-08T00:57:54.406+0000] {processor.py:830} INFO - Processing file /home/airflow/.local/lib/python3.8/site-packages/airflow/example_dags/example_task_group.py for tasks to queue
[2024-10-08T00:57:54.412+0000] {logging_mixin.py:188} INFO - [2024-10-08T00:57:54.411+0000] {dagbag.py:538} INFO - Filling up the DagBag from /home/airflow/.local/lib/python3.8/site-packages/airflow/example_dags/example_task_group.py
[2024-10-08T00:57:54.423+0000] {processor.py:840} INFO - DAG(s) 'example_task_group' retrieved from /home/airflow/.local/lib/python3.8/site-packages/airflow/example_dags/example_task_group.py
[2024-10-08T00:57:54.458+0000] {logging_mixin.py:188} INFO - [2024-10-08T00:57:54.457+0000] {dag.py:3036} INFO - Sync 1 DAGs
[2024-10-08T00:57:54.518+0000] {logging_mixin.py:188} INFO - [2024-10-08T00:57:54.517+0000] {dag.py:3823} INFO - Setting next_dagrun for example_task_group to 2024-10-07 00:00:00+00:00, run_after=2024-10-08 00:00:00+00:00
[2024-10-08T00:57:54.572+0000] {processor.py:183} INFO - Processing /home/airflow/.local/lib/python3.8/site-packages/airflow/example_dags/example_task_group.py took 0.174 seconds
[2024-10-08T00:58:25.226+0000] {processor.py:161} INFO - Started process (PID=298) to work on /home/airflow/.local/lib/python3.8/site-packages/airflow/example_dags/example_task_group.py
[2024-10-08T00:58:25.228+0000] {processor.py:830} INFO - Processing file /home/airflow/.local/lib/python3.8/site-packages/airflow/example_dags/example_task_group.py for tasks to queue
[2024-10-08T00:58:25.231+0000] {logging_mixin.py:188} INFO - [2024-10-08T00:58:25.231+0000] {dagbag.py:538} INFO - Filling up the DagBag from /home/airflow/.local/lib/python3.8/site-packages/airflow/example_dags/example_task_group.py
[2024-10-08T00:58:25.239+0000] {processor.py:840} INFO - DAG(s) 'example_task_group' retrieved from /home/airflow/.local/lib/python3.8/site-packages/airflow/example_dags/example_task_group.py
[2024-10-08T00:58:25.275+0000] {logging_mixin.py:188} INFO - [2024-10-08T00:58:25.273+0000] {dag.py:3036} INFO - Sync 1 DAGs
[2024-10-08T00:58:25.318+0000] {logging_mixin.py:188} INFO - [2024-10-08T00:58:25.317+0000] {dag.py:3823} INFO - Setting next_dagrun for example_task_group to 2024-10-07 00:00:00+00:00, run_after=2024-10-08 00:00:00+00:00
[2024-10-08T00:58:25.357+0000] {processor.py:183} INFO - Processing /home/airflow/.local/lib/python3.8/site-packages/airflow/example_dags/example_task_group.py took 0.135 seconds
[2024-10-08T00:58:55.522+0000] {processor.py:161} INFO - Started process (PID=360) to work on /home/airflow/.local/lib/python3.8/site-packages/airflow/example_dags/example_task_group.py
[2024-10-08T00:58:55.525+0000] {processor.py:830} INFO - Processing file /home/airflow/.local/lib/python3.8/site-packages/airflow/example_dags/example_task_group.py for tasks to queue
[2024-10-08T00:58:55.530+0000] {logging_mixin.py:188} INFO - [2024-10-08T00:58:55.529+0000] {dagbag.py:538} INFO - Filling up the DagBag from /home/airflow/.local/lib/python3.8/site-packages/airflow/example_dags/example_task_group.py
[2024-10-08T00:58:55.545+0000] {processor.py:840} INFO - DAG(s) 'example_task_group' retrieved from /home/airflow/.local/lib/python3.8/site-packages/airflow/example_dags/example_task_group.py
[2024-10-08T00:58:55.586+0000] {logging_mixin.py:188} INFO - [2024-10-08T00:58:55.585+0000] {dag.py:3036} INFO - Sync 1 DAGs
[2024-10-08T00:58:55.620+0000] {logging_mixin.py:188} INFO - [2024-10-08T00:58:55.620+0000] {dag.py:3823} INFO - Setting next_dagrun for example_task_group to 2024-10-07 00:00:00+00:00, run_after=2024-10-08 00:00:00+00:00
[2024-10-08T00:58:55.653+0000] {processor.py:183} INFO - Processing /home/airflow/.local/lib/python3.8/site-packages/airflow/example_dags/example_task_group.py took 0.137 seconds
[2024-10-08T00:59:26.859+0000] {processor.py:161} INFO - Started process (PID=422) to work on /home/airflow/.local/lib/python3.8/site-packages/airflow/example_dags/example_task_group.py
[2024-10-08T00:59:26.861+0000] {processor.py:830} INFO - Processing file /home/airflow/.local/lib/python3.8/site-packages/airflow/example_dags/example_task_group.py for tasks to queue
[2024-10-08T00:59:26.863+0000] {logging_mixin.py:188} INFO - [2024-10-08T00:59:26.863+0000] {dagbag.py:538} INFO - Filling up the DagBag from /home/airflow/.local/lib/python3.8/site-packages/airflow/example_dags/example_task_group.py
[2024-10-08T00:59:26.872+0000] {processor.py:840} INFO - DAG(s) 'example_task_group' retrieved from /home/airflow/.local/lib/python3.8/site-packages/airflow/example_dags/example_task_group.py
[2024-10-08T00:59:26.904+0000] {logging_mixin.py:188} INFO - [2024-10-08T00:59:26.904+0000] {dag.py:3036} INFO - Sync 1 DAGs
[2024-10-08T00:59:26.935+0000] {logging_mixin.py:188} INFO - [2024-10-08T00:59:26.935+0000] {dag.py:3823} INFO - Setting next_dagrun for example_task_group to 2024-10-07 00:00:00+00:00, run_after=2024-10-08 00:00:00+00:00
[2024-10-08T00:59:26.968+0000] {processor.py:183} INFO - Processing /home/airflow/.local/lib/python3.8/site-packages/airflow/example_dags/example_task_group.py took 0.113 seconds
[2024-10-08T00:59:59.333+0000] {processor.py:161} INFO - Started process (PID=484) to work on /home/airflow/.local/lib/python3.8/site-packages/airflow/example_dags/example_task_group.py
[2024-10-08T00:59:59.335+0000] {processor.py:830} INFO - Processing file /home/airflow/.local/lib/python3.8/site-packages/airflow/example_dags/example_task_group.py for tasks to queue
[2024-10-08T00:59:59.338+0000] {logging_mixin.py:188} INFO - [2024-10-08T00:59:59.337+0000] {dagbag.py:538} INFO - Filling up the DagBag from /home/airflow/.local/lib/python3.8/site-packages/airflow/example_dags/example_task_group.py
[2024-10-08T00:59:59.349+0000] {processor.py:840} INFO - DAG(s) 'example_task_group' retrieved from /home/airflow/.local/lib/python3.8/site-packages/airflow/example_dags/example_task_group.py
[2024-10-08T00:59:59.377+0000] {logging_mixin.py:188} INFO - [2024-10-08T00:59:59.376+0000] {dag.py:3036} INFO - Sync 1 DAGs
[2024-10-08T00:59:59.408+0000] {logging_mixin.py:188} INFO - [2024-10-08T00:59:59.408+0000] {dag.py:3823} INFO - Setting next_dagrun for example_task_group to 2024-10-07 00:00:00+00:00, run_after=2024-10-08 00:00:00+00:00
[2024-10-08T00:59:59.441+0000] {processor.py:183} INFO - Processing /home/airflow/.local/lib/python3.8/site-packages/airflow/example_dags/example_task_group.py took 0.111 seconds
[2024-10-08T01:00:30.448+0000] {processor.py:161} INFO - Started process (PID=547) to work on /home/airflow/.local/lib/python3.8/site-packages/airflow/example_dags/example_task_group.py
[2024-10-08T01:00:30.449+0000] {processor.py:830} INFO - Processing file /home/airflow/.local/lib/python3.8/site-packages/airflow/example_dags/example_task_group.py for tasks to queue
[2024-10-08T01:00:30.452+0000] {logging_mixin.py:188} INFO - [2024-10-08T01:00:30.452+0000] {dagbag.py:538} INFO - Filling up the DagBag from /home/airflow/.local/lib/python3.8/site-packages/airflow/example_dags/example_task_group.py
[2024-10-08T01:00:30.465+0000] {processor.py:840} INFO - DAG(s) 'example_task_group' retrieved from /home/airflow/.local/lib/python3.8/site-packages/airflow/example_dags/example_task_group.py
[2024-10-08T01:00:30.508+0000] {logging_mixin.py:188} INFO - [2024-10-08T01:00:30.507+0000] {dag.py:3036} INFO - Sync 1 DAGs
[2024-10-08T01:00:30.537+0000] {logging_mixin.py:188} INFO - [2024-10-08T01:00:30.536+0000] {dag.py:3823} INFO - Setting next_dagrun for example_task_group to 2024-10-07 00:00:00+00:00, run_after=2024-10-08 00:00:00+00:00
[2024-10-08T01:00:30.597+0000] {processor.py:183} INFO - Processing /home/airflow/.local/lib/python3.8/site-packages/airflow/example_dags/example_task_group.py took 0.154 seconds
