[2024-10-08T00:56:52.340+0000] {processor.py:161} INFO - Started process (PID=107) to work on /home/airflow/.local/lib/python3.8/site-packages/airflow/example_dags/example_complex.py
[2024-10-08T00:56:52.341+0000] {processor.py:830} INFO - Processing file /home/airflow/.local/lib/python3.8/site-packages/airflow/example_dags/example_complex.py for tasks to queue
[2024-10-08T00:56:52.344+0000] {logging_mixin.py:188} INFO - [2024-10-08T00:56:52.343+0000] {dagbag.py:538} INFO - Filling up the DagBag from /home/airflow/.local/lib/python3.8/site-packages/airflow/example_dags/example_complex.py
[2024-10-08T00:56:52.360+0000] {processor.py:840} INFO - DAG(s) 'example_complex' retrieved from /home/airflow/.local/lib/python3.8/site-packages/airflow/example_dags/example_complex.py
[2024-10-08T00:56:52.521+0000] {logging_mixin.py:188} INFO - [2024-10-08T00:56:52.520+0000] {dag.py:3036} INFO - Sync 1 DAGs
[2024-10-08T00:56:52.551+0000] {logging_mixin.py:188} INFO - [2024-10-08T00:56:52.550+0000] {dag.py:3823} INFO - Setting next_dagrun for example_complex to None, run_after=None
[2024-10-08T00:56:52.594+0000] {processor.py:183} INFO - Processing /home/airflow/.local/lib/python3.8/site-packages/airflow/example_dags/example_complex.py took 0.258 seconds
[2024-10-08T00:57:22.666+0000] {processor.py:161} INFO - Started process (PID=171) to work on /home/airflow/.local/lib/python3.8/site-packages/airflow/example_dags/example_complex.py
[2024-10-08T00:57:22.669+0000] {processor.py:830} INFO - Processing file /home/airflow/.local/lib/python3.8/site-packages/airflow/example_dags/example_complex.py for tasks to queue
[2024-10-08T00:57:22.671+0000] {logging_mixin.py:188} INFO - [2024-10-08T00:57:22.671+0000] {dagbag.py:538} INFO - Filling up the DagBag from /home/airflow/.local/lib/python3.8/site-packages/airflow/example_dags/example_complex.py
[2024-10-08T00:57:22.682+0000] {processor.py:840} INFO - DAG(s) 'example_complex' retrieved from /home/airflow/.local/lib/python3.8/site-packages/airflow/example_dags/example_complex.py
[2024-10-08T00:57:22.715+0000] {logging_mixin.py:188} INFO - [2024-10-08T00:57:22.715+0000] {dag.py:3036} INFO - Sync 1 DAGs
[2024-10-08T00:57:22.729+0000] {logging_mixin.py:188} INFO - [2024-10-08T00:57:22.729+0000] {dag.py:3823} INFO - Setting next_dagrun for example_complex to None, run_after=None
[2024-10-08T00:57:22.754+0000] {processor.py:183} INFO - Processing /home/airflow/.local/lib/python3.8/site-packages/airflow/example_dags/example_complex.py took 0.091 seconds
[2024-10-08T00:57:53.172+0000] {processor.py:161} INFO - Started process (PID=233) to work on /home/airflow/.local/lib/python3.8/site-packages/airflow/example_dags/example_complex.py
[2024-10-08T00:57:53.175+0000] {processor.py:830} INFO - Processing file /home/airflow/.local/lib/python3.8/site-packages/airflow/example_dags/example_complex.py for tasks to queue
[2024-10-08T00:57:53.178+0000] {logging_mixin.py:188} INFO - [2024-10-08T00:57:53.177+0000] {dagbag.py:538} INFO - Filling up the DagBag from /home/airflow/.local/lib/python3.8/site-packages/airflow/example_dags/example_complex.py
[2024-10-08T00:57:53.201+0000] {processor.py:840} INFO - DAG(s) 'example_complex' retrieved from /home/airflow/.local/lib/python3.8/site-packages/airflow/example_dags/example_complex.py
[2024-10-08T00:57:53.249+0000] {logging_mixin.py:188} INFO - [2024-10-08T00:57:53.248+0000] {dag.py:3036} INFO - Sync 1 DAGs
[2024-10-08T00:57:53.276+0000] {logging_mixin.py:188} INFO - [2024-10-08T00:57:53.275+0000] {dag.py:3823} INFO - Setting next_dagrun for example_complex to None, run_after=None
[2024-10-08T00:57:53.336+0000] {processor.py:183} INFO - Processing /home/airflow/.local/lib/python3.8/site-packages/airflow/example_dags/example_complex.py took 0.167 seconds
[2024-10-08T00:58:24.079+0000] {processor.py:161} INFO - Started process (PID=295) to work on /home/airflow/.local/lib/python3.8/site-packages/airflow/example_dags/example_complex.py
[2024-10-08T00:58:24.081+0000] {processor.py:830} INFO - Processing file /home/airflow/.local/lib/python3.8/site-packages/airflow/example_dags/example_complex.py for tasks to queue
[2024-10-08T00:58:24.083+0000] {logging_mixin.py:188} INFO - [2024-10-08T00:58:24.082+0000] {dagbag.py:538} INFO - Filling up the DagBag from /home/airflow/.local/lib/python3.8/site-packages/airflow/example_dags/example_complex.py
[2024-10-08T00:58:24.094+0000] {processor.py:840} INFO - DAG(s) 'example_complex' retrieved from /home/airflow/.local/lib/python3.8/site-packages/airflow/example_dags/example_complex.py
[2024-10-08T00:58:24.128+0000] {logging_mixin.py:188} INFO - [2024-10-08T00:58:24.128+0000] {dag.py:3036} INFO - Sync 1 DAGs
[2024-10-08T00:58:24.146+0000] {logging_mixin.py:188} INFO - [2024-10-08T00:58:24.146+0000] {dag.py:3823} INFO - Setting next_dagrun for example_complex to None, run_after=None
[2024-10-08T00:58:24.171+0000] {processor.py:183} INFO - Processing /home/airflow/.local/lib/python3.8/site-packages/airflow/example_dags/example_complex.py took 0.095 seconds
[2024-10-08T00:58:55.084+0000] {processor.py:161} INFO - Started process (PID=357) to work on /home/airflow/.local/lib/python3.8/site-packages/airflow/example_dags/example_complex.py
[2024-10-08T00:58:55.088+0000] {processor.py:830} INFO - Processing file /home/airflow/.local/lib/python3.8/site-packages/airflow/example_dags/example_complex.py for tasks to queue
[2024-10-08T00:58:55.091+0000] {logging_mixin.py:188} INFO - [2024-10-08T00:58:55.091+0000] {dagbag.py:538} INFO - Filling up the DagBag from /home/airflow/.local/lib/python3.8/site-packages/airflow/example_dags/example_complex.py
[2024-10-08T00:58:55.112+0000] {processor.py:840} INFO - DAG(s) 'example_complex' retrieved from /home/airflow/.local/lib/python3.8/site-packages/airflow/example_dags/example_complex.py
[2024-10-08T00:58:55.159+0000] {logging_mixin.py:188} INFO - [2024-10-08T00:58:55.158+0000] {dag.py:3036} INFO - Sync 1 DAGs
[2024-10-08T00:58:55.178+0000] {logging_mixin.py:188} INFO - [2024-10-08T00:58:55.176+0000] {dag.py:3823} INFO - Setting next_dagrun for example_complex to None, run_after=None
[2024-10-08T00:58:55.213+0000] {processor.py:183} INFO - Processing /home/airflow/.local/lib/python3.8/site-packages/airflow/example_dags/example_complex.py took 0.133 seconds
[2024-10-08T00:59:26.488+0000] {processor.py:161} INFO - Started process (PID=419) to work on /home/airflow/.local/lib/python3.8/site-packages/airflow/example_dags/example_complex.py
[2024-10-08T00:59:26.496+0000] {processor.py:830} INFO - Processing file /home/airflow/.local/lib/python3.8/site-packages/airflow/example_dags/example_complex.py for tasks to queue
[2024-10-08T00:59:26.501+0000] {logging_mixin.py:188} INFO - [2024-10-08T00:59:26.499+0000] {dagbag.py:538} INFO - Filling up the DagBag from /home/airflow/.local/lib/python3.8/site-packages/airflow/example_dags/example_complex.py
[2024-10-08T00:59:26.526+0000] {processor.py:840} INFO - DAG(s) 'example_complex' retrieved from /home/airflow/.local/lib/python3.8/site-packages/airflow/example_dags/example_complex.py
[2024-10-08T00:59:26.573+0000] {logging_mixin.py:188} INFO - [2024-10-08T00:59:26.573+0000] {dag.py:3036} INFO - Sync 1 DAGs
[2024-10-08T00:59:26.589+0000] {logging_mixin.py:188} INFO - [2024-10-08T00:59:26.588+0000] {dag.py:3823} INFO - Setting next_dagrun for example_complex to None, run_after=None
[2024-10-08T00:59:26.638+0000] {processor.py:183} INFO - Processing /home/airflow/.local/lib/python3.8/site-packages/airflow/example_dags/example_complex.py took 0.158 seconds
[2024-10-08T00:59:59.029+0000] {processor.py:161} INFO - Started process (PID=481) to work on /home/airflow/.local/lib/python3.8/site-packages/airflow/example_dags/example_complex.py
[2024-10-08T00:59:59.031+0000] {processor.py:830} INFO - Processing file /home/airflow/.local/lib/python3.8/site-packages/airflow/example_dags/example_complex.py for tasks to queue
[2024-10-08T00:59:59.034+0000] {logging_mixin.py:188} INFO - [2024-10-08T00:59:59.034+0000] {dagbag.py:538} INFO - Filling up the DagBag from /home/airflow/.local/lib/python3.8/site-packages/airflow/example_dags/example_complex.py
[2024-10-08T00:59:59.047+0000] {processor.py:840} INFO - DAG(s) 'example_complex' retrieved from /home/airflow/.local/lib/python3.8/site-packages/airflow/example_dags/example_complex.py
[2024-10-08T00:59:59.086+0000] {logging_mixin.py:188} INFO - [2024-10-08T00:59:59.086+0000] {dag.py:3036} INFO - Sync 1 DAGs
[2024-10-08T00:59:59.103+0000] {logging_mixin.py:188} INFO - [2024-10-08T00:59:59.103+0000] {dag.py:3823} INFO - Setting next_dagrun for example_complex to None, run_after=None
[2024-10-08T00:59:59.136+0000] {processor.py:183} INFO - Processing /home/airflow/.local/lib/python3.8/site-packages/airflow/example_dags/example_complex.py took 0.111 seconds
[2024-10-08T01:00:30.193+0000] {processor.py:161} INFO - Started process (PID=544) to work on /home/airflow/.local/lib/python3.8/site-packages/airflow/example_dags/example_complex.py
[2024-10-08T01:00:30.195+0000] {processor.py:830} INFO - Processing file /home/airflow/.local/lib/python3.8/site-packages/airflow/example_dags/example_complex.py for tasks to queue
[2024-10-08T01:00:30.198+0000] {logging_mixin.py:188} INFO - [2024-10-08T01:00:30.198+0000] {dagbag.py:538} INFO - Filling up the DagBag from /home/airflow/.local/lib/python3.8/site-packages/airflow/example_dags/example_complex.py
[2024-10-08T01:00:30.215+0000] {processor.py:840} INFO - DAG(s) 'example_complex' retrieved from /home/airflow/.local/lib/python3.8/site-packages/airflow/example_dags/example_complex.py
[2024-10-08T01:00:30.267+0000] {logging_mixin.py:188} INFO - [2024-10-08T01:00:30.266+0000] {dag.py:3036} INFO - Sync 1 DAGs
[2024-10-08T01:00:30.286+0000] {logging_mixin.py:188} INFO - [2024-10-08T01:00:30.286+0000] {dag.py:3823} INFO - Setting next_dagrun for example_complex to None, run_after=None
[2024-10-08T01:00:30.322+0000] {processor.py:183} INFO - Processing /home/airflow/.local/lib/python3.8/site-packages/airflow/example_dags/example_complex.py took 0.132 seconds
