[2024-10-08T00:56:56.160+0000] {processor.py:161} INFO - Started process (PID=127) to work on /home/airflow/.local/lib/python3.8/site-packages/airflow/example_dags/example_time_delta_sensor_async.py
[2024-10-08T00:56:56.162+0000] {processor.py:830} INFO - Processing file /home/airflow/.local/lib/python3.8/site-packages/airflow/example_dags/example_time_delta_sensor_async.py for tasks to queue
[2024-10-08T00:56:56.164+0000] {logging_mixin.py:188} INFO - [2024-10-08T00:56:56.164+0000] {dagbag.py:538} INFO - Filling up the DagBag from /home/airflow/.local/lib/python3.8/site-packages/airflow/example_dags/example_time_delta_sensor_async.py
[2024-10-08T00:56:56.170+0000] {processor.py:840} INFO - DAG(s) 'example_time_delta_sensor_async' retrieved from /home/airflow/.local/lib/python3.8/site-packages/airflow/example_dags/example_time_delta_sensor_async.py
[2024-10-08T00:56:56.360+0000] {logging_mixin.py:188} INFO - [2024-10-08T00:56:56.360+0000] {dag.py:3036} INFO - Sync 1 DAGs
[2024-10-08T00:56:56.374+0000] {logging_mixin.py:188} INFO - [2024-10-08T00:56:56.374+0000] {dag.py:3823} INFO - Setting next_dagrun for example_time_delta_sensor_async to None, run_after=None
[2024-10-08T00:56:56.401+0000] {processor.py:183} INFO - Processing /home/airflow/.local/lib/python3.8/site-packages/airflow/example_dags/example_time_delta_sensor_async.py took 0.246 seconds
[2024-10-08T00:57:26.594+0000] {processor.py:161} INFO - Started process (PID=192) to work on /home/airflow/.local/lib/python3.8/site-packages/airflow/example_dags/example_time_delta_sensor_async.py
[2024-10-08T00:57:26.597+0000] {processor.py:830} INFO - Processing file /home/airflow/.local/lib/python3.8/site-packages/airflow/example_dags/example_time_delta_sensor_async.py for tasks to queue
[2024-10-08T00:57:26.600+0000] {logging_mixin.py:188} INFO - [2024-10-08T00:57:26.599+0000] {dagbag.py:538} INFO - Filling up the DagBag from /home/airflow/.local/lib/python3.8/site-packages/airflow/example_dags/example_time_delta_sensor_async.py
[2024-10-08T00:57:26.607+0000] {processor.py:840} INFO - DAG(s) 'example_time_delta_sensor_async' retrieved from /home/airflow/.local/lib/python3.8/site-packages/airflow/example_dags/example_time_delta_sensor_async.py
[2024-10-08T00:57:26.648+0000] {logging_mixin.py:188} INFO - [2024-10-08T00:57:26.648+0000] {dag.py:3036} INFO - Sync 1 DAGs
[2024-10-08T00:57:26.667+0000] {logging_mixin.py:188} INFO - [2024-10-08T00:57:26.667+0000] {dag.py:3823} INFO - Setting next_dagrun for example_time_delta_sensor_async to None, run_after=None
[2024-10-08T00:57:26.705+0000] {processor.py:183} INFO - Processing /home/airflow/.local/lib/python3.8/site-packages/airflow/example_dags/example_time_delta_sensor_async.py took 0.118 seconds
[2024-10-08T00:57:57.011+0000] {processor.py:161} INFO - Started process (PID=254) to work on /home/airflow/.local/lib/python3.8/site-packages/airflow/example_dags/example_time_delta_sensor_async.py
[2024-10-08T00:57:57.013+0000] {processor.py:830} INFO - Processing file /home/airflow/.local/lib/python3.8/site-packages/airflow/example_dags/example_time_delta_sensor_async.py for tasks to queue
[2024-10-08T00:57:57.016+0000] {logging_mixin.py:188} INFO - [2024-10-08T00:57:57.016+0000] {dagbag.py:538} INFO - Filling up the DagBag from /home/airflow/.local/lib/python3.8/site-packages/airflow/example_dags/example_time_delta_sensor_async.py
[2024-10-08T00:57:57.022+0000] {processor.py:840} INFO - DAG(s) 'example_time_delta_sensor_async' retrieved from /home/airflow/.local/lib/python3.8/site-packages/airflow/example_dags/example_time_delta_sensor_async.py
[2024-10-08T00:57:57.050+0000] {logging_mixin.py:188} INFO - [2024-10-08T00:57:57.050+0000] {dag.py:3036} INFO - Sync 1 DAGs
[2024-10-08T00:57:57.065+0000] {logging_mixin.py:188} INFO - [2024-10-08T00:57:57.065+0000] {dag.py:3823} INFO - Setting next_dagrun for example_time_delta_sensor_async to None, run_after=None
[2024-10-08T00:57:57.091+0000] {processor.py:183} INFO - Processing /home/airflow/.local/lib/python3.8/site-packages/airflow/example_dags/example_time_delta_sensor_async.py took 0.083 seconds
[2024-10-08T00:58:27.630+0000] {processor.py:161} INFO - Started process (PID=315) to work on /home/airflow/.local/lib/python3.8/site-packages/airflow/example_dags/example_time_delta_sensor_async.py
[2024-10-08T00:58:27.631+0000] {processor.py:830} INFO - Processing file /home/airflow/.local/lib/python3.8/site-packages/airflow/example_dags/example_time_delta_sensor_async.py for tasks to queue
[2024-10-08T00:58:27.634+0000] {logging_mixin.py:188} INFO - [2024-10-08T00:58:27.633+0000] {dagbag.py:538} INFO - Filling up the DagBag from /home/airflow/.local/lib/python3.8/site-packages/airflow/example_dags/example_time_delta_sensor_async.py
[2024-10-08T00:58:27.640+0000] {processor.py:840} INFO - DAG(s) 'example_time_delta_sensor_async' retrieved from /home/airflow/.local/lib/python3.8/site-packages/airflow/example_dags/example_time_delta_sensor_async.py
[2024-10-08T00:58:27.675+0000] {logging_mixin.py:188} INFO - [2024-10-08T00:58:27.675+0000] {dag.py:3036} INFO - Sync 1 DAGs
[2024-10-08T00:58:27.694+0000] {logging_mixin.py:188} INFO - [2024-10-08T00:58:27.693+0000] {dag.py:3823} INFO - Setting next_dagrun for example_time_delta_sensor_async to None, run_after=None
[2024-10-08T00:58:27.729+0000] {processor.py:183} INFO - Processing /home/airflow/.local/lib/python3.8/site-packages/airflow/example_dags/example_time_delta_sensor_async.py took 0.103 seconds
[2024-10-08T00:58:59.780+0000] {processor.py:161} INFO - Started process (PID=377) to work on /home/airflow/.local/lib/python3.8/site-packages/airflow/example_dags/example_time_delta_sensor_async.py
[2024-10-08T00:58:59.782+0000] {processor.py:830} INFO - Processing file /home/airflow/.local/lib/python3.8/site-packages/airflow/example_dags/example_time_delta_sensor_async.py for tasks to queue
[2024-10-08T00:58:59.785+0000] {logging_mixin.py:188} INFO - [2024-10-08T00:58:59.785+0000] {dagbag.py:538} INFO - Filling up the DagBag from /home/airflow/.local/lib/python3.8/site-packages/airflow/example_dags/example_time_delta_sensor_async.py
[2024-10-08T00:58:59.790+0000] {processor.py:840} INFO - DAG(s) 'example_time_delta_sensor_async' retrieved from /home/airflow/.local/lib/python3.8/site-packages/airflow/example_dags/example_time_delta_sensor_async.py
[2024-10-08T00:58:59.818+0000] {logging_mixin.py:188} INFO - [2024-10-08T00:58:59.817+0000] {dag.py:3036} INFO - Sync 1 DAGs
[2024-10-08T00:58:59.836+0000] {logging_mixin.py:188} INFO - [2024-10-08T00:58:59.836+0000] {dag.py:3823} INFO - Setting next_dagrun for example_time_delta_sensor_async to None, run_after=None
[2024-10-08T00:58:59.869+0000] {processor.py:183} INFO - Processing /home/airflow/.local/lib/python3.8/site-packages/airflow/example_dags/example_time_delta_sensor_async.py took 0.091 seconds
[2024-10-08T00:59:30.572+0000] {processor.py:161} INFO - Started process (PID=439) to work on /home/airflow/.local/lib/python3.8/site-packages/airflow/example_dags/example_time_delta_sensor_async.py
[2024-10-08T00:59:30.581+0000] {processor.py:830} INFO - Processing file /home/airflow/.local/lib/python3.8/site-packages/airflow/example_dags/example_time_delta_sensor_async.py for tasks to queue
[2024-10-08T00:59:30.583+0000] {logging_mixin.py:188} INFO - [2024-10-08T00:59:30.583+0000] {dagbag.py:538} INFO - Filling up the DagBag from /home/airflow/.local/lib/python3.8/site-packages/airflow/example_dags/example_time_delta_sensor_async.py
[2024-10-08T00:59:30.591+0000] {processor.py:840} INFO - DAG(s) 'example_time_delta_sensor_async' retrieved from /home/airflow/.local/lib/python3.8/site-packages/airflow/example_dags/example_time_delta_sensor_async.py
[2024-10-08T00:59:30.651+0000] {logging_mixin.py:188} INFO - [2024-10-08T00:59:30.651+0000] {dag.py:3036} INFO - Sync 1 DAGs
[2024-10-08T00:59:30.675+0000] {logging_mixin.py:188} INFO - [2024-10-08T00:59:30.675+0000] {dag.py:3823} INFO - Setting next_dagrun for example_time_delta_sensor_async to None, run_after=None
[2024-10-08T00:59:30.733+0000] {processor.py:183} INFO - Processing /home/airflow/.local/lib/python3.8/site-packages/airflow/example_dags/example_time_delta_sensor_async.py took 0.167 seconds
[2024-10-08T01:00:00.894+0000] {processor.py:161} INFO - Started process (PID=501) to work on /home/airflow/.local/lib/python3.8/site-packages/airflow/example_dags/example_time_delta_sensor_async.py
[2024-10-08T01:00:00.896+0000] {processor.py:830} INFO - Processing file /home/airflow/.local/lib/python3.8/site-packages/airflow/example_dags/example_time_delta_sensor_async.py for tasks to queue
[2024-10-08T01:00:00.898+0000] {logging_mixin.py:188} INFO - [2024-10-08T01:00:00.897+0000] {dagbag.py:538} INFO - Filling up the DagBag from /home/airflow/.local/lib/python3.8/site-packages/airflow/example_dags/example_time_delta_sensor_async.py
[2024-10-08T01:00:00.905+0000] {processor.py:840} INFO - DAG(s) 'example_time_delta_sensor_async' retrieved from /home/airflow/.local/lib/python3.8/site-packages/airflow/example_dags/example_time_delta_sensor_async.py
[2024-10-08T01:00:00.930+0000] {logging_mixin.py:188} INFO - [2024-10-08T01:00:00.930+0000] {dag.py:3036} INFO - Sync 1 DAGs
[2024-10-08T01:00:00.948+0000] {logging_mixin.py:188} INFO - [2024-10-08T01:00:00.947+0000] {dag.py:3823} INFO - Setting next_dagrun for example_time_delta_sensor_async to None, run_after=None
[2024-10-08T01:00:00.977+0000] {processor.py:183} INFO - Processing /home/airflow/.local/lib/python3.8/site-packages/airflow/example_dags/example_time_delta_sensor_async.py took 0.087 seconds
[2024-10-08T01:00:32.052+0000] {processor.py:161} INFO - Started process (PID=564) to work on /home/airflow/.local/lib/python3.8/site-packages/airflow/example_dags/example_time_delta_sensor_async.py
[2024-10-08T01:00:32.056+0000] {processor.py:830} INFO - Processing file /home/airflow/.local/lib/python3.8/site-packages/airflow/example_dags/example_time_delta_sensor_async.py for tasks to queue
[2024-10-08T01:00:32.058+0000] {logging_mixin.py:188} INFO - [2024-10-08T01:00:32.058+0000] {dagbag.py:538} INFO - Filling up the DagBag from /home/airflow/.local/lib/python3.8/site-packages/airflow/example_dags/example_time_delta_sensor_async.py
[2024-10-08T01:00:32.067+0000] {processor.py:840} INFO - DAG(s) 'example_time_delta_sensor_async' retrieved from /home/airflow/.local/lib/python3.8/site-packages/airflow/example_dags/example_time_delta_sensor_async.py
[2024-10-08T01:00:32.114+0000] {logging_mixin.py:188} INFO - [2024-10-08T01:00:32.114+0000] {dag.py:3036} INFO - Sync 1 DAGs
[2024-10-08T01:00:32.152+0000] {logging_mixin.py:188} INFO - [2024-10-08T01:00:32.151+0000] {dag.py:3823} INFO - Setting next_dagrun for example_time_delta_sensor_async to None, run_after=None
[2024-10-08T01:00:32.202+0000] {processor.py:183} INFO - Processing /home/airflow/.local/lib/python3.8/site-packages/airflow/example_dags/example_time_delta_sensor_async.py took 0.160 seconds
