[2024-10-08T00:56:54.693+0000] {processor.py:161} INFO - Started process (PID=120) to work on /home/airflow/.local/lib/python3.8/site-packages/airflow/example_dags/example_kubernetes_executor.py
[2024-10-08T00:56:54.696+0000] {processor.py:830} INFO - Processing file /home/airflow/.local/lib/python3.8/site-packages/airflow/example_dags/example_kubernetes_executor.py for tasks to queue
[2024-10-08T00:56:54.698+0000] {logging_mixin.py:188} INFO - [2024-10-08T00:56:54.698+0000] {dagbag.py:538} INFO - Filling up the DagBag from /home/airflow/.local/lib/python3.8/site-packages/airflow/example_dags/example_kubernetes_executor.py
[2024-10-08T00:56:54.725+0000] {processor.py:840} INFO - DAG(s) 'example_kubernetes_executor' retrieved from /home/airflow/.local/lib/python3.8/site-packages/airflow/example_dags/example_kubernetes_executor.py
[2024-10-08T00:56:55.015+0000] {logging_mixin.py:188} INFO - [2024-10-08T00:56:55.015+0000] {dag.py:3036} INFO - Sync 1 DAGs
[2024-10-08T00:56:55.038+0000] {logging_mixin.py:188} INFO - [2024-10-08T00:56:55.038+0000] {dag.py:3823} INFO - Setting next_dagrun for example_kubernetes_executor to None, run_after=None
[2024-10-08T00:56:55.085+0000] {processor.py:183} INFO - Processing /home/airflow/.local/lib/python3.8/site-packages/airflow/example_dags/example_kubernetes_executor.py took 0.396 seconds
[2024-10-08T00:57:25.688+0000] {processor.py:161} INFO - Started process (PID=184) to work on /home/airflow/.local/lib/python3.8/site-packages/airflow/example_dags/example_kubernetes_executor.py
[2024-10-08T00:57:25.691+0000] {processor.py:830} INFO - Processing file /home/airflow/.local/lib/python3.8/site-packages/airflow/example_dags/example_kubernetes_executor.py for tasks to queue
[2024-10-08T00:57:25.693+0000] {logging_mixin.py:188} INFO - [2024-10-08T00:57:25.693+0000] {dagbag.py:538} INFO - Filling up the DagBag from /home/airflow/.local/lib/python3.8/site-packages/airflow/example_dags/example_kubernetes_executor.py
[2024-10-08T00:57:25.718+0000] {processor.py:840} INFO - DAG(s) 'example_kubernetes_executor' retrieved from /home/airflow/.local/lib/python3.8/site-packages/airflow/example_dags/example_kubernetes_executor.py
[2024-10-08T00:57:25.785+0000] {logging_mixin.py:188} INFO - [2024-10-08T00:57:25.784+0000] {dag.py:3036} INFO - Sync 1 DAGs
[2024-10-08T00:57:25.824+0000] {logging_mixin.py:188} INFO - [2024-10-08T00:57:25.824+0000] {dag.py:3823} INFO - Setting next_dagrun for example_kubernetes_executor to None, run_after=None
[2024-10-08T00:57:25.880+0000] {processor.py:183} INFO - Processing /home/airflow/.local/lib/python3.8/site-packages/airflow/example_dags/example_kubernetes_executor.py took 0.197 seconds
[2024-10-08T00:57:56.421+0000] {processor.py:161} INFO - Started process (PID=246) to work on /home/airflow/.local/lib/python3.8/site-packages/airflow/example_dags/example_kubernetes_executor.py
[2024-10-08T00:57:56.424+0000] {processor.py:830} INFO - Processing file /home/airflow/.local/lib/python3.8/site-packages/airflow/example_dags/example_kubernetes_executor.py for tasks to queue
[2024-10-08T00:57:56.426+0000] {logging_mixin.py:188} INFO - [2024-10-08T00:57:56.426+0000] {dagbag.py:538} INFO - Filling up the DagBag from /home/airflow/.local/lib/python3.8/site-packages/airflow/example_dags/example_kubernetes_executor.py
[2024-10-08T00:57:56.442+0000] {processor.py:840} INFO - DAG(s) 'example_kubernetes_executor' retrieved from /home/airflow/.local/lib/python3.8/site-packages/airflow/example_dags/example_kubernetes_executor.py
[2024-10-08T00:57:56.487+0000] {logging_mixin.py:188} INFO - [2024-10-08T00:57:56.487+0000] {dag.py:3036} INFO - Sync 1 DAGs
[2024-10-08T00:57:56.504+0000] {logging_mixin.py:188} INFO - [2024-10-08T00:57:56.504+0000] {dag.py:3823} INFO - Setting next_dagrun for example_kubernetes_executor to None, run_after=None
[2024-10-08T00:57:56.531+0000] {processor.py:183} INFO - Processing /home/airflow/.local/lib/python3.8/site-packages/airflow/example_dags/example_kubernetes_executor.py took 0.114 seconds
[2024-10-08T00:58:27.088+0000] {processor.py:161} INFO - Started process (PID=308) to work on /home/airflow/.local/lib/python3.8/site-packages/airflow/example_dags/example_kubernetes_executor.py
[2024-10-08T00:58:27.089+0000] {processor.py:830} INFO - Processing file /home/airflow/.local/lib/python3.8/site-packages/airflow/example_dags/example_kubernetes_executor.py for tasks to queue
[2024-10-08T00:58:27.092+0000] {logging_mixin.py:188} INFO - [2024-10-08T00:58:27.091+0000] {dagbag.py:538} INFO - Filling up the DagBag from /home/airflow/.local/lib/python3.8/site-packages/airflow/example_dags/example_kubernetes_executor.py
[2024-10-08T00:58:27.110+0000] {processor.py:840} INFO - DAG(s) 'example_kubernetes_executor' retrieved from /home/airflow/.local/lib/python3.8/site-packages/airflow/example_dags/example_kubernetes_executor.py
[2024-10-08T00:58:27.169+0000] {logging_mixin.py:188} INFO - [2024-10-08T00:58:27.168+0000] {dag.py:3036} INFO - Sync 1 DAGs
[2024-10-08T00:58:27.187+0000] {logging_mixin.py:188} INFO - [2024-10-08T00:58:27.186+0000] {dag.py:3823} INFO - Setting next_dagrun for example_kubernetes_executor to None, run_after=None
[2024-10-08T00:58:27.222+0000] {processor.py:183} INFO - Processing /home/airflow/.local/lib/python3.8/site-packages/airflow/example_dags/example_kubernetes_executor.py took 0.140 seconds
[2024-10-08T00:58:58.105+0000] {processor.py:161} INFO - Started process (PID=370) to work on /home/airflow/.local/lib/python3.8/site-packages/airflow/example_dags/example_kubernetes_executor.py
[2024-10-08T00:58:58.106+0000] {processor.py:830} INFO - Processing file /home/airflow/.local/lib/python3.8/site-packages/airflow/example_dags/example_kubernetes_executor.py for tasks to queue
[2024-10-08T00:58:58.111+0000] {logging_mixin.py:188} INFO - [2024-10-08T00:58:58.110+0000] {dagbag.py:538} INFO - Filling up the DagBag from /home/airflow/.local/lib/python3.8/site-packages/airflow/example_dags/example_kubernetes_executor.py
[2024-10-08T00:58:58.131+0000] {processor.py:840} INFO - DAG(s) 'example_kubernetes_executor' retrieved from /home/airflow/.local/lib/python3.8/site-packages/airflow/example_dags/example_kubernetes_executor.py
[2024-10-08T00:58:58.184+0000] {logging_mixin.py:188} INFO - [2024-10-08T00:58:58.183+0000] {dag.py:3036} INFO - Sync 1 DAGs
[2024-10-08T00:58:58.199+0000] {logging_mixin.py:188} INFO - [2024-10-08T00:58:58.198+0000] {dag.py:3823} INFO - Setting next_dagrun for example_kubernetes_executor to None, run_after=None
[2024-10-08T00:58:58.559+0000] {processor.py:183} INFO - Processing /home/airflow/.local/lib/python3.8/site-packages/airflow/example_dags/example_kubernetes_executor.py took 0.458 seconds
[2024-10-08T00:59:28.788+0000] {processor.py:161} INFO - Started process (PID=432) to work on /home/airflow/.local/lib/python3.8/site-packages/airflow/example_dags/example_kubernetes_executor.py
[2024-10-08T00:59:28.816+0000] {processor.py:830} INFO - Processing file /home/airflow/.local/lib/python3.8/site-packages/airflow/example_dags/example_kubernetes_executor.py for tasks to queue
[2024-10-08T00:59:28.819+0000] {logging_mixin.py:188} INFO - [2024-10-08T00:59:28.818+0000] {dagbag.py:538} INFO - Filling up the DagBag from /home/airflow/.local/lib/python3.8/site-packages/airflow/example_dags/example_kubernetes_executor.py
[2024-10-08T00:59:28.837+0000] {processor.py:840} INFO - DAG(s) 'example_kubernetes_executor' retrieved from /home/airflow/.local/lib/python3.8/site-packages/airflow/example_dags/example_kubernetes_executor.py
[2024-10-08T00:59:28.892+0000] {logging_mixin.py:188} INFO - [2024-10-08T00:59:28.892+0000] {dag.py:3036} INFO - Sync 1 DAGs
[2024-10-08T00:59:28.911+0000] {logging_mixin.py:188} INFO - [2024-10-08T00:59:28.911+0000] {dag.py:3823} INFO - Setting next_dagrun for example_kubernetes_executor to None, run_after=None
[2024-10-08T00:59:28.945+0000] {processor.py:183} INFO - Processing /home/airflow/.local/lib/python3.8/site-packages/airflow/example_dags/example_kubernetes_executor.py took 0.162 seconds
[2024-10-08T01:00:00.241+0000] {processor.py:161} INFO - Started process (PID=494) to work on /home/airflow/.local/lib/python3.8/site-packages/airflow/example_dags/example_kubernetes_executor.py
[2024-10-08T01:00:00.242+0000] {processor.py:830} INFO - Processing file /home/airflow/.local/lib/python3.8/site-packages/airflow/example_dags/example_kubernetes_executor.py for tasks to queue
[2024-10-08T01:00:00.244+0000] {logging_mixin.py:188} INFO - [2024-10-08T01:00:00.244+0000] {dagbag.py:538} INFO - Filling up the DagBag from /home/airflow/.local/lib/python3.8/site-packages/airflow/example_dags/example_kubernetes_executor.py
[2024-10-08T01:00:00.261+0000] {processor.py:840} INFO - DAG(s) 'example_kubernetes_executor' retrieved from /home/airflow/.local/lib/python3.8/site-packages/airflow/example_dags/example_kubernetes_executor.py
[2024-10-08T01:00:00.308+0000] {logging_mixin.py:188} INFO - [2024-10-08T01:00:00.307+0000] {dag.py:3036} INFO - Sync 1 DAGs
[2024-10-08T01:00:00.326+0000] {logging_mixin.py:188} INFO - [2024-10-08T01:00:00.326+0000] {dag.py:3823} INFO - Setting next_dagrun for example_kubernetes_executor to None, run_after=None
[2024-10-08T01:00:00.361+0000] {processor.py:183} INFO - Processing /home/airflow/.local/lib/python3.8/site-packages/airflow/example_dags/example_kubernetes_executor.py took 0.124 seconds
[2024-10-08T01:00:31.414+0000] {processor.py:161} INFO - Started process (PID=557) to work on /home/airflow/.local/lib/python3.8/site-packages/airflow/example_dags/example_kubernetes_executor.py
[2024-10-08T01:00:31.417+0000] {processor.py:830} INFO - Processing file /home/airflow/.local/lib/python3.8/site-packages/airflow/example_dags/example_kubernetes_executor.py for tasks to queue
[2024-10-08T01:00:31.420+0000] {logging_mixin.py:188} INFO - [2024-10-08T01:00:31.420+0000] {dagbag.py:538} INFO - Filling up the DagBag from /home/airflow/.local/lib/python3.8/site-packages/airflow/example_dags/example_kubernetes_executor.py
[2024-10-08T01:00:31.437+0000] {processor.py:840} INFO - DAG(s) 'example_kubernetes_executor' retrieved from /home/airflow/.local/lib/python3.8/site-packages/airflow/example_dags/example_kubernetes_executor.py
[2024-10-08T01:00:31.483+0000] {logging_mixin.py:188} INFO - [2024-10-08T01:00:31.483+0000] {dag.py:3036} INFO - Sync 1 DAGs
[2024-10-08T01:00:31.496+0000] {logging_mixin.py:188} INFO - [2024-10-08T01:00:31.496+0000] {dag.py:3823} INFO - Setting next_dagrun for example_kubernetes_executor to None, run_after=None
[2024-10-08T01:00:31.521+0000] {processor.py:183} INFO - Processing /home/airflow/.local/lib/python3.8/site-packages/airflow/example_dags/example_kubernetes_executor.py took 0.114 seconds
