[2024-10-08T00:56:45.158+0000] {processor.py:161} INFO - Started process (PID=88) to work on /home/airflow/.local/lib/python3.8/site-packages/airflow/example_dags/example_branch_operator.py
[2024-10-08T00:56:45.161+0000] {processor.py:830} INFO - Processing file /home/airflow/.local/lib/python3.8/site-packages/airflow/example_dags/example_branch_operator.py for tasks to queue
[2024-10-08T00:56:45.163+0000] {logging_mixin.py:188} INFO - [2024-10-08T00:56:45.163+0000] {dagbag.py:538} INFO - Filling up the DagBag from /home/airflow/.local/lib/python3.8/site-packages/airflow/example_dags/example_branch_operator.py
[2024-10-08T00:56:45.195+0000] {processor.py:840} INFO - DAG(s) 'example_branch_operator' retrieved from /home/airflow/.local/lib/python3.8/site-packages/airflow/example_dags/example_branch_operator.py
[2024-10-08T00:56:45.475+0000] {logging_mixin.py:188} INFO - [2024-10-08T00:56:45.474+0000] {dag.py:3036} INFO - Sync 1 DAGs
[2024-10-08T00:56:45.533+0000] {logging_mixin.py:188} INFO - [2024-10-08T00:56:45.532+0000] {dag.py:3823} INFO - Setting next_dagrun for example_branch_operator to 2024-10-07 00:00:00+00:00, run_after=2024-10-08 00:00:00+00:00
[2024-10-08T00:56:45.588+0000] {processor.py:183} INFO - Processing /home/airflow/.local/lib/python3.8/site-packages/airflow/example_dags/example_branch_operator.py took 0.434 seconds
[2024-10-08T00:57:15.830+0000] {processor.py:161} INFO - Started process (PID=151) to work on /home/airflow/.local/lib/python3.8/site-packages/airflow/example_dags/example_branch_operator.py
[2024-10-08T00:57:15.832+0000] {processor.py:830} INFO - Processing file /home/airflow/.local/lib/python3.8/site-packages/airflow/example_dags/example_branch_operator.py for tasks to queue
[2024-10-08T00:57:15.835+0000] {logging_mixin.py:188} INFO - [2024-10-08T00:57:15.834+0000] {dagbag.py:538} INFO - Filling up the DagBag from /home/airflow/.local/lib/python3.8/site-packages/airflow/example_dags/example_branch_operator.py
[2024-10-08T00:57:15.857+0000] {processor.py:840} INFO - DAG(s) 'example_branch_operator' retrieved from /home/airflow/.local/lib/python3.8/site-packages/airflow/example_dags/example_branch_operator.py
[2024-10-08T00:57:15.901+0000] {logging_mixin.py:188} INFO - [2024-10-08T00:57:15.900+0000] {dag.py:3036} INFO - Sync 1 DAGs
[2024-10-08T00:57:15.929+0000] {logging_mixin.py:188} INFO - [2024-10-08T00:57:15.929+0000] {dag.py:3823} INFO - Setting next_dagrun for example_branch_operator to 2024-10-07 00:00:00+00:00, run_after=2024-10-08 00:00:00+00:00
[2024-10-08T00:57:15.963+0000] {processor.py:183} INFO - Processing /home/airflow/.local/lib/python3.8/site-packages/airflow/example_dags/example_branch_operator.py took 0.138 seconds
[2024-10-08T00:57:46.440+0000] {processor.py:161} INFO - Started process (PID=211) to work on /home/airflow/.local/lib/python3.8/site-packages/airflow/example_dags/example_branch_operator.py
[2024-10-08T00:57:46.442+0000] {processor.py:830} INFO - Processing file /home/airflow/.local/lib/python3.8/site-packages/airflow/example_dags/example_branch_operator.py for tasks to queue
[2024-10-08T00:57:46.445+0000] {logging_mixin.py:188} INFO - [2024-10-08T00:57:46.444+0000] {dagbag.py:538} INFO - Filling up the DagBag from /home/airflow/.local/lib/python3.8/site-packages/airflow/example_dags/example_branch_operator.py
[2024-10-08T00:57:46.468+0000] {processor.py:840} INFO - DAG(s) 'example_branch_operator' retrieved from /home/airflow/.local/lib/python3.8/site-packages/airflow/example_dags/example_branch_operator.py
[2024-10-08T00:57:46.505+0000] {logging_mixin.py:188} INFO - [2024-10-08T00:57:46.505+0000] {dag.py:3036} INFO - Sync 1 DAGs
[2024-10-08T00:57:46.534+0000] {logging_mixin.py:188} INFO - [2024-10-08T00:57:46.534+0000] {dag.py:3823} INFO - Setting next_dagrun for example_branch_operator to 2024-10-07 00:00:00+00:00, run_after=2024-10-08 00:00:00+00:00
[2024-10-08T00:57:46.564+0000] {processor.py:183} INFO - Processing /home/airflow/.local/lib/python3.8/site-packages/airflow/example_dags/example_branch_operator.py took 0.129 seconds
[2024-10-08T00:58:17.061+0000] {processor.py:161} INFO - Started process (PID=274) to work on /home/airflow/.local/lib/python3.8/site-packages/airflow/example_dags/example_branch_operator.py
[2024-10-08T00:58:17.063+0000] {processor.py:830} INFO - Processing file /home/airflow/.local/lib/python3.8/site-packages/airflow/example_dags/example_branch_operator.py for tasks to queue
[2024-10-08T00:58:17.065+0000] {logging_mixin.py:188} INFO - [2024-10-08T00:58:17.065+0000] {dagbag.py:538} INFO - Filling up the DagBag from /home/airflow/.local/lib/python3.8/site-packages/airflow/example_dags/example_branch_operator.py
[2024-10-08T00:58:17.084+0000] {processor.py:840} INFO - DAG(s) 'example_branch_operator' retrieved from /home/airflow/.local/lib/python3.8/site-packages/airflow/example_dags/example_branch_operator.py
[2024-10-08T00:58:17.126+0000] {logging_mixin.py:188} INFO - [2024-10-08T00:58:17.126+0000] {dag.py:3036} INFO - Sync 1 DAGs
[2024-10-08T00:58:17.158+0000] {logging_mixin.py:188} INFO - [2024-10-08T00:58:17.158+0000] {dag.py:3823} INFO - Setting next_dagrun for example_branch_operator to 2024-10-07 00:00:00+00:00, run_after=2024-10-08 00:00:00+00:00
[2024-10-08T00:58:17.189+0000] {processor.py:183} INFO - Processing /home/airflow/.local/lib/python3.8/site-packages/airflow/example_dags/example_branch_operator.py took 0.134 seconds
[2024-10-08T00:58:48.995+0000] {processor.py:161} INFO - Started process (PID=336) to work on /home/airflow/.local/lib/python3.8/site-packages/airflow/example_dags/example_branch_operator.py
[2024-10-08T00:58:48.997+0000] {processor.py:830} INFO - Processing file /home/airflow/.local/lib/python3.8/site-packages/airflow/example_dags/example_branch_operator.py for tasks to queue
[2024-10-08T00:58:49.000+0000] {logging_mixin.py:188} INFO - [2024-10-08T00:58:48.999+0000] {dagbag.py:538} INFO - Filling up the DagBag from /home/airflow/.local/lib/python3.8/site-packages/airflow/example_dags/example_branch_operator.py
[2024-10-08T00:58:49.053+0000] {processor.py:840} INFO - DAG(s) 'example_branch_operator' retrieved from /home/airflow/.local/lib/python3.8/site-packages/airflow/example_dags/example_branch_operator.py
[2024-10-08T00:58:49.138+0000] {logging_mixin.py:188} INFO - [2024-10-08T00:58:49.138+0000] {dag.py:3036} INFO - Sync 1 DAGs
[2024-10-08T00:58:49.401+0000] {logging_mixin.py:188} INFO - [2024-10-08T00:58:49.397+0000] {dag.py:3823} INFO - Setting next_dagrun for example_branch_operator to 2024-10-07 00:00:00+00:00, run_after=2024-10-08 00:00:00+00:00
[2024-10-08T00:58:49.546+0000] {processor.py:183} INFO - Processing /home/airflow/.local/lib/python3.8/site-packages/airflow/example_dags/example_branch_operator.py took 0.556 seconds
[2024-10-08T00:59:20.495+0000] {processor.py:161} INFO - Started process (PID=398) to work on /home/airflow/.local/lib/python3.8/site-packages/airflow/example_dags/example_branch_operator.py
[2024-10-08T00:59:20.497+0000] {processor.py:830} INFO - Processing file /home/airflow/.local/lib/python3.8/site-packages/airflow/example_dags/example_branch_operator.py for tasks to queue
[2024-10-08T00:59:20.500+0000] {logging_mixin.py:188} INFO - [2024-10-08T00:59:20.499+0000] {dagbag.py:538} INFO - Filling up the DagBag from /home/airflow/.local/lib/python3.8/site-packages/airflow/example_dags/example_branch_operator.py
[2024-10-08T00:59:20.529+0000] {processor.py:840} INFO - DAG(s) 'example_branch_operator' retrieved from /home/airflow/.local/lib/python3.8/site-packages/airflow/example_dags/example_branch_operator.py
[2024-10-08T00:59:20.570+0000] {logging_mixin.py:188} INFO - [2024-10-08T00:59:20.570+0000] {dag.py:3036} INFO - Sync 1 DAGs
[2024-10-08T00:59:20.619+0000] {logging_mixin.py:188} INFO - [2024-10-08T00:59:20.618+0000] {dag.py:3823} INFO - Setting next_dagrun for example_branch_operator to 2024-10-07 00:00:00+00:00, run_after=2024-10-08 00:00:00+00:00
[2024-10-08T00:59:20.664+0000] {processor.py:183} INFO - Processing /home/airflow/.local/lib/python3.8/site-packages/airflow/example_dags/example_branch_operator.py took 0.173 seconds
[2024-10-08T00:59:51.727+0000] {processor.py:161} INFO - Started process (PID=460) to work on /home/airflow/.local/lib/python3.8/site-packages/airflow/example_dags/example_branch_operator.py
[2024-10-08T00:59:51.732+0000] {processor.py:830} INFO - Processing file /home/airflow/.local/lib/python3.8/site-packages/airflow/example_dags/example_branch_operator.py for tasks to queue
[2024-10-08T00:59:51.736+0000] {logging_mixin.py:188} INFO - [2024-10-08T00:59:51.735+0000] {dagbag.py:538} INFO - Filling up the DagBag from /home/airflow/.local/lib/python3.8/site-packages/airflow/example_dags/example_branch_operator.py
[2024-10-08T00:59:51.799+0000] {processor.py:840} INFO - DAG(s) 'example_branch_operator' retrieved from /home/airflow/.local/lib/python3.8/site-packages/airflow/example_dags/example_branch_operator.py
[2024-10-08T00:59:51.868+0000] {logging_mixin.py:188} INFO - [2024-10-08T00:59:51.868+0000] {dag.py:3036} INFO - Sync 1 DAGs
[2024-10-08T00:59:51.903+0000] {logging_mixin.py:188} INFO - [2024-10-08T00:59:51.902+0000] {dag.py:3823} INFO - Setting next_dagrun for example_branch_operator to 2024-10-07 00:00:00+00:00, run_after=2024-10-08 00:00:00+00:00
[2024-10-08T00:59:51.962+0000] {processor.py:183} INFO - Processing /home/airflow/.local/lib/python3.8/site-packages/airflow/example_dags/example_branch_operator.py took 0.246 seconds
[2024-10-08T01:00:22.881+0000] {processor.py:161} INFO - Started process (PID=523) to work on /home/airflow/.local/lib/python3.8/site-packages/airflow/example_dags/example_branch_operator.py
[2024-10-08T01:00:22.883+0000] {processor.py:830} INFO - Processing file /home/airflow/.local/lib/python3.8/site-packages/airflow/example_dags/example_branch_operator.py for tasks to queue
[2024-10-08T01:00:22.886+0000] {logging_mixin.py:188} INFO - [2024-10-08T01:00:22.885+0000] {dagbag.py:538} INFO - Filling up the DagBag from /home/airflow/.local/lib/python3.8/site-packages/airflow/example_dags/example_branch_operator.py
[2024-10-08T01:00:22.908+0000] {processor.py:840} INFO - DAG(s) 'example_branch_operator' retrieved from /home/airflow/.local/lib/python3.8/site-packages/airflow/example_dags/example_branch_operator.py
[2024-10-08T01:00:22.942+0000] {logging_mixin.py:188} INFO - [2024-10-08T01:00:22.941+0000] {dag.py:3036} INFO - Sync 1 DAGs
[2024-10-08T01:00:22.969+0000] {logging_mixin.py:188} INFO - [2024-10-08T01:00:22.968+0000] {dag.py:3823} INFO - Setting next_dagrun for example_branch_operator to 2024-10-07 00:00:00+00:00, run_after=2024-10-08 00:00:00+00:00
[2024-10-08T01:00:22.994+0000] {processor.py:183} INFO - Processing /home/airflow/.local/lib/python3.8/site-packages/airflow/example_dags/example_branch_operator.py took 0.119 seconds
