[2024-10-08T00:56:50.764+0000] {processor.py:161} INFO - Started process (PID=99) to work on /home/airflow/.local/lib/python3.8/site-packages/airflow/example_dags/example_sensors.py
[2024-10-08T00:56:50.768+0000] {processor.py:830} INFO - Processing file /home/airflow/.local/lib/python3.8/site-packages/airflow/example_dags/example_sensors.py for tasks to queue
[2024-10-08T00:56:50.773+0000] {logging_mixin.py:188} INFO - [2024-10-08T00:56:50.772+0000] {dagbag.py:538} INFO - Filling up the DagBag from /home/airflow/.local/lib/python3.8/site-packages/airflow/example_dags/example_sensors.py
[2024-10-08T00:56:50.799+0000] {processor.py:840} INFO - DAG(s) 'example_sensors' retrieved from /home/airflow/.local/lib/python3.8/site-packages/airflow/example_dags/example_sensors.py
[2024-10-08T00:56:51.028+0000] {logging_mixin.py:188} INFO - [2024-10-08T00:56:51.027+0000] {dag.py:3036} INFO - Sync 1 DAGs
[2024-10-08T00:56:51.089+0000] {logging_mixin.py:188} INFO - [2024-10-08T00:56:51.087+0000] {dag.py:3823} INFO - Setting next_dagrun for example_sensors to None, run_after=None
[2024-10-08T00:56:51.207+0000] {processor.py:183} INFO - Processing /home/airflow/.local/lib/python3.8/site-packages/airflow/example_dags/example_sensors.py took 0.454 seconds
[2024-10-08T00:57:22.052+0000] {processor.py:161} INFO - Started process (PID=163) to work on /home/airflow/.local/lib/python3.8/site-packages/airflow/example_dags/example_sensors.py
[2024-10-08T00:57:22.054+0000] {processor.py:830} INFO - Processing file /home/airflow/.local/lib/python3.8/site-packages/airflow/example_dags/example_sensors.py for tasks to queue
[2024-10-08T00:57:22.056+0000] {logging_mixin.py:188} INFO - [2024-10-08T00:57:22.056+0000] {dagbag.py:538} INFO - Filling up the DagBag from /home/airflow/.local/lib/python3.8/site-packages/airflow/example_dags/example_sensors.py
[2024-10-08T00:57:22.066+0000] {processor.py:840} INFO - DAG(s) 'example_sensors' retrieved from /home/airflow/.local/lib/python3.8/site-packages/airflow/example_dags/example_sensors.py
[2024-10-08T00:57:22.092+0000] {logging_mixin.py:188} INFO - [2024-10-08T00:57:22.092+0000] {dag.py:3036} INFO - Sync 1 DAGs
[2024-10-08T00:57:22.107+0000] {logging_mixin.py:188} INFO - [2024-10-08T00:57:22.106+0000] {dag.py:3823} INFO - Setting next_dagrun for example_sensors to None, run_after=None
[2024-10-08T00:57:22.136+0000] {processor.py:183} INFO - Processing /home/airflow/.local/lib/python3.8/site-packages/airflow/example_dags/example_sensors.py took 0.088 seconds
[2024-10-08T00:57:52.312+0000] {processor.py:161} INFO - Started process (PID=225) to work on /home/airflow/.local/lib/python3.8/site-packages/airflow/example_dags/example_sensors.py
[2024-10-08T00:57:52.314+0000] {processor.py:830} INFO - Processing file /home/airflow/.local/lib/python3.8/site-packages/airflow/example_dags/example_sensors.py for tasks to queue
[2024-10-08T00:57:52.318+0000] {logging_mixin.py:188} INFO - [2024-10-08T00:57:52.318+0000] {dagbag.py:538} INFO - Filling up the DagBag from /home/airflow/.local/lib/python3.8/site-packages/airflow/example_dags/example_sensors.py
[2024-10-08T00:57:52.335+0000] {processor.py:840} INFO - DAG(s) 'example_sensors' retrieved from /home/airflow/.local/lib/python3.8/site-packages/airflow/example_dags/example_sensors.py
[2024-10-08T00:57:52.378+0000] {logging_mixin.py:188} INFO - [2024-10-08T00:57:52.378+0000] {dag.py:3036} INFO - Sync 1 DAGs
[2024-10-08T00:57:52.401+0000] {logging_mixin.py:188} INFO - [2024-10-08T00:57:52.400+0000] {dag.py:3823} INFO - Setting next_dagrun for example_sensors to None, run_after=None
[2024-10-08T00:57:52.440+0000] {processor.py:183} INFO - Processing /home/airflow/.local/lib/python3.8/site-packages/airflow/example_dags/example_sensors.py took 0.132 seconds
[2024-10-08T00:58:22.609+0000] {processor.py:161} INFO - Started process (PID=287) to work on /home/airflow/.local/lib/python3.8/site-packages/airflow/example_dags/example_sensors.py
[2024-10-08T00:58:22.610+0000] {processor.py:830} INFO - Processing file /home/airflow/.local/lib/python3.8/site-packages/airflow/example_dags/example_sensors.py for tasks to queue
[2024-10-08T00:58:22.613+0000] {logging_mixin.py:188} INFO - [2024-10-08T00:58:22.613+0000] {dagbag.py:538} INFO - Filling up the DagBag from /home/airflow/.local/lib/python3.8/site-packages/airflow/example_dags/example_sensors.py
[2024-10-08T00:58:22.629+0000] {processor.py:840} INFO - DAG(s) 'example_sensors' retrieved from /home/airflow/.local/lib/python3.8/site-packages/airflow/example_dags/example_sensors.py
[2024-10-08T00:58:22.673+0000] {logging_mixin.py:188} INFO - [2024-10-08T00:58:22.672+0000] {dag.py:3036} INFO - Sync 1 DAGs
[2024-10-08T00:58:22.688+0000] {logging_mixin.py:188} INFO - [2024-10-08T00:58:22.688+0000] {dag.py:3823} INFO - Setting next_dagrun for example_sensors to None, run_after=None
[2024-10-08T00:58:22.716+0000] {processor.py:183} INFO - Processing /home/airflow/.local/lib/python3.8/site-packages/airflow/example_dags/example_sensors.py took 0.110 seconds
[2024-10-08T00:58:53.988+0000] {processor.py:161} INFO - Started process (PID=349) to work on /home/airflow/.local/lib/python3.8/site-packages/airflow/example_dags/example_sensors.py
[2024-10-08T00:58:53.990+0000] {processor.py:830} INFO - Processing file /home/airflow/.local/lib/python3.8/site-packages/airflow/example_dags/example_sensors.py for tasks to queue
[2024-10-08T00:58:53.992+0000] {logging_mixin.py:188} INFO - [2024-10-08T00:58:53.991+0000] {dagbag.py:538} INFO - Filling up the DagBag from /home/airflow/.local/lib/python3.8/site-packages/airflow/example_dags/example_sensors.py
[2024-10-08T00:58:54.004+0000] {processor.py:840} INFO - DAG(s) 'example_sensors' retrieved from /home/airflow/.local/lib/python3.8/site-packages/airflow/example_dags/example_sensors.py
[2024-10-08T00:58:54.048+0000] {logging_mixin.py:188} INFO - [2024-10-08T00:58:54.048+0000] {dag.py:3036} INFO - Sync 1 DAGs
[2024-10-08T00:58:54.110+0000] {logging_mixin.py:188} INFO - [2024-10-08T00:58:54.109+0000] {dag.py:3823} INFO - Setting next_dagrun for example_sensors to None, run_after=None
[2024-10-08T00:58:54.216+0000] {processor.py:183} INFO - Processing /home/airflow/.local/lib/python3.8/site-packages/airflow/example_dags/example_sensors.py took 0.232 seconds
[2024-10-08T00:59:25.126+0000] {processor.py:161} INFO - Started process (PID=410) to work on /home/airflow/.local/lib/python3.8/site-packages/airflow/example_dags/example_sensors.py
[2024-10-08T00:59:25.128+0000] {processor.py:830} INFO - Processing file /home/airflow/.local/lib/python3.8/site-packages/airflow/example_dags/example_sensors.py for tasks to queue
[2024-10-08T00:59:25.131+0000] {logging_mixin.py:188} INFO - [2024-10-08T00:59:25.131+0000] {dagbag.py:538} INFO - Filling up the DagBag from /home/airflow/.local/lib/python3.8/site-packages/airflow/example_dags/example_sensors.py
[2024-10-08T00:59:25.142+0000] {processor.py:840} INFO - DAG(s) 'example_sensors' retrieved from /home/airflow/.local/lib/python3.8/site-packages/airflow/example_dags/example_sensors.py
[2024-10-08T00:59:25.177+0000] {logging_mixin.py:188} INFO - [2024-10-08T00:59:25.177+0000] {dag.py:3036} INFO - Sync 1 DAGs
[2024-10-08T00:59:25.194+0000] {logging_mixin.py:188} INFO - [2024-10-08T00:59:25.193+0000] {dag.py:3823} INFO - Setting next_dagrun for example_sensors to None, run_after=None
[2024-10-08T00:59:25.227+0000] {processor.py:183} INFO - Processing /home/airflow/.local/lib/python3.8/site-packages/airflow/example_dags/example_sensors.py took 0.105 seconds
[2024-10-08T00:59:55.392+0000] {processor.py:161} INFO - Started process (PID=471) to work on /home/airflow/.local/lib/python3.8/site-packages/airflow/example_dags/example_sensors.py
[2024-10-08T00:59:55.394+0000] {processor.py:830} INFO - Processing file /home/airflow/.local/lib/python3.8/site-packages/airflow/example_dags/example_sensors.py for tasks to queue
[2024-10-08T00:59:55.396+0000] {logging_mixin.py:188} INFO - [2024-10-08T00:59:55.396+0000] {dagbag.py:538} INFO - Filling up the DagBag from /home/airflow/.local/lib/python3.8/site-packages/airflow/example_dags/example_sensors.py
[2024-10-08T00:59:55.405+0000] {processor.py:840} INFO - DAG(s) 'example_sensors' retrieved from /home/airflow/.local/lib/python3.8/site-packages/airflow/example_dags/example_sensors.py
[2024-10-08T00:59:55.435+0000] {logging_mixin.py:188} INFO - [2024-10-08T00:59:55.435+0000] {dag.py:3036} INFO - Sync 1 DAGs
[2024-10-08T00:59:55.451+0000] {logging_mixin.py:188} INFO - [2024-10-08T00:59:55.450+0000] {dag.py:3823} INFO - Setting next_dagrun for example_sensors to None, run_after=None
[2024-10-08T00:59:55.478+0000] {processor.py:183} INFO - Processing /home/airflow/.local/lib/python3.8/site-packages/airflow/example_dags/example_sensors.py took 0.090 seconds
[2024-10-08T01:00:26.002+0000] {processor.py:161} INFO - Started process (PID=534) to work on /home/airflow/.local/lib/python3.8/site-packages/airflow/example_dags/example_sensors.py
[2024-10-08T01:00:26.005+0000] {processor.py:830} INFO - Processing file /home/airflow/.local/lib/python3.8/site-packages/airflow/example_dags/example_sensors.py for tasks to queue
[2024-10-08T01:00:26.008+0000] {logging_mixin.py:188} INFO - [2024-10-08T01:00:26.007+0000] {dagbag.py:538} INFO - Filling up the DagBag from /home/airflow/.local/lib/python3.8/site-packages/airflow/example_dags/example_sensors.py
[2024-10-08T01:00:26.025+0000] {processor.py:840} INFO - DAG(s) 'example_sensors' retrieved from /home/airflow/.local/lib/python3.8/site-packages/airflow/example_dags/example_sensors.py
[2024-10-08T01:00:26.061+0000] {logging_mixin.py:188} INFO - [2024-10-08T01:00:26.060+0000] {dag.py:3036} INFO - Sync 1 DAGs
[2024-10-08T01:00:26.078+0000] {logging_mixin.py:188} INFO - [2024-10-08T01:00:26.078+0000] {dag.py:3823} INFO - Setting next_dagrun for example_sensors to None, run_after=None
[2024-10-08T01:00:26.110+0000] {processor.py:183} INFO - Processing /home/airflow/.local/lib/python3.8/site-packages/airflow/example_dags/example_sensors.py took 0.112 seconds
