[2024-10-08T00:56:49.194+0000] {processor.py:161} INFO - Started process (PID=94) to work on /home/airflow/.local/lib/python3.8/site-packages/airflow/example_dags/example_nested_branch_dag.py
[2024-10-08T00:56:49.196+0000] {processor.py:830} INFO - Processing file /home/airflow/.local/lib/python3.8/site-packages/airflow/example_dags/example_nested_branch_dag.py for tasks to queue
[2024-10-08T00:56:49.199+0000] {logging_mixin.py:188} INFO - [2024-10-08T00:56:49.199+0000] {dagbag.py:538} INFO - Filling up the DagBag from /home/airflow/.local/lib/python3.8/site-packages/airflow/example_dags/example_nested_branch_dag.py
[2024-10-08T00:56:49.220+0000] {processor.py:840} INFO - DAG(s) 'example_nested_branch_dag' retrieved from /home/airflow/.local/lib/python3.8/site-packages/airflow/example_dags/example_nested_branch_dag.py
[2024-10-08T00:56:49.429+0000] {logging_mixin.py:188} INFO - [2024-10-08T00:56:49.429+0000] {dag.py:3036} INFO - Sync 1 DAGs
[2024-10-08T00:56:49.481+0000] {logging_mixin.py:188} INFO - [2024-10-08T00:56:49.480+0000] {dag.py:3823} INFO - Setting next_dagrun for example_nested_branch_dag to 2024-10-07 00:00:00+00:00, run_after=2024-10-08 00:00:00+00:00
[2024-10-08T00:56:49.562+0000] {processor.py:183} INFO - Processing /home/airflow/.local/lib/python3.8/site-packages/airflow/example_dags/example_nested_branch_dag.py took 0.373 seconds
[2024-10-08T00:57:19.629+0000] {processor.py:161} INFO - Started process (PID=158) to work on /home/airflow/.local/lib/python3.8/site-packages/airflow/example_dags/example_nested_branch_dag.py
[2024-10-08T00:57:19.630+0000] {processor.py:830} INFO - Processing file /home/airflow/.local/lib/python3.8/site-packages/airflow/example_dags/example_nested_branch_dag.py for tasks to queue
[2024-10-08T00:57:19.633+0000] {logging_mixin.py:188} INFO - [2024-10-08T00:57:19.632+0000] {dagbag.py:538} INFO - Filling up the DagBag from /home/airflow/.local/lib/python3.8/site-packages/airflow/example_dags/example_nested_branch_dag.py
[2024-10-08T00:57:19.643+0000] {processor.py:840} INFO - DAG(s) 'example_nested_branch_dag' retrieved from /home/airflow/.local/lib/python3.8/site-packages/airflow/example_dags/example_nested_branch_dag.py
[2024-10-08T00:57:19.670+0000] {logging_mixin.py:188} INFO - [2024-10-08T00:57:19.669+0000] {dag.py:3036} INFO - Sync 1 DAGs
[2024-10-08T00:57:19.695+0000] {logging_mixin.py:188} INFO - [2024-10-08T00:57:19.695+0000] {dag.py:3823} INFO - Setting next_dagrun for example_nested_branch_dag to 2024-10-07 00:00:00+00:00, run_after=2024-10-08 00:00:00+00:00
[2024-10-08T00:57:19.722+0000] {processor.py:183} INFO - Processing /home/airflow/.local/lib/python3.8/site-packages/airflow/example_dags/example_nested_branch_dag.py took 0.097 seconds
[2024-10-08T00:57:49.803+0000] {processor.py:161} INFO - Started process (PID=219) to work on /home/airflow/.local/lib/python3.8/site-packages/airflow/example_dags/example_nested_branch_dag.py
[2024-10-08T00:57:49.805+0000] {processor.py:830} INFO - Processing file /home/airflow/.local/lib/python3.8/site-packages/airflow/example_dags/example_nested_branch_dag.py for tasks to queue
[2024-10-08T00:57:49.808+0000] {logging_mixin.py:188} INFO - [2024-10-08T00:57:49.807+0000] {dagbag.py:538} INFO - Filling up the DagBag from /home/airflow/.local/lib/python3.8/site-packages/airflow/example_dags/example_nested_branch_dag.py
[2024-10-08T00:57:49.822+0000] {processor.py:840} INFO - DAG(s) 'example_nested_branch_dag' retrieved from /home/airflow/.local/lib/python3.8/site-packages/airflow/example_dags/example_nested_branch_dag.py
[2024-10-08T00:57:49.855+0000] {logging_mixin.py:188} INFO - [2024-10-08T00:57:49.855+0000] {dag.py:3036} INFO - Sync 1 DAGs
[2024-10-08T00:57:49.885+0000] {logging_mixin.py:188} INFO - [2024-10-08T00:57:49.884+0000] {dag.py:3823} INFO - Setting next_dagrun for example_nested_branch_dag to 2024-10-07 00:00:00+00:00, run_after=2024-10-08 00:00:00+00:00
[2024-10-08T00:57:49.916+0000] {processor.py:183} INFO - Processing /home/airflow/.local/lib/python3.8/site-packages/airflow/example_dags/example_nested_branch_dag.py took 0.116 seconds
[2024-10-08T00:58:20.033+0000] {processor.py:161} INFO - Started process (PID=281) to work on /home/airflow/.local/lib/python3.8/site-packages/airflow/example_dags/example_nested_branch_dag.py
[2024-10-08T00:58:20.034+0000] {processor.py:830} INFO - Processing file /home/airflow/.local/lib/python3.8/site-packages/airflow/example_dags/example_nested_branch_dag.py for tasks to queue
[2024-10-08T00:58:20.036+0000] {logging_mixin.py:188} INFO - [2024-10-08T00:58:20.036+0000] {dagbag.py:538} INFO - Filling up the DagBag from /home/airflow/.local/lib/python3.8/site-packages/airflow/example_dags/example_nested_branch_dag.py
[2024-10-08T00:58:20.046+0000] {processor.py:840} INFO - DAG(s) 'example_nested_branch_dag' retrieved from /home/airflow/.local/lib/python3.8/site-packages/airflow/example_dags/example_nested_branch_dag.py
[2024-10-08T00:58:20.073+0000] {logging_mixin.py:188} INFO - [2024-10-08T00:58:20.072+0000] {dag.py:3036} INFO - Sync 1 DAGs
[2024-10-08T00:58:20.098+0000] {logging_mixin.py:188} INFO - [2024-10-08T00:58:20.097+0000] {dag.py:3823} INFO - Setting next_dagrun for example_nested_branch_dag to 2024-10-07 00:00:00+00:00, run_after=2024-10-08 00:00:00+00:00
[2024-10-08T00:58:20.126+0000] {processor.py:183} INFO - Processing /home/airflow/.local/lib/python3.8/site-packages/airflow/example_dags/example_nested_branch_dag.py took 0.096 seconds
[2024-10-08T00:58:51.595+0000] {processor.py:161} INFO - Started process (PID=342) to work on /home/airflow/.local/lib/python3.8/site-packages/airflow/example_dags/example_nested_branch_dag.py
[2024-10-08T00:58:51.598+0000] {processor.py:830} INFO - Processing file /home/airflow/.local/lib/python3.8/site-packages/airflow/example_dags/example_nested_branch_dag.py for tasks to queue
[2024-10-08T00:58:51.602+0000] {logging_mixin.py:188} INFO - [2024-10-08T00:58:51.601+0000] {dagbag.py:538} INFO - Filling up the DagBag from /home/airflow/.local/lib/python3.8/site-packages/airflow/example_dags/example_nested_branch_dag.py
[2024-10-08T00:58:51.632+0000] {processor.py:840} INFO - DAG(s) 'example_nested_branch_dag' retrieved from /home/airflow/.local/lib/python3.8/site-packages/airflow/example_dags/example_nested_branch_dag.py
[2024-10-08T00:58:51.701+0000] {logging_mixin.py:188} INFO - [2024-10-08T00:58:51.700+0000] {dag.py:3036} INFO - Sync 1 DAGs
[2024-10-08T00:58:51.799+0000] {logging_mixin.py:188} INFO - [2024-10-08T00:58:51.796+0000] {dag.py:3823} INFO - Setting next_dagrun for example_nested_branch_dag to 2024-10-07 00:00:00+00:00, run_after=2024-10-08 00:00:00+00:00
[2024-10-08T00:58:51.911+0000] {processor.py:183} INFO - Processing /home/airflow/.local/lib/python3.8/site-packages/airflow/example_dags/example_nested_branch_dag.py took 0.321 seconds
[2024-10-08T00:59:22.097+0000] {processor.py:161} INFO - Started process (PID=403) to work on /home/airflow/.local/lib/python3.8/site-packages/airflow/example_dags/example_nested_branch_dag.py
[2024-10-08T00:59:22.100+0000] {processor.py:830} INFO - Processing file /home/airflow/.local/lib/python3.8/site-packages/airflow/example_dags/example_nested_branch_dag.py for tasks to queue
[2024-10-08T00:59:22.102+0000] {logging_mixin.py:188} INFO - [2024-10-08T00:59:22.101+0000] {dagbag.py:538} INFO - Filling up the DagBag from /home/airflow/.local/lib/python3.8/site-packages/airflow/example_dags/example_nested_branch_dag.py
[2024-10-08T00:59:22.113+0000] {processor.py:840} INFO - DAG(s) 'example_nested_branch_dag' retrieved from /home/airflow/.local/lib/python3.8/site-packages/airflow/example_dags/example_nested_branch_dag.py
[2024-10-08T00:59:22.141+0000] {logging_mixin.py:188} INFO - [2024-10-08T00:59:22.141+0000] {dag.py:3036} INFO - Sync 1 DAGs
[2024-10-08T00:59:22.171+0000] {logging_mixin.py:188} INFO - [2024-10-08T00:59:22.171+0000] {dag.py:3823} INFO - Setting next_dagrun for example_nested_branch_dag to 2024-10-07 00:00:00+00:00, run_after=2024-10-08 00:00:00+00:00
[2024-10-08T00:59:22.198+0000] {processor.py:183} INFO - Processing /home/airflow/.local/lib/python3.8/site-packages/airflow/example_dags/example_nested_branch_dag.py took 0.105 seconds
[2024-10-08T00:59:52.786+0000] {processor.py:161} INFO - Started process (PID=465) to work on /home/airflow/.local/lib/python3.8/site-packages/airflow/example_dags/example_nested_branch_dag.py
[2024-10-08T00:59:52.788+0000] {processor.py:830} INFO - Processing file /home/airflow/.local/lib/python3.8/site-packages/airflow/example_dags/example_nested_branch_dag.py for tasks to queue
[2024-10-08T00:59:52.791+0000] {logging_mixin.py:188} INFO - [2024-10-08T00:59:52.790+0000] {dagbag.py:538} INFO - Filling up the DagBag from /home/airflow/.local/lib/python3.8/site-packages/airflow/example_dags/example_nested_branch_dag.py
[2024-10-08T00:59:52.805+0000] {processor.py:840} INFO - DAG(s) 'example_nested_branch_dag' retrieved from /home/airflow/.local/lib/python3.8/site-packages/airflow/example_dags/example_nested_branch_dag.py
[2024-10-08T00:59:52.833+0000] {logging_mixin.py:188} INFO - [2024-10-08T00:59:52.833+0000] {dag.py:3036} INFO - Sync 1 DAGs
[2024-10-08T00:59:52.874+0000] {logging_mixin.py:188} INFO - [2024-10-08T00:59:52.874+0000] {dag.py:3823} INFO - Setting next_dagrun for example_nested_branch_dag to 2024-10-07 00:00:00+00:00, run_after=2024-10-08 00:00:00+00:00
[2024-10-08T00:59:52.909+0000] {processor.py:183} INFO - Processing /home/airflow/.local/lib/python3.8/site-packages/airflow/example_dags/example_nested_branch_dag.py took 0.126 seconds
[2024-10-08T01:00:23.580+0000] {processor.py:161} INFO - Started process (PID=528) to work on /home/airflow/.local/lib/python3.8/site-packages/airflow/example_dags/example_nested_branch_dag.py
[2024-10-08T01:00:23.581+0000] {processor.py:830} INFO - Processing file /home/airflow/.local/lib/python3.8/site-packages/airflow/example_dags/example_nested_branch_dag.py for tasks to queue
[2024-10-08T01:00:23.583+0000] {logging_mixin.py:188} INFO - [2024-10-08T01:00:23.583+0000] {dagbag.py:538} INFO - Filling up the DagBag from /home/airflow/.local/lib/python3.8/site-packages/airflow/example_dags/example_nested_branch_dag.py
[2024-10-08T01:00:23.594+0000] {processor.py:840} INFO - DAG(s) 'example_nested_branch_dag' retrieved from /home/airflow/.local/lib/python3.8/site-packages/airflow/example_dags/example_nested_branch_dag.py
[2024-10-08T01:00:23.625+0000] {logging_mixin.py:188} INFO - [2024-10-08T01:00:23.624+0000] {dag.py:3036} INFO - Sync 1 DAGs
[2024-10-08T01:00:23.651+0000] {logging_mixin.py:188} INFO - [2024-10-08T01:00:23.651+0000] {dag.py:3823} INFO - Setting next_dagrun for example_nested_branch_dag to 2024-10-07 00:00:00+00:00, run_after=2024-10-08 00:00:00+00:00
[2024-10-08T01:00:23.675+0000] {processor.py:183} INFO - Processing /home/airflow/.local/lib/python3.8/site-packages/airflow/example_dags/example_nested_branch_dag.py took 0.099 seconds
