[2024-10-08T00:56:51.619+0000] {processor.py:161} INFO - Started process (PID=103) to work on /home/airflow/.local/lib/python3.8/site-packages/airflow/example_dags/example_local_kubernetes_executor.py
[2024-10-08T00:56:51.621+0000] {processor.py:830} INFO - Processing file /home/airflow/.local/lib/python3.8/site-packages/airflow/example_dags/example_local_kubernetes_executor.py for tasks to queue
[2024-10-08T00:56:51.625+0000] {logging_mixin.py:188} INFO - [2024-10-08T00:56:51.625+0000] {dagbag.py:538} INFO - Filling up the DagBag from /home/airflow/.local/lib/python3.8/site-packages/airflow/example_dags/example_local_kubernetes_executor.py
[2024-10-08T00:56:51.653+0000] {processor.py:840} INFO - DAG(s) 'example_local_kubernetes_executor' retrieved from /home/airflow/.local/lib/python3.8/site-packages/airflow/example_dags/example_local_kubernetes_executor.py
[2024-10-08T00:56:51.915+0000] {logging_mixin.py:188} INFO - [2024-10-08T00:56:51.915+0000] {dag.py:3036} INFO - Sync 1 DAGs
[2024-10-08T00:56:51.936+0000] {logging_mixin.py:188} INFO - [2024-10-08T00:56:51.936+0000] {dag.py:3823} INFO - Setting next_dagrun for example_local_kubernetes_executor to None, run_after=None
[2024-10-08T00:56:51.989+0000] {processor.py:183} INFO - Processing /home/airflow/.local/lib/python3.8/site-packages/airflow/example_dags/example_local_kubernetes_executor.py took 0.375 seconds
[2024-10-08T00:57:22.354+0000] {processor.py:161} INFO - Started process (PID=167) to work on /home/airflow/.local/lib/python3.8/site-packages/airflow/example_dags/example_local_kubernetes_executor.py
[2024-10-08T00:57:22.356+0000] {processor.py:830} INFO - Processing file /home/airflow/.local/lib/python3.8/site-packages/airflow/example_dags/example_local_kubernetes_executor.py for tasks to queue
[2024-10-08T00:57:22.359+0000] {logging_mixin.py:188} INFO - [2024-10-08T00:57:22.358+0000] {dagbag.py:538} INFO - Filling up the DagBag from /home/airflow/.local/lib/python3.8/site-packages/airflow/example_dags/example_local_kubernetes_executor.py
[2024-10-08T00:57:22.368+0000] {processor.py:840} INFO - DAG(s) 'example_local_kubernetes_executor' retrieved from /home/airflow/.local/lib/python3.8/site-packages/airflow/example_dags/example_local_kubernetes_executor.py
[2024-10-08T00:57:22.408+0000] {logging_mixin.py:188} INFO - [2024-10-08T00:57:22.408+0000] {dag.py:3036} INFO - Sync 1 DAGs
[2024-10-08T00:57:22.421+0000] {logging_mixin.py:188} INFO - [2024-10-08T00:57:22.421+0000] {dag.py:3823} INFO - Setting next_dagrun for example_local_kubernetes_executor to None, run_after=None
[2024-10-08T00:57:22.444+0000] {processor.py:183} INFO - Processing /home/airflow/.local/lib/python3.8/site-packages/airflow/example_dags/example_local_kubernetes_executor.py took 0.095 seconds
[2024-10-08T00:57:52.734+0000] {processor.py:161} INFO - Started process (PID=229) to work on /home/airflow/.local/lib/python3.8/site-packages/airflow/example_dags/example_local_kubernetes_executor.py
[2024-10-08T00:57:52.735+0000] {processor.py:830} INFO - Processing file /home/airflow/.local/lib/python3.8/site-packages/airflow/example_dags/example_local_kubernetes_executor.py for tasks to queue
[2024-10-08T00:57:52.738+0000] {logging_mixin.py:188} INFO - [2024-10-08T00:57:52.737+0000] {dagbag.py:538} INFO - Filling up the DagBag from /home/airflow/.local/lib/python3.8/site-packages/airflow/example_dags/example_local_kubernetes_executor.py
[2024-10-08T00:57:52.748+0000] {processor.py:840} INFO - DAG(s) 'example_local_kubernetes_executor' retrieved from /home/airflow/.local/lib/python3.8/site-packages/airflow/example_dags/example_local_kubernetes_executor.py
[2024-10-08T00:57:52.805+0000] {logging_mixin.py:188} INFO - [2024-10-08T00:57:52.804+0000] {dag.py:3036} INFO - Sync 1 DAGs
[2024-10-08T00:57:52.826+0000] {logging_mixin.py:188} INFO - [2024-10-08T00:57:52.826+0000] {dag.py:3823} INFO - Setting next_dagrun for example_local_kubernetes_executor to None, run_after=None
[2024-10-08T00:57:52.872+0000] {processor.py:183} INFO - Processing /home/airflow/.local/lib/python3.8/site-packages/airflow/example_dags/example_local_kubernetes_executor.py took 0.141 seconds
[2024-10-08T00:58:23.780+0000] {processor.py:161} INFO - Started process (PID=291) to work on /home/airflow/.local/lib/python3.8/site-packages/airflow/example_dags/example_local_kubernetes_executor.py
[2024-10-08T00:58:23.781+0000] {processor.py:830} INFO - Processing file /home/airflow/.local/lib/python3.8/site-packages/airflow/example_dags/example_local_kubernetes_executor.py for tasks to queue
[2024-10-08T00:58:23.783+0000] {logging_mixin.py:188} INFO - [2024-10-08T00:58:23.783+0000] {dagbag.py:538} INFO - Filling up the DagBag from /home/airflow/.local/lib/python3.8/site-packages/airflow/example_dags/example_local_kubernetes_executor.py
[2024-10-08T00:58:23.793+0000] {processor.py:840} INFO - DAG(s) 'example_local_kubernetes_executor' retrieved from /home/airflow/.local/lib/python3.8/site-packages/airflow/example_dags/example_local_kubernetes_executor.py
[2024-10-08T00:58:23.836+0000] {logging_mixin.py:188} INFO - [2024-10-08T00:58:23.835+0000] {dag.py:3036} INFO - Sync 1 DAGs
[2024-10-08T00:58:23.848+0000] {logging_mixin.py:188} INFO - [2024-10-08T00:58:23.848+0000] {dag.py:3823} INFO - Setting next_dagrun for example_local_kubernetes_executor to None, run_after=None
[2024-10-08T00:58:23.876+0000] {processor.py:183} INFO - Processing /home/airflow/.local/lib/python3.8/site-packages/airflow/example_dags/example_local_kubernetes_executor.py took 0.101 seconds
[2024-10-08T00:58:54.633+0000] {processor.py:161} INFO - Started process (PID=353) to work on /home/airflow/.local/lib/python3.8/site-packages/airflow/example_dags/example_local_kubernetes_executor.py
[2024-10-08T00:58:54.635+0000] {processor.py:830} INFO - Processing file /home/airflow/.local/lib/python3.8/site-packages/airflow/example_dags/example_local_kubernetes_executor.py for tasks to queue
[2024-10-08T00:58:54.640+0000] {logging_mixin.py:188} INFO - [2024-10-08T00:58:54.639+0000] {dagbag.py:538} INFO - Filling up the DagBag from /home/airflow/.local/lib/python3.8/site-packages/airflow/example_dags/example_local_kubernetes_executor.py
[2024-10-08T00:58:54.654+0000] {processor.py:840} INFO - DAG(s) 'example_local_kubernetes_executor' retrieved from /home/airflow/.local/lib/python3.8/site-packages/airflow/example_dags/example_local_kubernetes_executor.py
[2024-10-08T00:58:54.726+0000] {logging_mixin.py:188} INFO - [2024-10-08T00:58:54.726+0000] {dag.py:3036} INFO - Sync 1 DAGs
[2024-10-08T00:58:54.760+0000] {logging_mixin.py:188} INFO - [2024-10-08T00:58:54.759+0000] {dag.py:3823} INFO - Setting next_dagrun for example_local_kubernetes_executor to None, run_after=None
[2024-10-08T00:58:54.816+0000] {processor.py:183} INFO - Processing /home/airflow/.local/lib/python3.8/site-packages/airflow/example_dags/example_local_kubernetes_executor.py took 0.189 seconds
[2024-10-08T00:59:26.045+0000] {processor.py:161} INFO - Started process (PID=415) to work on /home/airflow/.local/lib/python3.8/site-packages/airflow/example_dags/example_local_kubernetes_executor.py
[2024-10-08T00:59:26.047+0000] {processor.py:830} INFO - Processing file /home/airflow/.local/lib/python3.8/site-packages/airflow/example_dags/example_local_kubernetes_executor.py for tasks to queue
[2024-10-08T00:59:26.051+0000] {logging_mixin.py:188} INFO - [2024-10-08T00:59:26.051+0000] {dagbag.py:538} INFO - Filling up the DagBag from /home/airflow/.local/lib/python3.8/site-packages/airflow/example_dags/example_local_kubernetes_executor.py
[2024-10-08T00:59:26.063+0000] {processor.py:840} INFO - DAG(s) 'example_local_kubernetes_executor' retrieved from /home/airflow/.local/lib/python3.8/site-packages/airflow/example_dags/example_local_kubernetes_executor.py
[2024-10-08T00:59:26.122+0000] {logging_mixin.py:188} INFO - [2024-10-08T00:59:26.122+0000] {dag.py:3036} INFO - Sync 1 DAGs
[2024-10-08T00:59:26.141+0000] {logging_mixin.py:188} INFO - [2024-10-08T00:59:26.140+0000] {dag.py:3823} INFO - Setting next_dagrun for example_local_kubernetes_executor to None, run_after=None
[2024-10-08T00:59:26.172+0000] {processor.py:183} INFO - Processing /home/airflow/.local/lib/python3.8/site-packages/airflow/example_dags/example_local_kubernetes_executor.py took 0.133 seconds
[2024-10-08T00:59:58.665+0000] {processor.py:161} INFO - Started process (PID=477) to work on /home/airflow/.local/lib/python3.8/site-packages/airflow/example_dags/example_local_kubernetes_executor.py
[2024-10-08T00:59:58.667+0000] {processor.py:830} INFO - Processing file /home/airflow/.local/lib/python3.8/site-packages/airflow/example_dags/example_local_kubernetes_executor.py for tasks to queue
[2024-10-08T00:59:58.671+0000] {logging_mixin.py:188} INFO - [2024-10-08T00:59:58.671+0000] {dagbag.py:538} INFO - Filling up the DagBag from /home/airflow/.local/lib/python3.8/site-packages/airflow/example_dags/example_local_kubernetes_executor.py
[2024-10-08T00:59:58.685+0000] {processor.py:840} INFO - DAG(s) 'example_local_kubernetes_executor' retrieved from /home/airflow/.local/lib/python3.8/site-packages/airflow/example_dags/example_local_kubernetes_executor.py
[2024-10-08T00:59:58.734+0000] {logging_mixin.py:188} INFO - [2024-10-08T00:59:58.734+0000] {dag.py:3036} INFO - Sync 1 DAGs
[2024-10-08T00:59:58.751+0000] {logging_mixin.py:188} INFO - [2024-10-08T00:59:58.751+0000] {dag.py:3823} INFO - Setting next_dagrun for example_local_kubernetes_executor to None, run_after=None
[2024-10-08T00:59:58.784+0000] {processor.py:183} INFO - Processing /home/airflow/.local/lib/python3.8/site-packages/airflow/example_dags/example_local_kubernetes_executor.py took 0.125 seconds
[2024-10-08T01:00:29.670+0000] {processor.py:161} INFO - Started process (PID=540) to work on /home/airflow/.local/lib/python3.8/site-packages/airflow/example_dags/example_local_kubernetes_executor.py
[2024-10-08T01:00:29.673+0000] {processor.py:830} INFO - Processing file /home/airflow/.local/lib/python3.8/site-packages/airflow/example_dags/example_local_kubernetes_executor.py for tasks to queue
[2024-10-08T01:00:29.676+0000] {logging_mixin.py:188} INFO - [2024-10-08T01:00:29.676+0000] {dagbag.py:538} INFO - Filling up the DagBag from /home/airflow/.local/lib/python3.8/site-packages/airflow/example_dags/example_local_kubernetes_executor.py
[2024-10-08T01:00:29.690+0000] {processor.py:840} INFO - DAG(s) 'example_local_kubernetes_executor' retrieved from /home/airflow/.local/lib/python3.8/site-packages/airflow/example_dags/example_local_kubernetes_executor.py
[2024-10-08T01:00:29.745+0000] {logging_mixin.py:188} INFO - [2024-10-08T01:00:29.744+0000] {dag.py:3036} INFO - Sync 1 DAGs
[2024-10-08T01:00:29.768+0000] {logging_mixin.py:188} INFO - [2024-10-08T01:00:29.767+0000] {dag.py:3823} INFO - Setting next_dagrun for example_local_kubernetes_executor to None, run_after=None
[2024-10-08T01:00:29.811+0000] {processor.py:183} INFO - Processing /home/airflow/.local/lib/python3.8/site-packages/airflow/example_dags/example_local_kubernetes_executor.py took 0.147 seconds
