[2024-10-08T00:56:51.397+0000] {processor.py:161} INFO - Started process (PID=102) to work on /home/airflow/.local/lib/python3.8/site-packages/airflow/example_dags/example_params_ui_tutorial.py
[2024-10-08T00:56:51.399+0000] {processor.py:830} INFO - Processing file /home/airflow/.local/lib/python3.8/site-packages/airflow/example_dags/example_params_ui_tutorial.py for tasks to queue
[2024-10-08T00:56:51.402+0000] {logging_mixin.py:188} INFO - [2024-10-08T00:56:51.402+0000] {dagbag.py:538} INFO - Filling up the DagBag from /home/airflow/.local/lib/python3.8/site-packages/airflow/example_dags/example_params_ui_tutorial.py
[2024-10-08T00:56:51.423+0000] {processor.py:840} INFO - DAG(s) 'example_params_ui_tutorial' retrieved from /home/airflow/.local/lib/python3.8/site-packages/airflow/example_dags/example_params_ui_tutorial.py
[2024-10-08T00:56:51.672+0000] {logging_mixin.py:188} INFO - [2024-10-08T00:56:51.671+0000] {dag.py:3036} INFO - Sync 1 DAGs
[2024-10-08T00:56:51.685+0000] {logging_mixin.py:188} INFO - [2024-10-08T00:56:51.685+0000] {dag.py:3823} INFO - Setting next_dagrun for example_params_ui_tutorial to None, run_after=None
[2024-10-08T00:56:51.721+0000] {processor.py:183} INFO - Processing /home/airflow/.local/lib/python3.8/site-packages/airflow/example_dags/example_params_ui_tutorial.py took 0.328 seconds
[2024-10-08T00:57:22.350+0000] {processor.py:161} INFO - Started process (PID=166) to work on /home/airflow/.local/lib/python3.8/site-packages/airflow/example_dags/example_params_ui_tutorial.py
[2024-10-08T00:57:22.353+0000] {processor.py:830} INFO - Processing file /home/airflow/.local/lib/python3.8/site-packages/airflow/example_dags/example_params_ui_tutorial.py for tasks to queue
[2024-10-08T00:57:22.355+0000] {logging_mixin.py:188} INFO - [2024-10-08T00:57:22.355+0000] {dagbag.py:538} INFO - Filling up the DagBag from /home/airflow/.local/lib/python3.8/site-packages/airflow/example_dags/example_params_ui_tutorial.py
[2024-10-08T00:57:22.370+0000] {processor.py:840} INFO - DAG(s) 'example_params_ui_tutorial' retrieved from /home/airflow/.local/lib/python3.8/site-packages/airflow/example_dags/example_params_ui_tutorial.py
[2024-10-08T00:57:22.436+0000] {logging_mixin.py:188} INFO - [2024-10-08T00:57:22.435+0000] {dag.py:3036} INFO - Sync 1 DAGs
[2024-10-08T00:57:22.450+0000] {logging_mixin.py:188} INFO - [2024-10-08T00:57:22.449+0000] {dag.py:3823} INFO - Setting next_dagrun for example_params_ui_tutorial to None, run_after=None
[2024-10-08T00:57:22.476+0000] {processor.py:183} INFO - Processing /home/airflow/.local/lib/python3.8/site-packages/airflow/example_dags/example_params_ui_tutorial.py took 0.131 seconds
[2024-10-08T00:57:52.734+0000] {processor.py:161} INFO - Started process (PID=228) to work on /home/airflow/.local/lib/python3.8/site-packages/airflow/example_dags/example_params_ui_tutorial.py
[2024-10-08T00:57:52.735+0000] {processor.py:830} INFO - Processing file /home/airflow/.local/lib/python3.8/site-packages/airflow/example_dags/example_params_ui_tutorial.py for tasks to queue
[2024-10-08T00:57:52.738+0000] {logging_mixin.py:188} INFO - [2024-10-08T00:57:52.737+0000] {dagbag.py:538} INFO - Filling up the DagBag from /home/airflow/.local/lib/python3.8/site-packages/airflow/example_dags/example_params_ui_tutorial.py
[2024-10-08T00:57:52.755+0000] {processor.py:840} INFO - DAG(s) 'example_params_ui_tutorial' retrieved from /home/airflow/.local/lib/python3.8/site-packages/airflow/example_dags/example_params_ui_tutorial.py
[2024-10-08T00:57:52.860+0000] {logging_mixin.py:188} INFO - [2024-10-08T00:57:52.859+0000] {dag.py:3036} INFO - Sync 1 DAGs
[2024-10-08T00:57:52.886+0000] {logging_mixin.py:188} INFO - [2024-10-08T00:57:52.885+0000] {dag.py:3823} INFO - Setting next_dagrun for example_params_ui_tutorial to None, run_after=None
[2024-10-08T00:57:52.936+0000] {processor.py:183} INFO - Processing /home/airflow/.local/lib/python3.8/site-packages/airflow/example_dags/example_params_ui_tutorial.py took 0.206 seconds
[2024-10-08T00:58:23.780+0000] {processor.py:161} INFO - Started process (PID=290) to work on /home/airflow/.local/lib/python3.8/site-packages/airflow/example_dags/example_params_ui_tutorial.py
[2024-10-08T00:58:23.781+0000] {processor.py:830} INFO - Processing file /home/airflow/.local/lib/python3.8/site-packages/airflow/example_dags/example_params_ui_tutorial.py for tasks to queue
[2024-10-08T00:58:23.783+0000] {logging_mixin.py:188} INFO - [2024-10-08T00:58:23.783+0000] {dagbag.py:538} INFO - Filling up the DagBag from /home/airflow/.local/lib/python3.8/site-packages/airflow/example_dags/example_params_ui_tutorial.py
[2024-10-08T00:58:23.797+0000] {processor.py:840} INFO - DAG(s) 'example_params_ui_tutorial' retrieved from /home/airflow/.local/lib/python3.8/site-packages/airflow/example_dags/example_params_ui_tutorial.py
[2024-10-08T00:58:23.861+0000] {logging_mixin.py:188} INFO - [2024-10-08T00:58:23.860+0000] {dag.py:3036} INFO - Sync 1 DAGs
[2024-10-08T00:58:23.875+0000] {logging_mixin.py:188} INFO - [2024-10-08T00:58:23.875+0000] {dag.py:3823} INFO - Setting next_dagrun for example_params_ui_tutorial to None, run_after=None
[2024-10-08T00:58:23.902+0000] {processor.py:183} INFO - Processing /home/airflow/.local/lib/python3.8/site-packages/airflow/example_dags/example_params_ui_tutorial.py took 0.127 seconds
[2024-10-08T00:58:54.514+0000] {processor.py:161} INFO - Started process (PID=352) to work on /home/airflow/.local/lib/python3.8/site-packages/airflow/example_dags/example_params_ui_tutorial.py
[2024-10-08T00:58:54.516+0000] {processor.py:830} INFO - Processing file /home/airflow/.local/lib/python3.8/site-packages/airflow/example_dags/example_params_ui_tutorial.py for tasks to queue
[2024-10-08T00:58:54.519+0000] {logging_mixin.py:188} INFO - [2024-10-08T00:58:54.519+0000] {dagbag.py:538} INFO - Filling up the DagBag from /home/airflow/.local/lib/python3.8/site-packages/airflow/example_dags/example_params_ui_tutorial.py
[2024-10-08T00:58:54.541+0000] {processor.py:840} INFO - DAG(s) 'example_params_ui_tutorial' retrieved from /home/airflow/.local/lib/python3.8/site-packages/airflow/example_dags/example_params_ui_tutorial.py
[2024-10-08T00:58:54.653+0000] {logging_mixin.py:188} INFO - [2024-10-08T00:58:54.652+0000] {dag.py:3036} INFO - Sync 1 DAGs
[2024-10-08T00:58:54.679+0000] {logging_mixin.py:188} INFO - [2024-10-08T00:58:54.678+0000] {dag.py:3823} INFO - Setting next_dagrun for example_params_ui_tutorial to None, run_after=None
[2024-10-08T00:58:54.719+0000] {processor.py:183} INFO - Processing /home/airflow/.local/lib/python3.8/site-packages/airflow/example_dags/example_params_ui_tutorial.py took 0.210 seconds
[2024-10-08T00:59:25.730+0000] {processor.py:161} INFO - Started process (PID=414) to work on /home/airflow/.local/lib/python3.8/site-packages/airflow/example_dags/example_params_ui_tutorial.py
[2024-10-08T00:59:25.734+0000] {processor.py:830} INFO - Processing file /home/airflow/.local/lib/python3.8/site-packages/airflow/example_dags/example_params_ui_tutorial.py for tasks to queue
[2024-10-08T00:59:25.738+0000] {logging_mixin.py:188} INFO - [2024-10-08T00:59:25.738+0000] {dagbag.py:538} INFO - Filling up the DagBag from /home/airflow/.local/lib/python3.8/site-packages/airflow/example_dags/example_params_ui_tutorial.py
[2024-10-08T00:59:25.760+0000] {processor.py:840} INFO - DAG(s) 'example_params_ui_tutorial' retrieved from /home/airflow/.local/lib/python3.8/site-packages/airflow/example_dags/example_params_ui_tutorial.py
[2024-10-08T00:59:25.897+0000] {logging_mixin.py:188} INFO - [2024-10-08T00:59:25.896+0000] {dag.py:3036} INFO - Sync 1 DAGs
[2024-10-08T00:59:25.918+0000] {logging_mixin.py:188} INFO - [2024-10-08T00:59:25.917+0000] {dag.py:3823} INFO - Setting next_dagrun for example_params_ui_tutorial to None, run_after=None
[2024-10-08T00:59:25.982+0000] {processor.py:183} INFO - Processing /home/airflow/.local/lib/python3.8/site-packages/airflow/example_dags/example_params_ui_tutorial.py took 0.257 seconds
[2024-10-08T00:59:58.414+0000] {processor.py:161} INFO - Started process (PID=476) to work on /home/airflow/.local/lib/python3.8/site-packages/airflow/example_dags/example_params_ui_tutorial.py
[2024-10-08T00:59:58.417+0000] {processor.py:830} INFO - Processing file /home/airflow/.local/lib/python3.8/site-packages/airflow/example_dags/example_params_ui_tutorial.py for tasks to queue
[2024-10-08T00:59:58.420+0000] {logging_mixin.py:188} INFO - [2024-10-08T00:59:58.419+0000] {dagbag.py:538} INFO - Filling up the DagBag from /home/airflow/.local/lib/python3.8/site-packages/airflow/example_dags/example_params_ui_tutorial.py
[2024-10-08T00:59:58.437+0000] {processor.py:840} INFO - DAG(s) 'example_params_ui_tutorial' retrieved from /home/airflow/.local/lib/python3.8/site-packages/airflow/example_dags/example_params_ui_tutorial.py
[2024-10-08T00:59:58.555+0000] {logging_mixin.py:188} INFO - [2024-10-08T00:59:58.555+0000] {dag.py:3036} INFO - Sync 1 DAGs
[2024-10-08T00:59:58.575+0000] {logging_mixin.py:188} INFO - [2024-10-08T00:59:58.574+0000] {dag.py:3823} INFO - Setting next_dagrun for example_params_ui_tutorial to None, run_after=None
[2024-10-08T00:59:58.613+0000] {processor.py:183} INFO - Processing /home/airflow/.local/lib/python3.8/site-packages/airflow/example_dags/example_params_ui_tutorial.py took 0.205 seconds
[2024-10-08T01:00:29.442+0000] {processor.py:161} INFO - Started process (PID=539) to work on /home/airflow/.local/lib/python3.8/site-packages/airflow/example_dags/example_params_ui_tutorial.py
[2024-10-08T01:00:29.444+0000] {processor.py:830} INFO - Processing file /home/airflow/.local/lib/python3.8/site-packages/airflow/example_dags/example_params_ui_tutorial.py for tasks to queue
[2024-10-08T01:00:29.449+0000] {logging_mixin.py:188} INFO - [2024-10-08T01:00:29.448+0000] {dagbag.py:538} INFO - Filling up the DagBag from /home/airflow/.local/lib/python3.8/site-packages/airflow/example_dags/example_params_ui_tutorial.py
[2024-10-08T01:00:29.464+0000] {processor.py:840} INFO - DAG(s) 'example_params_ui_tutorial' retrieved from /home/airflow/.local/lib/python3.8/site-packages/airflow/example_dags/example_params_ui_tutorial.py
[2024-10-08T01:00:29.552+0000] {logging_mixin.py:188} INFO - [2024-10-08T01:00:29.551+0000] {dag.py:3036} INFO - Sync 1 DAGs
[2024-10-08T01:00:29.573+0000] {logging_mixin.py:188} INFO - [2024-10-08T01:00:29.573+0000] {dag.py:3823} INFO - Setting next_dagrun for example_params_ui_tutorial to None, run_after=None
[2024-10-08T01:00:29.615+0000] {processor.py:183} INFO - Processing /home/airflow/.local/lib/python3.8/site-packages/airflow/example_dags/example_params_ui_tutorial.py took 0.176 seconds
