[2024-10-08T00:56:49.645+0000] {processor.py:161} INFO - Started process (PID=96) to work on /home/airflow/.local/lib/python3.8/site-packages/airflow/example_dags/example_xcomargs.py
[2024-10-08T00:56:49.648+0000] {processor.py:830} INFO - Processing file /home/airflow/.local/lib/python3.8/site-packages/airflow/example_dags/example_xcomargs.py for tasks to queue
[2024-10-08T00:56:49.654+0000] {logging_mixin.py:188} INFO - [2024-10-08T00:56:49.653+0000] {dagbag.py:538} INFO - Filling up the DagBag from /home/airflow/.local/lib/python3.8/site-packages/airflow/example_dags/example_xcomargs.py
[2024-10-08T00:56:49.690+0000] {processor.py:840} INFO - DAG(s) 'example_xcom_args', 'example_xcom_args_with_operators' retrieved from /home/airflow/.local/lib/python3.8/site-packages/airflow/example_dags/example_xcomargs.py
[2024-10-08T00:56:50.276+0000] {logging_mixin.py:188} INFO - [2024-10-08T00:56:50.276+0000] {dag.py:3036} INFO - Sync 2 DAGs
[2024-10-08T00:56:50.322+0000] {logging_mixin.py:188} INFO - [2024-10-08T00:56:50.321+0000] {dag.py:3823} INFO - Setting next_dagrun for example_xcom_args to None, run_after=None
[2024-10-08T00:56:50.335+0000] {logging_mixin.py:188} INFO - [2024-10-08T00:56:50.334+0000] {dag.py:3823} INFO - Setting next_dagrun for example_xcom_args_with_operators to None, run_after=None
[2024-10-08T00:56:50.417+0000] {processor.py:183} INFO - Processing /home/airflow/.local/lib/python3.8/site-packages/airflow/example_dags/example_xcomargs.py took 0.779 seconds
[2024-10-08T00:57:20.778+0000] {processor.py:161} INFO - Started process (PID=160) to work on /home/airflow/.local/lib/python3.8/site-packages/airflow/example_dags/example_xcomargs.py
[2024-10-08T00:57:20.780+0000] {processor.py:830} INFO - Processing file /home/airflow/.local/lib/python3.8/site-packages/airflow/example_dags/example_xcomargs.py for tasks to queue
[2024-10-08T00:57:20.784+0000] {logging_mixin.py:188} INFO - [2024-10-08T00:57:20.784+0000] {dagbag.py:538} INFO - Filling up the DagBag from /home/airflow/.local/lib/python3.8/site-packages/airflow/example_dags/example_xcomargs.py
[2024-10-08T00:57:20.793+0000] {processor.py:840} INFO - DAG(s) 'example_xcom_args', 'example_xcom_args_with_operators' retrieved from /home/airflow/.local/lib/python3.8/site-packages/airflow/example_dags/example_xcomargs.py
[2024-10-08T00:57:20.822+0000] {logging_mixin.py:188} INFO - [2024-10-08T00:57:20.822+0000] {dag.py:3036} INFO - Sync 2 DAGs
[2024-10-08T00:57:20.839+0000] {logging_mixin.py:188} INFO - [2024-10-08T00:57:20.839+0000] {dag.py:3823} INFO - Setting next_dagrun for example_xcom_args to None, run_after=None
[2024-10-08T00:57:20.843+0000] {logging_mixin.py:188} INFO - [2024-10-08T00:57:20.843+0000] {dag.py:3823} INFO - Setting next_dagrun for example_xcom_args_with_operators to None, run_after=None
[2024-10-08T00:57:20.866+0000] {processor.py:183} INFO - Processing /home/airflow/.local/lib/python3.8/site-packages/airflow/example_dags/example_xcomargs.py took 0.091 seconds
[2024-10-08T00:57:50.995+0000] {processor.py:161} INFO - Started process (PID=222) to work on /home/airflow/.local/lib/python3.8/site-packages/airflow/example_dags/example_xcomargs.py
[2024-10-08T00:57:50.997+0000] {processor.py:830} INFO - Processing file /home/airflow/.local/lib/python3.8/site-packages/airflow/example_dags/example_xcomargs.py for tasks to queue
[2024-10-08T00:57:51.001+0000] {logging_mixin.py:188} INFO - [2024-10-08T00:57:51.000+0000] {dagbag.py:538} INFO - Filling up the DagBag from /home/airflow/.local/lib/python3.8/site-packages/airflow/example_dags/example_xcomargs.py
[2024-10-08T00:57:51.012+0000] {processor.py:840} INFO - DAG(s) 'example_xcom_args', 'example_xcom_args_with_operators' retrieved from /home/airflow/.local/lib/python3.8/site-packages/airflow/example_dags/example_xcomargs.py
[2024-10-08T00:57:51.046+0000] {logging_mixin.py:188} INFO - [2024-10-08T00:57:51.046+0000] {dag.py:3036} INFO - Sync 2 DAGs
[2024-10-08T00:57:51.063+0000] {logging_mixin.py:188} INFO - [2024-10-08T00:57:51.062+0000] {dag.py:3823} INFO - Setting next_dagrun for example_xcom_args to None, run_after=None
[2024-10-08T00:57:51.068+0000] {logging_mixin.py:188} INFO - [2024-10-08T00:57:51.068+0000] {dag.py:3823} INFO - Setting next_dagrun for example_xcom_args_with_operators to None, run_after=None
[2024-10-08T00:57:51.093+0000] {processor.py:183} INFO - Processing /home/airflow/.local/lib/python3.8/site-packages/airflow/example_dags/example_xcomargs.py took 0.103 seconds
[2024-10-08T00:58:21.333+0000] {processor.py:161} INFO - Started process (PID=284) to work on /home/airflow/.local/lib/python3.8/site-packages/airflow/example_dags/example_xcomargs.py
[2024-10-08T00:58:21.334+0000] {processor.py:830} INFO - Processing file /home/airflow/.local/lib/python3.8/site-packages/airflow/example_dags/example_xcomargs.py for tasks to queue
[2024-10-08T00:58:21.337+0000] {logging_mixin.py:188} INFO - [2024-10-08T00:58:21.336+0000] {dagbag.py:538} INFO - Filling up the DagBag from /home/airflow/.local/lib/python3.8/site-packages/airflow/example_dags/example_xcomargs.py
[2024-10-08T00:58:21.349+0000] {processor.py:840} INFO - DAG(s) 'example_xcom_args_with_operators', 'example_xcom_args' retrieved from /home/airflow/.local/lib/python3.8/site-packages/airflow/example_dags/example_xcomargs.py
[2024-10-08T00:58:21.387+0000] {logging_mixin.py:188} INFO - [2024-10-08T00:58:21.386+0000] {dag.py:3036} INFO - Sync 2 DAGs
[2024-10-08T00:58:21.408+0000] {logging_mixin.py:188} INFO - [2024-10-08T00:58:21.408+0000] {dag.py:3823} INFO - Setting next_dagrun for example_xcom_args to None, run_after=None
[2024-10-08T00:58:21.414+0000] {logging_mixin.py:188} INFO - [2024-10-08T00:58:21.414+0000] {dag.py:3823} INFO - Setting next_dagrun for example_xcom_args_with_operators to None, run_after=None
[2024-10-08T00:58:21.449+0000] {processor.py:183} INFO - Processing /home/airflow/.local/lib/python3.8/site-packages/airflow/example_dags/example_xcomargs.py took 0.120 seconds
[2024-10-08T00:58:53.309+0000] {processor.py:161} INFO - Started process (PID=346) to work on /home/airflow/.local/lib/python3.8/site-packages/airflow/example_dags/example_xcomargs.py
[2024-10-08T00:58:53.311+0000] {processor.py:830} INFO - Processing file /home/airflow/.local/lib/python3.8/site-packages/airflow/example_dags/example_xcomargs.py for tasks to queue
[2024-10-08T00:58:53.315+0000] {logging_mixin.py:188} INFO - [2024-10-08T00:58:53.315+0000] {dagbag.py:538} INFO - Filling up the DagBag from /home/airflow/.local/lib/python3.8/site-packages/airflow/example_dags/example_xcomargs.py
[2024-10-08T00:58:53.330+0000] {processor.py:840} INFO - DAG(s) 'example_xcom_args_with_operators', 'example_xcom_args' retrieved from /home/airflow/.local/lib/python3.8/site-packages/airflow/example_dags/example_xcomargs.py
[2024-10-08T00:58:53.386+0000] {logging_mixin.py:188} INFO - [2024-10-08T00:58:53.385+0000] {dag.py:3036} INFO - Sync 2 DAGs
[2024-10-08T00:58:53.424+0000] {logging_mixin.py:188} INFO - [2024-10-08T00:58:53.424+0000] {dag.py:3823} INFO - Setting next_dagrun for example_xcom_args to None, run_after=None
[2024-10-08T00:58:53.431+0000] {logging_mixin.py:188} INFO - [2024-10-08T00:58:53.431+0000] {dag.py:3823} INFO - Setting next_dagrun for example_xcom_args_with_operators to None, run_after=None
[2024-10-08T00:58:53.470+0000] {processor.py:183} INFO - Processing /home/airflow/.local/lib/python3.8/site-packages/airflow/example_dags/example_xcomargs.py took 0.165 seconds
[2024-10-08T00:59:23.635+0000] {processor.py:161} INFO - Started process (PID=406) to work on /home/airflow/.local/lib/python3.8/site-packages/airflow/example_dags/example_xcomargs.py
[2024-10-08T00:59:23.637+0000] {processor.py:830} INFO - Processing file /home/airflow/.local/lib/python3.8/site-packages/airflow/example_dags/example_xcomargs.py for tasks to queue
[2024-10-08T00:59:23.639+0000] {logging_mixin.py:188} INFO - [2024-10-08T00:59:23.639+0000] {dagbag.py:538} INFO - Filling up the DagBag from /home/airflow/.local/lib/python3.8/site-packages/airflow/example_dags/example_xcomargs.py
[2024-10-08T00:59:23.650+0000] {processor.py:840} INFO - DAG(s) 'example_xcom_args', 'example_xcom_args_with_operators' retrieved from /home/airflow/.local/lib/python3.8/site-packages/airflow/example_dags/example_xcomargs.py
[2024-10-08T00:59:23.700+0000] {logging_mixin.py:188} INFO - [2024-10-08T00:59:23.699+0000] {dag.py:3036} INFO - Sync 2 DAGs
[2024-10-08T00:59:23.733+0000] {logging_mixin.py:188} INFO - [2024-10-08T00:59:23.733+0000] {dag.py:3823} INFO - Setting next_dagrun for example_xcom_args to None, run_after=None
[2024-10-08T00:59:23.745+0000] {logging_mixin.py:188} INFO - [2024-10-08T00:59:23.743+0000] {dag.py:3823} INFO - Setting next_dagrun for example_xcom_args_with_operators to None, run_after=None
[2024-10-08T00:59:23.814+0000] {processor.py:183} INFO - Processing /home/airflow/.local/lib/python3.8/site-packages/airflow/example_dags/example_xcomargs.py took 0.183 seconds
[2024-10-08T00:59:54.148+0000] {processor.py:161} INFO - Started process (PID=468) to work on /home/airflow/.local/lib/python3.8/site-packages/airflow/example_dags/example_xcomargs.py
[2024-10-08T00:59:54.150+0000] {processor.py:830} INFO - Processing file /home/airflow/.local/lib/python3.8/site-packages/airflow/example_dags/example_xcomargs.py for tasks to queue
[2024-10-08T00:59:54.153+0000] {logging_mixin.py:188} INFO - [2024-10-08T00:59:54.153+0000] {dagbag.py:538} INFO - Filling up the DagBag from /home/airflow/.local/lib/python3.8/site-packages/airflow/example_dags/example_xcomargs.py
[2024-10-08T00:59:54.176+0000] {processor.py:840} INFO - DAG(s) 'example_xcom_args', 'example_xcom_args_with_operators' retrieved from /home/airflow/.local/lib/python3.8/site-packages/airflow/example_dags/example_xcomargs.py
[2024-10-08T00:59:54.227+0000] {logging_mixin.py:188} INFO - [2024-10-08T00:59:54.226+0000] {dag.py:3036} INFO - Sync 2 DAGs
[2024-10-08T00:59:54.244+0000] {logging_mixin.py:188} INFO - [2024-10-08T00:59:54.243+0000] {dag.py:3823} INFO - Setting next_dagrun for example_xcom_args to None, run_after=None
[2024-10-08T00:59:54.250+0000] {logging_mixin.py:188} INFO - [2024-10-08T00:59:54.249+0000] {dag.py:3823} INFO - Setting next_dagrun for example_xcom_args_with_operators to None, run_after=None
[2024-10-08T00:59:54.304+0000] {processor.py:183} INFO - Processing /home/airflow/.local/lib/python3.8/site-packages/airflow/example_dags/example_xcomargs.py took 0.161 seconds
[2024-10-08T01:00:24.735+0000] {processor.py:161} INFO - Started process (PID=531) to work on /home/airflow/.local/lib/python3.8/site-packages/airflow/example_dags/example_xcomargs.py
[2024-10-08T01:00:24.737+0000] {processor.py:830} INFO - Processing file /home/airflow/.local/lib/python3.8/site-packages/airflow/example_dags/example_xcomargs.py for tasks to queue
[2024-10-08T01:00:24.739+0000] {logging_mixin.py:188} INFO - [2024-10-08T01:00:24.739+0000] {dagbag.py:538} INFO - Filling up the DagBag from /home/airflow/.local/lib/python3.8/site-packages/airflow/example_dags/example_xcomargs.py
[2024-10-08T01:00:24.759+0000] {processor.py:840} INFO - DAG(s) 'example_xcom_args', 'example_xcom_args_with_operators' retrieved from /home/airflow/.local/lib/python3.8/site-packages/airflow/example_dags/example_xcomargs.py
[2024-10-08T01:00:24.804+0000] {logging_mixin.py:188} INFO - [2024-10-08T01:00:24.804+0000] {dag.py:3036} INFO - Sync 2 DAGs
[2024-10-08T01:00:24.830+0000] {logging_mixin.py:188} INFO - [2024-10-08T01:00:24.830+0000] {dag.py:3823} INFO - Setting next_dagrun for example_xcom_args to None, run_after=None
[2024-10-08T01:00:24.837+0000] {logging_mixin.py:188} INFO - [2024-10-08T01:00:24.836+0000] {dag.py:3823} INFO - Setting next_dagrun for example_xcom_args_with_operators to None, run_after=None
[2024-10-08T01:00:24.860+0000] {processor.py:183} INFO - Processing /home/airflow/.local/lib/python3.8/site-packages/airflow/example_dags/example_xcomargs.py took 0.129 seconds
