[2024-10-08T00:56:55.521+0000] {processor.py:161} INFO - Started process (PID=124) to work on /home/airflow/.local/lib/python3.8/site-packages/airflow/example_dags/tutorial.py
[2024-10-08T00:56:55.527+0000] {processor.py:830} INFO - Processing file /home/airflow/.local/lib/python3.8/site-packages/airflow/example_dags/tutorial.py for tasks to queue
[2024-10-08T00:56:55.531+0000] {logging_mixin.py:188} INFO - [2024-10-08T00:56:55.530+0000] {dagbag.py:538} INFO - Filling up the DagBag from /home/airflow/.local/lib/python3.8/site-packages/airflow/example_dags/tutorial.py
[2024-10-08T00:56:55.543+0000] {processor.py:840} INFO - DAG(s) 'tutorial' retrieved from /home/airflow/.local/lib/python3.8/site-packages/airflow/example_dags/tutorial.py
[2024-10-08T00:56:55.776+0000] {logging_mixin.py:188} INFO - [2024-10-08T00:56:55.776+0000] {dag.py:3036} INFO - Sync 1 DAGs
[2024-10-08T00:56:55.805+0000] {logging_mixin.py:188} INFO - [2024-10-08T00:56:55.805+0000] {dag.py:3823} INFO - Setting next_dagrun for tutorial to 2024-10-07 00:00:00+00:00, run_after=2024-10-08 00:00:00+00:00
[2024-10-08T00:56:55.841+0000] {processor.py:183} INFO - Processing /home/airflow/.local/lib/python3.8/site-packages/airflow/example_dags/tutorial.py took 0.324 seconds
[2024-10-08T00:57:26.126+0000] {processor.py:161} INFO - Started process (PID=188) to work on /home/airflow/.local/lib/python3.8/site-packages/airflow/example_dags/tutorial.py
[2024-10-08T00:57:26.129+0000] {processor.py:830} INFO - Processing file /home/airflow/.local/lib/python3.8/site-packages/airflow/example_dags/tutorial.py for tasks to queue
[2024-10-08T00:57:26.132+0000] {logging_mixin.py:188} INFO - [2024-10-08T00:57:26.132+0000] {dagbag.py:538} INFO - Filling up the DagBag from /home/airflow/.local/lib/python3.8/site-packages/airflow/example_dags/tutorial.py
[2024-10-08T00:57:26.144+0000] {processor.py:840} INFO - DAG(s) 'tutorial' retrieved from /home/airflow/.local/lib/python3.8/site-packages/airflow/example_dags/tutorial.py
[2024-10-08T00:57:26.181+0000] {logging_mixin.py:188} INFO - [2024-10-08T00:57:26.181+0000] {dag.py:3036} INFO - Sync 1 DAGs
[2024-10-08T00:57:26.225+0000] {logging_mixin.py:188} INFO - [2024-10-08T00:57:26.224+0000] {dag.py:3823} INFO - Setting next_dagrun for tutorial to 2024-10-07 00:00:00+00:00, run_after=2024-10-08 00:00:00+00:00
[2024-10-08T00:57:26.268+0000] {processor.py:183} INFO - Processing /home/airflow/.local/lib/python3.8/site-packages/airflow/example_dags/tutorial.py took 0.148 seconds
[2024-10-08T00:57:56.708+0000] {processor.py:161} INFO - Started process (PID=250) to work on /home/airflow/.local/lib/python3.8/site-packages/airflow/example_dags/tutorial.py
[2024-10-08T00:57:56.711+0000] {processor.py:830} INFO - Processing file /home/airflow/.local/lib/python3.8/site-packages/airflow/example_dags/tutorial.py for tasks to queue
[2024-10-08T00:57:56.715+0000] {logging_mixin.py:188} INFO - [2024-10-08T00:57:56.714+0000] {dagbag.py:538} INFO - Filling up the DagBag from /home/airflow/.local/lib/python3.8/site-packages/airflow/example_dags/tutorial.py
[2024-10-08T00:57:56.724+0000] {processor.py:840} INFO - DAG(s) 'tutorial' retrieved from /home/airflow/.local/lib/python3.8/site-packages/airflow/example_dags/tutorial.py
[2024-10-08T00:57:56.768+0000] {logging_mixin.py:188} INFO - [2024-10-08T00:57:56.768+0000] {dag.py:3036} INFO - Sync 1 DAGs
[2024-10-08T00:57:56.799+0000] {logging_mixin.py:188} INFO - [2024-10-08T00:57:56.798+0000] {dag.py:3823} INFO - Setting next_dagrun for tutorial to 2024-10-07 00:00:00+00:00, run_after=2024-10-08 00:00:00+00:00
[2024-10-08T00:57:56.831+0000] {processor.py:183} INFO - Processing /home/airflow/.local/lib/python3.8/site-packages/airflow/example_dags/tutorial.py took 0.129 seconds
[2024-10-08T00:58:27.388+0000] {processor.py:161} INFO - Started process (PID=312) to work on /home/airflow/.local/lib/python3.8/site-packages/airflow/example_dags/tutorial.py
[2024-10-08T00:58:27.389+0000] {processor.py:830} INFO - Processing file /home/airflow/.local/lib/python3.8/site-packages/airflow/example_dags/tutorial.py for tasks to queue
[2024-10-08T00:58:27.391+0000] {logging_mixin.py:188} INFO - [2024-10-08T00:58:27.391+0000] {dagbag.py:538} INFO - Filling up the DagBag from /home/airflow/.local/lib/python3.8/site-packages/airflow/example_dags/tutorial.py
[2024-10-08T00:58:27.398+0000] {processor.py:840} INFO - DAG(s) 'tutorial' retrieved from /home/airflow/.local/lib/python3.8/site-packages/airflow/example_dags/tutorial.py
[2024-10-08T00:58:27.427+0000] {logging_mixin.py:188} INFO - [2024-10-08T00:58:27.427+0000] {dag.py:3036} INFO - Sync 1 DAGs
[2024-10-08T00:58:27.456+0000] {logging_mixin.py:188} INFO - [2024-10-08T00:58:27.456+0000] {dag.py:3823} INFO - Setting next_dagrun for tutorial to 2024-10-07 00:00:00+00:00, run_after=2024-10-08 00:00:00+00:00
[2024-10-08T00:58:27.495+0000] {processor.py:183} INFO - Processing /home/airflow/.local/lib/python3.8/site-packages/airflow/example_dags/tutorial.py took 0.111 seconds
[2024-10-08T00:58:59.006+0000] {processor.py:161} INFO - Started process (PID=374) to work on /home/airflow/.local/lib/python3.8/site-packages/airflow/example_dags/tutorial.py
[2024-10-08T00:58:59.015+0000] {processor.py:830} INFO - Processing file /home/airflow/.local/lib/python3.8/site-packages/airflow/example_dags/tutorial.py for tasks to queue
[2024-10-08T00:58:59.018+0000] {logging_mixin.py:188} INFO - [2024-10-08T00:58:59.018+0000] {dagbag.py:538} INFO - Filling up the DagBag from /home/airflow/.local/lib/python3.8/site-packages/airflow/example_dags/tutorial.py
[2024-10-08T00:58:59.028+0000] {processor.py:840} INFO - DAG(s) 'tutorial' retrieved from /home/airflow/.local/lib/python3.8/site-packages/airflow/example_dags/tutorial.py
[2024-10-08T00:58:59.061+0000] {logging_mixin.py:188} INFO - [2024-10-08T00:58:59.061+0000] {dag.py:3036} INFO - Sync 1 DAGs
[2024-10-08T00:58:59.097+0000] {logging_mixin.py:188} INFO - [2024-10-08T00:58:59.096+0000] {dag.py:3823} INFO - Setting next_dagrun for tutorial to 2024-10-07 00:00:00+00:00, run_after=2024-10-08 00:00:00+00:00
[2024-10-08T00:58:59.443+0000] {processor.py:183} INFO - Processing /home/airflow/.local/lib/python3.8/site-packages/airflow/example_dags/tutorial.py took 0.441 seconds
[2024-10-08T00:59:30.242+0000] {processor.py:161} INFO - Started process (PID=436) to work on /home/airflow/.local/lib/python3.8/site-packages/airflow/example_dags/tutorial.py
[2024-10-08T00:59:30.243+0000] {processor.py:830} INFO - Processing file /home/airflow/.local/lib/python3.8/site-packages/airflow/example_dags/tutorial.py for tasks to queue
[2024-10-08T00:59:30.246+0000] {logging_mixin.py:188} INFO - [2024-10-08T00:59:30.245+0000] {dagbag.py:538} INFO - Filling up the DagBag from /home/airflow/.local/lib/python3.8/site-packages/airflow/example_dags/tutorial.py
[2024-10-08T00:59:30.259+0000] {processor.py:840} INFO - DAG(s) 'tutorial' retrieved from /home/airflow/.local/lib/python3.8/site-packages/airflow/example_dags/tutorial.py
[2024-10-08T00:59:30.330+0000] {logging_mixin.py:188} INFO - [2024-10-08T00:59:30.330+0000] {dag.py:3036} INFO - Sync 1 DAGs
[2024-10-08T00:59:30.389+0000] {logging_mixin.py:188} INFO - [2024-10-08T00:59:30.389+0000] {dag.py:3823} INFO - Setting next_dagrun for tutorial to 2024-10-07 00:00:00+00:00, run_after=2024-10-08 00:00:00+00:00
[2024-10-08T00:59:30.424+0000] {processor.py:183} INFO - Processing /home/airflow/.local/lib/python3.8/site-packages/airflow/example_dags/tutorial.py took 0.187 seconds
[2024-10-08T01:00:00.618+0000] {processor.py:161} INFO - Started process (PID=498) to work on /home/airflow/.local/lib/python3.8/site-packages/airflow/example_dags/tutorial.py
[2024-10-08T01:00:00.623+0000] {processor.py:830} INFO - Processing file /home/airflow/.local/lib/python3.8/site-packages/airflow/example_dags/tutorial.py for tasks to queue
[2024-10-08T01:00:00.625+0000] {logging_mixin.py:188} INFO - [2024-10-08T01:00:00.625+0000] {dagbag.py:538} INFO - Filling up the DagBag from /home/airflow/.local/lib/python3.8/site-packages/airflow/example_dags/tutorial.py
[2024-10-08T01:00:00.632+0000] {processor.py:840} INFO - DAG(s) 'tutorial' retrieved from /home/airflow/.local/lib/python3.8/site-packages/airflow/example_dags/tutorial.py
[2024-10-08T01:00:00.667+0000] {logging_mixin.py:188} INFO - [2024-10-08T01:00:00.666+0000] {dag.py:3036} INFO - Sync 1 DAGs
[2024-10-08T01:00:00.702+0000] {logging_mixin.py:188} INFO - [2024-10-08T01:00:00.702+0000] {dag.py:3823} INFO - Setting next_dagrun for tutorial to 2024-10-07 00:00:00+00:00, run_after=2024-10-08 00:00:00+00:00
[2024-10-08T01:00:00.739+0000] {processor.py:183} INFO - Processing /home/airflow/.local/lib/python3.8/site-packages/airflow/example_dags/tutorial.py took 0.126 seconds
[2024-10-08T01:00:31.692+0000] {processor.py:161} INFO - Started process (PID=561) to work on /home/airflow/.local/lib/python3.8/site-packages/airflow/example_dags/tutorial.py
[2024-10-08T01:00:31.694+0000] {processor.py:830} INFO - Processing file /home/airflow/.local/lib/python3.8/site-packages/airflow/example_dags/tutorial.py for tasks to queue
[2024-10-08T01:00:31.696+0000] {logging_mixin.py:188} INFO - [2024-10-08T01:00:31.696+0000] {dagbag.py:538} INFO - Filling up the DagBag from /home/airflow/.local/lib/python3.8/site-packages/airflow/example_dags/tutorial.py
[2024-10-08T01:00:31.702+0000] {processor.py:840} INFO - DAG(s) 'tutorial' retrieved from /home/airflow/.local/lib/python3.8/site-packages/airflow/example_dags/tutorial.py
[2024-10-08T01:00:31.730+0000] {logging_mixin.py:188} INFO - [2024-10-08T01:00:31.730+0000] {dag.py:3036} INFO - Sync 1 DAGs
[2024-10-08T01:00:31.758+0000] {logging_mixin.py:188} INFO - [2024-10-08T01:00:31.758+0000] {dag.py:3823} INFO - Setting next_dagrun for tutorial to 2024-10-07 00:00:00+00:00, run_after=2024-10-08 00:00:00+00:00
[2024-10-08T01:00:31.790+0000] {processor.py:183} INFO - Processing /home/airflow/.local/lib/python3.8/site-packages/airflow/example_dags/tutorial.py took 0.101 seconds
