[2024-10-08T00:56:53.683+0000] {processor.py:161} INFO - Started process (PID=114) to work on /home/airflow/.local/lib/python3.8/site-packages/airflow/example_dags/tutorial_dag.py
[2024-10-08T00:56:53.685+0000] {processor.py:830} INFO - Processing file /home/airflow/.local/lib/python3.8/site-packages/airflow/example_dags/tutorial_dag.py for tasks to queue
[2024-10-08T00:56:53.689+0000] {logging_mixin.py:188} INFO - [2024-10-08T00:56:53.688+0000] {dagbag.py:538} INFO - Filling up the DagBag from /home/airflow/.local/lib/python3.8/site-packages/airflow/example_dags/tutorial_dag.py
[2024-10-08T00:56:53.701+0000] {processor.py:840} INFO - DAG(s) 'tutorial_dag' retrieved from /home/airflow/.local/lib/python3.8/site-packages/airflow/example_dags/tutorial_dag.py
[2024-10-08T00:56:53.856+0000] {logging_mixin.py:188} INFO - [2024-10-08T00:56:53.856+0000] {dag.py:3036} INFO - Sync 1 DAGs
[2024-10-08T00:56:53.870+0000] {logging_mixin.py:188} INFO - [2024-10-08T00:56:53.870+0000] {dag.py:3823} INFO - Setting next_dagrun for tutorial_dag to None, run_after=None
[2024-10-08T00:56:53.907+0000] {processor.py:183} INFO - Processing /home/airflow/.local/lib/python3.8/site-packages/airflow/example_dags/tutorial_dag.py took 0.228 seconds
[2024-10-08T00:57:24.916+0000] {processor.py:161} INFO - Started process (PID=178) to work on /home/airflow/.local/lib/python3.8/site-packages/airflow/example_dags/tutorial_dag.py
[2024-10-08T00:57:24.918+0000] {processor.py:830} INFO - Processing file /home/airflow/.local/lib/python3.8/site-packages/airflow/example_dags/tutorial_dag.py for tasks to queue
[2024-10-08T00:57:24.921+0000] {logging_mixin.py:188} INFO - [2024-10-08T00:57:24.921+0000] {dagbag.py:538} INFO - Filling up the DagBag from /home/airflow/.local/lib/python3.8/site-packages/airflow/example_dags/tutorial_dag.py
[2024-10-08T00:57:24.930+0000] {processor.py:840} INFO - DAG(s) 'tutorial_dag' retrieved from /home/airflow/.local/lib/python3.8/site-packages/airflow/example_dags/tutorial_dag.py
[2024-10-08T00:57:24.968+0000] {logging_mixin.py:188} INFO - [2024-10-08T00:57:24.967+0000] {dag.py:3036} INFO - Sync 1 DAGs
[2024-10-08T00:57:24.983+0000] {logging_mixin.py:188} INFO - [2024-10-08T00:57:24.983+0000] {dag.py:3823} INFO - Setting next_dagrun for tutorial_dag to None, run_after=None
[2024-10-08T00:57:25.017+0000] {processor.py:183} INFO - Processing /home/airflow/.local/lib/python3.8/site-packages/airflow/example_dags/tutorial_dag.py took 0.104 seconds
[2024-10-08T00:57:55.835+0000] {processor.py:161} INFO - Started process (PID=240) to work on /home/airflow/.local/lib/python3.8/site-packages/airflow/example_dags/tutorial_dag.py
[2024-10-08T00:57:55.838+0000] {processor.py:830} INFO - Processing file /home/airflow/.local/lib/python3.8/site-packages/airflow/example_dags/tutorial_dag.py for tasks to queue
[2024-10-08T00:57:55.841+0000] {logging_mixin.py:188} INFO - [2024-10-08T00:57:55.841+0000] {dagbag.py:538} INFO - Filling up the DagBag from /home/airflow/.local/lib/python3.8/site-packages/airflow/example_dags/tutorial_dag.py
[2024-10-08T00:57:55.850+0000] {processor.py:840} INFO - DAG(s) 'tutorial_dag' retrieved from /home/airflow/.local/lib/python3.8/site-packages/airflow/example_dags/tutorial_dag.py
[2024-10-08T00:57:55.875+0000] {logging_mixin.py:188} INFO - [2024-10-08T00:57:55.875+0000] {dag.py:3036} INFO - Sync 1 DAGs
[2024-10-08T00:57:55.891+0000] {logging_mixin.py:188} INFO - [2024-10-08T00:57:55.890+0000] {dag.py:3823} INFO - Setting next_dagrun for tutorial_dag to None, run_after=None
[2024-10-08T00:57:55.917+0000] {processor.py:183} INFO - Processing /home/airflow/.local/lib/python3.8/site-packages/airflow/example_dags/tutorial_dag.py took 0.089 seconds
[2024-10-08T00:58:26.533+0000] {processor.py:161} INFO - Started process (PID=302) to work on /home/airflow/.local/lib/python3.8/site-packages/airflow/example_dags/tutorial_dag.py
[2024-10-08T00:58:26.535+0000] {processor.py:830} INFO - Processing file /home/airflow/.local/lib/python3.8/site-packages/airflow/example_dags/tutorial_dag.py for tasks to queue
[2024-10-08T00:58:26.539+0000] {logging_mixin.py:188} INFO - [2024-10-08T00:58:26.538+0000] {dagbag.py:538} INFO - Filling up the DagBag from /home/airflow/.local/lib/python3.8/site-packages/airflow/example_dags/tutorial_dag.py
[2024-10-08T00:58:26.548+0000] {processor.py:840} INFO - DAG(s) 'tutorial_dag' retrieved from /home/airflow/.local/lib/python3.8/site-packages/airflow/example_dags/tutorial_dag.py
[2024-10-08T00:58:26.581+0000] {logging_mixin.py:188} INFO - [2024-10-08T00:58:26.581+0000] {dag.py:3036} INFO - Sync 1 DAGs
[2024-10-08T00:58:26.598+0000] {logging_mixin.py:188} INFO - [2024-10-08T00:58:26.598+0000] {dag.py:3823} INFO - Setting next_dagrun for tutorial_dag to None, run_after=None
[2024-10-08T00:58:26.627+0000] {processor.py:183} INFO - Processing /home/airflow/.local/lib/python3.8/site-packages/airflow/example_dags/tutorial_dag.py took 0.099 seconds
[2024-10-08T00:58:57.115+0000] {processor.py:161} INFO - Started process (PID=363) to work on /home/airflow/.local/lib/python3.8/site-packages/airflow/example_dags/tutorial_dag.py
[2024-10-08T00:58:57.120+0000] {processor.py:830} INFO - Processing file /home/airflow/.local/lib/python3.8/site-packages/airflow/example_dags/tutorial_dag.py for tasks to queue
[2024-10-08T00:58:57.124+0000] {logging_mixin.py:188} INFO - [2024-10-08T00:58:57.124+0000] {dagbag.py:538} INFO - Filling up the DagBag from /home/airflow/.local/lib/python3.8/site-packages/airflow/example_dags/tutorial_dag.py
[2024-10-08T00:58:57.133+0000] {processor.py:840} INFO - DAG(s) 'tutorial_dag' retrieved from /home/airflow/.local/lib/python3.8/site-packages/airflow/example_dags/tutorial_dag.py
[2024-10-08T00:58:57.180+0000] {logging_mixin.py:188} INFO - [2024-10-08T00:58:57.179+0000] {dag.py:3036} INFO - Sync 1 DAGs
[2024-10-08T00:58:57.198+0000] {logging_mixin.py:188} INFO - [2024-10-08T00:58:57.197+0000] {dag.py:3823} INFO - Setting next_dagrun for tutorial_dag to None, run_after=None
[2024-10-08T00:58:57.395+0000] {processor.py:183} INFO - Processing /home/airflow/.local/lib/python3.8/site-packages/airflow/example_dags/tutorial_dag.py took 0.288 seconds
[2024-10-08T00:59:28.162+0000] {processor.py:161} INFO - Started process (PID=426) to work on /home/airflow/.local/lib/python3.8/site-packages/airflow/example_dags/tutorial_dag.py
[2024-10-08T00:59:28.165+0000] {processor.py:830} INFO - Processing file /home/airflow/.local/lib/python3.8/site-packages/airflow/example_dags/tutorial_dag.py for tasks to queue
[2024-10-08T00:59:28.168+0000] {logging_mixin.py:188} INFO - [2024-10-08T00:59:28.168+0000] {dagbag.py:538} INFO - Filling up the DagBag from /home/airflow/.local/lib/python3.8/site-packages/airflow/example_dags/tutorial_dag.py
[2024-10-08T00:59:28.179+0000] {processor.py:840} INFO - DAG(s) 'tutorial_dag' retrieved from /home/airflow/.local/lib/python3.8/site-packages/airflow/example_dags/tutorial_dag.py
[2024-10-08T00:59:28.222+0000] {logging_mixin.py:188} INFO - [2024-10-08T00:59:28.221+0000] {dag.py:3036} INFO - Sync 1 DAGs
[2024-10-08T00:59:28.244+0000] {logging_mixin.py:188} INFO - [2024-10-08T00:59:28.243+0000] {dag.py:3823} INFO - Setting next_dagrun for tutorial_dag to None, run_after=None
[2024-10-08T00:59:28.286+0000] {processor.py:183} INFO - Processing /home/airflow/.local/lib/python3.8/site-packages/airflow/example_dags/tutorial_dag.py took 0.130 seconds
[2024-10-08T00:59:59.808+0000] {processor.py:161} INFO - Started process (PID=488) to work on /home/airflow/.local/lib/python3.8/site-packages/airflow/example_dags/tutorial_dag.py
[2024-10-08T00:59:59.811+0000] {processor.py:830} INFO - Processing file /home/airflow/.local/lib/python3.8/site-packages/airflow/example_dags/tutorial_dag.py for tasks to queue
[2024-10-08T00:59:59.815+0000] {logging_mixin.py:188} INFO - [2024-10-08T00:59:59.814+0000] {dagbag.py:538} INFO - Filling up the DagBag from /home/airflow/.local/lib/python3.8/site-packages/airflow/example_dags/tutorial_dag.py
[2024-10-08T00:59:59.825+0000] {processor.py:840} INFO - DAG(s) 'tutorial_dag' retrieved from /home/airflow/.local/lib/python3.8/site-packages/airflow/example_dags/tutorial_dag.py
[2024-10-08T00:59:59.854+0000] {logging_mixin.py:188} INFO - [2024-10-08T00:59:59.853+0000] {dag.py:3036} INFO - Sync 1 DAGs
[2024-10-08T00:59:59.869+0000] {logging_mixin.py:188} INFO - [2024-10-08T00:59:59.869+0000] {dag.py:3823} INFO - Setting next_dagrun for tutorial_dag to None, run_after=None
[2024-10-08T00:59:59.896+0000] {processor.py:183} INFO - Processing /home/airflow/.local/lib/python3.8/site-packages/airflow/example_dags/tutorial_dag.py took 0.094 seconds
[2024-10-08T01:00:30.885+0000] {processor.py:161} INFO - Started process (PID=551) to work on /home/airflow/.local/lib/python3.8/site-packages/airflow/example_dags/tutorial_dag.py
[2024-10-08T01:00:30.889+0000] {processor.py:830} INFO - Processing file /home/airflow/.local/lib/python3.8/site-packages/airflow/example_dags/tutorial_dag.py for tasks to queue
[2024-10-08T01:00:30.893+0000] {logging_mixin.py:188} INFO - [2024-10-08T01:00:30.892+0000] {dagbag.py:538} INFO - Filling up the DagBag from /home/airflow/.local/lib/python3.8/site-packages/airflow/example_dags/tutorial_dag.py
[2024-10-08T01:00:30.907+0000] {processor.py:840} INFO - DAG(s) 'tutorial_dag' retrieved from /home/airflow/.local/lib/python3.8/site-packages/airflow/example_dags/tutorial_dag.py
[2024-10-08T01:00:30.943+0000] {logging_mixin.py:188} INFO - [2024-10-08T01:00:30.942+0000] {dag.py:3036} INFO - Sync 1 DAGs
[2024-10-08T01:00:30.962+0000] {logging_mixin.py:188} INFO - [2024-10-08T01:00:30.962+0000] {dag.py:3823} INFO - Setting next_dagrun for tutorial_dag to None, run_after=None
[2024-10-08T01:00:31.018+0000] {processor.py:183} INFO - Processing /home/airflow/.local/lib/python3.8/site-packages/airflow/example_dags/tutorial_dag.py took 0.138 seconds
