[2024-10-05T02:21:20.289+0000] {taskinstance.py:1956} INFO - Dependencies all met for dep_context=non-requeueable deps ti=<TaskInstance: insert_employee_feedback_summary.create_table_task manual__2024-10-05T02:21:14.043010+00:00 [queued]>
[2024-10-05T02:21:20.310+0000] {taskinstance.py:1956} INFO - Dependencies all met for dep_context=requeueable deps ti=<TaskInstance: insert_employee_feedback_summary.create_table_task manual__2024-10-05T02:21:14.043010+00:00 [queued]>
[2024-10-05T02:21:20.312+0000] {taskinstance.py:2170} INFO - Starting attempt 1 of 1
[2024-10-05T02:21:20.341+0000] {taskinstance.py:2191} INFO - Executing <Task(PostgresOperator): create_table_task> on 2024-10-05 02:21:14.043010+00:00
[2024-10-05T02:21:20.354+0000] {standard_task_runner.py:60} INFO - Started process 735 to run task
[2024-10-05T02:21:20.359+0000] {standard_task_runner.py:87} INFO - Running: ['***', 'tasks', 'run', 'insert_employee_feedback_summary', 'create_table_task', 'manual__2024-10-05T02:21:14.043010+00:00', '--job-id', '153', '--raw', '--subdir', 'DAGS_FOLDER/feedback.py', '--cfg-path', '/tmp/tmpxhtf2rp8']
[2024-10-05T02:21:20.363+0000] {standard_task_runner.py:88} INFO - Job 153: Subtask create_table_task
[2024-10-05T02:21:20.447+0000] {task_command.py:423} INFO - Running <TaskInstance: insert_employee_feedback_summary.create_table_task manual__2024-10-05T02:21:14.043010+00:00 [running]> on host ffa59a91c4ec
[2024-10-05T02:21:20.640+0000] {taskinstance.py:2480} INFO - Exporting env vars: AIRFLOW_CTX_DAG_OWNER='***' AIRFLOW_CTX_DAG_ID='insert_employee_feedback_summary' AIRFLOW_CTX_TASK_ID='create_table_task' AIRFLOW_CTX_EXECUTION_DATE='2024-10-05T02:21:14.043010+00:00' AIRFLOW_CTX_TRY_NUMBER='1' AIRFLOW_CTX_DAG_RUN_ID='manual__2024-10-05T02:21:14.043010+00:00'
[2024-10-05T02:21:20.654+0000] {sql.py:276} INFO - Executing: 
        CREATE TABLE IF NOT EXISTS employee_feedback_summary (
            employee_name VARCHAR(100),
            department_name VARCHAR(100),
            feedback_rating INT,
            employee_gender VARCHAR(100)
        );
        
[2024-10-05T02:21:20.697+0000] {base.py:83} INFO - Using connection ID 'postgres_conn_id' for task execution.
[2024-10-05T02:21:20.745+0000] {base.py:83} INFO - Using connection ID 'postgres_conn_id' for task execution.
[2024-10-05T02:21:20.885+0000] {sql.py:450} INFO - Running statement: 
        CREATE TABLE IF NOT EXISTS employee_feedback_summary (
            employee_name VARCHAR(100),
            department_name VARCHAR(100),
            feedback_rating INT,
            employee_gender VARCHAR(100)
        );
        , parameters: None
[2024-10-05T02:21:20.944+0000] {taskinstance.py:1138} INFO - Marking task as SUCCESS. dag_id=insert_employee_feedback_summary, task_id=create_table_task, execution_date=20241005T022114, start_date=20241005T022120, end_date=20241005T022120
[2024-10-05T02:21:21.015+0000] {local_task_job_runner.py:234} INFO - Task exited with return code 0
[2024-10-05T02:21:21.056+0000] {taskinstance.py:3280} INFO - 1 downstream tasks scheduled from follow-on schedule check
