[2024-10-09T22:02:18.787+0000] {processor.py:161} INFO - Started process (PID=111) to work on /home/airflow/.local/lib/python3.8/site-packages/airflow/example_dags/example_branch_day_of_week_operator.py
[2024-10-09T22:02:18.789+0000] {processor.py:830} INFO - Processing file /home/airflow/.local/lib/python3.8/site-packages/airflow/example_dags/example_branch_day_of_week_operator.py for tasks to queue
[2024-10-09T22:02:18.792+0000] {logging_mixin.py:188} INFO - [2024-10-09T22:02:18.792+0000] {dagbag.py:538} INFO - Filling up the DagBag from /home/airflow/.local/lib/python3.8/site-packages/airflow/example_dags/example_branch_day_of_week_operator.py
[2024-10-09T22:02:18.802+0000] {processor.py:840} INFO - DAG(s) 'example_weekday_branch_operator' retrieved from /home/airflow/.local/lib/python3.8/site-packages/airflow/example_dags/example_branch_day_of_week_operator.py
[2024-10-09T22:02:18.822+0000] {logging_mixin.py:188} INFO - [2024-10-09T22:02:18.821+0000] {dag.py:3036} INFO - Sync 1 DAGs
[2024-10-09T22:02:18.856+0000] {logging_mixin.py:188} INFO - [2024-10-09T22:02:18.856+0000] {dag.py:3823} INFO - Setting next_dagrun for example_weekday_branch_operator to 2024-10-08 00:00:00+00:00, run_after=2024-10-09 00:00:00+00:00
[2024-10-09T22:02:18.889+0000] {processor.py:183} INFO - Processing /home/airflow/.local/lib/python3.8/site-packages/airflow/example_dags/example_branch_day_of_week_operator.py took 0.106 seconds
[2024-10-09T22:02:58.701+0000] {processor.py:161} INFO - Started process (PID=96) to work on /home/airflow/.local/lib/python3.8/site-packages/airflow/example_dags/example_branch_day_of_week_operator.py
[2024-10-09T22:02:58.702+0000] {processor.py:830} INFO - Processing file /home/airflow/.local/lib/python3.8/site-packages/airflow/example_dags/example_branch_day_of_week_operator.py for tasks to queue
[2024-10-09T22:02:58.705+0000] {logging_mixin.py:188} INFO - [2024-10-09T22:02:58.705+0000] {dagbag.py:538} INFO - Filling up the DagBag from /home/airflow/.local/lib/python3.8/site-packages/airflow/example_dags/example_branch_day_of_week_operator.py
[2024-10-09T22:02:58.713+0000] {processor.py:840} INFO - DAG(s) 'example_weekday_branch_operator' retrieved from /home/airflow/.local/lib/python3.8/site-packages/airflow/example_dags/example_branch_day_of_week_operator.py
[2024-10-09T22:02:58.826+0000] {logging_mixin.py:188} INFO - [2024-10-09T22:02:58.825+0000] {dag.py:3036} INFO - Sync 1 DAGs
[2024-10-09T22:02:58.853+0000] {logging_mixin.py:188} INFO - [2024-10-09T22:02:58.852+0000] {dag.py:3823} INFO - Setting next_dagrun for example_weekday_branch_operator to 2024-10-08 00:00:00+00:00, run_after=2024-10-09 00:00:00+00:00
[2024-10-09T22:02:58.876+0000] {processor.py:183} INFO - Processing /home/airflow/.local/lib/python3.8/site-packages/airflow/example_dags/example_branch_day_of_week_operator.py took 0.178 seconds
[2024-10-09T22:03:29.031+0000] {processor.py:161} INFO - Started process (PID=158) to work on /home/airflow/.local/lib/python3.8/site-packages/airflow/example_dags/example_branch_day_of_week_operator.py
[2024-10-09T22:03:29.033+0000] {processor.py:830} INFO - Processing file /home/airflow/.local/lib/python3.8/site-packages/airflow/example_dags/example_branch_day_of_week_operator.py for tasks to queue
[2024-10-09T22:03:29.036+0000] {logging_mixin.py:188} INFO - [2024-10-09T22:03:29.035+0000] {dagbag.py:538} INFO - Filling up the DagBag from /home/airflow/.local/lib/python3.8/site-packages/airflow/example_dags/example_branch_day_of_week_operator.py
[2024-10-09T22:03:29.045+0000] {processor.py:840} INFO - DAG(s) 'example_weekday_branch_operator' retrieved from /home/airflow/.local/lib/python3.8/site-packages/airflow/example_dags/example_branch_day_of_week_operator.py
[2024-10-09T22:03:29.070+0000] {logging_mixin.py:188} INFO - [2024-10-09T22:03:29.069+0000] {dag.py:3036} INFO - Sync 1 DAGs
[2024-10-09T22:03:29.094+0000] {logging_mixin.py:188} INFO - [2024-10-09T22:03:29.093+0000] {dag.py:3823} INFO - Setting next_dagrun for example_weekday_branch_operator to 2024-10-08 00:00:00+00:00, run_after=2024-10-09 00:00:00+00:00
[2024-10-09T22:03:29.119+0000] {processor.py:183} INFO - Processing /home/airflow/.local/lib/python3.8/site-packages/airflow/example_dags/example_branch_day_of_week_operator.py took 0.091 seconds
[2024-10-09T22:03:59.995+0000] {processor.py:161} INFO - Started process (PID=220) to work on /home/airflow/.local/lib/python3.8/site-packages/airflow/example_dags/example_branch_day_of_week_operator.py
[2024-10-09T22:03:59.997+0000] {processor.py:830} INFO - Processing file /home/airflow/.local/lib/python3.8/site-packages/airflow/example_dags/example_branch_day_of_week_operator.py for tasks to queue
[2024-10-09T22:03:59.999+0000] {logging_mixin.py:188} INFO - [2024-10-09T22:03:59.999+0000] {dagbag.py:538} INFO - Filling up the DagBag from /home/airflow/.local/lib/python3.8/site-packages/airflow/example_dags/example_branch_day_of_week_operator.py
[2024-10-09T22:04:00.010+0000] {processor.py:840} INFO - DAG(s) 'example_weekday_branch_operator' retrieved from /home/airflow/.local/lib/python3.8/site-packages/airflow/example_dags/example_branch_day_of_week_operator.py
[2024-10-09T22:04:00.047+0000] {logging_mixin.py:188} INFO - [2024-10-09T22:04:00.047+0000] {dag.py:3036} INFO - Sync 1 DAGs
[2024-10-09T22:04:00.075+0000] {logging_mixin.py:188} INFO - [2024-10-09T22:04:00.074+0000] {dag.py:3823} INFO - Setting next_dagrun for example_weekday_branch_operator to 2024-10-08 00:00:00+00:00, run_after=2024-10-09 00:00:00+00:00
[2024-10-09T22:04:00.098+0000] {processor.py:183} INFO - Processing /home/airflow/.local/lib/python3.8/site-packages/airflow/example_dags/example_branch_day_of_week_operator.py took 0.107 seconds
[2024-10-09T22:04:31.009+0000] {processor.py:161} INFO - Started process (PID=282) to work on /home/airflow/.local/lib/python3.8/site-packages/airflow/example_dags/example_branch_day_of_week_operator.py
[2024-10-09T22:04:31.019+0000] {processor.py:830} INFO - Processing file /home/airflow/.local/lib/python3.8/site-packages/airflow/example_dags/example_branch_day_of_week_operator.py for tasks to queue
[2024-10-09T22:04:31.030+0000] {logging_mixin.py:188} INFO - [2024-10-09T22:04:31.029+0000] {dagbag.py:538} INFO - Filling up the DagBag from /home/airflow/.local/lib/python3.8/site-packages/airflow/example_dags/example_branch_day_of_week_operator.py
[2024-10-09T22:04:31.044+0000] {processor.py:840} INFO - DAG(s) 'example_weekday_branch_operator' retrieved from /home/airflow/.local/lib/python3.8/site-packages/airflow/example_dags/example_branch_day_of_week_operator.py
[2024-10-09T22:04:31.082+0000] {logging_mixin.py:188} INFO - [2024-10-09T22:04:31.082+0000] {dag.py:3036} INFO - Sync 1 DAGs
[2024-10-09T22:04:31.120+0000] {logging_mixin.py:188} INFO - [2024-10-09T22:04:31.120+0000] {dag.py:3823} INFO - Setting next_dagrun for example_weekday_branch_operator to 2024-10-08 00:00:00+00:00, run_after=2024-10-09 00:00:00+00:00
[2024-10-09T22:04:31.156+0000] {processor.py:183} INFO - Processing /home/airflow/.local/lib/python3.8/site-packages/airflow/example_dags/example_branch_day_of_week_operator.py took 0.153 seconds
[2024-10-09T22:05:02.834+0000] {processor.py:161} INFO - Started process (PID=344) to work on /home/airflow/.local/lib/python3.8/site-packages/airflow/example_dags/example_branch_day_of_week_operator.py
[2024-10-09T22:05:02.836+0000] {processor.py:830} INFO - Processing file /home/airflow/.local/lib/python3.8/site-packages/airflow/example_dags/example_branch_day_of_week_operator.py for tasks to queue
[2024-10-09T22:05:02.838+0000] {logging_mixin.py:188} INFO - [2024-10-09T22:05:02.837+0000] {dagbag.py:538} INFO - Filling up the DagBag from /home/airflow/.local/lib/python3.8/site-packages/airflow/example_dags/example_branch_day_of_week_operator.py
[2024-10-09T22:05:02.847+0000] {processor.py:840} INFO - DAG(s) 'example_weekday_branch_operator' retrieved from /home/airflow/.local/lib/python3.8/site-packages/airflow/example_dags/example_branch_day_of_week_operator.py
[2024-10-09T22:05:02.873+0000] {logging_mixin.py:188} INFO - [2024-10-09T22:05:02.873+0000] {dag.py:3036} INFO - Sync 1 DAGs
[2024-10-09T22:05:02.912+0000] {logging_mixin.py:188} INFO - [2024-10-09T22:05:02.911+0000] {dag.py:3823} INFO - Setting next_dagrun for example_weekday_branch_operator to 2024-10-08 00:00:00+00:00, run_after=2024-10-09 00:00:00+00:00
[2024-10-09T22:05:02.939+0000] {processor.py:183} INFO - Processing /home/airflow/.local/lib/python3.8/site-packages/airflow/example_dags/example_branch_day_of_week_operator.py took 0.109 seconds
[2024-10-09T22:05:33.443+0000] {processor.py:161} INFO - Started process (PID=406) to work on /home/airflow/.local/lib/python3.8/site-packages/airflow/example_dags/example_branch_day_of_week_operator.py
[2024-10-09T22:05:33.445+0000] {processor.py:830} INFO - Processing file /home/airflow/.local/lib/python3.8/site-packages/airflow/example_dags/example_branch_day_of_week_operator.py for tasks to queue
[2024-10-09T22:05:33.448+0000] {logging_mixin.py:188} INFO - [2024-10-09T22:05:33.447+0000] {dagbag.py:538} INFO - Filling up the DagBag from /home/airflow/.local/lib/python3.8/site-packages/airflow/example_dags/example_branch_day_of_week_operator.py
[2024-10-09T22:05:33.457+0000] {processor.py:840} INFO - DAG(s) 'example_weekday_branch_operator' retrieved from /home/airflow/.local/lib/python3.8/site-packages/airflow/example_dags/example_branch_day_of_week_operator.py
[2024-10-09T22:05:33.486+0000] {logging_mixin.py:188} INFO - [2024-10-09T22:05:33.486+0000] {dag.py:3036} INFO - Sync 1 DAGs
[2024-10-09T22:05:33.555+0000] {logging_mixin.py:188} INFO - [2024-10-09T22:05:33.555+0000] {dag.py:3823} INFO - Setting next_dagrun for example_weekday_branch_operator to 2024-10-08 00:00:00+00:00, run_after=2024-10-09 00:00:00+00:00
[2024-10-09T22:05:33.581+0000] {processor.py:183} INFO - Processing /home/airflow/.local/lib/python3.8/site-packages/airflow/example_dags/example_branch_day_of_week_operator.py took 0.142 seconds
[2024-10-09T22:06:05.816+0000] {processor.py:161} INFO - Started process (PID=468) to work on /home/airflow/.local/lib/python3.8/site-packages/airflow/example_dags/example_branch_day_of_week_operator.py
[2024-10-09T22:06:05.818+0000] {processor.py:830} INFO - Processing file /home/airflow/.local/lib/python3.8/site-packages/airflow/example_dags/example_branch_day_of_week_operator.py for tasks to queue
[2024-10-09T22:06:05.823+0000] {logging_mixin.py:188} INFO - [2024-10-09T22:06:05.822+0000] {dagbag.py:538} INFO - Filling up the DagBag from /home/airflow/.local/lib/python3.8/site-packages/airflow/example_dags/example_branch_day_of_week_operator.py
[2024-10-09T22:06:05.845+0000] {processor.py:840} INFO - DAG(s) 'example_weekday_branch_operator' retrieved from /home/airflow/.local/lib/python3.8/site-packages/airflow/example_dags/example_branch_day_of_week_operator.py
[2024-10-09T22:06:05.926+0000] {logging_mixin.py:188} INFO - [2024-10-09T22:06:05.926+0000] {dag.py:3036} INFO - Sync 1 DAGs
[2024-10-09T22:06:05.981+0000] {logging_mixin.py:188} INFO - [2024-10-09T22:06:05.979+0000] {dag.py:3823} INFO - Setting next_dagrun for example_weekday_branch_operator to 2024-10-08 00:00:00+00:00, run_after=2024-10-09 00:00:00+00:00
[2024-10-09T22:06:06.030+0000] {processor.py:183} INFO - Processing /home/airflow/.local/lib/python3.8/site-packages/airflow/example_dags/example_branch_day_of_week_operator.py took 0.222 seconds
[2024-10-09T22:06:36.683+0000] {processor.py:161} INFO - Started process (PID=530) to work on /home/airflow/.local/lib/python3.8/site-packages/airflow/example_dags/example_branch_day_of_week_operator.py
[2024-10-09T22:06:36.685+0000] {processor.py:830} INFO - Processing file /home/airflow/.local/lib/python3.8/site-packages/airflow/example_dags/example_branch_day_of_week_operator.py for tasks to queue
[2024-10-09T22:06:36.688+0000] {logging_mixin.py:188} INFO - [2024-10-09T22:06:36.687+0000] {dagbag.py:538} INFO - Filling up the DagBag from /home/airflow/.local/lib/python3.8/site-packages/airflow/example_dags/example_branch_day_of_week_operator.py
[2024-10-09T22:06:36.698+0000] {processor.py:840} INFO - DAG(s) 'example_weekday_branch_operator' retrieved from /home/airflow/.local/lib/python3.8/site-packages/airflow/example_dags/example_branch_day_of_week_operator.py
[2024-10-09T22:06:36.731+0000] {logging_mixin.py:188} INFO - [2024-10-09T22:06:36.731+0000] {dag.py:3036} INFO - Sync 1 DAGs
[2024-10-09T22:06:36.776+0000] {logging_mixin.py:188} INFO - [2024-10-09T22:06:36.776+0000] {dag.py:3823} INFO - Setting next_dagrun for example_weekday_branch_operator to 2024-10-08 00:00:00+00:00, run_after=2024-10-09 00:00:00+00:00
[2024-10-09T22:06:36.807+0000] {processor.py:183} INFO - Processing /home/airflow/.local/lib/python3.8/site-packages/airflow/example_dags/example_branch_day_of_week_operator.py took 0.128 seconds
[2024-10-09T22:07:07.724+0000] {processor.py:161} INFO - Started process (PID=592) to work on /home/airflow/.local/lib/python3.8/site-packages/airflow/example_dags/example_branch_day_of_week_operator.py
[2024-10-09T22:07:07.725+0000] {processor.py:830} INFO - Processing file /home/airflow/.local/lib/python3.8/site-packages/airflow/example_dags/example_branch_day_of_week_operator.py for tasks to queue
[2024-10-09T22:07:07.727+0000] {logging_mixin.py:188} INFO - [2024-10-09T22:07:07.727+0000] {dagbag.py:538} INFO - Filling up the DagBag from /home/airflow/.local/lib/python3.8/site-packages/airflow/example_dags/example_branch_day_of_week_operator.py
[2024-10-09T22:07:07.737+0000] {processor.py:840} INFO - DAG(s) 'example_weekday_branch_operator' retrieved from /home/airflow/.local/lib/python3.8/site-packages/airflow/example_dags/example_branch_day_of_week_operator.py
[2024-10-09T22:07:07.761+0000] {logging_mixin.py:188} INFO - [2024-10-09T22:07:07.760+0000] {dag.py:3036} INFO - Sync 1 DAGs
[2024-10-09T22:07:07.790+0000] {logging_mixin.py:188} INFO - [2024-10-09T22:07:07.790+0000] {dag.py:3823} INFO - Setting next_dagrun for example_weekday_branch_operator to 2024-10-08 00:00:00+00:00, run_after=2024-10-09 00:00:00+00:00
[2024-10-09T22:07:07.822+0000] {processor.py:183} INFO - Processing /home/airflow/.local/lib/python3.8/site-packages/airflow/example_dags/example_branch_day_of_week_operator.py took 0.101 seconds
[2024-10-09T22:07:38.265+0000] {processor.py:161} INFO - Started process (PID=654) to work on /home/airflow/.local/lib/python3.8/site-packages/airflow/example_dags/example_branch_day_of_week_operator.py
[2024-10-09T22:07:38.266+0000] {processor.py:830} INFO - Processing file /home/airflow/.local/lib/python3.8/site-packages/airflow/example_dags/example_branch_day_of_week_operator.py for tasks to queue
[2024-10-09T22:07:38.268+0000] {logging_mixin.py:188} INFO - [2024-10-09T22:07:38.268+0000] {dagbag.py:538} INFO - Filling up the DagBag from /home/airflow/.local/lib/python3.8/site-packages/airflow/example_dags/example_branch_day_of_week_operator.py
[2024-10-09T22:07:38.287+0000] {processor.py:840} INFO - DAG(s) 'example_weekday_branch_operator' retrieved from /home/airflow/.local/lib/python3.8/site-packages/airflow/example_dags/example_branch_day_of_week_operator.py
[2024-10-09T22:07:38.326+0000] {logging_mixin.py:188} INFO - [2024-10-09T22:07:38.325+0000] {dag.py:3036} INFO - Sync 1 DAGs
[2024-10-09T22:07:38.356+0000] {logging_mixin.py:188} INFO - [2024-10-09T22:07:38.355+0000] {dag.py:3823} INFO - Setting next_dagrun for example_weekday_branch_operator to 2024-10-08 00:00:00+00:00, run_after=2024-10-09 00:00:00+00:00
[2024-10-09T22:07:38.383+0000] {processor.py:183} INFO - Processing /home/airflow/.local/lib/python3.8/site-packages/airflow/example_dags/example_branch_day_of_week_operator.py took 0.124 seconds
[2024-10-09T22:08:08.729+0000] {processor.py:161} INFO - Started process (PID=717) to work on /home/airflow/.local/lib/python3.8/site-packages/airflow/example_dags/example_branch_day_of_week_operator.py
[2024-10-09T22:08:08.730+0000] {processor.py:830} INFO - Processing file /home/airflow/.local/lib/python3.8/site-packages/airflow/example_dags/example_branch_day_of_week_operator.py for tasks to queue
[2024-10-09T22:08:08.733+0000] {logging_mixin.py:188} INFO - [2024-10-09T22:08:08.732+0000] {dagbag.py:538} INFO - Filling up the DagBag from /home/airflow/.local/lib/python3.8/site-packages/airflow/example_dags/example_branch_day_of_week_operator.py
[2024-10-09T22:08:08.742+0000] {processor.py:840} INFO - DAG(s) 'example_weekday_branch_operator' retrieved from /home/airflow/.local/lib/python3.8/site-packages/airflow/example_dags/example_branch_day_of_week_operator.py
[2024-10-09T22:08:08.768+0000] {logging_mixin.py:188} INFO - [2024-10-09T22:08:08.767+0000] {dag.py:3036} INFO - Sync 1 DAGs
[2024-10-09T22:08:08.795+0000] {logging_mixin.py:188} INFO - [2024-10-09T22:08:08.795+0000] {dag.py:3823} INFO - Setting next_dagrun for example_weekday_branch_operator to 2024-10-08 00:00:00+00:00, run_after=2024-10-09 00:00:00+00:00
[2024-10-09T22:08:08.822+0000] {processor.py:183} INFO - Processing /home/airflow/.local/lib/python3.8/site-packages/airflow/example_dags/example_branch_day_of_week_operator.py took 0.096 seconds
[2024-10-09T22:08:38.919+0000] {processor.py:161} INFO - Started process (PID=778) to work on /home/airflow/.local/lib/python3.8/site-packages/airflow/example_dags/example_branch_day_of_week_operator.py
[2024-10-09T22:08:38.921+0000] {processor.py:830} INFO - Processing file /home/airflow/.local/lib/python3.8/site-packages/airflow/example_dags/example_branch_day_of_week_operator.py for tasks to queue
[2024-10-09T22:08:38.923+0000] {logging_mixin.py:188} INFO - [2024-10-09T22:08:38.923+0000] {dagbag.py:538} INFO - Filling up the DagBag from /home/airflow/.local/lib/python3.8/site-packages/airflow/example_dags/example_branch_day_of_week_operator.py
[2024-10-09T22:08:38.931+0000] {processor.py:840} INFO - DAG(s) 'example_weekday_branch_operator' retrieved from /home/airflow/.local/lib/python3.8/site-packages/airflow/example_dags/example_branch_day_of_week_operator.py
[2024-10-09T22:08:38.956+0000] {logging_mixin.py:188} INFO - [2024-10-09T22:08:38.955+0000] {dag.py:3036} INFO - Sync 1 DAGs
[2024-10-09T22:08:38.980+0000] {logging_mixin.py:188} INFO - [2024-10-09T22:08:38.980+0000] {dag.py:3823} INFO - Setting next_dagrun for example_weekday_branch_operator to 2024-10-08 00:00:00+00:00, run_after=2024-10-09 00:00:00+00:00
[2024-10-09T22:08:39.011+0000] {processor.py:183} INFO - Processing /home/airflow/.local/lib/python3.8/site-packages/airflow/example_dags/example_branch_day_of_week_operator.py took 0.094 seconds
[2024-10-09T22:09:13.451+0000] {processor.py:161} INFO - Started process (PID=839) to work on /home/airflow/.local/lib/python3.8/site-packages/airflow/example_dags/example_branch_day_of_week_operator.py
[2024-10-09T22:09:13.453+0000] {processor.py:830} INFO - Processing file /home/airflow/.local/lib/python3.8/site-packages/airflow/example_dags/example_branch_day_of_week_operator.py for tasks to queue
[2024-10-09T22:09:13.455+0000] {logging_mixin.py:188} INFO - [2024-10-09T22:09:13.455+0000] {dagbag.py:538} INFO - Filling up the DagBag from /home/airflow/.local/lib/python3.8/site-packages/airflow/example_dags/example_branch_day_of_week_operator.py
[2024-10-09T22:09:13.466+0000] {processor.py:840} INFO - DAG(s) 'example_weekday_branch_operator' retrieved from /home/airflow/.local/lib/python3.8/site-packages/airflow/example_dags/example_branch_day_of_week_operator.py
[2024-10-09T22:09:13.537+0000] {logging_mixin.py:188} INFO - [2024-10-09T22:09:13.536+0000] {dag.py:3036} INFO - Sync 1 DAGs
[2024-10-09T22:09:13.568+0000] {logging_mixin.py:188} INFO - [2024-10-09T22:09:13.568+0000] {dag.py:3823} INFO - Setting next_dagrun for example_weekday_branch_operator to 2024-10-08 00:00:00+00:00, run_after=2024-10-09 00:00:00+00:00
[2024-10-09T22:09:13.600+0000] {processor.py:183} INFO - Processing /home/airflow/.local/lib/python3.8/site-packages/airflow/example_dags/example_branch_day_of_week_operator.py took 0.159 seconds
