[2024-10-09T22:02:17.991+0000] {processor.py:161} INFO - Started process (PID=102) to work on /home/airflow/.local/lib/python3.8/site-packages/airflow/example_dags/example_external_task_marker_dag.py
[2024-10-09T22:02:17.993+0000] {processor.py:830} INFO - Processing file /home/airflow/.local/lib/python3.8/site-packages/airflow/example_dags/example_external_task_marker_dag.py for tasks to queue
[2024-10-09T22:02:18.009+0000] {logging_mixin.py:188} INFO - [2024-10-09T22:02:18.005+0000] {dagbag.py:538} INFO - Filling up the DagBag from /home/airflow/.local/lib/python3.8/site-packages/airflow/example_dags/example_external_task_marker_dag.py
[2024-10-09T22:02:18.019+0000] {processor.py:840} INFO - DAG(s) 'example_external_task_marker_parent', 'example_external_task_marker_child' retrieved from /home/airflow/.local/lib/python3.8/site-packages/airflow/example_dags/example_external_task_marker_dag.py
[2024-10-09T22:02:18.041+0000] {logging_mixin.py:188} INFO - [2024-10-09T22:02:18.040+0000] {dag.py:3036} INFO - Sync 2 DAGs
[2024-10-09T22:02:18.061+0000] {logging_mixin.py:188} INFO - [2024-10-09T22:02:18.061+0000] {dag.py:3823} INFO - Setting next_dagrun for example_external_task_marker_child to None, run_after=None
[2024-10-09T22:02:18.069+0000] {logging_mixin.py:188} INFO - [2024-10-09T22:02:18.068+0000] {dag.py:3823} INFO - Setting next_dagrun for example_external_task_marker_parent to None, run_after=None
[2024-10-09T22:02:18.100+0000] {processor.py:183} INFO - Processing /home/airflow/.local/lib/python3.8/site-packages/airflow/example_dags/example_external_task_marker_dag.py took 0.112 seconds
[2024-10-09T22:02:57.666+0000] {processor.py:161} INFO - Started process (PID=87) to work on /home/airflow/.local/lib/python3.8/site-packages/airflow/example_dags/example_external_task_marker_dag.py
[2024-10-09T22:02:57.667+0000] {processor.py:830} INFO - Processing file /home/airflow/.local/lib/python3.8/site-packages/airflow/example_dags/example_external_task_marker_dag.py for tasks to queue
[2024-10-09T22:02:57.670+0000] {logging_mixin.py:188} INFO - [2024-10-09T22:02:57.670+0000] {dagbag.py:538} INFO - Filling up the DagBag from /home/airflow/.local/lib/python3.8/site-packages/airflow/example_dags/example_external_task_marker_dag.py
[2024-10-09T22:02:57.676+0000] {processor.py:840} INFO - DAG(s) 'example_external_task_marker_parent', 'example_external_task_marker_child' retrieved from /home/airflow/.local/lib/python3.8/site-packages/airflow/example_dags/example_external_task_marker_dag.py
[2024-10-09T22:02:57.811+0000] {logging_mixin.py:188} INFO - [2024-10-09T22:02:57.810+0000] {dag.py:3036} INFO - Sync 2 DAGs
[2024-10-09T22:02:57.823+0000] {logging_mixin.py:188} INFO - [2024-10-09T22:02:57.823+0000] {dag.py:3823} INFO - Setting next_dagrun for example_external_task_marker_child to None, run_after=None
[2024-10-09T22:02:57.828+0000] {logging_mixin.py:188} INFO - [2024-10-09T22:02:57.828+0000] {dag.py:3823} INFO - Setting next_dagrun for example_external_task_marker_parent to None, run_after=None
[2024-10-09T22:02:57.861+0000] {processor.py:183} INFO - Processing /home/airflow/.local/lib/python3.8/site-packages/airflow/example_dags/example_external_task_marker_dag.py took 0.200 seconds
[2024-10-09T22:03:28.279+0000] {processor.py:161} INFO - Started process (PID=149) to work on /home/airflow/.local/lib/python3.8/site-packages/airflow/example_dags/example_external_task_marker_dag.py
[2024-10-09T22:03:28.281+0000] {processor.py:830} INFO - Processing file /home/airflow/.local/lib/python3.8/site-packages/airflow/example_dags/example_external_task_marker_dag.py for tasks to queue
[2024-10-09T22:03:28.284+0000] {logging_mixin.py:188} INFO - [2024-10-09T22:03:28.283+0000] {dagbag.py:538} INFO - Filling up the DagBag from /home/airflow/.local/lib/python3.8/site-packages/airflow/example_dags/example_external_task_marker_dag.py
[2024-10-09T22:03:28.291+0000] {processor.py:840} INFO - DAG(s) 'example_external_task_marker_child', 'example_external_task_marker_parent' retrieved from /home/airflow/.local/lib/python3.8/site-packages/airflow/example_dags/example_external_task_marker_dag.py
[2024-10-09T22:03:28.326+0000] {logging_mixin.py:188} INFO - [2024-10-09T22:03:28.325+0000] {dag.py:3036} INFO - Sync 2 DAGs
[2024-10-09T22:03:28.340+0000] {logging_mixin.py:188} INFO - [2024-10-09T22:03:28.340+0000] {dag.py:3823} INFO - Setting next_dagrun for example_external_task_marker_child to None, run_after=None
[2024-10-09T22:03:28.345+0000] {logging_mixin.py:188} INFO - [2024-10-09T22:03:28.345+0000] {dag.py:3823} INFO - Setting next_dagrun for example_external_task_marker_parent to None, run_after=None
[2024-10-09T22:03:28.376+0000] {processor.py:183} INFO - Processing /home/airflow/.local/lib/python3.8/site-packages/airflow/example_dags/example_external_task_marker_dag.py took 0.100 seconds
[2024-10-09T22:03:59.261+0000] {processor.py:161} INFO - Started process (PID=211) to work on /home/airflow/.local/lib/python3.8/site-packages/airflow/example_dags/example_external_task_marker_dag.py
[2024-10-09T22:03:59.263+0000] {processor.py:830} INFO - Processing file /home/airflow/.local/lib/python3.8/site-packages/airflow/example_dags/example_external_task_marker_dag.py for tasks to queue
[2024-10-09T22:03:59.269+0000] {logging_mixin.py:188} INFO - [2024-10-09T22:03:59.268+0000] {dagbag.py:538} INFO - Filling up the DagBag from /home/airflow/.local/lib/python3.8/site-packages/airflow/example_dags/example_external_task_marker_dag.py
[2024-10-09T22:03:59.281+0000] {processor.py:840} INFO - DAG(s) 'example_external_task_marker_parent', 'example_external_task_marker_child' retrieved from /home/airflow/.local/lib/python3.8/site-packages/airflow/example_dags/example_external_task_marker_dag.py
[2024-10-09T22:03:59.334+0000] {logging_mixin.py:188} INFO - [2024-10-09T22:03:59.334+0000] {dag.py:3036} INFO - Sync 2 DAGs
[2024-10-09T22:03:59.355+0000] {logging_mixin.py:188} INFO - [2024-10-09T22:03:59.355+0000] {dag.py:3823} INFO - Setting next_dagrun for example_external_task_marker_child to None, run_after=None
[2024-10-09T22:03:59.364+0000] {logging_mixin.py:188} INFO - [2024-10-09T22:03:59.363+0000] {dag.py:3823} INFO - Setting next_dagrun for example_external_task_marker_parent to None, run_after=None
[2024-10-09T22:03:59.399+0000] {processor.py:183} INFO - Processing /home/airflow/.local/lib/python3.8/site-packages/airflow/example_dags/example_external_task_marker_dag.py took 0.144 seconds
[2024-10-09T22:04:30.059+0000] {processor.py:161} INFO - Started process (PID=273) to work on /home/airflow/.local/lib/python3.8/site-packages/airflow/example_dags/example_external_task_marker_dag.py
[2024-10-09T22:04:30.062+0000] {processor.py:830} INFO - Processing file /home/airflow/.local/lib/python3.8/site-packages/airflow/example_dags/example_external_task_marker_dag.py for tasks to queue
[2024-10-09T22:04:30.068+0000] {logging_mixin.py:188} INFO - [2024-10-09T22:04:30.067+0000] {dagbag.py:538} INFO - Filling up the DagBag from /home/airflow/.local/lib/python3.8/site-packages/airflow/example_dags/example_external_task_marker_dag.py
[2024-10-09T22:04:30.088+0000] {processor.py:840} INFO - DAG(s) 'example_external_task_marker_parent', 'example_external_task_marker_child' retrieved from /home/airflow/.local/lib/python3.8/site-packages/airflow/example_dags/example_external_task_marker_dag.py
[2024-10-09T22:04:30.151+0000] {logging_mixin.py:188} INFO - [2024-10-09T22:04:30.151+0000] {dag.py:3036} INFO - Sync 2 DAGs
[2024-10-09T22:04:30.183+0000] {logging_mixin.py:188} INFO - [2024-10-09T22:04:30.182+0000] {dag.py:3823} INFO - Setting next_dagrun for example_external_task_marker_child to None, run_after=None
[2024-10-09T22:04:30.200+0000] {logging_mixin.py:188} INFO - [2024-10-09T22:04:30.200+0000] {dag.py:3823} INFO - Setting next_dagrun for example_external_task_marker_parent to None, run_after=None
[2024-10-09T22:04:30.243+0000] {processor.py:183} INFO - Processing /home/airflow/.local/lib/python3.8/site-packages/airflow/example_dags/example_external_task_marker_dag.py took 0.194 seconds
[2024-10-09T22:05:02.184+0000] {processor.py:161} INFO - Started process (PID=335) to work on /home/airflow/.local/lib/python3.8/site-packages/airflow/example_dags/example_external_task_marker_dag.py
[2024-10-09T22:05:02.186+0000] {processor.py:830} INFO - Processing file /home/airflow/.local/lib/python3.8/site-packages/airflow/example_dags/example_external_task_marker_dag.py for tasks to queue
[2024-10-09T22:05:02.189+0000] {logging_mixin.py:188} INFO - [2024-10-09T22:05:02.188+0000] {dagbag.py:538} INFO - Filling up the DagBag from /home/airflow/.local/lib/python3.8/site-packages/airflow/example_dags/example_external_task_marker_dag.py
[2024-10-09T22:05:02.197+0000] {processor.py:840} INFO - DAG(s) 'example_external_task_marker_parent', 'example_external_task_marker_child' retrieved from /home/airflow/.local/lib/python3.8/site-packages/airflow/example_dags/example_external_task_marker_dag.py
[2024-10-09T22:05:02.232+0000] {logging_mixin.py:188} INFO - [2024-10-09T22:05:02.232+0000] {dag.py:3036} INFO - Sync 2 DAGs
[2024-10-09T22:05:02.251+0000] {logging_mixin.py:188} INFO - [2024-10-09T22:05:02.251+0000] {dag.py:3823} INFO - Setting next_dagrun for example_external_task_marker_child to None, run_after=None
[2024-10-09T22:05:02.257+0000] {logging_mixin.py:188} INFO - [2024-10-09T22:05:02.257+0000] {dag.py:3823} INFO - Setting next_dagrun for example_external_task_marker_parent to None, run_after=None
[2024-10-09T22:05:02.283+0000] {processor.py:183} INFO - Processing /home/airflow/.local/lib/python3.8/site-packages/airflow/example_dags/example_external_task_marker_dag.py took 0.104 seconds
[2024-10-09T22:05:32.837+0000] {processor.py:161} INFO - Started process (PID=397) to work on /home/airflow/.local/lib/python3.8/site-packages/airflow/example_dags/example_external_task_marker_dag.py
[2024-10-09T22:05:32.839+0000] {processor.py:830} INFO - Processing file /home/airflow/.local/lib/python3.8/site-packages/airflow/example_dags/example_external_task_marker_dag.py for tasks to queue
[2024-10-09T22:05:32.841+0000] {logging_mixin.py:188} INFO - [2024-10-09T22:05:32.840+0000] {dagbag.py:538} INFO - Filling up the DagBag from /home/airflow/.local/lib/python3.8/site-packages/airflow/example_dags/example_external_task_marker_dag.py
[2024-10-09T22:05:32.848+0000] {processor.py:840} INFO - DAG(s) 'example_external_task_marker_child', 'example_external_task_marker_parent' retrieved from /home/airflow/.local/lib/python3.8/site-packages/airflow/example_dags/example_external_task_marker_dag.py
[2024-10-09T22:05:32.885+0000] {logging_mixin.py:188} INFO - [2024-10-09T22:05:32.884+0000] {dag.py:3036} INFO - Sync 2 DAGs
[2024-10-09T22:05:32.902+0000] {logging_mixin.py:188} INFO - [2024-10-09T22:05:32.901+0000] {dag.py:3823} INFO - Setting next_dagrun for example_external_task_marker_child to None, run_after=None
[2024-10-09T22:05:32.906+0000] {logging_mixin.py:188} INFO - [2024-10-09T22:05:32.906+0000] {dag.py:3823} INFO - Setting next_dagrun for example_external_task_marker_parent to None, run_after=None
[2024-10-09T22:05:32.928+0000] {processor.py:183} INFO - Processing /home/airflow/.local/lib/python3.8/site-packages/airflow/example_dags/example_external_task_marker_dag.py took 0.094 seconds
[2024-10-09T22:06:04.841+0000] {processor.py:161} INFO - Started process (PID=459) to work on /home/airflow/.local/lib/python3.8/site-packages/airflow/example_dags/example_external_task_marker_dag.py
[2024-10-09T22:06:04.843+0000] {processor.py:830} INFO - Processing file /home/airflow/.local/lib/python3.8/site-packages/airflow/example_dags/example_external_task_marker_dag.py for tasks to queue
[2024-10-09T22:06:04.847+0000] {logging_mixin.py:188} INFO - [2024-10-09T22:06:04.846+0000] {dagbag.py:538} INFO - Filling up the DagBag from /home/airflow/.local/lib/python3.8/site-packages/airflow/example_dags/example_external_task_marker_dag.py
[2024-10-09T22:06:04.859+0000] {processor.py:840} INFO - DAG(s) 'example_external_task_marker_child', 'example_external_task_marker_parent' retrieved from /home/airflow/.local/lib/python3.8/site-packages/airflow/example_dags/example_external_task_marker_dag.py
[2024-10-09T22:06:04.908+0000] {logging_mixin.py:188} INFO - [2024-10-09T22:06:04.908+0000] {dag.py:3036} INFO - Sync 2 DAGs
[2024-10-09T22:06:04.927+0000] {logging_mixin.py:188} INFO - [2024-10-09T22:06:04.926+0000] {dag.py:3823} INFO - Setting next_dagrun for example_external_task_marker_child to None, run_after=None
[2024-10-09T22:06:04.932+0000] {logging_mixin.py:188} INFO - [2024-10-09T22:06:04.932+0000] {dag.py:3823} INFO - Setting next_dagrun for example_external_task_marker_parent to None, run_after=None
[2024-10-09T22:06:04.963+0000] {processor.py:183} INFO - Processing /home/airflow/.local/lib/python3.8/site-packages/airflow/example_dags/example_external_task_marker_dag.py took 0.128 seconds
[2024-10-09T22:06:35.773+0000] {processor.py:161} INFO - Started process (PID=521) to work on /home/airflow/.local/lib/python3.8/site-packages/airflow/example_dags/example_external_task_marker_dag.py
[2024-10-09T22:06:35.774+0000] {processor.py:830} INFO - Processing file /home/airflow/.local/lib/python3.8/site-packages/airflow/example_dags/example_external_task_marker_dag.py for tasks to queue
[2024-10-09T22:06:35.777+0000] {logging_mixin.py:188} INFO - [2024-10-09T22:06:35.776+0000] {dagbag.py:538} INFO - Filling up the DagBag from /home/airflow/.local/lib/python3.8/site-packages/airflow/example_dags/example_external_task_marker_dag.py
[2024-10-09T22:06:35.784+0000] {processor.py:840} INFO - DAG(s) 'example_external_task_marker_parent', 'example_external_task_marker_child' retrieved from /home/airflow/.local/lib/python3.8/site-packages/airflow/example_dags/example_external_task_marker_dag.py
[2024-10-09T22:06:35.811+0000] {logging_mixin.py:188} INFO - [2024-10-09T22:06:35.811+0000] {dag.py:3036} INFO - Sync 2 DAGs
[2024-10-09T22:06:35.828+0000] {logging_mixin.py:188} INFO - [2024-10-09T22:06:35.828+0000] {dag.py:3823} INFO - Setting next_dagrun for example_external_task_marker_child to None, run_after=None
[2024-10-09T22:06:35.833+0000] {logging_mixin.py:188} INFO - [2024-10-09T22:06:35.833+0000] {dag.py:3823} INFO - Setting next_dagrun for example_external_task_marker_parent to None, run_after=None
[2024-10-09T22:06:35.862+0000] {processor.py:183} INFO - Processing /home/airflow/.local/lib/python3.8/site-packages/airflow/example_dags/example_external_task_marker_dag.py took 0.093 seconds
[2024-10-09T22:07:06.820+0000] {processor.py:161} INFO - Started process (PID=583) to work on /home/airflow/.local/lib/python3.8/site-packages/airflow/example_dags/example_external_task_marker_dag.py
[2024-10-09T22:07:06.821+0000] {processor.py:830} INFO - Processing file /home/airflow/.local/lib/python3.8/site-packages/airflow/example_dags/example_external_task_marker_dag.py for tasks to queue
[2024-10-09T22:07:06.824+0000] {logging_mixin.py:188} INFO - [2024-10-09T22:07:06.823+0000] {dagbag.py:538} INFO - Filling up the DagBag from /home/airflow/.local/lib/python3.8/site-packages/airflow/example_dags/example_external_task_marker_dag.py
[2024-10-09T22:07:06.833+0000] {processor.py:840} INFO - DAG(s) 'example_external_task_marker_parent', 'example_external_task_marker_child' retrieved from /home/airflow/.local/lib/python3.8/site-packages/airflow/example_dags/example_external_task_marker_dag.py
[2024-10-09T22:07:06.864+0000] {logging_mixin.py:188} INFO - [2024-10-09T22:07:06.864+0000] {dag.py:3036} INFO - Sync 2 DAGs
[2024-10-09T22:07:06.897+0000] {logging_mixin.py:188} INFO - [2024-10-09T22:07:06.896+0000] {dag.py:3823} INFO - Setting next_dagrun for example_external_task_marker_child to None, run_after=None
[2024-10-09T22:07:06.908+0000] {logging_mixin.py:188} INFO - [2024-10-09T22:07:06.907+0000] {dag.py:3823} INFO - Setting next_dagrun for example_external_task_marker_parent to None, run_after=None
[2024-10-09T22:07:06.943+0000] {processor.py:183} INFO - Processing /home/airflow/.local/lib/python3.8/site-packages/airflow/example_dags/example_external_task_marker_dag.py took 0.128 seconds
[2024-10-09T22:07:37.471+0000] {processor.py:161} INFO - Started process (PID=645) to work on /home/airflow/.local/lib/python3.8/site-packages/airflow/example_dags/example_external_task_marker_dag.py
[2024-10-09T22:07:37.473+0000] {processor.py:830} INFO - Processing file /home/airflow/.local/lib/python3.8/site-packages/airflow/example_dags/example_external_task_marker_dag.py for tasks to queue
[2024-10-09T22:07:37.475+0000] {logging_mixin.py:188} INFO - [2024-10-09T22:07:37.474+0000] {dagbag.py:538} INFO - Filling up the DagBag from /home/airflow/.local/lib/python3.8/site-packages/airflow/example_dags/example_external_task_marker_dag.py
[2024-10-09T22:07:37.481+0000] {processor.py:840} INFO - DAG(s) 'example_external_task_marker_child', 'example_external_task_marker_parent' retrieved from /home/airflow/.local/lib/python3.8/site-packages/airflow/example_dags/example_external_task_marker_dag.py
[2024-10-09T22:07:37.511+0000] {logging_mixin.py:188} INFO - [2024-10-09T22:07:37.511+0000] {dag.py:3036} INFO - Sync 2 DAGs
[2024-10-09T22:07:37.540+0000] {logging_mixin.py:188} INFO - [2024-10-09T22:07:37.538+0000] {dag.py:3823} INFO - Setting next_dagrun for example_external_task_marker_child to None, run_after=None
[2024-10-09T22:07:37.549+0000] {logging_mixin.py:188} INFO - [2024-10-09T22:07:37.548+0000] {dag.py:3823} INFO - Setting next_dagrun for example_external_task_marker_parent to None, run_after=None
[2024-10-09T22:07:37.576+0000] {processor.py:183} INFO - Processing /home/airflow/.local/lib/python3.8/site-packages/airflow/example_dags/example_external_task_marker_dag.py took 0.108 seconds
[2024-10-09T22:08:07.858+0000] {processor.py:161} INFO - Started process (PID=708) to work on /home/airflow/.local/lib/python3.8/site-packages/airflow/example_dags/example_external_task_marker_dag.py
[2024-10-09T22:08:07.859+0000] {processor.py:830} INFO - Processing file /home/airflow/.local/lib/python3.8/site-packages/airflow/example_dags/example_external_task_marker_dag.py for tasks to queue
[2024-10-09T22:08:07.861+0000] {logging_mixin.py:188} INFO - [2024-10-09T22:08:07.861+0000] {dagbag.py:538} INFO - Filling up the DagBag from /home/airflow/.local/lib/python3.8/site-packages/airflow/example_dags/example_external_task_marker_dag.py
[2024-10-09T22:08:07.868+0000] {processor.py:840} INFO - DAG(s) 'example_external_task_marker_parent', 'example_external_task_marker_child' retrieved from /home/airflow/.local/lib/python3.8/site-packages/airflow/example_dags/example_external_task_marker_dag.py
[2024-10-09T22:08:07.895+0000] {logging_mixin.py:188} INFO - [2024-10-09T22:08:07.894+0000] {dag.py:3036} INFO - Sync 2 DAGs
[2024-10-09T22:08:07.922+0000] {logging_mixin.py:188} INFO - [2024-10-09T22:08:07.921+0000] {dag.py:3823} INFO - Setting next_dagrun for example_external_task_marker_child to None, run_after=None
[2024-10-09T22:08:07.927+0000] {logging_mixin.py:188} INFO - [2024-10-09T22:08:07.927+0000] {dag.py:3823} INFO - Setting next_dagrun for example_external_task_marker_parent to None, run_after=None
[2024-10-09T22:08:07.952+0000] {processor.py:183} INFO - Processing /home/airflow/.local/lib/python3.8/site-packages/airflow/example_dags/example_external_task_marker_dag.py took 0.097 seconds
[2024-10-09T22:08:38.115+0000] {processor.py:161} INFO - Started process (PID=769) to work on /home/airflow/.local/lib/python3.8/site-packages/airflow/example_dags/example_external_task_marker_dag.py
[2024-10-09T22:08:38.116+0000] {processor.py:830} INFO - Processing file /home/airflow/.local/lib/python3.8/site-packages/airflow/example_dags/example_external_task_marker_dag.py for tasks to queue
[2024-10-09T22:08:38.119+0000] {logging_mixin.py:188} INFO - [2024-10-09T22:08:38.119+0000] {dagbag.py:538} INFO - Filling up the DagBag from /home/airflow/.local/lib/python3.8/site-packages/airflow/example_dags/example_external_task_marker_dag.py
[2024-10-09T22:08:38.125+0000] {processor.py:840} INFO - DAG(s) 'example_external_task_marker_child', 'example_external_task_marker_parent' retrieved from /home/airflow/.local/lib/python3.8/site-packages/airflow/example_dags/example_external_task_marker_dag.py
[2024-10-09T22:08:38.156+0000] {logging_mixin.py:188} INFO - [2024-10-09T22:08:38.155+0000] {dag.py:3036} INFO - Sync 2 DAGs
[2024-10-09T22:08:38.173+0000] {logging_mixin.py:188} INFO - [2024-10-09T22:08:38.173+0000] {dag.py:3823} INFO - Setting next_dagrun for example_external_task_marker_child to None, run_after=None
[2024-10-09T22:08:38.179+0000] {logging_mixin.py:188} INFO - [2024-10-09T22:08:38.178+0000] {dag.py:3823} INFO - Setting next_dagrun for example_external_task_marker_parent to None, run_after=None
[2024-10-09T22:08:38.202+0000] {processor.py:183} INFO - Processing /home/airflow/.local/lib/python3.8/site-packages/airflow/example_dags/example_external_task_marker_dag.py took 0.090 seconds
[2024-10-09T22:09:12.553+0000] {processor.py:161} INFO - Started process (PID=830) to work on /home/airflow/.local/lib/python3.8/site-packages/airflow/example_dags/example_external_task_marker_dag.py
[2024-10-09T22:09:12.560+0000] {processor.py:830} INFO - Processing file /home/airflow/.local/lib/python3.8/site-packages/airflow/example_dags/example_external_task_marker_dag.py for tasks to queue
[2024-10-09T22:09:12.576+0000] {logging_mixin.py:188} INFO - [2024-10-09T22:09:12.573+0000] {dagbag.py:538} INFO - Filling up the DagBag from /home/airflow/.local/lib/python3.8/site-packages/airflow/example_dags/example_external_task_marker_dag.py
[2024-10-09T22:09:12.600+0000] {processor.py:840} INFO - DAG(s) 'example_external_task_marker_child', 'example_external_task_marker_parent' retrieved from /home/airflow/.local/lib/python3.8/site-packages/airflow/example_dags/example_external_task_marker_dag.py
[2024-10-09T22:09:12.646+0000] {logging_mixin.py:188} INFO - [2024-10-09T22:09:12.645+0000] {dag.py:3036} INFO - Sync 2 DAGs
[2024-10-09T22:09:12.669+0000] {logging_mixin.py:188} INFO - [2024-10-09T22:09:12.668+0000] {dag.py:3823} INFO - Setting next_dagrun for example_external_task_marker_child to None, run_after=None
[2024-10-09T22:09:12.676+0000] {logging_mixin.py:188} INFO - [2024-10-09T22:09:12.675+0000] {dag.py:3823} INFO - Setting next_dagrun for example_external_task_marker_parent to None, run_after=None
[2024-10-09T22:09:12.706+0000] {processor.py:183} INFO - Processing /home/airflow/.local/lib/python3.8/site-packages/airflow/example_dags/example_external_task_marker_dag.py took 0.174 seconds
