[2024-10-09T22:02:17.102+0000] {processor.py:161} INFO - Started process (PID=94) to work on /home/airflow/.local/lib/python3.8/site-packages/airflow/example_dags/example_branch_labels.py
[2024-10-09T22:02:17.104+0000] {processor.py:830} INFO - Processing file /home/airflow/.local/lib/python3.8/site-packages/airflow/example_dags/example_branch_labels.py for tasks to queue
[2024-10-09T22:02:17.108+0000] {logging_mixin.py:188} INFO - [2024-10-09T22:02:17.107+0000] {dagbag.py:538} INFO - Filling up the DagBag from /home/airflow/.local/lib/python3.8/site-packages/airflow/example_dags/example_branch_labels.py
[2024-10-09T22:02:17.131+0000] {processor.py:840} INFO - DAG(s) 'example_branch_labels' retrieved from /home/airflow/.local/lib/python3.8/site-packages/airflow/example_dags/example_branch_labels.py
[2024-10-09T22:02:17.186+0000] {logging_mixin.py:188} INFO - [2024-10-09T22:02:17.184+0000] {dag.py:3036} INFO - Sync 1 DAGs
[2024-10-09T22:02:17.233+0000] {logging_mixin.py:188} INFO - [2024-10-09T22:02:17.233+0000] {dag.py:3823} INFO - Setting next_dagrun for example_branch_labels to 2024-10-08 00:00:00+00:00, run_after=2024-10-09 00:00:00+00:00
[2024-10-09T22:02:17.304+0000] {processor.py:183} INFO - Processing /home/airflow/.local/lib/python3.8/site-packages/airflow/example_dags/example_branch_labels.py took 0.209 seconds
[2024-10-09T22:02:56.600+0000] {processor.py:161} INFO - Started process (PID=79) to work on /home/airflow/.local/lib/python3.8/site-packages/airflow/example_dags/example_branch_labels.py
[2024-10-09T22:02:56.603+0000] {processor.py:830} INFO - Processing file /home/airflow/.local/lib/python3.8/site-packages/airflow/example_dags/example_branch_labels.py for tasks to queue
[2024-10-09T22:02:56.605+0000] {logging_mixin.py:188} INFO - [2024-10-09T22:02:56.605+0000] {dagbag.py:538} INFO - Filling up the DagBag from /home/airflow/.local/lib/python3.8/site-packages/airflow/example_dags/example_branch_labels.py
[2024-10-09T22:02:56.617+0000] {processor.py:840} INFO - DAG(s) 'example_branch_labels' retrieved from /home/airflow/.local/lib/python3.8/site-packages/airflow/example_dags/example_branch_labels.py
[2024-10-09T22:02:56.754+0000] {logging_mixin.py:188} INFO - [2024-10-09T22:02:56.754+0000] {dag.py:3036} INFO - Sync 1 DAGs
[2024-10-09T22:02:56.779+0000] {logging_mixin.py:188} INFO - [2024-10-09T22:02:56.778+0000] {dag.py:3823} INFO - Setting next_dagrun for example_branch_labels to 2024-10-08 00:00:00+00:00, run_after=2024-10-09 00:00:00+00:00
[2024-10-09T22:02:56.809+0000] {processor.py:183} INFO - Processing /home/airflow/.local/lib/python3.8/site-packages/airflow/example_dags/example_branch_labels.py took 0.214 seconds
[2024-10-09T22:03:27.414+0000] {processor.py:161} INFO - Started process (PID=141) to work on /home/airflow/.local/lib/python3.8/site-packages/airflow/example_dags/example_branch_labels.py
[2024-10-09T22:03:27.416+0000] {processor.py:830} INFO - Processing file /home/airflow/.local/lib/python3.8/site-packages/airflow/example_dags/example_branch_labels.py for tasks to queue
[2024-10-09T22:03:27.418+0000] {logging_mixin.py:188} INFO - [2024-10-09T22:03:27.418+0000] {dagbag.py:538} INFO - Filling up the DagBag from /home/airflow/.local/lib/python3.8/site-packages/airflow/example_dags/example_branch_labels.py
[2024-10-09T22:03:27.440+0000] {processor.py:840} INFO - DAG(s) 'example_branch_labels' retrieved from /home/airflow/.local/lib/python3.8/site-packages/airflow/example_dags/example_branch_labels.py
[2024-10-09T22:03:27.476+0000] {logging_mixin.py:188} INFO - [2024-10-09T22:03:27.476+0000] {dag.py:3036} INFO - Sync 1 DAGs
[2024-10-09T22:03:27.504+0000] {logging_mixin.py:188} INFO - [2024-10-09T22:03:27.504+0000] {dag.py:3823} INFO - Setting next_dagrun for example_branch_labels to 2024-10-08 00:00:00+00:00, run_after=2024-10-09 00:00:00+00:00
[2024-10-09T22:03:27.535+0000] {processor.py:183} INFO - Processing /home/airflow/.local/lib/python3.8/site-packages/airflow/example_dags/example_branch_labels.py took 0.124 seconds
[2024-10-09T22:03:58.390+0000] {processor.py:161} INFO - Started process (PID=203) to work on /home/airflow/.local/lib/python3.8/site-packages/airflow/example_dags/example_branch_labels.py
[2024-10-09T22:03:58.392+0000] {processor.py:830} INFO - Processing file /home/airflow/.local/lib/python3.8/site-packages/airflow/example_dags/example_branch_labels.py for tasks to queue
[2024-10-09T22:03:58.394+0000] {logging_mixin.py:188} INFO - [2024-10-09T22:03:58.394+0000] {dagbag.py:538} INFO - Filling up the DagBag from /home/airflow/.local/lib/python3.8/site-packages/airflow/example_dags/example_branch_labels.py
[2024-10-09T22:03:58.408+0000] {processor.py:840} INFO - DAG(s) 'example_branch_labels' retrieved from /home/airflow/.local/lib/python3.8/site-packages/airflow/example_dags/example_branch_labels.py
[2024-10-09T22:03:58.470+0000] {logging_mixin.py:188} INFO - [2024-10-09T22:03:58.470+0000] {dag.py:3036} INFO - Sync 1 DAGs
[2024-10-09T22:03:58.518+0000] {logging_mixin.py:188} INFO - [2024-10-09T22:03:58.518+0000] {dag.py:3823} INFO - Setting next_dagrun for example_branch_labels to 2024-10-08 00:00:00+00:00, run_after=2024-10-09 00:00:00+00:00
[2024-10-09T22:03:58.550+0000] {processor.py:183} INFO - Processing /home/airflow/.local/lib/python3.8/site-packages/airflow/example_dags/example_branch_labels.py took 0.165 seconds
[2024-10-09T22:04:28.962+0000] {processor.py:161} INFO - Started process (PID=265) to work on /home/airflow/.local/lib/python3.8/site-packages/airflow/example_dags/example_branch_labels.py
[2024-10-09T22:04:28.963+0000] {processor.py:830} INFO - Processing file /home/airflow/.local/lib/python3.8/site-packages/airflow/example_dags/example_branch_labels.py for tasks to queue
[2024-10-09T22:04:28.966+0000] {logging_mixin.py:188} INFO - [2024-10-09T22:04:28.965+0000] {dagbag.py:538} INFO - Filling up the DagBag from /home/airflow/.local/lib/python3.8/site-packages/airflow/example_dags/example_branch_labels.py
[2024-10-09T22:04:28.976+0000] {processor.py:840} INFO - DAG(s) 'example_branch_labels' retrieved from /home/airflow/.local/lib/python3.8/site-packages/airflow/example_dags/example_branch_labels.py
[2024-10-09T22:04:29.027+0000] {logging_mixin.py:188} INFO - [2024-10-09T22:04:29.026+0000] {dag.py:3036} INFO - Sync 1 DAGs
[2024-10-09T22:04:29.066+0000] {logging_mixin.py:188} INFO - [2024-10-09T22:04:29.066+0000] {dag.py:3823} INFO - Setting next_dagrun for example_branch_labels to 2024-10-08 00:00:00+00:00, run_after=2024-10-09 00:00:00+00:00
[2024-10-09T22:04:29.102+0000] {processor.py:183} INFO - Processing /home/airflow/.local/lib/python3.8/site-packages/airflow/example_dags/example_branch_labels.py took 0.145 seconds
[2024-10-09T22:05:01.344+0000] {processor.py:161} INFO - Started process (PID=327) to work on /home/airflow/.local/lib/python3.8/site-packages/airflow/example_dags/example_branch_labels.py
[2024-10-09T22:05:01.346+0000] {processor.py:830} INFO - Processing file /home/airflow/.local/lib/python3.8/site-packages/airflow/example_dags/example_branch_labels.py for tasks to queue
[2024-10-09T22:05:01.348+0000] {logging_mixin.py:188} INFO - [2024-10-09T22:05:01.348+0000] {dagbag.py:538} INFO - Filling up the DagBag from /home/airflow/.local/lib/python3.8/site-packages/airflow/example_dags/example_branch_labels.py
[2024-10-09T22:05:01.359+0000] {processor.py:840} INFO - DAG(s) 'example_branch_labels' retrieved from /home/airflow/.local/lib/python3.8/site-packages/airflow/example_dags/example_branch_labels.py
[2024-10-09T22:05:01.392+0000] {logging_mixin.py:188} INFO - [2024-10-09T22:05:01.391+0000] {dag.py:3036} INFO - Sync 1 DAGs
[2024-10-09T22:05:01.446+0000] {logging_mixin.py:188} INFO - [2024-10-09T22:05:01.446+0000] {dag.py:3823} INFO - Setting next_dagrun for example_branch_labels to 2024-10-08 00:00:00+00:00, run_after=2024-10-09 00:00:00+00:00
[2024-10-09T22:05:01.479+0000] {processor.py:183} INFO - Processing /home/airflow/.local/lib/python3.8/site-packages/airflow/example_dags/example_branch_labels.py took 0.139 seconds
[2024-10-09T22:05:32.089+0000] {processor.py:161} INFO - Started process (PID=389) to work on /home/airflow/.local/lib/python3.8/site-packages/airflow/example_dags/example_branch_labels.py
[2024-10-09T22:05:32.092+0000] {processor.py:830} INFO - Processing file /home/airflow/.local/lib/python3.8/site-packages/airflow/example_dags/example_branch_labels.py for tasks to queue
[2024-10-09T22:05:32.094+0000] {logging_mixin.py:188} INFO - [2024-10-09T22:05:32.094+0000] {dagbag.py:538} INFO - Filling up the DagBag from /home/airflow/.local/lib/python3.8/site-packages/airflow/example_dags/example_branch_labels.py
[2024-10-09T22:05:32.103+0000] {processor.py:840} INFO - DAG(s) 'example_branch_labels' retrieved from /home/airflow/.local/lib/python3.8/site-packages/airflow/example_dags/example_branch_labels.py
[2024-10-09T22:05:32.131+0000] {logging_mixin.py:188} INFO - [2024-10-09T22:05:32.131+0000] {dag.py:3036} INFO - Sync 1 DAGs
[2024-10-09T22:05:32.158+0000] {logging_mixin.py:188} INFO - [2024-10-09T22:05:32.158+0000] {dag.py:3823} INFO - Setting next_dagrun for example_branch_labels to 2024-10-08 00:00:00+00:00, run_after=2024-10-09 00:00:00+00:00
[2024-10-09T22:05:32.185+0000] {processor.py:183} INFO - Processing /home/airflow/.local/lib/python3.8/site-packages/airflow/example_dags/example_branch_labels.py took 0.100 seconds
[2024-10-09T22:06:03.517+0000] {processor.py:161} INFO - Started process (PID=451) to work on /home/airflow/.local/lib/python3.8/site-packages/airflow/example_dags/example_branch_labels.py
[2024-10-09T22:06:03.519+0000] {processor.py:830} INFO - Processing file /home/airflow/.local/lib/python3.8/site-packages/airflow/example_dags/example_branch_labels.py for tasks to queue
[2024-10-09T22:06:03.523+0000] {logging_mixin.py:188} INFO - [2024-10-09T22:06:03.523+0000] {dagbag.py:538} INFO - Filling up the DagBag from /home/airflow/.local/lib/python3.8/site-packages/airflow/example_dags/example_branch_labels.py
[2024-10-09T22:06:03.543+0000] {processor.py:840} INFO - DAG(s) 'example_branch_labels' retrieved from /home/airflow/.local/lib/python3.8/site-packages/airflow/example_dags/example_branch_labels.py
[2024-10-09T22:06:03.588+0000] {logging_mixin.py:188} INFO - [2024-10-09T22:06:03.587+0000] {dag.py:3036} INFO - Sync 1 DAGs
[2024-10-09T22:06:03.624+0000] {logging_mixin.py:188} INFO - [2024-10-09T22:06:03.624+0000] {dag.py:3823} INFO - Setting next_dagrun for example_branch_labels to 2024-10-08 00:00:00+00:00, run_after=2024-10-09 00:00:00+00:00
[2024-10-09T22:06:03.683+0000] {processor.py:183} INFO - Processing /home/airflow/.local/lib/python3.8/site-packages/airflow/example_dags/example_branch_labels.py took 0.177 seconds
[2024-10-09T22:06:34.031+0000] {processor.py:161} INFO - Started process (PID=513) to work on /home/airflow/.local/lib/python3.8/site-packages/airflow/example_dags/example_branch_labels.py
[2024-10-09T22:06:34.033+0000] {processor.py:830} INFO - Processing file /home/airflow/.local/lib/python3.8/site-packages/airflow/example_dags/example_branch_labels.py for tasks to queue
[2024-10-09T22:06:34.038+0000] {logging_mixin.py:188} INFO - [2024-10-09T22:06:34.037+0000] {dagbag.py:538} INFO - Filling up the DagBag from /home/airflow/.local/lib/python3.8/site-packages/airflow/example_dags/example_branch_labels.py
[2024-10-09T22:06:34.050+0000] {processor.py:840} INFO - DAG(s) 'example_branch_labels' retrieved from /home/airflow/.local/lib/python3.8/site-packages/airflow/example_dags/example_branch_labels.py
[2024-10-09T22:06:34.083+0000] {logging_mixin.py:188} INFO - [2024-10-09T22:06:34.083+0000] {dag.py:3036} INFO - Sync 1 DAGs
[2024-10-09T22:06:34.121+0000] {logging_mixin.py:188} INFO - [2024-10-09T22:06:34.121+0000] {dag.py:3823} INFO - Setting next_dagrun for example_branch_labels to 2024-10-08 00:00:00+00:00, run_after=2024-10-09 00:00:00+00:00
[2024-10-09T22:06:34.152+0000] {processor.py:183} INFO - Processing /home/airflow/.local/lib/python3.8/site-packages/airflow/example_dags/example_branch_labels.py took 0.127 seconds
[2024-10-09T22:07:05.138+0000] {processor.py:161} INFO - Started process (PID=575) to work on /home/airflow/.local/lib/python3.8/site-packages/airflow/example_dags/example_branch_labels.py
[2024-10-09T22:07:05.139+0000] {processor.py:830} INFO - Processing file /home/airflow/.local/lib/python3.8/site-packages/airflow/example_dags/example_branch_labels.py for tasks to queue
[2024-10-09T22:07:05.142+0000] {logging_mixin.py:188} INFO - [2024-10-09T22:07:05.141+0000] {dagbag.py:538} INFO - Filling up the DagBag from /home/airflow/.local/lib/python3.8/site-packages/airflow/example_dags/example_branch_labels.py
[2024-10-09T22:07:05.151+0000] {processor.py:840} INFO - DAG(s) 'example_branch_labels' retrieved from /home/airflow/.local/lib/python3.8/site-packages/airflow/example_dags/example_branch_labels.py
[2024-10-09T22:07:05.175+0000] {logging_mixin.py:188} INFO - [2024-10-09T22:07:05.175+0000] {dag.py:3036} INFO - Sync 1 DAGs
[2024-10-09T22:07:05.205+0000] {logging_mixin.py:188} INFO - [2024-10-09T22:07:05.205+0000] {dag.py:3823} INFO - Setting next_dagrun for example_branch_labels to 2024-10-08 00:00:00+00:00, run_after=2024-10-09 00:00:00+00:00
[2024-10-09T22:07:05.231+0000] {processor.py:183} INFO - Processing /home/airflow/.local/lib/python3.8/site-packages/airflow/example_dags/example_branch_labels.py took 0.096 seconds
[2024-10-09T22:07:35.727+0000] {processor.py:161} INFO - Started process (PID=637) to work on /home/airflow/.local/lib/python3.8/site-packages/airflow/example_dags/example_branch_labels.py
[2024-10-09T22:07:35.728+0000] {processor.py:830} INFO - Processing file /home/airflow/.local/lib/python3.8/site-packages/airflow/example_dags/example_branch_labels.py for tasks to queue
[2024-10-09T22:07:35.731+0000] {logging_mixin.py:188} INFO - [2024-10-09T22:07:35.730+0000] {dagbag.py:538} INFO - Filling up the DagBag from /home/airflow/.local/lib/python3.8/site-packages/airflow/example_dags/example_branch_labels.py
[2024-10-09T22:07:35.742+0000] {processor.py:840} INFO - DAG(s) 'example_branch_labels' retrieved from /home/airflow/.local/lib/python3.8/site-packages/airflow/example_dags/example_branch_labels.py
[2024-10-09T22:07:35.800+0000] {logging_mixin.py:188} INFO - [2024-10-09T22:07:35.799+0000] {dag.py:3036} INFO - Sync 1 DAGs
[2024-10-09T22:07:35.844+0000] {logging_mixin.py:188} INFO - [2024-10-09T22:07:35.844+0000] {dag.py:3823} INFO - Setting next_dagrun for example_branch_labels to 2024-10-08 00:00:00+00:00, run_after=2024-10-09 00:00:00+00:00
[2024-10-09T22:07:35.889+0000] {processor.py:183} INFO - Processing /home/airflow/.local/lib/python3.8/site-packages/airflow/example_dags/example_branch_labels.py took 0.168 seconds
[2024-10-09T22:08:06.189+0000] {processor.py:161} INFO - Started process (PID=700) to work on /home/airflow/.local/lib/python3.8/site-packages/airflow/example_dags/example_branch_labels.py
[2024-10-09T22:08:06.192+0000] {processor.py:830} INFO - Processing file /home/airflow/.local/lib/python3.8/site-packages/airflow/example_dags/example_branch_labels.py for tasks to queue
[2024-10-09T22:08:06.197+0000] {logging_mixin.py:188} INFO - [2024-10-09T22:08:06.196+0000] {dagbag.py:538} INFO - Filling up the DagBag from /home/airflow/.local/lib/python3.8/site-packages/airflow/example_dags/example_branch_labels.py
[2024-10-09T22:08:06.209+0000] {processor.py:840} INFO - DAG(s) 'example_branch_labels' retrieved from /home/airflow/.local/lib/python3.8/site-packages/airflow/example_dags/example_branch_labels.py
[2024-10-09T22:08:06.251+0000] {logging_mixin.py:188} INFO - [2024-10-09T22:08:06.250+0000] {dag.py:3036} INFO - Sync 1 DAGs
[2024-10-09T22:08:06.281+0000] {logging_mixin.py:188} INFO - [2024-10-09T22:08:06.281+0000] {dag.py:3823} INFO - Setting next_dagrun for example_branch_labels to 2024-10-08 00:00:00+00:00, run_after=2024-10-09 00:00:00+00:00
[2024-10-09T22:08:06.307+0000] {processor.py:183} INFO - Processing /home/airflow/.local/lib/python3.8/site-packages/airflow/example_dags/example_branch_labels.py took 0.122 seconds
[2024-10-09T22:08:36.419+0000] {processor.py:161} INFO - Started process (PID=761) to work on /home/airflow/.local/lib/python3.8/site-packages/airflow/example_dags/example_branch_labels.py
[2024-10-09T22:08:36.421+0000] {processor.py:830} INFO - Processing file /home/airflow/.local/lib/python3.8/site-packages/airflow/example_dags/example_branch_labels.py for tasks to queue
[2024-10-09T22:08:36.424+0000] {logging_mixin.py:188} INFO - [2024-10-09T22:08:36.424+0000] {dagbag.py:538} INFO - Filling up the DagBag from /home/airflow/.local/lib/python3.8/site-packages/airflow/example_dags/example_branch_labels.py
[2024-10-09T22:08:36.432+0000] {processor.py:840} INFO - DAG(s) 'example_branch_labels' retrieved from /home/airflow/.local/lib/python3.8/site-packages/airflow/example_dags/example_branch_labels.py
[2024-10-09T22:08:36.458+0000] {logging_mixin.py:188} INFO - [2024-10-09T22:08:36.458+0000] {dag.py:3036} INFO - Sync 1 DAGs
[2024-10-09T22:08:36.483+0000] {logging_mixin.py:188} INFO - [2024-10-09T22:08:36.483+0000] {dag.py:3823} INFO - Setting next_dagrun for example_branch_labels to 2024-10-08 00:00:00+00:00, run_after=2024-10-09 00:00:00+00:00
[2024-10-09T22:08:36.507+0000] {processor.py:183} INFO - Processing /home/airflow/.local/lib/python3.8/site-packages/airflow/example_dags/example_branch_labels.py took 0.092 seconds
[2024-10-09T22:09:09.496+0000] {processor.py:161} INFO - Started process (PID=822) to work on /home/airflow/.local/lib/python3.8/site-packages/airflow/example_dags/example_branch_labels.py
[2024-10-09T22:09:09.524+0000] {processor.py:830} INFO - Processing file /home/airflow/.local/lib/python3.8/site-packages/airflow/example_dags/example_branch_labels.py for tasks to queue
[2024-10-09T22:09:09.577+0000] {logging_mixin.py:188} INFO - [2024-10-09T22:09:09.575+0000] {dagbag.py:538} INFO - Filling up the DagBag from /home/airflow/.local/lib/python3.8/site-packages/airflow/example_dags/example_branch_labels.py
[2024-10-09T22:09:09.662+0000] {processor.py:840} INFO - DAG(s) 'example_branch_labels' retrieved from /home/airflow/.local/lib/python3.8/site-packages/airflow/example_dags/example_branch_labels.py
[2024-10-09T22:09:09.994+0000] {logging_mixin.py:188} INFO - [2024-10-09T22:09:09.992+0000] {dag.py:3036} INFO - Sync 1 DAGs
[2024-10-09T22:09:10.122+0000] {logging_mixin.py:188} INFO - [2024-10-09T22:09:10.121+0000] {dag.py:3823} INFO - Setting next_dagrun for example_branch_labels to 2024-10-08 00:00:00+00:00, run_after=2024-10-09 00:00:00+00:00
[2024-10-09T22:09:10.358+0000] {processor.py:183} INFO - Processing /home/airflow/.local/lib/python3.8/site-packages/airflow/example_dags/example_branch_labels.py took 0.913 seconds
