[2024-10-09T22:02:15.905+0000] {processor.py:161} INFO - Started process (PID=85) to work on /home/airflow/.local/lib/python3.8/site-packages/airflow/example_dags/example_branch_python_dop_operator_3.py
[2024-10-09T22:02:15.909+0000] {processor.py:830} INFO - Processing file /home/airflow/.local/lib/python3.8/site-packages/airflow/example_dags/example_branch_python_dop_operator_3.py for tasks to queue
[2024-10-09T22:02:15.911+0000] {logging_mixin.py:188} INFO - [2024-10-09T22:02:15.911+0000] {dagbag.py:538} INFO - Filling up the DagBag from /home/airflow/.local/lib/python3.8/site-packages/airflow/example_dags/example_branch_python_dop_operator_3.py
[2024-10-09T22:02:15.930+0000] {processor.py:840} INFO - DAG(s) 'example_branch_dop_operator_v3' retrieved from /home/airflow/.local/lib/python3.8/site-packages/airflow/example_dags/example_branch_python_dop_operator_3.py
[2024-10-09T22:02:15.959+0000] {logging_mixin.py:188} INFO - [2024-10-09T22:02:15.958+0000] {dag.py:3036} INFO - Sync 1 DAGs
[2024-10-09T22:02:16.033+0000] {logging_mixin.py:188} INFO - [2024-10-09T22:02:16.033+0000] {dag.py:3823} INFO - Setting next_dagrun for example_branch_dop_operator_v3 to 2024-10-09 22:01:00+00:00, run_after=2024-10-09 22:02:00+00:00
[2024-10-09T22:02:16.086+0000] {processor.py:183} INFO - Processing /home/airflow/.local/lib/python3.8/site-packages/airflow/example_dags/example_branch_python_dop_operator_3.py took 0.185 seconds
[2024-10-09T22:02:54.993+0000] {processor.py:161} INFO - Started process (PID=70) to work on /home/airflow/.local/lib/python3.8/site-packages/airflow/example_dags/example_branch_python_dop_operator_3.py
[2024-10-09T22:02:54.995+0000] {processor.py:830} INFO - Processing file /home/airflow/.local/lib/python3.8/site-packages/airflow/example_dags/example_branch_python_dop_operator_3.py for tasks to queue
[2024-10-09T22:02:54.997+0000] {logging_mixin.py:188} INFO - [2024-10-09T22:02:54.997+0000] {dagbag.py:538} INFO - Filling up the DagBag from /home/airflow/.local/lib/python3.8/site-packages/airflow/example_dags/example_branch_python_dop_operator_3.py
[2024-10-09T22:02:55.009+0000] {processor.py:840} INFO - DAG(s) 'example_branch_dop_operator_v3' retrieved from /home/airflow/.local/lib/python3.8/site-packages/airflow/example_dags/example_branch_python_dop_operator_3.py
[2024-10-09T22:02:55.123+0000] {logging_mixin.py:188} INFO - [2024-10-09T22:02:55.123+0000] {dag.py:3036} INFO - Sync 1 DAGs
[2024-10-09T22:02:55.166+0000] {logging_mixin.py:188} INFO - [2024-10-09T22:02:55.166+0000] {dag.py:3823} INFO - Setting next_dagrun for example_branch_dop_operator_v3 to 2024-10-09 22:01:00+00:00, run_after=2024-10-09 22:02:00+00:00
[2024-10-09T22:02:55.197+0000] {processor.py:183} INFO - Processing /home/airflow/.local/lib/python3.8/site-packages/airflow/example_dags/example_branch_python_dop_operator_3.py took 0.207 seconds
[2024-10-09T22:03:25.456+0000] {processor.py:161} INFO - Started process (PID=132) to work on /home/airflow/.local/lib/python3.8/site-packages/airflow/example_dags/example_branch_python_dop_operator_3.py
[2024-10-09T22:03:25.458+0000] {processor.py:830} INFO - Processing file /home/airflow/.local/lib/python3.8/site-packages/airflow/example_dags/example_branch_python_dop_operator_3.py for tasks to queue
[2024-10-09T22:03:25.460+0000] {logging_mixin.py:188} INFO - [2024-10-09T22:03:25.459+0000] {dagbag.py:538} INFO - Filling up the DagBag from /home/airflow/.local/lib/python3.8/site-packages/airflow/example_dags/example_branch_python_dop_operator_3.py
[2024-10-09T22:03:25.469+0000] {processor.py:840} INFO - DAG(s) 'example_branch_dop_operator_v3' retrieved from /home/airflow/.local/lib/python3.8/site-packages/airflow/example_dags/example_branch_python_dop_operator_3.py
[2024-10-09T22:03:25.494+0000] {logging_mixin.py:188} INFO - [2024-10-09T22:03:25.494+0000] {dag.py:3036} INFO - Sync 1 DAGs
[2024-10-09T22:03:25.526+0000] {logging_mixin.py:188} INFO - [2024-10-09T22:03:25.525+0000] {dag.py:3823} INFO - Setting next_dagrun for example_branch_dop_operator_v3 to 2024-10-09 22:02:00+00:00, run_after=2024-10-09 22:03:00+00:00
[2024-10-09T22:03:25.563+0000] {processor.py:183} INFO - Processing /home/airflow/.local/lib/python3.8/site-packages/airflow/example_dags/example_branch_python_dop_operator_3.py took 0.110 seconds
[2024-10-09T22:03:56.505+0000] {processor.py:161} INFO - Started process (PID=194) to work on /home/airflow/.local/lib/python3.8/site-packages/airflow/example_dags/example_branch_python_dop_operator_3.py
[2024-10-09T22:03:56.510+0000] {processor.py:830} INFO - Processing file /home/airflow/.local/lib/python3.8/site-packages/airflow/example_dags/example_branch_python_dop_operator_3.py for tasks to queue
[2024-10-09T22:03:56.513+0000] {logging_mixin.py:188} INFO - [2024-10-09T22:03:56.512+0000] {dagbag.py:538} INFO - Filling up the DagBag from /home/airflow/.local/lib/python3.8/site-packages/airflow/example_dags/example_branch_python_dop_operator_3.py
[2024-10-09T22:03:56.528+0000] {processor.py:840} INFO - DAG(s) 'example_branch_dop_operator_v3' retrieved from /home/airflow/.local/lib/python3.8/site-packages/airflow/example_dags/example_branch_python_dop_operator_3.py
[2024-10-09T22:03:56.573+0000] {logging_mixin.py:188} INFO - [2024-10-09T22:03:56.572+0000] {dag.py:3036} INFO - Sync 1 DAGs
[2024-10-09T22:03:56.620+0000] {logging_mixin.py:188} INFO - [2024-10-09T22:03:56.620+0000] {dag.py:3823} INFO - Setting next_dagrun for example_branch_dop_operator_v3 to 2024-10-09 22:02:00+00:00, run_after=2024-10-09 22:03:00+00:00
[2024-10-09T22:03:56.672+0000] {processor.py:183} INFO - Processing /home/airflow/.local/lib/python3.8/site-packages/airflow/example_dags/example_branch_python_dop_operator_3.py took 0.173 seconds
[2024-10-09T22:04:27.937+0000] {processor.py:161} INFO - Started process (PID=256) to work on /home/airflow/.local/lib/python3.8/site-packages/airflow/example_dags/example_branch_python_dop_operator_3.py
[2024-10-09T22:04:27.939+0000] {processor.py:830} INFO - Processing file /home/airflow/.local/lib/python3.8/site-packages/airflow/example_dags/example_branch_python_dop_operator_3.py for tasks to queue
[2024-10-09T22:04:27.943+0000] {logging_mixin.py:188} INFO - [2024-10-09T22:04:27.942+0000] {dagbag.py:538} INFO - Filling up the DagBag from /home/airflow/.local/lib/python3.8/site-packages/airflow/example_dags/example_branch_python_dop_operator_3.py
[2024-10-09T22:04:27.957+0000] {processor.py:840} INFO - DAG(s) 'example_branch_dop_operator_v3' retrieved from /home/airflow/.local/lib/python3.8/site-packages/airflow/example_dags/example_branch_python_dop_operator_3.py
[2024-10-09T22:04:27.997+0000] {logging_mixin.py:188} INFO - [2024-10-09T22:04:27.997+0000] {dag.py:3036} INFO - Sync 1 DAGs
[2024-10-09T22:04:28.043+0000] {logging_mixin.py:188} INFO - [2024-10-09T22:04:28.043+0000] {dag.py:3823} INFO - Setting next_dagrun for example_branch_dop_operator_v3 to 2024-10-09 22:03:00+00:00, run_after=2024-10-09 22:04:00+00:00
[2024-10-09T22:04:28.070+0000] {processor.py:183} INFO - Processing /home/airflow/.local/lib/python3.8/site-packages/airflow/example_dags/example_branch_python_dop_operator_3.py took 0.139 seconds
[2024-10-09T22:05:00.417+0000] {processor.py:161} INFO - Started process (PID=318) to work on /home/airflow/.local/lib/python3.8/site-packages/airflow/example_dags/example_branch_python_dop_operator_3.py
[2024-10-09T22:05:00.419+0000] {processor.py:830} INFO - Processing file /home/airflow/.local/lib/python3.8/site-packages/airflow/example_dags/example_branch_python_dop_operator_3.py for tasks to queue
[2024-10-09T22:05:00.423+0000] {logging_mixin.py:188} INFO - [2024-10-09T22:05:00.422+0000] {dagbag.py:538} INFO - Filling up the DagBag from /home/airflow/.local/lib/python3.8/site-packages/airflow/example_dags/example_branch_python_dop_operator_3.py
[2024-10-09T22:05:00.436+0000] {processor.py:840} INFO - DAG(s) 'example_branch_dop_operator_v3' retrieved from /home/airflow/.local/lib/python3.8/site-packages/airflow/example_dags/example_branch_python_dop_operator_3.py
[2024-10-09T22:05:00.496+0000] {logging_mixin.py:188} INFO - [2024-10-09T22:05:00.495+0000] {dag.py:3036} INFO - Sync 1 DAGs
[2024-10-09T22:05:00.550+0000] {logging_mixin.py:188} INFO - [2024-10-09T22:05:00.550+0000] {dag.py:3823} INFO - Setting next_dagrun for example_branch_dop_operator_v3 to 2024-10-09 22:04:00+00:00, run_after=2024-10-09 22:05:00+00:00
[2024-10-09T22:05:00.579+0000] {processor.py:183} INFO - Processing /home/airflow/.local/lib/python3.8/site-packages/airflow/example_dags/example_branch_python_dop_operator_3.py took 0.166 seconds
[2024-10-09T22:05:31.192+0000] {processor.py:161} INFO - Started process (PID=380) to work on /home/airflow/.local/lib/python3.8/site-packages/airflow/example_dags/example_branch_python_dop_operator_3.py
[2024-10-09T22:05:31.205+0000] {processor.py:830} INFO - Processing file /home/airflow/.local/lib/python3.8/site-packages/airflow/example_dags/example_branch_python_dop_operator_3.py for tasks to queue
[2024-10-09T22:05:31.225+0000] {logging_mixin.py:188} INFO - [2024-10-09T22:05:31.224+0000] {dagbag.py:538} INFO - Filling up the DagBag from /home/airflow/.local/lib/python3.8/site-packages/airflow/example_dags/example_branch_python_dop_operator_3.py
[2024-10-09T22:05:31.247+0000] {processor.py:840} INFO - DAG(s) 'example_branch_dop_operator_v3' retrieved from /home/airflow/.local/lib/python3.8/site-packages/airflow/example_dags/example_branch_python_dop_operator_3.py
[2024-10-09T22:05:31.274+0000] {logging_mixin.py:188} INFO - [2024-10-09T22:05:31.273+0000] {dag.py:3036} INFO - Sync 1 DAGs
[2024-10-09T22:05:31.304+0000] {logging_mixin.py:188} INFO - [2024-10-09T22:05:31.304+0000] {dag.py:3823} INFO - Setting next_dagrun for example_branch_dop_operator_v3 to 2024-10-09 22:04:00+00:00, run_after=2024-10-09 22:05:00+00:00
[2024-10-09T22:05:31.339+0000] {processor.py:183} INFO - Processing /home/airflow/.local/lib/python3.8/site-packages/airflow/example_dags/example_branch_python_dop_operator_3.py took 0.154 seconds
[2024-10-09T22:06:01.548+0000] {processor.py:161} INFO - Started process (PID=440) to work on /home/airflow/.local/lib/python3.8/site-packages/airflow/example_dags/example_branch_python_dop_operator_3.py
[2024-10-09T22:06:01.550+0000] {processor.py:830} INFO - Processing file /home/airflow/.local/lib/python3.8/site-packages/airflow/example_dags/example_branch_python_dop_operator_3.py for tasks to queue
[2024-10-09T22:06:01.554+0000] {logging_mixin.py:188} INFO - [2024-10-09T22:06:01.553+0000] {dagbag.py:538} INFO - Filling up the DagBag from /home/airflow/.local/lib/python3.8/site-packages/airflow/example_dags/example_branch_python_dop_operator_3.py
[2024-10-09T22:06:01.571+0000] {processor.py:840} INFO - DAG(s) 'example_branch_dop_operator_v3' retrieved from /home/airflow/.local/lib/python3.8/site-packages/airflow/example_dags/example_branch_python_dop_operator_3.py
[2024-10-09T22:06:01.603+0000] {logging_mixin.py:188} INFO - [2024-10-09T22:06:01.603+0000] {dag.py:3036} INFO - Sync 1 DAGs
[2024-10-09T22:06:01.656+0000] {logging_mixin.py:188} INFO - [2024-10-09T22:06:01.655+0000] {dag.py:3823} INFO - Setting next_dagrun for example_branch_dop_operator_v3 to 2024-10-09 22:05:00+00:00, run_after=2024-10-09 22:06:00+00:00
[2024-10-09T22:06:01.690+0000] {processor.py:183} INFO - Processing /home/airflow/.local/lib/python3.8/site-packages/airflow/example_dags/example_branch_python_dop_operator_3.py took 0.146 seconds
[2024-10-09T22:06:31.805+0000] {processor.py:161} INFO - Started process (PID=502) to work on /home/airflow/.local/lib/python3.8/site-packages/airflow/example_dags/example_branch_python_dop_operator_3.py
[2024-10-09T22:06:31.806+0000] {processor.py:830} INFO - Processing file /home/airflow/.local/lib/python3.8/site-packages/airflow/example_dags/example_branch_python_dop_operator_3.py for tasks to queue
[2024-10-09T22:06:31.809+0000] {logging_mixin.py:188} INFO - [2024-10-09T22:06:31.808+0000] {dagbag.py:538} INFO - Filling up the DagBag from /home/airflow/.local/lib/python3.8/site-packages/airflow/example_dags/example_branch_python_dop_operator_3.py
[2024-10-09T22:06:31.820+0000] {processor.py:840} INFO - DAG(s) 'example_branch_dop_operator_v3' retrieved from /home/airflow/.local/lib/python3.8/site-packages/airflow/example_dags/example_branch_python_dop_operator_3.py
[2024-10-09T22:06:31.865+0000] {logging_mixin.py:188} INFO - [2024-10-09T22:06:31.865+0000] {dag.py:3036} INFO - Sync 1 DAGs
[2024-10-09T22:06:31.895+0000] {logging_mixin.py:188} INFO - [2024-10-09T22:06:31.895+0000] {dag.py:3823} INFO - Setting next_dagrun for example_branch_dop_operator_v3 to 2024-10-09 22:05:00+00:00, run_after=2024-10-09 22:06:00+00:00
[2024-10-09T22:06:31.927+0000] {processor.py:183} INFO - Processing /home/airflow/.local/lib/python3.8/site-packages/airflow/example_dags/example_branch_python_dop_operator_3.py took 0.126 seconds
[2024-10-09T22:07:01.982+0000] {processor.py:161} INFO - Started process (PID=564) to work on /home/airflow/.local/lib/python3.8/site-packages/airflow/example_dags/example_branch_python_dop_operator_3.py
[2024-10-09T22:07:01.983+0000] {processor.py:830} INFO - Processing file /home/airflow/.local/lib/python3.8/site-packages/airflow/example_dags/example_branch_python_dop_operator_3.py for tasks to queue
[2024-10-09T22:07:01.985+0000] {logging_mixin.py:188} INFO - [2024-10-09T22:07:01.985+0000] {dagbag.py:538} INFO - Filling up the DagBag from /home/airflow/.local/lib/python3.8/site-packages/airflow/example_dags/example_branch_python_dop_operator_3.py
[2024-10-09T22:07:01.995+0000] {processor.py:840} INFO - DAG(s) 'example_branch_dop_operator_v3' retrieved from /home/airflow/.local/lib/python3.8/site-packages/airflow/example_dags/example_branch_python_dop_operator_3.py
[2024-10-09T22:07:02.020+0000] {logging_mixin.py:188} INFO - [2024-10-09T22:07:02.020+0000] {dag.py:3036} INFO - Sync 1 DAGs
[2024-10-09T22:07:02.060+0000] {logging_mixin.py:188} INFO - [2024-10-09T22:07:02.060+0000] {dag.py:3823} INFO - Setting next_dagrun for example_branch_dop_operator_v3 to 2024-10-09 22:06:00+00:00, run_after=2024-10-09 22:07:00+00:00
[2024-10-09T22:07:02.089+0000] {processor.py:183} INFO - Processing /home/airflow/.local/lib/python3.8/site-packages/airflow/example_dags/example_branch_python_dop_operator_3.py took 0.111 seconds
[2024-10-09T22:07:32.186+0000] {processor.py:161} INFO - Started process (PID=625) to work on /home/airflow/.local/lib/python3.8/site-packages/airflow/example_dags/example_branch_python_dop_operator_3.py
[2024-10-09T22:07:32.187+0000] {processor.py:830} INFO - Processing file /home/airflow/.local/lib/python3.8/site-packages/airflow/example_dags/example_branch_python_dop_operator_3.py for tasks to queue
[2024-10-09T22:07:32.190+0000] {logging_mixin.py:188} INFO - [2024-10-09T22:07:32.189+0000] {dagbag.py:538} INFO - Filling up the DagBag from /home/airflow/.local/lib/python3.8/site-packages/airflow/example_dags/example_branch_python_dop_operator_3.py
[2024-10-09T22:07:32.202+0000] {processor.py:840} INFO - DAG(s) 'example_branch_dop_operator_v3' retrieved from /home/airflow/.local/lib/python3.8/site-packages/airflow/example_dags/example_branch_python_dop_operator_3.py
[2024-10-09T22:07:32.231+0000] {logging_mixin.py:188} INFO - [2024-10-09T22:07:32.231+0000] {dag.py:3036} INFO - Sync 1 DAGs
[2024-10-09T22:07:32.274+0000] {logging_mixin.py:188} INFO - [2024-10-09T22:07:32.274+0000] {dag.py:3823} INFO - Setting next_dagrun for example_branch_dop_operator_v3 to 2024-10-09 22:06:00+00:00, run_after=2024-10-09 22:07:00+00:00
[2024-10-09T22:07:32.309+0000] {processor.py:183} INFO - Processing /home/airflow/.local/lib/python3.8/site-packages/airflow/example_dags/example_branch_python_dop_operator_3.py took 0.127 seconds
[2024-10-09T22:08:02.581+0000] {processor.py:161} INFO - Started process (PID=689) to work on /home/airflow/.local/lib/python3.8/site-packages/airflow/example_dags/example_branch_python_dop_operator_3.py
[2024-10-09T22:08:02.584+0000] {processor.py:830} INFO - Processing file /home/airflow/.local/lib/python3.8/site-packages/airflow/example_dags/example_branch_python_dop_operator_3.py for tasks to queue
[2024-10-09T22:08:02.588+0000] {logging_mixin.py:188} INFO - [2024-10-09T22:08:02.587+0000] {dagbag.py:538} INFO - Filling up the DagBag from /home/airflow/.local/lib/python3.8/site-packages/airflow/example_dags/example_branch_python_dop_operator_3.py
[2024-10-09T22:08:02.606+0000] {processor.py:840} INFO - DAG(s) 'example_branch_dop_operator_v3' retrieved from /home/airflow/.local/lib/python3.8/site-packages/airflow/example_dags/example_branch_python_dop_operator_3.py
[2024-10-09T22:08:02.682+0000] {logging_mixin.py:188} INFO - [2024-10-09T22:08:02.681+0000] {dag.py:3036} INFO - Sync 1 DAGs
[2024-10-09T22:08:02.740+0000] {logging_mixin.py:188} INFO - [2024-10-09T22:08:02.740+0000] {dag.py:3823} INFO - Setting next_dagrun for example_branch_dop_operator_v3 to 2024-10-09 22:07:00+00:00, run_after=2024-10-09 22:08:00+00:00
[2024-10-09T22:08:02.787+0000] {processor.py:183} INFO - Processing /home/airflow/.local/lib/python3.8/site-packages/airflow/example_dags/example_branch_python_dop_operator_3.py took 0.211 seconds
[2024-10-09T22:08:33.101+0000] {processor.py:161} INFO - Started process (PID=750) to work on /home/airflow/.local/lib/python3.8/site-packages/airflow/example_dags/example_branch_python_dop_operator_3.py
[2024-10-09T22:08:33.102+0000] {processor.py:830} INFO - Processing file /home/airflow/.local/lib/python3.8/site-packages/airflow/example_dags/example_branch_python_dop_operator_3.py for tasks to queue
[2024-10-09T22:08:33.105+0000] {logging_mixin.py:188} INFO - [2024-10-09T22:08:33.104+0000] {dagbag.py:538} INFO - Filling up the DagBag from /home/airflow/.local/lib/python3.8/site-packages/airflow/example_dags/example_branch_python_dop_operator_3.py
[2024-10-09T22:08:33.115+0000] {processor.py:840} INFO - DAG(s) 'example_branch_dop_operator_v3' retrieved from /home/airflow/.local/lib/python3.8/site-packages/airflow/example_dags/example_branch_python_dop_operator_3.py
[2024-10-09T22:08:33.141+0000] {logging_mixin.py:188} INFO - [2024-10-09T22:08:33.140+0000] {dag.py:3036} INFO - Sync 1 DAGs
[2024-10-09T22:08:33.184+0000] {logging_mixin.py:188} INFO - [2024-10-09T22:08:33.183+0000] {dag.py:3823} INFO - Setting next_dagrun for example_branch_dop_operator_v3 to 2024-10-09 22:07:00+00:00, run_after=2024-10-09 22:08:00+00:00
[2024-10-09T22:08:33.210+0000] {processor.py:183} INFO - Processing /home/airflow/.local/lib/python3.8/site-packages/airflow/example_dags/example_branch_python_dop_operator_3.py took 0.115 seconds
[2024-10-09T22:09:04.927+0000] {processor.py:161} INFO - Started process (PID=812) to work on /home/airflow/.local/lib/python3.8/site-packages/airflow/example_dags/example_branch_python_dop_operator_3.py
[2024-10-09T22:09:04.930+0000] {processor.py:830} INFO - Processing file /home/airflow/.local/lib/python3.8/site-packages/airflow/example_dags/example_branch_python_dop_operator_3.py for tasks to queue
[2024-10-09T22:09:04.933+0000] {logging_mixin.py:188} INFO - [2024-10-09T22:09:04.933+0000] {dagbag.py:538} INFO - Filling up the DagBag from /home/airflow/.local/lib/python3.8/site-packages/airflow/example_dags/example_branch_python_dop_operator_3.py
[2024-10-09T22:09:04.948+0000] {processor.py:840} INFO - DAG(s) 'example_branch_dop_operator_v3' retrieved from /home/airflow/.local/lib/python3.8/site-packages/airflow/example_dags/example_branch_python_dop_operator_3.py
[2024-10-09T22:09:04.983+0000] {logging_mixin.py:188} INFO - [2024-10-09T22:09:04.981+0000] {dag.py:3036} INFO - Sync 1 DAGs
[2024-10-09T22:09:05.066+0000] {logging_mixin.py:188} INFO - [2024-10-09T22:09:05.066+0000] {dag.py:3823} INFO - Setting next_dagrun for example_branch_dop_operator_v3 to 2024-10-09 22:08:00+00:00, run_after=2024-10-09 22:09:00+00:00
[2024-10-09T22:09:05.110+0000] {processor.py:183} INFO - Processing /home/airflow/.local/lib/python3.8/site-packages/airflow/example_dags/example_branch_python_dop_operator_3.py took 0.211 seconds
