[2024-10-09T22:02:18.387+0000] {processor.py:161} INFO - Started process (PID=107) to work on /home/airflow/.local/lib/python3.8/site-packages/airflow/example_dags/example_branch_datetime_operator.py
[2024-10-09T22:02:18.390+0000] {processor.py:830} INFO - Processing file /home/airflow/.local/lib/python3.8/site-packages/airflow/example_dags/example_branch_datetime_operator.py for tasks to queue
[2024-10-09T22:02:18.393+0000] {logging_mixin.py:188} INFO - [2024-10-09T22:02:18.392+0000] {dagbag.py:538} INFO - Filling up the DagBag from /home/airflow/.local/lib/python3.8/site-packages/airflow/example_dags/example_branch_datetime_operator.py
[2024-10-09T22:02:18.408+0000] {processor.py:840} INFO - DAG(s) 'example_branch_datetime_operator_2', 'example_branch_datetime_operator_3', 'example_branch_datetime_operator' retrieved from /home/airflow/.local/lib/python3.8/site-packages/airflow/example_dags/example_branch_datetime_operator.py
[2024-10-09T22:02:18.434+0000] {logging_mixin.py:188} INFO - [2024-10-09T22:02:18.434+0000] {dag.py:3036} INFO - Sync 3 DAGs
[2024-10-09T22:02:18.472+0000] {logging_mixin.py:188} INFO - [2024-10-09T22:02:18.472+0000] {dag.py:3823} INFO - Setting next_dagrun for example_branch_datetime_operator to 2024-10-08 00:00:00+00:00, run_after=2024-10-09 00:00:00+00:00
[2024-10-09T22:02:18.482+0000] {logging_mixin.py:188} INFO - [2024-10-09T22:02:18.481+0000] {dag.py:3823} INFO - Setting next_dagrun for example_branch_datetime_operator_2 to 2024-10-08 00:00:00+00:00, run_after=2024-10-09 00:00:00+00:00
[2024-10-09T22:02:18.493+0000] {logging_mixin.py:188} INFO - [2024-10-09T22:02:18.493+0000] {dag.py:3823} INFO - Setting next_dagrun for example_branch_datetime_operator_3 to 2024-10-08 00:00:00+00:00, run_after=2024-10-09 00:00:00+00:00
[2024-10-09T22:02:18.544+0000] {processor.py:183} INFO - Processing /home/airflow/.local/lib/python3.8/site-packages/airflow/example_dags/example_branch_datetime_operator.py took 0.160 seconds
[2024-10-09T22:02:58.198+0000] {processor.py:161} INFO - Started process (PID=92) to work on /home/airflow/.local/lib/python3.8/site-packages/airflow/example_dags/example_branch_datetime_operator.py
[2024-10-09T22:02:58.200+0000] {processor.py:830} INFO - Processing file /home/airflow/.local/lib/python3.8/site-packages/airflow/example_dags/example_branch_datetime_operator.py for tasks to queue
[2024-10-09T22:02:58.203+0000] {logging_mixin.py:188} INFO - [2024-10-09T22:02:58.202+0000] {dagbag.py:538} INFO - Filling up the DagBag from /home/airflow/.local/lib/python3.8/site-packages/airflow/example_dags/example_branch_datetime_operator.py
[2024-10-09T22:02:58.214+0000] {processor.py:840} INFO - DAG(s) 'example_branch_datetime_operator_2', 'example_branch_datetime_operator_3', 'example_branch_datetime_operator' retrieved from /home/airflow/.local/lib/python3.8/site-packages/airflow/example_dags/example_branch_datetime_operator.py
[2024-10-09T22:02:58.373+0000] {logging_mixin.py:188} INFO - [2024-10-09T22:02:58.373+0000] {dag.py:3036} INFO - Sync 3 DAGs
[2024-10-09T22:02:58.415+0000] {logging_mixin.py:188} INFO - [2024-10-09T22:02:58.415+0000] {dag.py:3823} INFO - Setting next_dagrun for example_branch_datetime_operator to 2024-10-08 00:00:00+00:00, run_after=2024-10-09 00:00:00+00:00
[2024-10-09T22:02:58.421+0000] {logging_mixin.py:188} INFO - [2024-10-09T22:02:58.420+0000] {dag.py:3823} INFO - Setting next_dagrun for example_branch_datetime_operator_2 to 2024-10-08 00:00:00+00:00, run_after=2024-10-09 00:00:00+00:00
[2024-10-09T22:02:58.424+0000] {logging_mixin.py:188} INFO - [2024-10-09T22:02:58.424+0000] {dag.py:3823} INFO - Setting next_dagrun for example_branch_datetime_operator_3 to 2024-10-08 00:00:00+00:00, run_after=2024-10-09 00:00:00+00:00
[2024-10-09T22:02:58.451+0000] {processor.py:183} INFO - Processing /home/airflow/.local/lib/python3.8/site-packages/airflow/example_dags/example_branch_datetime_operator.py took 0.256 seconds
[2024-10-09T22:03:28.722+0000] {processor.py:161} INFO - Started process (PID=154) to work on /home/airflow/.local/lib/python3.8/site-packages/airflow/example_dags/example_branch_datetime_operator.py
[2024-10-09T22:03:28.724+0000] {processor.py:830} INFO - Processing file /home/airflow/.local/lib/python3.8/site-packages/airflow/example_dags/example_branch_datetime_operator.py for tasks to queue
[2024-10-09T22:03:28.728+0000] {logging_mixin.py:188} INFO - [2024-10-09T22:03:28.727+0000] {dagbag.py:538} INFO - Filling up the DagBag from /home/airflow/.local/lib/python3.8/site-packages/airflow/example_dags/example_branch_datetime_operator.py
[2024-10-09T22:03:28.746+0000] {processor.py:840} INFO - DAG(s) 'example_branch_datetime_operator_2', 'example_branch_datetime_operator', 'example_branch_datetime_operator_3' retrieved from /home/airflow/.local/lib/python3.8/site-packages/airflow/example_dags/example_branch_datetime_operator.py
[2024-10-09T22:03:28.790+0000] {logging_mixin.py:188} INFO - [2024-10-09T22:03:28.790+0000] {dag.py:3036} INFO - Sync 3 DAGs
[2024-10-09T22:03:28.818+0000] {logging_mixin.py:188} INFO - [2024-10-09T22:03:28.818+0000] {dag.py:3823} INFO - Setting next_dagrun for example_branch_datetime_operator to 2024-10-08 00:00:00+00:00, run_after=2024-10-09 00:00:00+00:00
[2024-10-09T22:03:28.825+0000] {logging_mixin.py:188} INFO - [2024-10-09T22:03:28.824+0000] {dag.py:3823} INFO - Setting next_dagrun for example_branch_datetime_operator_2 to 2024-10-08 00:00:00+00:00, run_after=2024-10-09 00:00:00+00:00
[2024-10-09T22:03:28.828+0000] {logging_mixin.py:188} INFO - [2024-10-09T22:03:28.828+0000] {dag.py:3823} INFO - Setting next_dagrun for example_branch_datetime_operator_3 to 2024-10-08 00:00:00+00:00, run_after=2024-10-09 00:00:00+00:00
[2024-10-09T22:03:28.851+0000] {processor.py:183} INFO - Processing /home/airflow/.local/lib/python3.8/site-packages/airflow/example_dags/example_branch_datetime_operator.py took 0.134 seconds
[2024-10-09T22:03:59.735+0000] {processor.py:161} INFO - Started process (PID=216) to work on /home/airflow/.local/lib/python3.8/site-packages/airflow/example_dags/example_branch_datetime_operator.py
[2024-10-09T22:03:59.737+0000] {processor.py:830} INFO - Processing file /home/airflow/.local/lib/python3.8/site-packages/airflow/example_dags/example_branch_datetime_operator.py for tasks to queue
[2024-10-09T22:03:59.739+0000] {logging_mixin.py:188} INFO - [2024-10-09T22:03:59.739+0000] {dagbag.py:538} INFO - Filling up the DagBag from /home/airflow/.local/lib/python3.8/site-packages/airflow/example_dags/example_branch_datetime_operator.py
[2024-10-09T22:03:59.751+0000] {processor.py:840} INFO - DAG(s) 'example_branch_datetime_operator_2', 'example_branch_datetime_operator_3', 'example_branch_datetime_operator' retrieved from /home/airflow/.local/lib/python3.8/site-packages/airflow/example_dags/example_branch_datetime_operator.py
[2024-10-09T22:03:59.785+0000] {logging_mixin.py:188} INFO - [2024-10-09T22:03:59.784+0000] {dag.py:3036} INFO - Sync 3 DAGs
[2024-10-09T22:03:59.809+0000] {logging_mixin.py:188} INFO - [2024-10-09T22:03:59.809+0000] {dag.py:3823} INFO - Setting next_dagrun for example_branch_datetime_operator to 2024-10-08 00:00:00+00:00, run_after=2024-10-09 00:00:00+00:00
[2024-10-09T22:03:59.815+0000] {logging_mixin.py:188} INFO - [2024-10-09T22:03:59.814+0000] {dag.py:3823} INFO - Setting next_dagrun for example_branch_datetime_operator_2 to 2024-10-08 00:00:00+00:00, run_after=2024-10-09 00:00:00+00:00
[2024-10-09T22:03:59.818+0000] {logging_mixin.py:188} INFO - [2024-10-09T22:03:59.818+0000] {dag.py:3823} INFO - Setting next_dagrun for example_branch_datetime_operator_3 to 2024-10-08 00:00:00+00:00, run_after=2024-10-09 00:00:00+00:00
[2024-10-09T22:03:59.843+0000] {processor.py:183} INFO - Processing /home/airflow/.local/lib/python3.8/site-packages/airflow/example_dags/example_branch_datetime_operator.py took 0.111 seconds
[2024-10-09T22:04:30.546+0000] {processor.py:161} INFO - Started process (PID=278) to work on /home/airflow/.local/lib/python3.8/site-packages/airflow/example_dags/example_branch_datetime_operator.py
[2024-10-09T22:04:30.547+0000] {processor.py:830} INFO - Processing file /home/airflow/.local/lib/python3.8/site-packages/airflow/example_dags/example_branch_datetime_operator.py for tasks to queue
[2024-10-09T22:04:30.550+0000] {logging_mixin.py:188} INFO - [2024-10-09T22:04:30.549+0000] {dagbag.py:538} INFO - Filling up the DagBag from /home/airflow/.local/lib/python3.8/site-packages/airflow/example_dags/example_branch_datetime_operator.py
[2024-10-09T22:04:30.564+0000] {processor.py:840} INFO - DAG(s) 'example_branch_datetime_operator', 'example_branch_datetime_operator_3', 'example_branch_datetime_operator_2' retrieved from /home/airflow/.local/lib/python3.8/site-packages/airflow/example_dags/example_branch_datetime_operator.py
[2024-10-09T22:04:30.625+0000] {logging_mixin.py:188} INFO - [2024-10-09T22:04:30.624+0000] {dag.py:3036} INFO - Sync 3 DAGs
[2024-10-09T22:04:30.689+0000] {logging_mixin.py:188} INFO - [2024-10-09T22:04:30.688+0000] {dag.py:3823} INFO - Setting next_dagrun for example_branch_datetime_operator to 2024-10-08 00:00:00+00:00, run_after=2024-10-09 00:00:00+00:00
[2024-10-09T22:04:30.701+0000] {logging_mixin.py:188} INFO - [2024-10-09T22:04:30.700+0000] {dag.py:3823} INFO - Setting next_dagrun for example_branch_datetime_operator_2 to 2024-10-08 00:00:00+00:00, run_after=2024-10-09 00:00:00+00:00
[2024-10-09T22:04:30.706+0000] {logging_mixin.py:188} INFO - [2024-10-09T22:04:30.706+0000] {dag.py:3823} INFO - Setting next_dagrun for example_branch_datetime_operator_3 to 2024-10-08 00:00:00+00:00, run_after=2024-10-09 00:00:00+00:00
[2024-10-09T22:04:30.751+0000] {processor.py:183} INFO - Processing /home/airflow/.local/lib/python3.8/site-packages/airflow/example_dags/example_branch_datetime_operator.py took 0.210 seconds
[2024-10-09T22:05:02.522+0000] {processor.py:161} INFO - Started process (PID=340) to work on /home/airflow/.local/lib/python3.8/site-packages/airflow/example_dags/example_branch_datetime_operator.py
[2024-10-09T22:05:02.524+0000] {processor.py:830} INFO - Processing file /home/airflow/.local/lib/python3.8/site-packages/airflow/example_dags/example_branch_datetime_operator.py for tasks to queue
[2024-10-09T22:05:02.526+0000] {logging_mixin.py:188} INFO - [2024-10-09T22:05:02.526+0000] {dagbag.py:538} INFO - Filling up the DagBag from /home/airflow/.local/lib/python3.8/site-packages/airflow/example_dags/example_branch_datetime_operator.py
[2024-10-09T22:05:02.537+0000] {processor.py:840} INFO - DAG(s) 'example_branch_datetime_operator_2', 'example_branch_datetime_operator', 'example_branch_datetime_operator_3' retrieved from /home/airflow/.local/lib/python3.8/site-packages/airflow/example_dags/example_branch_datetime_operator.py
[2024-10-09T22:05:02.579+0000] {logging_mixin.py:188} INFO - [2024-10-09T22:05:02.578+0000] {dag.py:3036} INFO - Sync 3 DAGs
[2024-10-09T22:05:02.605+0000] {logging_mixin.py:188} INFO - [2024-10-09T22:05:02.604+0000] {dag.py:3823} INFO - Setting next_dagrun for example_branch_datetime_operator to 2024-10-08 00:00:00+00:00, run_after=2024-10-09 00:00:00+00:00
[2024-10-09T22:05:02.611+0000] {logging_mixin.py:188} INFO - [2024-10-09T22:05:02.611+0000] {dag.py:3823} INFO - Setting next_dagrun for example_branch_datetime_operator_2 to 2024-10-08 00:00:00+00:00, run_after=2024-10-09 00:00:00+00:00
[2024-10-09T22:05:02.615+0000] {logging_mixin.py:188} INFO - [2024-10-09T22:05:02.614+0000] {dag.py:3823} INFO - Setting next_dagrun for example_branch_datetime_operator_3 to 2024-10-08 00:00:00+00:00, run_after=2024-10-09 00:00:00+00:00
[2024-10-09T22:05:02.637+0000] {processor.py:183} INFO - Processing /home/airflow/.local/lib/python3.8/site-packages/airflow/example_dags/example_branch_datetime_operator.py took 0.118 seconds
[2024-10-09T22:05:33.131+0000] {processor.py:161} INFO - Started process (PID=402) to work on /home/airflow/.local/lib/python3.8/site-packages/airflow/example_dags/example_branch_datetime_operator.py
[2024-10-09T22:05:33.132+0000] {processor.py:830} INFO - Processing file /home/airflow/.local/lib/python3.8/site-packages/airflow/example_dags/example_branch_datetime_operator.py for tasks to queue
[2024-10-09T22:05:33.135+0000] {logging_mixin.py:188} INFO - [2024-10-09T22:05:33.134+0000] {dagbag.py:538} INFO - Filling up the DagBag from /home/airflow/.local/lib/python3.8/site-packages/airflow/example_dags/example_branch_datetime_operator.py
[2024-10-09T22:05:33.146+0000] {processor.py:840} INFO - DAG(s) 'example_branch_datetime_operator_2', 'example_branch_datetime_operator', 'example_branch_datetime_operator_3' retrieved from /home/airflow/.local/lib/python3.8/site-packages/airflow/example_dags/example_branch_datetime_operator.py
[2024-10-09T22:05:33.178+0000] {logging_mixin.py:188} INFO - [2024-10-09T22:05:33.178+0000] {dag.py:3036} INFO - Sync 3 DAGs
[2024-10-09T22:05:33.211+0000] {logging_mixin.py:188} INFO - [2024-10-09T22:05:33.211+0000] {dag.py:3823} INFO - Setting next_dagrun for example_branch_datetime_operator to 2024-10-08 00:00:00+00:00, run_after=2024-10-09 00:00:00+00:00
[2024-10-09T22:05:33.218+0000] {logging_mixin.py:188} INFO - [2024-10-09T22:05:33.217+0000] {dag.py:3823} INFO - Setting next_dagrun for example_branch_datetime_operator_2 to 2024-10-08 00:00:00+00:00, run_after=2024-10-09 00:00:00+00:00
[2024-10-09T22:05:33.221+0000] {logging_mixin.py:188} INFO - [2024-10-09T22:05:33.221+0000] {dag.py:3823} INFO - Setting next_dagrun for example_branch_datetime_operator_3 to 2024-10-08 00:00:00+00:00, run_after=2024-10-09 00:00:00+00:00
[2024-10-09T22:05:33.246+0000] {processor.py:183} INFO - Processing /home/airflow/.local/lib/python3.8/site-packages/airflow/example_dags/example_branch_datetime_operator.py took 0.121 seconds
[2024-10-09T22:06:05.344+0000] {processor.py:161} INFO - Started process (PID=464) to work on /home/airflow/.local/lib/python3.8/site-packages/airflow/example_dags/example_branch_datetime_operator.py
[2024-10-09T22:06:05.350+0000] {processor.py:830} INFO - Processing file /home/airflow/.local/lib/python3.8/site-packages/airflow/example_dags/example_branch_datetime_operator.py for tasks to queue
[2024-10-09T22:06:05.353+0000] {logging_mixin.py:188} INFO - [2024-10-09T22:06:05.352+0000] {dagbag.py:538} INFO - Filling up the DagBag from /home/airflow/.local/lib/python3.8/site-packages/airflow/example_dags/example_branch_datetime_operator.py
[2024-10-09T22:06:05.372+0000] {processor.py:840} INFO - DAG(s) 'example_branch_datetime_operator', 'example_branch_datetime_operator_3', 'example_branch_datetime_operator_2' retrieved from /home/airflow/.local/lib/python3.8/site-packages/airflow/example_dags/example_branch_datetime_operator.py
[2024-10-09T22:06:05.433+0000] {logging_mixin.py:188} INFO - [2024-10-09T22:06:05.432+0000] {dag.py:3036} INFO - Sync 3 DAGs
[2024-10-09T22:06:05.465+0000] {logging_mixin.py:188} INFO - [2024-10-09T22:06:05.465+0000] {dag.py:3823} INFO - Setting next_dagrun for example_branch_datetime_operator to 2024-10-08 00:00:00+00:00, run_after=2024-10-09 00:00:00+00:00
[2024-10-09T22:06:05.473+0000] {logging_mixin.py:188} INFO - [2024-10-09T22:06:05.473+0000] {dag.py:3823} INFO - Setting next_dagrun for example_branch_datetime_operator_2 to 2024-10-08 00:00:00+00:00, run_after=2024-10-09 00:00:00+00:00
[2024-10-09T22:06:05.478+0000] {logging_mixin.py:188} INFO - [2024-10-09T22:06:05.478+0000] {dag.py:3823} INFO - Setting next_dagrun for example_branch_datetime_operator_3 to 2024-10-08 00:00:00+00:00, run_after=2024-10-09 00:00:00+00:00
[2024-10-09T22:06:05.506+0000] {processor.py:183} INFO - Processing /home/airflow/.local/lib/python3.8/site-packages/airflow/example_dags/example_branch_datetime_operator.py took 0.171 seconds
[2024-10-09T22:06:36.361+0000] {processor.py:161} INFO - Started process (PID=526) to work on /home/airflow/.local/lib/python3.8/site-packages/airflow/example_dags/example_branch_datetime_operator.py
[2024-10-09T22:06:36.363+0000] {processor.py:830} INFO - Processing file /home/airflow/.local/lib/python3.8/site-packages/airflow/example_dags/example_branch_datetime_operator.py for tasks to queue
[2024-10-09T22:06:36.365+0000] {logging_mixin.py:188} INFO - [2024-10-09T22:06:36.365+0000] {dagbag.py:538} INFO - Filling up the DagBag from /home/airflow/.local/lib/python3.8/site-packages/airflow/example_dags/example_branch_datetime_operator.py
[2024-10-09T22:06:36.380+0000] {processor.py:840} INFO - DAG(s) 'example_branch_datetime_operator', 'example_branch_datetime_operator_2', 'example_branch_datetime_operator_3' retrieved from /home/airflow/.local/lib/python3.8/site-packages/airflow/example_dags/example_branch_datetime_operator.py
[2024-10-09T22:06:36.422+0000] {logging_mixin.py:188} INFO - [2024-10-09T22:06:36.421+0000] {dag.py:3036} INFO - Sync 3 DAGs
[2024-10-09T22:06:36.457+0000] {logging_mixin.py:188} INFO - [2024-10-09T22:06:36.456+0000] {dag.py:3823} INFO - Setting next_dagrun for example_branch_datetime_operator to 2024-10-08 00:00:00+00:00, run_after=2024-10-09 00:00:00+00:00
[2024-10-09T22:06:36.467+0000] {logging_mixin.py:188} INFO - [2024-10-09T22:06:36.466+0000] {dag.py:3823} INFO - Setting next_dagrun for example_branch_datetime_operator_2 to 2024-10-08 00:00:00+00:00, run_after=2024-10-09 00:00:00+00:00
[2024-10-09T22:06:36.473+0000] {logging_mixin.py:188} INFO - [2024-10-09T22:06:36.472+0000] {dag.py:3823} INFO - Setting next_dagrun for example_branch_datetime_operator_3 to 2024-10-08 00:00:00+00:00, run_after=2024-10-09 00:00:00+00:00
[2024-10-09T22:06:36.525+0000] {processor.py:183} INFO - Processing /home/airflow/.local/lib/python3.8/site-packages/airflow/example_dags/example_branch_datetime_operator.py took 0.167 seconds
[2024-10-09T22:07:07.416+0000] {processor.py:161} INFO - Started process (PID=588) to work on /home/airflow/.local/lib/python3.8/site-packages/airflow/example_dags/example_branch_datetime_operator.py
[2024-10-09T22:07:07.418+0000] {processor.py:830} INFO - Processing file /home/airflow/.local/lib/python3.8/site-packages/airflow/example_dags/example_branch_datetime_operator.py for tasks to queue
[2024-10-09T22:07:07.421+0000] {logging_mixin.py:188} INFO - [2024-10-09T22:07:07.420+0000] {dagbag.py:538} INFO - Filling up the DagBag from /home/airflow/.local/lib/python3.8/site-packages/airflow/example_dags/example_branch_datetime_operator.py
[2024-10-09T22:07:07.436+0000] {processor.py:840} INFO - DAG(s) 'example_branch_datetime_operator', 'example_branch_datetime_operator_2', 'example_branch_datetime_operator_3' retrieved from /home/airflow/.local/lib/python3.8/site-packages/airflow/example_dags/example_branch_datetime_operator.py
[2024-10-09T22:07:07.471+0000] {logging_mixin.py:188} INFO - [2024-10-09T22:07:07.470+0000] {dag.py:3036} INFO - Sync 3 DAGs
[2024-10-09T22:07:07.499+0000] {logging_mixin.py:188} INFO - [2024-10-09T22:07:07.498+0000] {dag.py:3823} INFO - Setting next_dagrun for example_branch_datetime_operator to 2024-10-08 00:00:00+00:00, run_after=2024-10-09 00:00:00+00:00
[2024-10-09T22:07:07.506+0000] {logging_mixin.py:188} INFO - [2024-10-09T22:07:07.506+0000] {dag.py:3823} INFO - Setting next_dagrun for example_branch_datetime_operator_2 to 2024-10-08 00:00:00+00:00, run_after=2024-10-09 00:00:00+00:00
[2024-10-09T22:07:07.510+0000] {logging_mixin.py:188} INFO - [2024-10-09T22:07:07.509+0000] {dag.py:3823} INFO - Setting next_dagrun for example_branch_datetime_operator_3 to 2024-10-08 00:00:00+00:00, run_after=2024-10-09 00:00:00+00:00
[2024-10-09T22:07:07.534+0000] {processor.py:183} INFO - Processing /home/airflow/.local/lib/python3.8/site-packages/airflow/example_dags/example_branch_datetime_operator.py took 0.123 seconds
[2024-10-09T22:07:37.905+0000] {processor.py:161} INFO - Started process (PID=650) to work on /home/airflow/.local/lib/python3.8/site-packages/airflow/example_dags/example_branch_datetime_operator.py
[2024-10-09T22:07:37.906+0000] {processor.py:830} INFO - Processing file /home/airflow/.local/lib/python3.8/site-packages/airflow/example_dags/example_branch_datetime_operator.py for tasks to queue
[2024-10-09T22:07:37.908+0000] {logging_mixin.py:188} INFO - [2024-10-09T22:07:37.908+0000] {dagbag.py:538} INFO - Filling up the DagBag from /home/airflow/.local/lib/python3.8/site-packages/airflow/example_dags/example_branch_datetime_operator.py
[2024-10-09T22:07:37.919+0000] {processor.py:840} INFO - DAG(s) 'example_branch_datetime_operator', 'example_branch_datetime_operator_2', 'example_branch_datetime_operator_3' retrieved from /home/airflow/.local/lib/python3.8/site-packages/airflow/example_dags/example_branch_datetime_operator.py
[2024-10-09T22:07:37.954+0000] {logging_mixin.py:188} INFO - [2024-10-09T22:07:37.954+0000] {dag.py:3036} INFO - Sync 3 DAGs
[2024-10-09T22:07:37.984+0000] {logging_mixin.py:188} INFO - [2024-10-09T22:07:37.984+0000] {dag.py:3823} INFO - Setting next_dagrun for example_branch_datetime_operator to 2024-10-08 00:00:00+00:00, run_after=2024-10-09 00:00:00+00:00
[2024-10-09T22:07:37.992+0000] {logging_mixin.py:188} INFO - [2024-10-09T22:07:37.992+0000] {dag.py:3823} INFO - Setting next_dagrun for example_branch_datetime_operator_2 to 2024-10-08 00:00:00+00:00, run_after=2024-10-09 00:00:00+00:00
[2024-10-09T22:07:37.997+0000] {logging_mixin.py:188} INFO - [2024-10-09T22:07:37.996+0000] {dag.py:3823} INFO - Setting next_dagrun for example_branch_datetime_operator_3 to 2024-10-08 00:00:00+00:00, run_after=2024-10-09 00:00:00+00:00
[2024-10-09T22:07:38.054+0000] {processor.py:183} INFO - Processing /home/airflow/.local/lib/python3.8/site-packages/airflow/example_dags/example_branch_datetime_operator.py took 0.151 seconds
[2024-10-09T22:08:08.279+0000] {processor.py:161} INFO - Started process (PID=713) to work on /home/airflow/.local/lib/python3.8/site-packages/airflow/example_dags/example_branch_datetime_operator.py
[2024-10-09T22:08:08.281+0000] {processor.py:830} INFO - Processing file /home/airflow/.local/lib/python3.8/site-packages/airflow/example_dags/example_branch_datetime_operator.py for tasks to queue
[2024-10-09T22:08:08.283+0000] {logging_mixin.py:188} INFO - [2024-10-09T22:08:08.282+0000] {dagbag.py:538} INFO - Filling up the DagBag from /home/airflow/.local/lib/python3.8/site-packages/airflow/example_dags/example_branch_datetime_operator.py
[2024-10-09T22:08:08.296+0000] {processor.py:840} INFO - DAG(s) 'example_branch_datetime_operator_2', 'example_branch_datetime_operator', 'example_branch_datetime_operator_3' retrieved from /home/airflow/.local/lib/python3.8/site-packages/airflow/example_dags/example_branch_datetime_operator.py
[2024-10-09T22:08:08.327+0000] {logging_mixin.py:188} INFO - [2024-10-09T22:08:08.327+0000] {dag.py:3036} INFO - Sync 3 DAGs
[2024-10-09T22:08:08.352+0000] {logging_mixin.py:188} INFO - [2024-10-09T22:08:08.351+0000] {dag.py:3823} INFO - Setting next_dagrun for example_branch_datetime_operator to 2024-10-08 00:00:00+00:00, run_after=2024-10-09 00:00:00+00:00
[2024-10-09T22:08:08.357+0000] {logging_mixin.py:188} INFO - [2024-10-09T22:08:08.357+0000] {dag.py:3823} INFO - Setting next_dagrun for example_branch_datetime_operator_2 to 2024-10-08 00:00:00+00:00, run_after=2024-10-09 00:00:00+00:00
[2024-10-09T22:08:08.361+0000] {logging_mixin.py:188} INFO - [2024-10-09T22:08:08.360+0000] {dag.py:3823} INFO - Setting next_dagrun for example_branch_datetime_operator_3 to 2024-10-08 00:00:00+00:00, run_after=2024-10-09 00:00:00+00:00
[2024-10-09T22:08:08.381+0000] {processor.py:183} INFO - Processing /home/airflow/.local/lib/python3.8/site-packages/airflow/example_dags/example_branch_datetime_operator.py took 0.105 seconds
[2024-10-09T22:08:38.580+0000] {processor.py:161} INFO - Started process (PID=774) to work on /home/airflow/.local/lib/python3.8/site-packages/airflow/example_dags/example_branch_datetime_operator.py
[2024-10-09T22:08:38.581+0000] {processor.py:830} INFO - Processing file /home/airflow/.local/lib/python3.8/site-packages/airflow/example_dags/example_branch_datetime_operator.py for tasks to queue
[2024-10-09T22:08:38.583+0000] {logging_mixin.py:188} INFO - [2024-10-09T22:08:38.583+0000] {dagbag.py:538} INFO - Filling up the DagBag from /home/airflow/.local/lib/python3.8/site-packages/airflow/example_dags/example_branch_datetime_operator.py
[2024-10-09T22:08:38.597+0000] {processor.py:840} INFO - DAG(s) 'example_branch_datetime_operator_2', 'example_branch_datetime_operator', 'example_branch_datetime_operator_3' retrieved from /home/airflow/.local/lib/python3.8/site-packages/airflow/example_dags/example_branch_datetime_operator.py
[2024-10-09T22:08:38.632+0000] {logging_mixin.py:188} INFO - [2024-10-09T22:08:38.631+0000] {dag.py:3036} INFO - Sync 3 DAGs
[2024-10-09T22:08:38.659+0000] {logging_mixin.py:188} INFO - [2024-10-09T22:08:38.659+0000] {dag.py:3823} INFO - Setting next_dagrun for example_branch_datetime_operator to 2024-10-08 00:00:00+00:00, run_after=2024-10-09 00:00:00+00:00
[2024-10-09T22:08:38.666+0000] {logging_mixin.py:188} INFO - [2024-10-09T22:08:38.665+0000] {dag.py:3823} INFO - Setting next_dagrun for example_branch_datetime_operator_2 to 2024-10-08 00:00:00+00:00, run_after=2024-10-09 00:00:00+00:00
[2024-10-09T22:08:38.669+0000] {logging_mixin.py:188} INFO - [2024-10-09T22:08:38.669+0000] {dag.py:3823} INFO - Setting next_dagrun for example_branch_datetime_operator_3 to 2024-10-08 00:00:00+00:00, run_after=2024-10-09 00:00:00+00:00
[2024-10-09T22:08:38.692+0000] {processor.py:183} INFO - Processing /home/airflow/.local/lib/python3.8/site-packages/airflow/example_dags/example_branch_datetime_operator.py took 0.115 seconds
[2024-10-09T22:09:13.003+0000] {processor.py:161} INFO - Started process (PID=835) to work on /home/airflow/.local/lib/python3.8/site-packages/airflow/example_dags/example_branch_datetime_operator.py
[2024-10-09T22:09:13.005+0000] {processor.py:830} INFO - Processing file /home/airflow/.local/lib/python3.8/site-packages/airflow/example_dags/example_branch_datetime_operator.py for tasks to queue
[2024-10-09T22:09:13.007+0000] {logging_mixin.py:188} INFO - [2024-10-09T22:09:13.007+0000] {dagbag.py:538} INFO - Filling up the DagBag from /home/airflow/.local/lib/python3.8/site-packages/airflow/example_dags/example_branch_datetime_operator.py
[2024-10-09T22:09:13.034+0000] {processor.py:840} INFO - DAG(s) 'example_branch_datetime_operator_2', 'example_branch_datetime_operator', 'example_branch_datetime_operator_3' retrieved from /home/airflow/.local/lib/python3.8/site-packages/airflow/example_dags/example_branch_datetime_operator.py
[2024-10-09T22:09:13.079+0000] {logging_mixin.py:188} INFO - [2024-10-09T22:09:13.078+0000] {dag.py:3036} INFO - Sync 3 DAGs
[2024-10-09T22:09:13.110+0000] {logging_mixin.py:188} INFO - [2024-10-09T22:09:13.110+0000] {dag.py:3823} INFO - Setting next_dagrun for example_branch_datetime_operator to 2024-10-08 00:00:00+00:00, run_after=2024-10-09 00:00:00+00:00
[2024-10-09T22:09:13.118+0000] {logging_mixin.py:188} INFO - [2024-10-09T22:09:13.118+0000] {dag.py:3823} INFO - Setting next_dagrun for example_branch_datetime_operator_2 to 2024-10-08 00:00:00+00:00, run_after=2024-10-09 00:00:00+00:00
[2024-10-09T22:09:13.123+0000] {logging_mixin.py:188} INFO - [2024-10-09T22:09:13.123+0000] {dag.py:3823} INFO - Setting next_dagrun for example_branch_datetime_operator_3 to 2024-10-08 00:00:00+00:00, run_after=2024-10-09 00:00:00+00:00
[2024-10-09T22:09:13.179+0000] {processor.py:183} INFO - Processing /home/airflow/.local/lib/python3.8/site-packages/airflow/example_dags/example_branch_datetime_operator.py took 0.181 seconds
