[2024-10-09T22:02:15.567+0000] {processor.py:161} INFO - Started process (PID=83) to work on /home/airflow/.local/lib/python3.8/site-packages/airflow/example_dags/example_datasets.py
[2024-10-09T22:02:15.570+0000] {processor.py:830} INFO - Processing file /home/airflow/.local/lib/python3.8/site-packages/airflow/example_dags/example_datasets.py for tasks to queue
[2024-10-09T22:02:15.575+0000] {logging_mixin.py:188} INFO - [2024-10-09T22:02:15.574+0000] {dagbag.py:538} INFO - Filling up the DagBag from /home/airflow/.local/lib/python3.8/site-packages/airflow/example_dags/example_datasets.py
[2024-10-09T22:02:15.613+0000] {processor.py:840} INFO - DAG(s) 'dataset_consumes_1_and_2', 'dataset_consumes_1', 'dataset_consumes_unknown_never_scheduled', 'dataset_produces_2', 'dataset_consumes_1_never_scheduled', 'dataset_produces_1' retrieved from /home/airflow/.local/lib/python3.8/site-packages/airflow/example_dags/example_datasets.py
[2024-10-09T22:02:15.658+0000] {logging_mixin.py:188} INFO - [2024-10-09T22:02:15.657+0000] {dag.py:3036} INFO - Sync 6 DAGs
[2024-10-09T22:02:15.715+0000] {logging_mixin.py:188} INFO - [2024-10-09T22:02:15.715+0000] {dag.py:3823} INFO - Setting next_dagrun for dataset_consumes_1 to None, run_after=None
[2024-10-09T22:02:15.720+0000] {logging_mixin.py:188} INFO - [2024-10-09T22:02:15.720+0000] {dag.py:3823} INFO - Setting next_dagrun for dataset_consumes_1_and_2 to None, run_after=None
[2024-10-09T22:02:15.749+0000] {logging_mixin.py:188} INFO - [2024-10-09T22:02:15.748+0000] {dag.py:3823} INFO - Setting next_dagrun for dataset_consumes_1_never_scheduled to None, run_after=None
[2024-10-09T22:02:15.756+0000] {logging_mixin.py:188} INFO - [2024-10-09T22:02:15.755+0000] {dag.py:3823} INFO - Setting next_dagrun for dataset_consumes_unknown_never_scheduled to None, run_after=None
[2024-10-09T22:02:15.762+0000] {logging_mixin.py:188} INFO - [2024-10-09T22:02:15.761+0000] {dag.py:3823} INFO - Setting next_dagrun for dataset_produces_1 to 2024-10-08 00:00:00+00:00, run_after=2024-10-09 00:00:00+00:00
[2024-10-09T22:02:15.767+0000] {logging_mixin.py:188} INFO - [2024-10-09T22:02:15.766+0000] {dag.py:3823} INFO - Setting next_dagrun for dataset_produces_2 to None, run_after=None
[2024-10-09T22:02:15.845+0000] {processor.py:183} INFO - Processing /home/airflow/.local/lib/python3.8/site-packages/airflow/example_dags/example_datasets.py took 0.289 seconds
[2024-10-09T22:02:54.530+0000] {processor.py:161} INFO - Started process (PID=62) to work on /home/airflow/.local/lib/python3.8/site-packages/airflow/example_dags/example_datasets.py
[2024-10-09T22:02:54.531+0000] {processor.py:830} INFO - Processing file /home/airflow/.local/lib/python3.8/site-packages/airflow/example_dags/example_datasets.py for tasks to queue
[2024-10-09T22:02:54.534+0000] {logging_mixin.py:188} INFO - [2024-10-09T22:02:54.533+0000] {dagbag.py:538} INFO - Filling up the DagBag from /home/airflow/.local/lib/python3.8/site-packages/airflow/example_dags/example_datasets.py
[2024-10-09T22:02:54.548+0000] {processor.py:840} INFO - DAG(s) 'dataset_produces_1', 'dataset_consumes_1_and_2', 'dataset_produces_2', 'dataset_consumes_1_never_scheduled', 'dataset_consumes_1', 'dataset_consumes_unknown_never_scheduled' retrieved from /home/airflow/.local/lib/python3.8/site-packages/airflow/example_dags/example_datasets.py
[2024-10-09T22:02:54.807+0000] {logging_mixin.py:188} INFO - [2024-10-09T22:02:54.807+0000] {dag.py:3036} INFO - Sync 6 DAGs
[2024-10-09T22:02:54.832+0000] {logging_mixin.py:188} INFO - [2024-10-09T22:02:54.831+0000] {dag.py:3823} INFO - Setting next_dagrun for dataset_consumes_1 to None, run_after=None
[2024-10-09T22:02:54.841+0000] {logging_mixin.py:188} INFO - [2024-10-09T22:02:54.840+0000] {dag.py:3823} INFO - Setting next_dagrun for dataset_consumes_1_and_2 to None, run_after=None
[2024-10-09T22:02:54.845+0000] {logging_mixin.py:188} INFO - [2024-10-09T22:02:54.844+0000] {dag.py:3823} INFO - Setting next_dagrun for dataset_consumes_1_never_scheduled to None, run_after=None
[2024-10-09T22:02:54.848+0000] {logging_mixin.py:188} INFO - [2024-10-09T22:02:54.847+0000] {dag.py:3823} INFO - Setting next_dagrun for dataset_consumes_unknown_never_scheduled to None, run_after=None
[2024-10-09T22:02:54.853+0000] {logging_mixin.py:188} INFO - [2024-10-09T22:02:54.853+0000] {dag.py:3823} INFO - Setting next_dagrun for dataset_produces_1 to 2024-10-08 00:00:00+00:00, run_after=2024-10-09 00:00:00+00:00
[2024-10-09T22:02:54.856+0000] {logging_mixin.py:188} INFO - [2024-10-09T22:02:54.856+0000] {dag.py:3823} INFO - Setting next_dagrun for dataset_produces_2 to None, run_after=None
[2024-10-09T22:02:54.950+0000] {processor.py:183} INFO - Processing /home/airflow/.local/lib/python3.8/site-packages/airflow/example_dags/example_datasets.py took 0.426 seconds
[2024-10-09T22:03:25.153+0000] {processor.py:161} INFO - Started process (PID=130) to work on /home/airflow/.local/lib/python3.8/site-packages/airflow/example_dags/example_datasets.py
[2024-10-09T22:03:25.165+0000] {processor.py:830} INFO - Processing file /home/airflow/.local/lib/python3.8/site-packages/airflow/example_dags/example_datasets.py for tasks to queue
[2024-10-09T22:03:25.173+0000] {logging_mixin.py:188} INFO - [2024-10-09T22:03:25.172+0000] {dagbag.py:538} INFO - Filling up the DagBag from /home/airflow/.local/lib/python3.8/site-packages/airflow/example_dags/example_datasets.py
[2024-10-09T22:03:25.189+0000] {processor.py:840} INFO - DAG(s) 'dataset_consumes_unknown_never_scheduled', 'dataset_produces_1', 'dataset_consumes_1_and_2', 'dataset_produces_2', 'dataset_consumes_1_never_scheduled', 'dataset_consumes_1' retrieved from /home/airflow/.local/lib/python3.8/site-packages/airflow/example_dags/example_datasets.py
[2024-10-09T22:03:25.269+0000] {logging_mixin.py:188} INFO - [2024-10-09T22:03:25.269+0000] {dag.py:3036} INFO - Sync 6 DAGs
[2024-10-09T22:03:25.297+0000] {logging_mixin.py:188} INFO - [2024-10-09T22:03:25.297+0000] {dag.py:3823} INFO - Setting next_dagrun for dataset_consumes_1 to None, run_after=None
[2024-10-09T22:03:25.302+0000] {logging_mixin.py:188} INFO - [2024-10-09T22:03:25.302+0000] {dag.py:3823} INFO - Setting next_dagrun for dataset_consumes_1_and_2 to None, run_after=None
[2024-10-09T22:03:25.305+0000] {logging_mixin.py:188} INFO - [2024-10-09T22:03:25.305+0000] {dag.py:3823} INFO - Setting next_dagrun for dataset_consumes_1_never_scheduled to None, run_after=None
[2024-10-09T22:03:25.308+0000] {logging_mixin.py:188} INFO - [2024-10-09T22:03:25.307+0000] {dag.py:3823} INFO - Setting next_dagrun for dataset_consumes_unknown_never_scheduled to None, run_after=None
[2024-10-09T22:03:25.313+0000] {logging_mixin.py:188} INFO - [2024-10-09T22:03:25.313+0000] {dag.py:3823} INFO - Setting next_dagrun for dataset_produces_1 to 2024-10-08 00:00:00+00:00, run_after=2024-10-09 00:00:00+00:00
[2024-10-09T22:03:25.316+0000] {logging_mixin.py:188} INFO - [2024-10-09T22:03:25.316+0000] {dag.py:3823} INFO - Setting next_dagrun for dataset_produces_2 to None, run_after=None
[2024-10-09T22:03:25.379+0000] {processor.py:183} INFO - Processing /home/airflow/.local/lib/python3.8/site-packages/airflow/example_dags/example_datasets.py took 0.231 seconds
[2024-10-09T22:03:56.278+0000] {processor.py:161} INFO - Started process (PID=192) to work on /home/airflow/.local/lib/python3.8/site-packages/airflow/example_dags/example_datasets.py
[2024-10-09T22:03:56.279+0000] {processor.py:830} INFO - Processing file /home/airflow/.local/lib/python3.8/site-packages/airflow/example_dags/example_datasets.py for tasks to queue
[2024-10-09T22:03:56.282+0000] {logging_mixin.py:188} INFO - [2024-10-09T22:03:56.281+0000] {dagbag.py:538} INFO - Filling up the DagBag from /home/airflow/.local/lib/python3.8/site-packages/airflow/example_dags/example_datasets.py
[2024-10-09T22:03:56.291+0000] {processor.py:840} INFO - DAG(s) 'dataset_consumes_1_and_2', 'dataset_consumes_1_never_scheduled', 'dataset_consumes_unknown_never_scheduled', 'dataset_produces_1', 'dataset_produces_2', 'dataset_consumes_1' retrieved from /home/airflow/.local/lib/python3.8/site-packages/airflow/example_dags/example_datasets.py
[2024-10-09T22:03:56.340+0000] {logging_mixin.py:188} INFO - [2024-10-09T22:03:56.339+0000] {dag.py:3036} INFO - Sync 6 DAGs
[2024-10-09T22:03:56.365+0000] {logging_mixin.py:188} INFO - [2024-10-09T22:03:56.364+0000] {dag.py:3823} INFO - Setting next_dagrun for dataset_consumes_1 to None, run_after=None
[2024-10-09T22:03:56.369+0000] {logging_mixin.py:188} INFO - [2024-10-09T22:03:56.369+0000] {dag.py:3823} INFO - Setting next_dagrun for dataset_consumes_1_and_2 to None, run_after=None
[2024-10-09T22:03:56.372+0000] {logging_mixin.py:188} INFO - [2024-10-09T22:03:56.371+0000] {dag.py:3823} INFO - Setting next_dagrun for dataset_consumes_1_never_scheduled to None, run_after=None
[2024-10-09T22:03:56.375+0000] {logging_mixin.py:188} INFO - [2024-10-09T22:03:56.374+0000] {dag.py:3823} INFO - Setting next_dagrun for dataset_consumes_unknown_never_scheduled to None, run_after=None
[2024-10-09T22:03:56.378+0000] {logging_mixin.py:188} INFO - [2024-10-09T22:03:56.378+0000] {dag.py:3823} INFO - Setting next_dagrun for dataset_produces_1 to 2024-10-08 00:00:00+00:00, run_after=2024-10-09 00:00:00+00:00
[2024-10-09T22:03:56.382+0000] {logging_mixin.py:188} INFO - [2024-10-09T22:03:56.381+0000] {dag.py:3823} INFO - Setting next_dagrun for dataset_produces_2 to None, run_after=None
[2024-10-09T22:03:56.449+0000] {processor.py:183} INFO - Processing /home/airflow/.local/lib/python3.8/site-packages/airflow/example_dags/example_datasets.py took 0.175 seconds
[2024-10-09T22:04:27.612+0000] {processor.py:161} INFO - Started process (PID=254) to work on /home/airflow/.local/lib/python3.8/site-packages/airflow/example_dags/example_datasets.py
[2024-10-09T22:04:27.614+0000] {processor.py:830} INFO - Processing file /home/airflow/.local/lib/python3.8/site-packages/airflow/example_dags/example_datasets.py for tasks to queue
[2024-10-09T22:04:27.618+0000] {logging_mixin.py:188} INFO - [2024-10-09T22:04:27.617+0000] {dagbag.py:538} INFO - Filling up the DagBag from /home/airflow/.local/lib/python3.8/site-packages/airflow/example_dags/example_datasets.py
[2024-10-09T22:04:27.632+0000] {processor.py:840} INFO - DAG(s) 'dataset_consumes_1_and_2', 'dataset_consumes_unknown_never_scheduled', 'dataset_consumes_1', 'dataset_consumes_1_never_scheduled', 'dataset_produces_2', 'dataset_produces_1' retrieved from /home/airflow/.local/lib/python3.8/site-packages/airflow/example_dags/example_datasets.py
[2024-10-09T22:04:27.711+0000] {logging_mixin.py:188} INFO - [2024-10-09T22:04:27.710+0000] {dag.py:3036} INFO - Sync 6 DAGs
[2024-10-09T22:04:27.757+0000] {logging_mixin.py:188} INFO - [2024-10-09T22:04:27.756+0000] {dag.py:3823} INFO - Setting next_dagrun for dataset_consumes_1 to None, run_after=None
[2024-10-09T22:04:27.776+0000] {logging_mixin.py:188} INFO - [2024-10-09T22:04:27.776+0000] {dag.py:3823} INFO - Setting next_dagrun for dataset_consumes_1_and_2 to None, run_after=None
[2024-10-09T22:04:27.781+0000] {logging_mixin.py:188} INFO - [2024-10-09T22:04:27.781+0000] {dag.py:3823} INFO - Setting next_dagrun for dataset_consumes_1_never_scheduled to None, run_after=None
[2024-10-09T22:04:27.786+0000] {logging_mixin.py:188} INFO - [2024-10-09T22:04:27.785+0000] {dag.py:3823} INFO - Setting next_dagrun for dataset_consumes_unknown_never_scheduled to None, run_after=None
[2024-10-09T22:04:27.791+0000] {logging_mixin.py:188} INFO - [2024-10-09T22:04:27.791+0000] {dag.py:3823} INFO - Setting next_dagrun for dataset_produces_1 to 2024-10-08 00:00:00+00:00, run_after=2024-10-09 00:00:00+00:00
[2024-10-09T22:04:27.795+0000] {logging_mixin.py:188} INFO - [2024-10-09T22:04:27.794+0000] {dag.py:3823} INFO - Setting next_dagrun for dataset_produces_2 to None, run_after=None
[2024-10-09T22:04:27.880+0000] {processor.py:183} INFO - Processing /home/airflow/.local/lib/python3.8/site-packages/airflow/example_dags/example_datasets.py took 0.274 seconds
[2024-10-09T22:04:59.293+0000] {processor.py:161} INFO - Started process (PID=316) to work on /home/airflow/.local/lib/python3.8/site-packages/airflow/example_dags/example_datasets.py
[2024-10-09T22:04:59.306+0000] {processor.py:830} INFO - Processing file /home/airflow/.local/lib/python3.8/site-packages/airflow/example_dags/example_datasets.py for tasks to queue
[2024-10-09T22:04:59.372+0000] {logging_mixin.py:188} INFO - [2024-10-09T22:04:59.369+0000] {dagbag.py:538} INFO - Filling up the DagBag from /home/airflow/.local/lib/python3.8/site-packages/airflow/example_dags/example_datasets.py
[2024-10-09T22:04:59.652+0000] {processor.py:840} INFO - DAG(s) 'dataset_produces_2', 'dataset_consumes_1', 'dataset_produces_1', 'dataset_consumes_unknown_never_scheduled', 'dataset_consumes_1_never_scheduled', 'dataset_consumes_1_and_2' retrieved from /home/airflow/.local/lib/python3.8/site-packages/airflow/example_dags/example_datasets.py
[2024-10-09T22:04:59.869+0000] {logging_mixin.py:188} INFO - [2024-10-09T22:04:59.868+0000] {dag.py:3036} INFO - Sync 6 DAGs
[2024-10-09T22:05:00.015+0000] {logging_mixin.py:188} INFO - [2024-10-09T22:05:00.014+0000] {dag.py:3823} INFO - Setting next_dagrun for dataset_consumes_1 to None, run_after=None
[2024-10-09T22:05:00.047+0000] {logging_mixin.py:188} INFO - [2024-10-09T22:05:00.046+0000] {dag.py:3823} INFO - Setting next_dagrun for dataset_consumes_1_and_2 to None, run_after=None
[2024-10-09T22:05:00.051+0000] {logging_mixin.py:188} INFO - [2024-10-09T22:05:00.051+0000] {dag.py:3823} INFO - Setting next_dagrun for dataset_consumes_1_never_scheduled to None, run_after=None
[2024-10-09T22:05:00.057+0000] {logging_mixin.py:188} INFO - [2024-10-09T22:05:00.056+0000] {dag.py:3823} INFO - Setting next_dagrun for dataset_consumes_unknown_never_scheduled to None, run_after=None
[2024-10-09T22:05:00.075+0000] {logging_mixin.py:188} INFO - [2024-10-09T22:05:00.075+0000] {dag.py:3823} INFO - Setting next_dagrun for dataset_produces_1 to 2024-10-08 00:00:00+00:00, run_after=2024-10-09 00:00:00+00:00
[2024-10-09T22:05:00.080+0000] {logging_mixin.py:188} INFO - [2024-10-09T22:05:00.079+0000] {dag.py:3823} INFO - Setting next_dagrun for dataset_produces_2 to None, run_after=None
[2024-10-09T22:05:00.176+0000] {processor.py:183} INFO - Processing /home/airflow/.local/lib/python3.8/site-packages/airflow/example_dags/example_datasets.py took 0.962 seconds
[2024-10-09T22:05:30.847+0000] {processor.py:161} INFO - Started process (PID=377) to work on /home/airflow/.local/lib/python3.8/site-packages/airflow/example_dags/example_datasets.py
[2024-10-09T22:05:30.849+0000] {processor.py:830} INFO - Processing file /home/airflow/.local/lib/python3.8/site-packages/airflow/example_dags/example_datasets.py for tasks to queue
[2024-10-09T22:05:30.851+0000] {logging_mixin.py:188} INFO - [2024-10-09T22:05:30.851+0000] {dagbag.py:538} INFO - Filling up the DagBag from /home/airflow/.local/lib/python3.8/site-packages/airflow/example_dags/example_datasets.py
[2024-10-09T22:05:30.866+0000] {processor.py:840} INFO - DAG(s) 'dataset_consumes_unknown_never_scheduled', 'dataset_consumes_1_and_2', 'dataset_produces_2', 'dataset_consumes_1', 'dataset_consumes_1_never_scheduled', 'dataset_produces_1' retrieved from /home/airflow/.local/lib/python3.8/site-packages/airflow/example_dags/example_datasets.py
[2024-10-09T22:05:30.915+0000] {logging_mixin.py:188} INFO - [2024-10-09T22:05:30.915+0000] {dag.py:3036} INFO - Sync 6 DAGs
[2024-10-09T22:05:30.941+0000] {logging_mixin.py:188} INFO - [2024-10-09T22:05:30.941+0000] {dag.py:3823} INFO - Setting next_dagrun for dataset_consumes_1 to None, run_after=None
[2024-10-09T22:05:30.947+0000] {logging_mixin.py:188} INFO - [2024-10-09T22:05:30.946+0000] {dag.py:3823} INFO - Setting next_dagrun for dataset_consumes_1_and_2 to None, run_after=None
[2024-10-09T22:05:30.949+0000] {logging_mixin.py:188} INFO - [2024-10-09T22:05:30.949+0000] {dag.py:3823} INFO - Setting next_dagrun for dataset_consumes_1_never_scheduled to None, run_after=None
[2024-10-09T22:05:30.951+0000] {logging_mixin.py:188} INFO - [2024-10-09T22:05:30.951+0000] {dag.py:3823} INFO - Setting next_dagrun for dataset_consumes_unknown_never_scheduled to None, run_after=None
[2024-10-09T22:05:30.956+0000] {logging_mixin.py:188} INFO - [2024-10-09T22:05:30.955+0000] {dag.py:3823} INFO - Setting next_dagrun for dataset_produces_1 to 2024-10-08 00:00:00+00:00, run_after=2024-10-09 00:00:00+00:00
[2024-10-09T22:05:30.958+0000] {logging_mixin.py:188} INFO - [2024-10-09T22:05:30.958+0000] {dag.py:3823} INFO - Setting next_dagrun for dataset_produces_2 to None, run_after=None
[2024-10-09T22:05:31.011+0000] {processor.py:183} INFO - Processing /home/airflow/.local/lib/python3.8/site-packages/airflow/example_dags/example_datasets.py took 0.169 seconds
[2024-10-09T22:06:01.344+0000] {processor.py:161} INFO - Started process (PID=438) to work on /home/airflow/.local/lib/python3.8/site-packages/airflow/example_dags/example_datasets.py
[2024-10-09T22:06:01.346+0000] {processor.py:830} INFO - Processing file /home/airflow/.local/lib/python3.8/site-packages/airflow/example_dags/example_datasets.py for tasks to queue
[2024-10-09T22:06:01.349+0000] {logging_mixin.py:188} INFO - [2024-10-09T22:06:01.348+0000] {dagbag.py:538} INFO - Filling up the DagBag from /home/airflow/.local/lib/python3.8/site-packages/airflow/example_dags/example_datasets.py
[2024-10-09T22:06:01.360+0000] {processor.py:840} INFO - DAG(s) 'dataset_consumes_unknown_never_scheduled', 'dataset_produces_1', 'dataset_produces_2', 'dataset_consumes_1_never_scheduled', 'dataset_consumes_1', 'dataset_consumes_1_and_2' retrieved from /home/airflow/.local/lib/python3.8/site-packages/airflow/example_dags/example_datasets.py
[2024-10-09T22:06:01.450+0000] {logging_mixin.py:188} INFO - [2024-10-09T22:06:01.449+0000] {dag.py:3036} INFO - Sync 6 DAGs
[2024-10-09T22:06:01.491+0000] {logging_mixin.py:188} INFO - [2024-10-09T22:06:01.491+0000] {dag.py:3823} INFO - Setting next_dagrun for dataset_consumes_1 to None, run_after=None
[2024-10-09T22:06:01.501+0000] {logging_mixin.py:188} INFO - [2024-10-09T22:06:01.500+0000] {dag.py:3823} INFO - Setting next_dagrun for dataset_consumes_1_and_2 to None, run_after=None
[2024-10-09T22:06:01.504+0000] {logging_mixin.py:188} INFO - [2024-10-09T22:06:01.504+0000] {dag.py:3823} INFO - Setting next_dagrun for dataset_consumes_1_never_scheduled to None, run_after=None
[2024-10-09T22:06:01.508+0000] {logging_mixin.py:188} INFO - [2024-10-09T22:06:01.507+0000] {dag.py:3823} INFO - Setting next_dagrun for dataset_consumes_unknown_never_scheduled to None, run_after=None
[2024-10-09T22:06:01.513+0000] {logging_mixin.py:188} INFO - [2024-10-09T22:06:01.513+0000] {dag.py:3823} INFO - Setting next_dagrun for dataset_produces_1 to 2024-10-08 00:00:00+00:00, run_after=2024-10-09 00:00:00+00:00
[2024-10-09T22:06:01.517+0000] {logging_mixin.py:188} INFO - [2024-10-09T22:06:01.516+0000] {dag.py:3823} INFO - Setting next_dagrun for dataset_produces_2 to None, run_after=None
[2024-10-09T22:06:01.583+0000] {processor.py:183} INFO - Processing /home/airflow/.local/lib/python3.8/site-packages/airflow/example_dags/example_datasets.py took 0.242 seconds
[2024-10-09T22:06:31.659+0000] {processor.py:161} INFO - Started process (PID=500) to work on /home/airflow/.local/lib/python3.8/site-packages/airflow/example_dags/example_datasets.py
[2024-10-09T22:06:31.661+0000] {processor.py:830} INFO - Processing file /home/airflow/.local/lib/python3.8/site-packages/airflow/example_dags/example_datasets.py for tasks to queue
[2024-10-09T22:06:31.663+0000] {logging_mixin.py:188} INFO - [2024-10-09T22:06:31.663+0000] {dagbag.py:538} INFO - Filling up the DagBag from /home/airflow/.local/lib/python3.8/site-packages/airflow/example_dags/example_datasets.py
[2024-10-09T22:06:31.672+0000] {processor.py:840} INFO - DAG(s) 'dataset_produces_1', 'dataset_consumes_1_and_2', 'dataset_consumes_1_never_scheduled', 'dataset_consumes_unknown_never_scheduled', 'dataset_produces_2', 'dataset_consumes_1' retrieved from /home/airflow/.local/lib/python3.8/site-packages/airflow/example_dags/example_datasets.py
[2024-10-09T22:06:31.717+0000] {logging_mixin.py:188} INFO - [2024-10-09T22:06:31.717+0000] {dag.py:3036} INFO - Sync 6 DAGs
[2024-10-09T22:06:31.758+0000] {logging_mixin.py:188} INFO - [2024-10-09T22:06:31.757+0000] {dag.py:3823} INFO - Setting next_dagrun for dataset_consumes_1 to None, run_after=None
[2024-10-09T22:06:31.762+0000] {logging_mixin.py:188} INFO - [2024-10-09T22:06:31.762+0000] {dag.py:3823} INFO - Setting next_dagrun for dataset_consumes_1_and_2 to None, run_after=None
[2024-10-09T22:06:31.765+0000] {logging_mixin.py:188} INFO - [2024-10-09T22:06:31.764+0000] {dag.py:3823} INFO - Setting next_dagrun for dataset_consumes_1_never_scheduled to None, run_after=None
[2024-10-09T22:06:31.767+0000] {logging_mixin.py:188} INFO - [2024-10-09T22:06:31.767+0000] {dag.py:3823} INFO - Setting next_dagrun for dataset_consumes_unknown_never_scheduled to None, run_after=None
[2024-10-09T22:06:31.771+0000] {logging_mixin.py:188} INFO - [2024-10-09T22:06:31.771+0000] {dag.py:3823} INFO - Setting next_dagrun for dataset_produces_1 to 2024-10-08 00:00:00+00:00, run_after=2024-10-09 00:00:00+00:00
[2024-10-09T22:06:31.774+0000] {logging_mixin.py:188} INFO - [2024-10-09T22:06:31.773+0000] {dag.py:3823} INFO - Setting next_dagrun for dataset_produces_2 to None, run_after=None
[2024-10-09T22:06:31.822+0000] {processor.py:183} INFO - Processing /home/airflow/.local/lib/python3.8/site-packages/airflow/example_dags/example_datasets.py took 0.166 seconds
[2024-10-09T22:07:01.979+0000] {processor.py:161} INFO - Started process (PID=563) to work on /home/airflow/.local/lib/python3.8/site-packages/airflow/example_dags/example_datasets.py
[2024-10-09T22:07:01.980+0000] {processor.py:830} INFO - Processing file /home/airflow/.local/lib/python3.8/site-packages/airflow/example_dags/example_datasets.py for tasks to queue
[2024-10-09T22:07:01.982+0000] {logging_mixin.py:188} INFO - [2024-10-09T22:07:01.982+0000] {dagbag.py:538} INFO - Filling up the DagBag from /home/airflow/.local/lib/python3.8/site-packages/airflow/example_dags/example_datasets.py
[2024-10-09T22:07:01.993+0000] {processor.py:840} INFO - DAG(s) 'dataset_consumes_1_never_scheduled', 'dataset_consumes_1_and_2', 'dataset_consumes_1', 'dataset_consumes_unknown_never_scheduled', 'dataset_produces_1', 'dataset_produces_2' retrieved from /home/airflow/.local/lib/python3.8/site-packages/airflow/example_dags/example_datasets.py
[2024-10-09T22:07:02.049+0000] {logging_mixin.py:188} INFO - [2024-10-09T22:07:02.048+0000] {dag.py:3036} INFO - Sync 6 DAGs
[2024-10-09T22:07:02.082+0000] {logging_mixin.py:188} INFO - [2024-10-09T22:07:02.081+0000] {dag.py:3823} INFO - Setting next_dagrun for dataset_consumes_1 to None, run_after=None
[2024-10-09T22:07:02.087+0000] {logging_mixin.py:188} INFO - [2024-10-09T22:07:02.087+0000] {dag.py:3823} INFO - Setting next_dagrun for dataset_consumes_1_and_2 to None, run_after=None
[2024-10-09T22:07:02.090+0000] {logging_mixin.py:188} INFO - [2024-10-09T22:07:02.090+0000] {dag.py:3823} INFO - Setting next_dagrun for dataset_consumes_1_never_scheduled to None, run_after=None
[2024-10-09T22:07:02.092+0000] {logging_mixin.py:188} INFO - [2024-10-09T22:07:02.092+0000] {dag.py:3823} INFO - Setting next_dagrun for dataset_consumes_unknown_never_scheduled to None, run_after=None
[2024-10-09T22:07:02.096+0000] {logging_mixin.py:188} INFO - [2024-10-09T22:07:02.096+0000] {dag.py:3823} INFO - Setting next_dagrun for dataset_produces_1 to 2024-10-08 00:00:00+00:00, run_after=2024-10-09 00:00:00+00:00
[2024-10-09T22:07:02.099+0000] {logging_mixin.py:188} INFO - [2024-10-09T22:07:02.099+0000] {dag.py:3823} INFO - Setting next_dagrun for dataset_produces_2 to None, run_after=None
[2024-10-09T22:07:02.169+0000] {processor.py:183} INFO - Processing /home/airflow/.local/lib/python3.8/site-packages/airflow/example_dags/example_datasets.py took 0.193 seconds
[2024-10-09T22:07:32.380+0000] {processor.py:161} INFO - Started process (PID=626) to work on /home/airflow/.local/lib/python3.8/site-packages/airflow/example_dags/example_datasets.py
[2024-10-09T22:07:32.382+0000] {processor.py:830} INFO - Processing file /home/airflow/.local/lib/python3.8/site-packages/airflow/example_dags/example_datasets.py for tasks to queue
[2024-10-09T22:07:32.385+0000] {logging_mixin.py:188} INFO - [2024-10-09T22:07:32.384+0000] {dagbag.py:538} INFO - Filling up the DagBag from /home/airflow/.local/lib/python3.8/site-packages/airflow/example_dags/example_datasets.py
[2024-10-09T22:07:32.400+0000] {processor.py:840} INFO - DAG(s) 'dataset_produces_1', 'dataset_consumes_1_never_scheduled', 'dataset_produces_2', 'dataset_consumes_1', 'dataset_consumes_unknown_never_scheduled', 'dataset_consumes_1_and_2' retrieved from /home/airflow/.local/lib/python3.8/site-packages/airflow/example_dags/example_datasets.py
[2024-10-09T22:07:32.470+0000] {logging_mixin.py:188} INFO - [2024-10-09T22:07:32.470+0000] {dag.py:3036} INFO - Sync 6 DAGs
[2024-10-09T22:07:32.535+0000] {logging_mixin.py:188} INFO - [2024-10-09T22:07:32.534+0000] {dag.py:3823} INFO - Setting next_dagrun for dataset_consumes_1 to None, run_after=None
[2024-10-09T22:07:32.541+0000] {logging_mixin.py:188} INFO - [2024-10-09T22:07:32.541+0000] {dag.py:3823} INFO - Setting next_dagrun for dataset_consumes_1_and_2 to None, run_after=None
[2024-10-09T22:07:32.545+0000] {logging_mixin.py:188} INFO - [2024-10-09T22:07:32.544+0000] {dag.py:3823} INFO - Setting next_dagrun for dataset_consumes_1_never_scheduled to None, run_after=None
[2024-10-09T22:07:32.548+0000] {logging_mixin.py:188} INFO - [2024-10-09T22:07:32.547+0000] {dag.py:3823} INFO - Setting next_dagrun for dataset_consumes_unknown_never_scheduled to None, run_after=None
[2024-10-09T22:07:32.553+0000] {logging_mixin.py:188} INFO - [2024-10-09T22:07:32.553+0000] {dag.py:3823} INFO - Setting next_dagrun for dataset_produces_1 to 2024-10-08 00:00:00+00:00, run_after=2024-10-09 00:00:00+00:00
[2024-10-09T22:07:32.556+0000] {logging_mixin.py:188} INFO - [2024-10-09T22:07:32.556+0000] {dag.py:3823} INFO - Setting next_dagrun for dataset_produces_2 to None, run_after=None
[2024-10-09T22:07:32.611+0000] {processor.py:183} INFO - Processing /home/airflow/.local/lib/python3.8/site-packages/airflow/example_dags/example_datasets.py took 0.237 seconds
[2024-10-09T22:08:03.031+0000] {processor.py:161} INFO - Started process (PID=691) to work on /home/airflow/.local/lib/python3.8/site-packages/airflow/example_dags/example_datasets.py
[2024-10-09T22:08:03.033+0000] {processor.py:830} INFO - Processing file /home/airflow/.local/lib/python3.8/site-packages/airflow/example_dags/example_datasets.py for tasks to queue
[2024-10-09T22:08:03.036+0000] {logging_mixin.py:188} INFO - [2024-10-09T22:08:03.035+0000] {dagbag.py:538} INFO - Filling up the DagBag from /home/airflow/.local/lib/python3.8/site-packages/airflow/example_dags/example_datasets.py
[2024-10-09T22:08:03.049+0000] {processor.py:840} INFO - DAG(s) 'dataset_consumes_1_and_2', 'dataset_produces_2', 'dataset_produces_1', 'dataset_consumes_unknown_never_scheduled', 'dataset_consumes_1', 'dataset_consumes_1_never_scheduled' retrieved from /home/airflow/.local/lib/python3.8/site-packages/airflow/example_dags/example_datasets.py
[2024-10-09T22:08:03.102+0000] {logging_mixin.py:188} INFO - [2024-10-09T22:08:03.102+0000] {dag.py:3036} INFO - Sync 6 DAGs
[2024-10-09T22:08:03.131+0000] {logging_mixin.py:188} INFO - [2024-10-09T22:08:03.129+0000] {dag.py:3823} INFO - Setting next_dagrun for dataset_consumes_1 to None, run_after=None
[2024-10-09T22:08:03.155+0000] {logging_mixin.py:188} INFO - [2024-10-09T22:08:03.154+0000] {dag.py:3823} INFO - Setting next_dagrun for dataset_consumes_1_and_2 to None, run_after=None
[2024-10-09T22:08:03.158+0000] {logging_mixin.py:188} INFO - [2024-10-09T22:08:03.157+0000] {dag.py:3823} INFO - Setting next_dagrun for dataset_consumes_1_never_scheduled to None, run_after=None
[2024-10-09T22:08:03.159+0000] {logging_mixin.py:188} INFO - [2024-10-09T22:08:03.159+0000] {dag.py:3823} INFO - Setting next_dagrun for dataset_consumes_unknown_never_scheduled to None, run_after=None
[2024-10-09T22:08:03.164+0000] {logging_mixin.py:188} INFO - [2024-10-09T22:08:03.163+0000] {dag.py:3823} INFO - Setting next_dagrun for dataset_produces_1 to 2024-10-08 00:00:00+00:00, run_after=2024-10-09 00:00:00+00:00
[2024-10-09T22:08:03.166+0000] {logging_mixin.py:188} INFO - [2024-10-09T22:08:03.166+0000] {dag.py:3823} INFO - Setting next_dagrun for dataset_produces_2 to None, run_after=None
[2024-10-09T22:08:03.205+0000] {processor.py:183} INFO - Processing /home/airflow/.local/lib/python3.8/site-packages/airflow/example_dags/example_datasets.py took 0.179 seconds
[2024-10-09T22:08:33.270+0000] {processor.py:161} INFO - Started process (PID=752) to work on /home/airflow/.local/lib/python3.8/site-packages/airflow/example_dags/example_datasets.py
[2024-10-09T22:08:33.272+0000] {processor.py:830} INFO - Processing file /home/airflow/.local/lib/python3.8/site-packages/airflow/example_dags/example_datasets.py for tasks to queue
[2024-10-09T22:08:33.274+0000] {logging_mixin.py:188} INFO - [2024-10-09T22:08:33.274+0000] {dagbag.py:538} INFO - Filling up the DagBag from /home/airflow/.local/lib/python3.8/site-packages/airflow/example_dags/example_datasets.py
[2024-10-09T22:08:33.285+0000] {processor.py:840} INFO - DAG(s) 'dataset_consumes_unknown_never_scheduled', 'dataset_consumes_1_and_2', 'dataset_produces_2', 'dataset_consumes_1_never_scheduled', 'dataset_consumes_1', 'dataset_produces_1' retrieved from /home/airflow/.local/lib/python3.8/site-packages/airflow/example_dags/example_datasets.py
[2024-10-09T22:08:33.329+0000] {logging_mixin.py:188} INFO - [2024-10-09T22:08:33.329+0000] {dag.py:3036} INFO - Sync 6 DAGs
[2024-10-09T22:08:33.362+0000] {logging_mixin.py:188} INFO - [2024-10-09T22:08:33.362+0000] {dag.py:3823} INFO - Setting next_dagrun for dataset_consumes_1 to None, run_after=None
[2024-10-09T22:08:33.376+0000] {logging_mixin.py:188} INFO - [2024-10-09T22:08:33.375+0000] {dag.py:3823} INFO - Setting next_dagrun for dataset_consumes_1_and_2 to None, run_after=None
[2024-10-09T22:08:33.378+0000] {logging_mixin.py:188} INFO - [2024-10-09T22:08:33.378+0000] {dag.py:3823} INFO - Setting next_dagrun for dataset_consumes_1_never_scheduled to None, run_after=None
[2024-10-09T22:08:33.381+0000] {logging_mixin.py:188} INFO - [2024-10-09T22:08:33.381+0000] {dag.py:3823} INFO - Setting next_dagrun for dataset_consumes_unknown_never_scheduled to None, run_after=None
[2024-10-09T22:08:33.386+0000] {logging_mixin.py:188} INFO - [2024-10-09T22:08:33.386+0000] {dag.py:3823} INFO - Setting next_dagrun for dataset_produces_1 to 2024-10-08 00:00:00+00:00, run_after=2024-10-09 00:00:00+00:00
[2024-10-09T22:08:33.389+0000] {logging_mixin.py:188} INFO - [2024-10-09T22:08:33.389+0000] {dag.py:3823} INFO - Setting next_dagrun for dataset_produces_2 to None, run_after=None
[2024-10-09T22:08:33.430+0000] {processor.py:183} INFO - Processing /home/airflow/.local/lib/python3.8/site-packages/airflow/example_dags/example_datasets.py took 0.164 seconds
[2024-10-09T22:09:04.315+0000] {processor.py:161} INFO - Started process (PID=810) to work on /home/airflow/.local/lib/python3.8/site-packages/airflow/example_dags/example_datasets.py
[2024-10-09T22:09:04.323+0000] {processor.py:830} INFO - Processing file /home/airflow/.local/lib/python3.8/site-packages/airflow/example_dags/example_datasets.py for tasks to queue
[2024-10-09T22:09:04.365+0000] {logging_mixin.py:188} INFO - [2024-10-09T22:09:04.357+0000] {dagbag.py:538} INFO - Filling up the DagBag from /home/airflow/.local/lib/python3.8/site-packages/airflow/example_dags/example_datasets.py
[2024-10-09T22:09:04.489+0000] {processor.py:840} INFO - DAG(s) 'dataset_consumes_1', 'dataset_consumes_1_never_scheduled', 'dataset_produces_1', 'dataset_consumes_1_and_2', 'dataset_produces_2', 'dataset_consumes_unknown_never_scheduled' retrieved from /home/airflow/.local/lib/python3.8/site-packages/airflow/example_dags/example_datasets.py
[2024-10-09T22:09:04.623+0000] {logging_mixin.py:188} INFO - [2024-10-09T22:09:04.623+0000] {dag.py:3036} INFO - Sync 6 DAGs
[2024-10-09T22:09:04.752+0000] {logging_mixin.py:188} INFO - [2024-10-09T22:09:04.752+0000] {dag.py:3823} INFO - Setting next_dagrun for dataset_consumes_1 to None, run_after=None
[2024-10-09T22:09:04.763+0000] {logging_mixin.py:188} INFO - [2024-10-09T22:09:04.762+0000] {dag.py:3823} INFO - Setting next_dagrun for dataset_consumes_1_and_2 to None, run_after=None
[2024-10-09T22:09:04.766+0000] {logging_mixin.py:188} INFO - [2024-10-09T22:09:04.766+0000] {dag.py:3823} INFO - Setting next_dagrun for dataset_consumes_1_never_scheduled to None, run_after=None
[2024-10-09T22:09:04.770+0000] {logging_mixin.py:188} INFO - [2024-10-09T22:09:04.770+0000] {dag.py:3823} INFO - Setting next_dagrun for dataset_consumes_unknown_never_scheduled to None, run_after=None
[2024-10-09T22:09:04.778+0000] {logging_mixin.py:188} INFO - [2024-10-09T22:09:04.778+0000] {dag.py:3823} INFO - Setting next_dagrun for dataset_produces_1 to 2024-10-08 00:00:00+00:00, run_after=2024-10-09 00:00:00+00:00
[2024-10-09T22:09:04.783+0000] {logging_mixin.py:188} INFO - [2024-10-09T22:09:04.783+0000] {dag.py:3823} INFO - Setting next_dagrun for dataset_produces_2 to None, run_after=None
[2024-10-09T22:09:04.896+0000] {processor.py:183} INFO - Processing /home/airflow/.local/lib/python3.8/site-packages/airflow/example_dags/example_datasets.py took 0.643 seconds
