[2024-10-09T22:02:17.373+0000] {processor.py:161} INFO - Started process (PID=96) to work on /home/airflow/.local/lib/python3.8/site-packages/airflow/example_dags/example_params_ui_tutorial.py
[2024-10-09T22:02:17.376+0000] {processor.py:830} INFO - Processing file /home/airflow/.local/lib/python3.8/site-packages/airflow/example_dags/example_params_ui_tutorial.py for tasks to queue
[2024-10-09T22:02:17.379+0000] {logging_mixin.py:188} INFO - [2024-10-09T22:02:17.378+0000] {dagbag.py:538} INFO - Filling up the DagBag from /home/airflow/.local/lib/python3.8/site-packages/airflow/example_dags/example_params_ui_tutorial.py
[2024-10-09T22:02:17.409+0000] {processor.py:840} INFO - DAG(s) 'example_params_ui_tutorial' retrieved from /home/airflow/.local/lib/python3.8/site-packages/airflow/example_dags/example_params_ui_tutorial.py
[2024-10-09T22:02:17.447+0000] {logging_mixin.py:188} INFO - [2024-10-09T22:02:17.446+0000] {dag.py:3036} INFO - Sync 1 DAGs
[2024-10-09T22:02:17.471+0000] {logging_mixin.py:188} INFO - [2024-10-09T22:02:17.470+0000] {dag.py:3823} INFO - Setting next_dagrun for example_params_ui_tutorial to None, run_after=None
[2024-10-09T22:02:17.536+0000] {processor.py:183} INFO - Processing /home/airflow/.local/lib/python3.8/site-packages/airflow/example_dags/example_params_ui_tutorial.py took 0.168 seconds
[2024-10-09T22:02:56.847+0000] {processor.py:161} INFO - Started process (PID=81) to work on /home/airflow/.local/lib/python3.8/site-packages/airflow/example_dags/example_params_ui_tutorial.py
[2024-10-09T22:02:56.849+0000] {processor.py:830} INFO - Processing file /home/airflow/.local/lib/python3.8/site-packages/airflow/example_dags/example_params_ui_tutorial.py for tasks to queue
[2024-10-09T22:02:56.851+0000] {logging_mixin.py:188} INFO - [2024-10-09T22:02:56.851+0000] {dagbag.py:538} INFO - Filling up the DagBag from /home/airflow/.local/lib/python3.8/site-packages/airflow/example_dags/example_params_ui_tutorial.py
[2024-10-09T22:02:56.869+0000] {processor.py:840} INFO - DAG(s) 'example_params_ui_tutorial' retrieved from /home/airflow/.local/lib/python3.8/site-packages/airflow/example_dags/example_params_ui_tutorial.py
[2024-10-09T22:02:57.050+0000] {logging_mixin.py:188} INFO - [2024-10-09T22:02:57.049+0000] {dag.py:3036} INFO - Sync 1 DAGs
[2024-10-09T22:02:57.067+0000] {logging_mixin.py:188} INFO - [2024-10-09T22:02:57.066+0000] {dag.py:3823} INFO - Setting next_dagrun for example_params_ui_tutorial to None, run_after=None
[2024-10-09T22:02:57.096+0000] {processor.py:183} INFO - Processing /home/airflow/.local/lib/python3.8/site-packages/airflow/example_dags/example_params_ui_tutorial.py took 0.252 seconds
[2024-10-09T22:03:27.727+0000] {processor.py:161} INFO - Started process (PID=143) to work on /home/airflow/.local/lib/python3.8/site-packages/airflow/example_dags/example_params_ui_tutorial.py
[2024-10-09T22:03:27.730+0000] {processor.py:830} INFO - Processing file /home/airflow/.local/lib/python3.8/site-packages/airflow/example_dags/example_params_ui_tutorial.py for tasks to queue
[2024-10-09T22:03:27.733+0000] {logging_mixin.py:188} INFO - [2024-10-09T22:03:27.732+0000] {dagbag.py:538} INFO - Filling up the DagBag from /home/airflow/.local/lib/python3.8/site-packages/airflow/example_dags/example_params_ui_tutorial.py
[2024-10-09T22:03:27.751+0000] {processor.py:840} INFO - DAG(s) 'example_params_ui_tutorial' retrieved from /home/airflow/.local/lib/python3.8/site-packages/airflow/example_dags/example_params_ui_tutorial.py
[2024-10-09T22:03:27.840+0000] {logging_mixin.py:188} INFO - [2024-10-09T22:03:27.839+0000] {dag.py:3036} INFO - Sync 1 DAGs
[2024-10-09T22:03:27.855+0000] {logging_mixin.py:188} INFO - [2024-10-09T22:03:27.855+0000] {dag.py:3823} INFO - Setting next_dagrun for example_params_ui_tutorial to None, run_after=None
[2024-10-09T22:03:27.888+0000] {processor.py:183} INFO - Processing /home/airflow/.local/lib/python3.8/site-packages/airflow/example_dags/example_params_ui_tutorial.py took 0.164 seconds
[2024-10-09T22:03:58.595+0000] {processor.py:161} INFO - Started process (PID=205) to work on /home/airflow/.local/lib/python3.8/site-packages/airflow/example_dags/example_params_ui_tutorial.py
[2024-10-09T22:03:58.601+0000] {processor.py:830} INFO - Processing file /home/airflow/.local/lib/python3.8/site-packages/airflow/example_dags/example_params_ui_tutorial.py for tasks to queue
[2024-10-09T22:03:58.616+0000] {logging_mixin.py:188} INFO - [2024-10-09T22:03:58.614+0000] {dagbag.py:538} INFO - Filling up the DagBag from /home/airflow/.local/lib/python3.8/site-packages/airflow/example_dags/example_params_ui_tutorial.py
[2024-10-09T22:03:58.647+0000] {processor.py:840} INFO - DAG(s) 'example_params_ui_tutorial' retrieved from /home/airflow/.local/lib/python3.8/site-packages/airflow/example_dags/example_params_ui_tutorial.py
[2024-10-09T22:03:58.739+0000] {logging_mixin.py:188} INFO - [2024-10-09T22:03:58.739+0000] {dag.py:3036} INFO - Sync 1 DAGs
[2024-10-09T22:03:58.755+0000] {logging_mixin.py:188} INFO - [2024-10-09T22:03:58.755+0000] {dag.py:3823} INFO - Setting next_dagrun for example_params_ui_tutorial to None, run_after=None
[2024-10-09T22:03:58.821+0000] {processor.py:183} INFO - Processing /home/airflow/.local/lib/python3.8/site-packages/airflow/example_dags/example_params_ui_tutorial.py took 0.231 seconds
[2024-10-09T22:04:29.165+0000] {processor.py:161} INFO - Started process (PID=267) to work on /home/airflow/.local/lib/python3.8/site-packages/airflow/example_dags/example_params_ui_tutorial.py
[2024-10-09T22:04:29.166+0000] {processor.py:830} INFO - Processing file /home/airflow/.local/lib/python3.8/site-packages/airflow/example_dags/example_params_ui_tutorial.py for tasks to queue
[2024-10-09T22:04:29.169+0000] {logging_mixin.py:188} INFO - [2024-10-09T22:04:29.169+0000] {dagbag.py:538} INFO - Filling up the DagBag from /home/airflow/.local/lib/python3.8/site-packages/airflow/example_dags/example_params_ui_tutorial.py
[2024-10-09T22:04:29.183+0000] {processor.py:840} INFO - DAG(s) 'example_params_ui_tutorial' retrieved from /home/airflow/.local/lib/python3.8/site-packages/airflow/example_dags/example_params_ui_tutorial.py
[2024-10-09T22:04:29.273+0000] {logging_mixin.py:188} INFO - [2024-10-09T22:04:29.271+0000] {dag.py:3036} INFO - Sync 1 DAGs
[2024-10-09T22:04:29.298+0000] {logging_mixin.py:188} INFO - [2024-10-09T22:04:29.297+0000] {dag.py:3823} INFO - Setting next_dagrun for example_params_ui_tutorial to None, run_after=None
[2024-10-09T22:04:29.333+0000] {processor.py:183} INFO - Processing /home/airflow/.local/lib/python3.8/site-packages/airflow/example_dags/example_params_ui_tutorial.py took 0.171 seconds
[2024-10-09T22:05:01.527+0000] {processor.py:161} INFO - Started process (PID=329) to work on /home/airflow/.local/lib/python3.8/site-packages/airflow/example_dags/example_params_ui_tutorial.py
[2024-10-09T22:05:01.529+0000] {processor.py:830} INFO - Processing file /home/airflow/.local/lib/python3.8/site-packages/airflow/example_dags/example_params_ui_tutorial.py for tasks to queue
[2024-10-09T22:05:01.532+0000] {logging_mixin.py:188} INFO - [2024-10-09T22:05:01.532+0000] {dagbag.py:538} INFO - Filling up the DagBag from /home/airflow/.local/lib/python3.8/site-packages/airflow/example_dags/example_params_ui_tutorial.py
[2024-10-09T22:05:01.546+0000] {processor.py:840} INFO - DAG(s) 'example_params_ui_tutorial' retrieved from /home/airflow/.local/lib/python3.8/site-packages/airflow/example_dags/example_params_ui_tutorial.py
[2024-10-09T22:05:01.619+0000] {logging_mixin.py:188} INFO - [2024-10-09T22:05:01.619+0000] {dag.py:3036} INFO - Sync 1 DAGs
[2024-10-09T22:05:01.639+0000] {logging_mixin.py:188} INFO - [2024-10-09T22:05:01.638+0000] {dag.py:3823} INFO - Setting next_dagrun for example_params_ui_tutorial to None, run_after=None
[2024-10-09T22:05:01.696+0000] {processor.py:183} INFO - Processing /home/airflow/.local/lib/python3.8/site-packages/airflow/example_dags/example_params_ui_tutorial.py took 0.172 seconds
[2024-10-09T22:05:32.226+0000] {processor.py:161} INFO - Started process (PID=391) to work on /home/airflow/.local/lib/python3.8/site-packages/airflow/example_dags/example_params_ui_tutorial.py
[2024-10-09T22:05:32.227+0000] {processor.py:830} INFO - Processing file /home/airflow/.local/lib/python3.8/site-packages/airflow/example_dags/example_params_ui_tutorial.py for tasks to queue
[2024-10-09T22:05:32.230+0000] {logging_mixin.py:188} INFO - [2024-10-09T22:05:32.230+0000] {dagbag.py:538} INFO - Filling up the DagBag from /home/airflow/.local/lib/python3.8/site-packages/airflow/example_dags/example_params_ui_tutorial.py
[2024-10-09T22:05:32.257+0000] {processor.py:840} INFO - DAG(s) 'example_params_ui_tutorial' retrieved from /home/airflow/.local/lib/python3.8/site-packages/airflow/example_dags/example_params_ui_tutorial.py
[2024-10-09T22:05:32.326+0000] {logging_mixin.py:188} INFO - [2024-10-09T22:05:32.325+0000] {dag.py:3036} INFO - Sync 1 DAGs
[2024-10-09T22:05:32.346+0000] {logging_mixin.py:188} INFO - [2024-10-09T22:05:32.345+0000] {dag.py:3823} INFO - Setting next_dagrun for example_params_ui_tutorial to None, run_after=None
[2024-10-09T22:05:32.373+0000] {processor.py:183} INFO - Processing /home/airflow/.local/lib/python3.8/site-packages/airflow/example_dags/example_params_ui_tutorial.py took 0.150 seconds
[2024-10-09T22:06:03.998+0000] {processor.py:161} INFO - Started process (PID=453) to work on /home/airflow/.local/lib/python3.8/site-packages/airflow/example_dags/example_params_ui_tutorial.py
[2024-10-09T22:06:04.000+0000] {processor.py:830} INFO - Processing file /home/airflow/.local/lib/python3.8/site-packages/airflow/example_dags/example_params_ui_tutorial.py for tasks to queue
[2024-10-09T22:06:04.004+0000] {logging_mixin.py:188} INFO - [2024-10-09T22:06:04.004+0000] {dagbag.py:538} INFO - Filling up the DagBag from /home/airflow/.local/lib/python3.8/site-packages/airflow/example_dags/example_params_ui_tutorial.py
[2024-10-09T22:06:04.028+0000] {processor.py:840} INFO - DAG(s) 'example_params_ui_tutorial' retrieved from /home/airflow/.local/lib/python3.8/site-packages/airflow/example_dags/example_params_ui_tutorial.py
[2024-10-09T22:06:04.179+0000] {logging_mixin.py:188} INFO - [2024-10-09T22:06:04.179+0000] {dag.py:3036} INFO - Sync 1 DAGs
[2024-10-09T22:06:04.222+0000] {logging_mixin.py:188} INFO - [2024-10-09T22:06:04.221+0000] {dag.py:3823} INFO - Setting next_dagrun for example_params_ui_tutorial to None, run_after=None
[2024-10-09T22:06:04.283+0000] {processor.py:183} INFO - Processing /home/airflow/.local/lib/python3.8/site-packages/airflow/example_dags/example_params_ui_tutorial.py took 0.290 seconds
[2024-10-09T22:06:35.217+0000] {processor.py:161} INFO - Started process (PID=515) to work on /home/airflow/.local/lib/python3.8/site-packages/airflow/example_dags/example_params_ui_tutorial.py
[2024-10-09T22:06:35.219+0000] {processor.py:830} INFO - Processing file /home/airflow/.local/lib/python3.8/site-packages/airflow/example_dags/example_params_ui_tutorial.py for tasks to queue
[2024-10-09T22:06:35.221+0000] {logging_mixin.py:188} INFO - [2024-10-09T22:06:35.221+0000] {dagbag.py:538} INFO - Filling up the DagBag from /home/airflow/.local/lib/python3.8/site-packages/airflow/example_dags/example_params_ui_tutorial.py
[2024-10-09T22:06:35.239+0000] {processor.py:840} INFO - DAG(s) 'example_params_ui_tutorial' retrieved from /home/airflow/.local/lib/python3.8/site-packages/airflow/example_dags/example_params_ui_tutorial.py
[2024-10-09T22:06:35.319+0000] {logging_mixin.py:188} INFO - [2024-10-09T22:06:35.319+0000] {dag.py:3036} INFO - Sync 1 DAGs
[2024-10-09T22:06:35.335+0000] {logging_mixin.py:188} INFO - [2024-10-09T22:06:35.335+0000] {dag.py:3823} INFO - Setting next_dagrun for example_params_ui_tutorial to None, run_after=None
[2024-10-09T22:06:35.386+0000] {processor.py:183} INFO - Processing /home/airflow/.local/lib/python3.8/site-packages/airflow/example_dags/example_params_ui_tutorial.py took 0.173 seconds
[2024-10-09T22:07:06.304+0000] {processor.py:161} INFO - Started process (PID=577) to work on /home/airflow/.local/lib/python3.8/site-packages/airflow/example_dags/example_params_ui_tutorial.py
[2024-10-09T22:07:06.306+0000] {processor.py:830} INFO - Processing file /home/airflow/.local/lib/python3.8/site-packages/airflow/example_dags/example_params_ui_tutorial.py for tasks to queue
[2024-10-09T22:07:06.310+0000] {logging_mixin.py:188} INFO - [2024-10-09T22:07:06.309+0000] {dagbag.py:538} INFO - Filling up the DagBag from /home/airflow/.local/lib/python3.8/site-packages/airflow/example_dags/example_params_ui_tutorial.py
[2024-10-09T22:07:06.324+0000] {processor.py:840} INFO - DAG(s) 'example_params_ui_tutorial' retrieved from /home/airflow/.local/lib/python3.8/site-packages/airflow/example_dags/example_params_ui_tutorial.py
[2024-10-09T22:07:06.414+0000] {logging_mixin.py:188} INFO - [2024-10-09T22:07:06.413+0000] {dag.py:3036} INFO - Sync 1 DAGs
[2024-10-09T22:07:06.430+0000] {logging_mixin.py:188} INFO - [2024-10-09T22:07:06.430+0000] {dag.py:3823} INFO - Setting next_dagrun for example_params_ui_tutorial to None, run_after=None
[2024-10-09T22:07:06.466+0000] {processor.py:183} INFO - Processing /home/airflow/.local/lib/python3.8/site-packages/airflow/example_dags/example_params_ui_tutorial.py took 0.167 seconds
[2024-10-09T22:07:36.958+0000] {processor.py:161} INFO - Started process (PID=639) to work on /home/airflow/.local/lib/python3.8/site-packages/airflow/example_dags/example_params_ui_tutorial.py
[2024-10-09T22:07:36.960+0000] {processor.py:830} INFO - Processing file /home/airflow/.local/lib/python3.8/site-packages/airflow/example_dags/example_params_ui_tutorial.py for tasks to queue
[2024-10-09T22:07:36.963+0000] {logging_mixin.py:188} INFO - [2024-10-09T22:07:36.962+0000] {dagbag.py:538} INFO - Filling up the DagBag from /home/airflow/.local/lib/python3.8/site-packages/airflow/example_dags/example_params_ui_tutorial.py
[2024-10-09T22:07:36.974+0000] {processor.py:840} INFO - DAG(s) 'example_params_ui_tutorial' retrieved from /home/airflow/.local/lib/python3.8/site-packages/airflow/example_dags/example_params_ui_tutorial.py
[2024-10-09T22:07:37.066+0000] {logging_mixin.py:188} INFO - [2024-10-09T22:07:37.065+0000] {dag.py:3036} INFO - Sync 1 DAGs
[2024-10-09T22:07:37.081+0000] {logging_mixin.py:188} INFO - [2024-10-09T22:07:37.080+0000] {dag.py:3823} INFO - Setting next_dagrun for example_params_ui_tutorial to None, run_after=None
[2024-10-09T22:07:37.122+0000] {processor.py:183} INFO - Processing /home/airflow/.local/lib/python3.8/site-packages/airflow/example_dags/example_params_ui_tutorial.py took 0.167 seconds
[2024-10-09T22:08:07.381+0000] {processor.py:161} INFO - Started process (PID=702) to work on /home/airflow/.local/lib/python3.8/site-packages/airflow/example_dags/example_params_ui_tutorial.py
[2024-10-09T22:08:07.383+0000] {processor.py:830} INFO - Processing file /home/airflow/.local/lib/python3.8/site-packages/airflow/example_dags/example_params_ui_tutorial.py for tasks to queue
[2024-10-09T22:08:07.385+0000] {logging_mixin.py:188} INFO - [2024-10-09T22:08:07.385+0000] {dagbag.py:538} INFO - Filling up the DagBag from /home/airflow/.local/lib/python3.8/site-packages/airflow/example_dags/example_params_ui_tutorial.py
[2024-10-09T22:08:07.419+0000] {processor.py:840} INFO - DAG(s) 'example_params_ui_tutorial' retrieved from /home/airflow/.local/lib/python3.8/site-packages/airflow/example_dags/example_params_ui_tutorial.py
[2024-10-09T22:08:07.483+0000] {logging_mixin.py:188} INFO - [2024-10-09T22:08:07.483+0000] {dag.py:3036} INFO - Sync 1 DAGs
[2024-10-09T22:08:07.498+0000] {logging_mixin.py:188} INFO - [2024-10-09T22:08:07.498+0000] {dag.py:3823} INFO - Setting next_dagrun for example_params_ui_tutorial to None, run_after=None
[2024-10-09T22:08:07.524+0000] {processor.py:183} INFO - Processing /home/airflow/.local/lib/python3.8/site-packages/airflow/example_dags/example_params_ui_tutorial.py took 0.146 seconds
[2024-10-09T22:08:37.597+0000] {processor.py:161} INFO - Started process (PID=763) to work on /home/airflow/.local/lib/python3.8/site-packages/airflow/example_dags/example_params_ui_tutorial.py
[2024-10-09T22:08:37.599+0000] {processor.py:830} INFO - Processing file /home/airflow/.local/lib/python3.8/site-packages/airflow/example_dags/example_params_ui_tutorial.py for tasks to queue
[2024-10-09T22:08:37.602+0000] {logging_mixin.py:188} INFO - [2024-10-09T22:08:37.601+0000] {dagbag.py:538} INFO - Filling up the DagBag from /home/airflow/.local/lib/python3.8/site-packages/airflow/example_dags/example_params_ui_tutorial.py
[2024-10-09T22:08:37.619+0000] {processor.py:840} INFO - DAG(s) 'example_params_ui_tutorial' retrieved from /home/airflow/.local/lib/python3.8/site-packages/airflow/example_dags/example_params_ui_tutorial.py
[2024-10-09T22:08:37.685+0000] {logging_mixin.py:188} INFO - [2024-10-09T22:08:37.684+0000] {dag.py:3036} INFO - Sync 1 DAGs
[2024-10-09T22:08:37.705+0000] {logging_mixin.py:188} INFO - [2024-10-09T22:08:37.705+0000] {dag.py:3823} INFO - Setting next_dagrun for example_params_ui_tutorial to None, run_after=None
[2024-10-09T22:08:37.736+0000] {processor.py:183} INFO - Processing /home/airflow/.local/lib/python3.8/site-packages/airflow/example_dags/example_params_ui_tutorial.py took 0.144 seconds
[2024-10-09T22:09:10.726+0000] {processor.py:161} INFO - Started process (PID=824) to work on /home/airflow/.local/lib/python3.8/site-packages/airflow/example_dags/example_params_ui_tutorial.py
[2024-10-09T22:09:10.732+0000] {processor.py:830} INFO - Processing file /home/airflow/.local/lib/python3.8/site-packages/airflow/example_dags/example_params_ui_tutorial.py for tasks to queue
[2024-10-09T22:09:10.776+0000] {logging_mixin.py:188} INFO - [2024-10-09T22:09:10.775+0000] {dagbag.py:538} INFO - Filling up the DagBag from /home/airflow/.local/lib/python3.8/site-packages/airflow/example_dags/example_params_ui_tutorial.py
[2024-10-09T22:09:10.927+0000] {processor.py:840} INFO - DAG(s) 'example_params_ui_tutorial' retrieved from /home/airflow/.local/lib/python3.8/site-packages/airflow/example_dags/example_params_ui_tutorial.py
[2024-10-09T22:09:11.181+0000] {logging_mixin.py:188} INFO - [2024-10-09T22:09:11.180+0000] {dag.py:3036} INFO - Sync 1 DAGs
[2024-10-09T22:09:11.230+0000] {logging_mixin.py:188} INFO - [2024-10-09T22:09:11.229+0000] {dag.py:3823} INFO - Setting next_dagrun for example_params_ui_tutorial to None, run_after=None
[2024-10-09T22:09:11.297+0000] {processor.py:183} INFO - Processing /home/airflow/.local/lib/python3.8/site-packages/airflow/example_dags/example_params_ui_tutorial.py took 0.604 seconds
