[2024-10-09T22:02:16.017+0000] {processor.py:161} INFO - Started process (PID=86) to work on /home/airflow/.local/lib/python3.8/site-packages/airflow/example_dags/example_dag_decorator.py
[2024-10-09T22:02:16.019+0000] {processor.py:830} INFO - Processing file /home/airflow/.local/lib/python3.8/site-packages/airflow/example_dags/example_dag_decorator.py for tasks to queue
[2024-10-09T22:02:16.022+0000] {logging_mixin.py:188} INFO - [2024-10-09T22:02:16.021+0000] {dagbag.py:538} INFO - Filling up the DagBag from /home/airflow/.local/lib/python3.8/site-packages/airflow/example_dags/example_dag_decorator.py
[2024-10-09T22:02:16.297+0000] {processor.py:840} INFO - DAG(s) 'example_dag_decorator' retrieved from /home/airflow/.local/lib/python3.8/site-packages/airflow/example_dags/example_dag_decorator.py
[2024-10-09T22:02:16.327+0000] {logging_mixin.py:188} INFO - [2024-10-09T22:02:16.327+0000] {dag.py:3036} INFO - Sync 1 DAGs
[2024-10-09T22:02:16.351+0000] {logging_mixin.py:188} INFO - [2024-10-09T22:02:16.350+0000] {dag.py:3823} INFO - Setting next_dagrun for example_dag_decorator to None, run_after=None
[2024-10-09T22:02:16.406+0000] {processor.py:183} INFO - Processing /home/airflow/.local/lib/python3.8/site-packages/airflow/example_dags/example_dag_decorator.py took 0.395 seconds
[2024-10-09T22:02:55.041+0000] {processor.py:161} INFO - Started process (PID=71) to work on /home/airflow/.local/lib/python3.8/site-packages/airflow/example_dags/example_dag_decorator.py
[2024-10-09T22:02:55.043+0000] {processor.py:830} INFO - Processing file /home/airflow/.local/lib/python3.8/site-packages/airflow/example_dags/example_dag_decorator.py for tasks to queue
[2024-10-09T22:02:55.045+0000] {logging_mixin.py:188} INFO - [2024-10-09T22:02:55.045+0000] {dagbag.py:538} INFO - Filling up the DagBag from /home/airflow/.local/lib/python3.8/site-packages/airflow/example_dags/example_dag_decorator.py
[2024-10-09T22:02:55.164+0000] {processor.py:840} INFO - DAG(s) 'example_dag_decorator' retrieved from /home/airflow/.local/lib/python3.8/site-packages/airflow/example_dags/example_dag_decorator.py
[2024-10-09T22:02:55.317+0000] {logging_mixin.py:188} INFO - [2024-10-09T22:02:55.316+0000] {dag.py:3036} INFO - Sync 1 DAGs
[2024-10-09T22:02:55.334+0000] {logging_mixin.py:188} INFO - [2024-10-09T22:02:55.333+0000] {dag.py:3823} INFO - Setting next_dagrun for example_dag_decorator to None, run_after=None
[2024-10-09T22:02:55.375+0000] {processor.py:183} INFO - Processing /home/airflow/.local/lib/python3.8/site-packages/airflow/example_dags/example_dag_decorator.py took 0.337 seconds
[2024-10-09T22:03:25.645+0000] {processor.py:161} INFO - Started process (PID=133) to work on /home/airflow/.local/lib/python3.8/site-packages/airflow/example_dags/example_dag_decorator.py
[2024-10-09T22:03:25.647+0000] {processor.py:830} INFO - Processing file /home/airflow/.local/lib/python3.8/site-packages/airflow/example_dags/example_dag_decorator.py for tasks to queue
[2024-10-09T22:03:25.652+0000] {logging_mixin.py:188} INFO - [2024-10-09T22:03:25.651+0000] {dagbag.py:538} INFO - Filling up the DagBag from /home/airflow/.local/lib/python3.8/site-packages/airflow/example_dags/example_dag_decorator.py
[2024-10-09T22:03:25.797+0000] {processor.py:840} INFO - DAG(s) 'example_dag_decorator' retrieved from /home/airflow/.local/lib/python3.8/site-packages/airflow/example_dags/example_dag_decorator.py
[2024-10-09T22:03:25.959+0000] {logging_mixin.py:188} INFO - [2024-10-09T22:03:25.958+0000] {dag.py:3036} INFO - Sync 1 DAGs
[2024-10-09T22:03:25.971+0000] {logging_mixin.py:188} INFO - [2024-10-09T22:03:25.971+0000] {dag.py:3823} INFO - Setting next_dagrun for example_dag_decorator to None, run_after=None
[2024-10-09T22:03:26.009+0000] {processor.py:183} INFO - Processing /home/airflow/.local/lib/python3.8/site-packages/airflow/example_dags/example_dag_decorator.py took 0.368 seconds
[2024-10-09T22:03:56.649+0000] {processor.py:161} INFO - Started process (PID=195) to work on /home/airflow/.local/lib/python3.8/site-packages/airflow/example_dags/example_dag_decorator.py
[2024-10-09T22:03:56.651+0000] {processor.py:830} INFO - Processing file /home/airflow/.local/lib/python3.8/site-packages/airflow/example_dags/example_dag_decorator.py for tasks to queue
[2024-10-09T22:03:56.654+0000] {logging_mixin.py:188} INFO - [2024-10-09T22:03:56.654+0000] {dagbag.py:538} INFO - Filling up the DagBag from /home/airflow/.local/lib/python3.8/site-packages/airflow/example_dags/example_dag_decorator.py
[2024-10-09T22:03:56.795+0000] {processor.py:840} INFO - DAG(s) 'example_dag_decorator' retrieved from /home/airflow/.local/lib/python3.8/site-packages/airflow/example_dags/example_dag_decorator.py
[2024-10-09T22:03:56.940+0000] {logging_mixin.py:188} INFO - [2024-10-09T22:03:56.940+0000] {dag.py:3036} INFO - Sync 1 DAGs
[2024-10-09T22:03:56.959+0000] {logging_mixin.py:188} INFO - [2024-10-09T22:03:56.959+0000] {dag.py:3823} INFO - Setting next_dagrun for example_dag_decorator to None, run_after=None
[2024-10-09T22:03:56.994+0000] {processor.py:183} INFO - Processing /home/airflow/.local/lib/python3.8/site-packages/airflow/example_dags/example_dag_decorator.py took 0.350 seconds
[2024-10-09T22:04:28.006+0000] {processor.py:161} INFO - Started process (PID=257) to work on /home/airflow/.local/lib/python3.8/site-packages/airflow/example_dags/example_dag_decorator.py
[2024-10-09T22:04:28.019+0000] {processor.py:830} INFO - Processing file /home/airflow/.local/lib/python3.8/site-packages/airflow/example_dags/example_dag_decorator.py for tasks to queue
[2024-10-09T22:04:28.021+0000] {logging_mixin.py:188} INFO - [2024-10-09T22:04:28.021+0000] {dagbag.py:538} INFO - Filling up the DagBag from /home/airflow/.local/lib/python3.8/site-packages/airflow/example_dags/example_dag_decorator.py
[2024-10-09T22:04:28.150+0000] {processor.py:840} INFO - DAG(s) 'example_dag_decorator' retrieved from /home/airflow/.local/lib/python3.8/site-packages/airflow/example_dags/example_dag_decorator.py
[2024-10-09T22:04:28.353+0000] {logging_mixin.py:188} INFO - [2024-10-09T22:04:28.352+0000] {dag.py:3036} INFO - Sync 1 DAGs
[2024-10-09T22:04:28.372+0000] {logging_mixin.py:188} INFO - [2024-10-09T22:04:28.371+0000] {dag.py:3823} INFO - Setting next_dagrun for example_dag_decorator to None, run_after=None
[2024-10-09T22:04:28.404+0000] {processor.py:183} INFO - Processing /home/airflow/.local/lib/python3.8/site-packages/airflow/example_dags/example_dag_decorator.py took 0.405 seconds
[2024-10-09T22:05:00.647+0000] {processor.py:161} INFO - Started process (PID=320) to work on /home/airflow/.local/lib/python3.8/site-packages/airflow/example_dags/example_dag_decorator.py
[2024-10-09T22:05:00.664+0000] {processor.py:830} INFO - Processing file /home/airflow/.local/lib/python3.8/site-packages/airflow/example_dags/example_dag_decorator.py for tasks to queue
[2024-10-09T22:05:00.670+0000] {logging_mixin.py:188} INFO - [2024-10-09T22:05:00.669+0000] {dagbag.py:538} INFO - Filling up the DagBag from /home/airflow/.local/lib/python3.8/site-packages/airflow/example_dags/example_dag_decorator.py
[2024-10-09T22:05:00.820+0000] {processor.py:840} INFO - DAG(s) 'example_dag_decorator' retrieved from /home/airflow/.local/lib/python3.8/site-packages/airflow/example_dags/example_dag_decorator.py
[2024-10-09T22:05:00.853+0000] {logging_mixin.py:188} INFO - [2024-10-09T22:05:00.852+0000] {dag.py:3036} INFO - Sync 1 DAGs
[2024-10-09T22:05:00.871+0000] {logging_mixin.py:188} INFO - [2024-10-09T22:05:00.871+0000] {dag.py:3823} INFO - Setting next_dagrun for example_dag_decorator to None, run_after=None
[2024-10-09T22:05:00.917+0000] {processor.py:183} INFO - Processing /home/airflow/.local/lib/python3.8/site-packages/airflow/example_dags/example_dag_decorator.py took 0.279 seconds
[2024-10-09T22:05:31.473+0000] {processor.py:161} INFO - Started process (PID=382) to work on /home/airflow/.local/lib/python3.8/site-packages/airflow/example_dags/example_dag_decorator.py
[2024-10-09T22:05:31.475+0000] {processor.py:830} INFO - Processing file /home/airflow/.local/lib/python3.8/site-packages/airflow/example_dags/example_dag_decorator.py for tasks to queue
[2024-10-09T22:05:31.483+0000] {logging_mixin.py:188} INFO - [2024-10-09T22:05:31.480+0000] {dagbag.py:538} INFO - Filling up the DagBag from /home/airflow/.local/lib/python3.8/site-packages/airflow/example_dags/example_dag_decorator.py
[2024-10-09T22:05:31.606+0000] {processor.py:840} INFO - DAG(s) 'example_dag_decorator' retrieved from /home/airflow/.local/lib/python3.8/site-packages/airflow/example_dags/example_dag_decorator.py
[2024-10-09T22:05:31.722+0000] {logging_mixin.py:188} INFO - [2024-10-09T22:05:31.722+0000] {dag.py:3036} INFO - Sync 1 DAGs
[2024-10-09T22:05:31.736+0000] {logging_mixin.py:188} INFO - [2024-10-09T22:05:31.735+0000] {dag.py:3823} INFO - Setting next_dagrun for example_dag_decorator to None, run_after=None
[2024-10-09T22:05:31.775+0000] {processor.py:183} INFO - Processing /home/airflow/.local/lib/python3.8/site-packages/airflow/example_dags/example_dag_decorator.py took 0.307 seconds
[2024-10-09T22:06:01.934+0000] {processor.py:161} INFO - Started process (PID=444) to work on /home/airflow/.local/lib/python3.8/site-packages/airflow/example_dags/example_dag_decorator.py
[2024-10-09T22:06:01.937+0000] {processor.py:830} INFO - Processing file /home/airflow/.local/lib/python3.8/site-packages/airflow/example_dags/example_dag_decorator.py for tasks to queue
[2024-10-09T22:06:01.940+0000] {logging_mixin.py:188} INFO - [2024-10-09T22:06:01.940+0000] {dagbag.py:538} INFO - Filling up the DagBag from /home/airflow/.local/lib/python3.8/site-packages/airflow/example_dags/example_dag_decorator.py
[2024-10-09T22:06:02.151+0000] {processor.py:840} INFO - DAG(s) 'example_dag_decorator' retrieved from /home/airflow/.local/lib/python3.8/site-packages/airflow/example_dags/example_dag_decorator.py
[2024-10-09T22:06:02.354+0000] {logging_mixin.py:188} INFO - [2024-10-09T22:06:02.354+0000] {dag.py:3036} INFO - Sync 1 DAGs
[2024-10-09T22:06:02.373+0000] {logging_mixin.py:188} INFO - [2024-10-09T22:06:02.373+0000] {dag.py:3823} INFO - Setting next_dagrun for example_dag_decorator to None, run_after=None
[2024-10-09T22:06:02.433+0000] {processor.py:183} INFO - Processing /home/airflow/.local/lib/python3.8/site-packages/airflow/example_dags/example_dag_decorator.py took 0.503 seconds
[2024-10-09T22:06:33.030+0000] {processor.py:161} INFO - Started process (PID=505) to work on /home/airflow/.local/lib/python3.8/site-packages/airflow/example_dags/example_dag_decorator.py
[2024-10-09T22:06:33.031+0000] {processor.py:830} INFO - Processing file /home/airflow/.local/lib/python3.8/site-packages/airflow/example_dags/example_dag_decorator.py for tasks to queue
[2024-10-09T22:06:33.033+0000] {logging_mixin.py:188} INFO - [2024-10-09T22:06:33.033+0000] {dagbag.py:538} INFO - Filling up the DagBag from /home/airflow/.local/lib/python3.8/site-packages/airflow/example_dags/example_dag_decorator.py
[2024-10-09T22:06:33.154+0000] {processor.py:840} INFO - DAG(s) 'example_dag_decorator' retrieved from /home/airflow/.local/lib/python3.8/site-packages/airflow/example_dags/example_dag_decorator.py
[2024-10-09T22:06:33.300+0000] {logging_mixin.py:188} INFO - [2024-10-09T22:06:33.300+0000] {dag.py:3036} INFO - Sync 1 DAGs
[2024-10-09T22:06:33.315+0000] {logging_mixin.py:188} INFO - [2024-10-09T22:06:33.315+0000] {dag.py:3823} INFO - Setting next_dagrun for example_dag_decorator to None, run_after=None
[2024-10-09T22:06:33.344+0000] {processor.py:183} INFO - Processing /home/airflow/.local/lib/python3.8/site-packages/airflow/example_dags/example_dag_decorator.py took 0.321 seconds
[2024-10-09T22:07:04.249+0000] {processor.py:161} INFO - Started process (PID=567) to work on /home/airflow/.local/lib/python3.8/site-packages/airflow/example_dags/example_dag_decorator.py
[2024-10-09T22:07:04.250+0000] {processor.py:830} INFO - Processing file /home/airflow/.local/lib/python3.8/site-packages/airflow/example_dags/example_dag_decorator.py for tasks to queue
[2024-10-09T22:07:04.252+0000] {logging_mixin.py:188} INFO - [2024-10-09T22:07:04.251+0000] {dagbag.py:538} INFO - Filling up the DagBag from /home/airflow/.local/lib/python3.8/site-packages/airflow/example_dags/example_dag_decorator.py
[2024-10-09T22:07:04.344+0000] {processor.py:840} INFO - DAG(s) 'example_dag_decorator' retrieved from /home/airflow/.local/lib/python3.8/site-packages/airflow/example_dags/example_dag_decorator.py
[2024-10-09T22:07:04.464+0000] {logging_mixin.py:188} INFO - [2024-10-09T22:07:04.464+0000] {dag.py:3036} INFO - Sync 1 DAGs
[2024-10-09T22:07:04.474+0000] {logging_mixin.py:188} INFO - [2024-10-09T22:07:04.474+0000] {dag.py:3823} INFO - Setting next_dagrun for example_dag_decorator to None, run_after=None
[2024-10-09T22:07:04.500+0000] {processor.py:183} INFO - Processing /home/airflow/.local/lib/python3.8/site-packages/airflow/example_dags/example_dag_decorator.py took 0.254 seconds
[2024-10-09T22:07:34.601+0000] {processor.py:161} INFO - Started process (PID=628) to work on /home/airflow/.local/lib/python3.8/site-packages/airflow/example_dags/example_dag_decorator.py
[2024-10-09T22:07:34.602+0000] {processor.py:830} INFO - Processing file /home/airflow/.local/lib/python3.8/site-packages/airflow/example_dags/example_dag_decorator.py for tasks to queue
[2024-10-09T22:07:34.604+0000] {logging_mixin.py:188} INFO - [2024-10-09T22:07:34.604+0000] {dagbag.py:538} INFO - Filling up the DagBag from /home/airflow/.local/lib/python3.8/site-packages/airflow/example_dags/example_dag_decorator.py
[2024-10-09T22:07:34.699+0000] {processor.py:840} INFO - DAG(s) 'example_dag_decorator' retrieved from /home/airflow/.local/lib/python3.8/site-packages/airflow/example_dags/example_dag_decorator.py
[2024-10-09T22:07:34.848+0000] {logging_mixin.py:188} INFO - [2024-10-09T22:07:34.848+0000] {dag.py:3036} INFO - Sync 1 DAGs
[2024-10-09T22:07:34.860+0000] {logging_mixin.py:188} INFO - [2024-10-09T22:07:34.859+0000] {dag.py:3823} INFO - Setting next_dagrun for example_dag_decorator to None, run_after=None
[2024-10-09T22:07:34.885+0000] {processor.py:183} INFO - Processing /home/airflow/.local/lib/python3.8/site-packages/airflow/example_dags/example_dag_decorator.py took 0.286 seconds
[2024-10-09T22:08:05.062+0000] {processor.py:161} INFO - Started process (PID=692) to work on /home/airflow/.local/lib/python3.8/site-packages/airflow/example_dags/example_dag_decorator.py
[2024-10-09T22:08:05.064+0000] {processor.py:830} INFO - Processing file /home/airflow/.local/lib/python3.8/site-packages/airflow/example_dags/example_dag_decorator.py for tasks to queue
[2024-10-09T22:08:05.067+0000] {logging_mixin.py:188} INFO - [2024-10-09T22:08:05.066+0000] {dagbag.py:538} INFO - Filling up the DagBag from /home/airflow/.local/lib/python3.8/site-packages/airflow/example_dags/example_dag_decorator.py
[2024-10-09T22:08:05.180+0000] {processor.py:840} INFO - DAG(s) 'example_dag_decorator' retrieved from /home/airflow/.local/lib/python3.8/site-packages/airflow/example_dags/example_dag_decorator.py
[2024-10-09T22:08:05.317+0000] {logging_mixin.py:188} INFO - [2024-10-09T22:08:05.316+0000] {dag.py:3036} INFO - Sync 1 DAGs
[2024-10-09T22:08:05.332+0000] {logging_mixin.py:188} INFO - [2024-10-09T22:08:05.331+0000] {dag.py:3823} INFO - Setting next_dagrun for example_dag_decorator to None, run_after=None
[2024-10-09T22:08:05.375+0000] {processor.py:183} INFO - Processing /home/airflow/.local/lib/python3.8/site-packages/airflow/example_dags/example_dag_decorator.py took 0.316 seconds
[2024-10-09T22:08:35.501+0000] {processor.py:161} INFO - Started process (PID=753) to work on /home/airflow/.local/lib/python3.8/site-packages/airflow/example_dags/example_dag_decorator.py
[2024-10-09T22:08:35.502+0000] {processor.py:830} INFO - Processing file /home/airflow/.local/lib/python3.8/site-packages/airflow/example_dags/example_dag_decorator.py for tasks to queue
[2024-10-09T22:08:35.504+0000] {logging_mixin.py:188} INFO - [2024-10-09T22:08:35.504+0000] {dagbag.py:538} INFO - Filling up the DagBag from /home/airflow/.local/lib/python3.8/site-packages/airflow/example_dags/example_dag_decorator.py
[2024-10-09T22:08:35.610+0000] {processor.py:840} INFO - DAG(s) 'example_dag_decorator' retrieved from /home/airflow/.local/lib/python3.8/site-packages/airflow/example_dags/example_dag_decorator.py
[2024-10-09T22:08:35.732+0000] {logging_mixin.py:188} INFO - [2024-10-09T22:08:35.731+0000] {dag.py:3036} INFO - Sync 1 DAGs
[2024-10-09T22:08:35.744+0000] {logging_mixin.py:188} INFO - [2024-10-09T22:08:35.743+0000] {dag.py:3823} INFO - Setting next_dagrun for example_dag_decorator to None, run_after=None
[2024-10-09T22:08:35.771+0000] {processor.py:183} INFO - Processing /home/airflow/.local/lib/python3.8/site-packages/airflow/example_dags/example_dag_decorator.py took 0.273 seconds
[2024-10-09T22:09:06.612+0000] {processor.py:161} INFO - Started process (PID=815) to work on /home/airflow/.local/lib/python3.8/site-packages/airflow/example_dags/example_dag_decorator.py
[2024-10-09T22:09:06.626+0000] {processor.py:830} INFO - Processing file /home/airflow/.local/lib/python3.8/site-packages/airflow/example_dags/example_dag_decorator.py for tasks to queue
[2024-10-09T22:09:06.643+0000] {logging_mixin.py:188} INFO - [2024-10-09T22:09:06.641+0000] {dagbag.py:538} INFO - Filling up the DagBag from /home/airflow/.local/lib/python3.8/site-packages/airflow/example_dags/example_dag_decorator.py
[2024-10-09T22:09:07.264+0000] {processor.py:840} INFO - DAG(s) 'example_dag_decorator' retrieved from /home/airflow/.local/lib/python3.8/site-packages/airflow/example_dags/example_dag_decorator.py
[2024-10-09T22:09:07.872+0000] {logging_mixin.py:188} INFO - [2024-10-09T22:09:07.868+0000] {dag.py:3036} INFO - Sync 1 DAGs
[2024-10-09T22:09:07.984+0000] {logging_mixin.py:188} INFO - [2024-10-09T22:09:07.983+0000] {dag.py:3823} INFO - Setting next_dagrun for example_dag_decorator to None, run_after=None
[2024-10-09T22:09:08.062+0000] {processor.py:183} INFO - Processing /home/airflow/.local/lib/python3.8/site-packages/airflow/example_dags/example_dag_decorator.py took 1.538 seconds
