[2024-10-09T22:02:14.961+0000] {processor.py:161} INFO - Started process (PID=75) to work on /home/airflow/.local/lib/python3.8/site-packages/airflow/example_dags/example_short_circuit_decorator.py
[2024-10-09T22:02:14.965+0000] {processor.py:830} INFO - Processing file /home/airflow/.local/lib/python3.8/site-packages/airflow/example_dags/example_short_circuit_decorator.py for tasks to queue
[2024-10-09T22:02:14.995+0000] {logging_mixin.py:188} INFO - [2024-10-09T22:02:14.995+0000] {dagbag.py:538} INFO - Filling up the DagBag from /home/airflow/.local/lib/python3.8/site-packages/airflow/example_dags/example_short_circuit_decorator.py
[2024-10-09T22:02:15.044+0000] {processor.py:840} INFO - DAG(s) 'example_short_circuit_decorator' retrieved from /home/airflow/.local/lib/python3.8/site-packages/airflow/example_dags/example_short_circuit_decorator.py
[2024-10-09T22:02:15.075+0000] {logging_mixin.py:188} INFO - [2024-10-09T22:02:15.074+0000] {dag.py:3036} INFO - Sync 1 DAGs
[2024-10-09T22:02:15.117+0000] {logging_mixin.py:188} INFO - [2024-10-09T22:02:15.117+0000] {dag.py:3823} INFO - Setting next_dagrun for example_short_circuit_decorator to 2024-10-08 00:00:00+00:00, run_after=2024-10-09 00:00:00+00:00
[2024-10-09T22:02:15.168+0000] {processor.py:183} INFO - Processing /home/airflow/.local/lib/python3.8/site-packages/airflow/example_dags/example_short_circuit_decorator.py took 0.214 seconds
[2024-10-09T22:02:53.984+0000] {processor.py:161} INFO - Started process (PID=58) to work on /home/airflow/.local/lib/python3.8/site-packages/airflow/example_dags/example_short_circuit_decorator.py
[2024-10-09T22:02:53.987+0000] {processor.py:830} INFO - Processing file /home/airflow/.local/lib/python3.8/site-packages/airflow/example_dags/example_short_circuit_decorator.py for tasks to queue
[2024-10-09T22:02:53.991+0000] {logging_mixin.py:188} INFO - [2024-10-09T22:02:53.990+0000] {dagbag.py:538} INFO - Filling up the DagBag from /home/airflow/.local/lib/python3.8/site-packages/airflow/example_dags/example_short_circuit_decorator.py
[2024-10-09T22:02:54.009+0000] {processor.py:840} INFO - DAG(s) 'example_short_circuit_decorator' retrieved from /home/airflow/.local/lib/python3.8/site-packages/airflow/example_dags/example_short_circuit_decorator.py
[2024-10-09T22:02:54.161+0000] {logging_mixin.py:188} INFO - [2024-10-09T22:02:54.161+0000] {dag.py:3036} INFO - Sync 1 DAGs
[2024-10-09T22:02:54.184+0000] {logging_mixin.py:188} INFO - [2024-10-09T22:02:54.183+0000] {dag.py:3823} INFO - Setting next_dagrun for example_short_circuit_decorator to 2024-10-08 00:00:00+00:00, run_after=2024-10-09 00:00:00+00:00
[2024-10-09T22:02:54.210+0000] {processor.py:183} INFO - Processing /home/airflow/.local/lib/python3.8/site-packages/airflow/example_dags/example_short_circuit_decorator.py took 0.230 seconds
[2024-10-09T22:03:24.639+0000] {processor.py:161} INFO - Started process (PID=120) to work on /home/airflow/.local/lib/python3.8/site-packages/airflow/example_dags/example_short_circuit_decorator.py
[2024-10-09T22:03:24.641+0000] {processor.py:830} INFO - Processing file /home/airflow/.local/lib/python3.8/site-packages/airflow/example_dags/example_short_circuit_decorator.py for tasks to queue
[2024-10-09T22:03:24.643+0000] {logging_mixin.py:188} INFO - [2024-10-09T22:03:24.643+0000] {dagbag.py:538} INFO - Filling up the DagBag from /home/airflow/.local/lib/python3.8/site-packages/airflow/example_dags/example_short_circuit_decorator.py
[2024-10-09T22:03:24.677+0000] {processor.py:840} INFO - DAG(s) 'example_short_circuit_decorator' retrieved from /home/airflow/.local/lib/python3.8/site-packages/airflow/example_dags/example_short_circuit_decorator.py
[2024-10-09T22:03:24.710+0000] {logging_mixin.py:188} INFO - [2024-10-09T22:03:24.710+0000] {dag.py:3036} INFO - Sync 1 DAGs
[2024-10-09T22:03:24.749+0000] {logging_mixin.py:188} INFO - [2024-10-09T22:03:24.749+0000] {dag.py:3823} INFO - Setting next_dagrun for example_short_circuit_decorator to 2024-10-08 00:00:00+00:00, run_after=2024-10-09 00:00:00+00:00
[2024-10-09T22:03:24.789+0000] {processor.py:183} INFO - Processing /home/airflow/.local/lib/python3.8/site-packages/airflow/example_dags/example_short_circuit_decorator.py took 0.154 seconds
[2024-10-09T22:03:55.816+0000] {processor.py:161} INFO - Started process (PID=188) to work on /home/airflow/.local/lib/python3.8/site-packages/airflow/example_dags/example_short_circuit_decorator.py
[2024-10-09T22:03:55.817+0000] {processor.py:830} INFO - Processing file /home/airflow/.local/lib/python3.8/site-packages/airflow/example_dags/example_short_circuit_decorator.py for tasks to queue
[2024-10-09T22:03:55.819+0000] {logging_mixin.py:188} INFO - [2024-10-09T22:03:55.819+0000] {dagbag.py:538} INFO - Filling up the DagBag from /home/airflow/.local/lib/python3.8/site-packages/airflow/example_dags/example_short_circuit_decorator.py
[2024-10-09T22:03:55.828+0000] {processor.py:840} INFO - DAG(s) 'example_short_circuit_decorator' retrieved from /home/airflow/.local/lib/python3.8/site-packages/airflow/example_dags/example_short_circuit_decorator.py
[2024-10-09T22:03:55.855+0000] {logging_mixin.py:188} INFO - [2024-10-09T22:03:55.855+0000] {dag.py:3036} INFO - Sync 1 DAGs
[2024-10-09T22:03:55.881+0000] {logging_mixin.py:188} INFO - [2024-10-09T22:03:55.880+0000] {dag.py:3823} INFO - Setting next_dagrun for example_short_circuit_decorator to 2024-10-08 00:00:00+00:00, run_after=2024-10-09 00:00:00+00:00
[2024-10-09T22:03:55.921+0000] {processor.py:183} INFO - Processing /home/airflow/.local/lib/python3.8/site-packages/airflow/example_dags/example_short_circuit_decorator.py took 0.108 seconds
[2024-10-09T22:04:26.868+0000] {processor.py:161} INFO - Started process (PID=250) to work on /home/airflow/.local/lib/python3.8/site-packages/airflow/example_dags/example_short_circuit_decorator.py
[2024-10-09T22:04:26.870+0000] {processor.py:830} INFO - Processing file /home/airflow/.local/lib/python3.8/site-packages/airflow/example_dags/example_short_circuit_decorator.py for tasks to queue
[2024-10-09T22:04:26.874+0000] {logging_mixin.py:188} INFO - [2024-10-09T22:04:26.873+0000] {dagbag.py:538} INFO - Filling up the DagBag from /home/airflow/.local/lib/python3.8/site-packages/airflow/example_dags/example_short_circuit_decorator.py
[2024-10-09T22:04:26.889+0000] {processor.py:840} INFO - DAG(s) 'example_short_circuit_decorator' retrieved from /home/airflow/.local/lib/python3.8/site-packages/airflow/example_dags/example_short_circuit_decorator.py
[2024-10-09T22:04:26.936+0000] {logging_mixin.py:188} INFO - [2024-10-09T22:04:26.935+0000] {dag.py:3036} INFO - Sync 1 DAGs
[2024-10-09T22:04:26.976+0000] {logging_mixin.py:188} INFO - [2024-10-09T22:04:26.976+0000] {dag.py:3823} INFO - Setting next_dagrun for example_short_circuit_decorator to 2024-10-08 00:00:00+00:00, run_after=2024-10-09 00:00:00+00:00
[2024-10-09T22:04:27.031+0000] {processor.py:183} INFO - Processing /home/airflow/.local/lib/python3.8/site-packages/airflow/example_dags/example_short_circuit_decorator.py took 0.168 seconds
[2024-10-09T22:04:57.194+0000] {processor.py:161} INFO - Started process (PID=310) to work on /home/airflow/.local/lib/python3.8/site-packages/airflow/example_dags/example_short_circuit_decorator.py
[2024-10-09T22:04:57.196+0000] {processor.py:830} INFO - Processing file /home/airflow/.local/lib/python3.8/site-packages/airflow/example_dags/example_short_circuit_decorator.py for tasks to queue
[2024-10-09T22:04:57.198+0000] {logging_mixin.py:188} INFO - [2024-10-09T22:04:57.198+0000] {dagbag.py:538} INFO - Filling up the DagBag from /home/airflow/.local/lib/python3.8/site-packages/airflow/example_dags/example_short_circuit_decorator.py
[2024-10-09T22:04:57.209+0000] {processor.py:840} INFO - DAG(s) 'example_short_circuit_decorator' retrieved from /home/airflow/.local/lib/python3.8/site-packages/airflow/example_dags/example_short_circuit_decorator.py
[2024-10-09T22:04:57.235+0000] {logging_mixin.py:188} INFO - [2024-10-09T22:04:57.235+0000] {dag.py:3036} INFO - Sync 1 DAGs
[2024-10-09T22:04:57.259+0000] {logging_mixin.py:188} INFO - [2024-10-09T22:04:57.259+0000] {dag.py:3823} INFO - Setting next_dagrun for example_short_circuit_decorator to 2024-10-08 00:00:00+00:00, run_after=2024-10-09 00:00:00+00:00
[2024-10-09T22:04:57.284+0000] {processor.py:183} INFO - Processing /home/airflow/.local/lib/python3.8/site-packages/airflow/example_dags/example_short_circuit_decorator.py took 0.093 seconds
[2024-10-09T22:05:28.198+0000] {processor.py:161} INFO - Started process (PID=372) to work on /home/airflow/.local/lib/python3.8/site-packages/airflow/example_dags/example_short_circuit_decorator.py
[2024-10-09T22:05:28.214+0000] {processor.py:830} INFO - Processing file /home/airflow/.local/lib/python3.8/site-packages/airflow/example_dags/example_short_circuit_decorator.py for tasks to queue
[2024-10-09T22:05:28.283+0000] {logging_mixin.py:188} INFO - [2024-10-09T22:05:28.281+0000] {dagbag.py:538} INFO - Filling up the DagBag from /home/airflow/.local/lib/python3.8/site-packages/airflow/example_dags/example_short_circuit_decorator.py
[2024-10-09T22:05:28.371+0000] {processor.py:840} INFO - DAG(s) 'example_short_circuit_decorator' retrieved from /home/airflow/.local/lib/python3.8/site-packages/airflow/example_dags/example_short_circuit_decorator.py
[2024-10-09T22:05:28.492+0000] {logging_mixin.py:188} INFO - [2024-10-09T22:05:28.491+0000] {dag.py:3036} INFO - Sync 1 DAGs
[2024-10-09T22:05:28.557+0000] {logging_mixin.py:188} INFO - [2024-10-09T22:05:28.556+0000] {dag.py:3823} INFO - Setting next_dagrun for example_short_circuit_decorator to 2024-10-08 00:00:00+00:00, run_after=2024-10-09 00:00:00+00:00
[2024-10-09T22:05:28.590+0000] {processor.py:183} INFO - Processing /home/airflow/.local/lib/python3.8/site-packages/airflow/example_dags/example_short_circuit_decorator.py took 0.399 seconds
[2024-10-09T22:05:58.840+0000] {processor.py:161} INFO - Started process (PID=434) to work on /home/airflow/.local/lib/python3.8/site-packages/airflow/example_dags/example_short_circuit_decorator.py
[2024-10-09T22:05:58.842+0000] {processor.py:830} INFO - Processing file /home/airflow/.local/lib/python3.8/site-packages/airflow/example_dags/example_short_circuit_decorator.py for tasks to queue
[2024-10-09T22:05:58.844+0000] {logging_mixin.py:188} INFO - [2024-10-09T22:05:58.844+0000] {dagbag.py:538} INFO - Filling up the DagBag from /home/airflow/.local/lib/python3.8/site-packages/airflow/example_dags/example_short_circuit_decorator.py
[2024-10-09T22:05:58.854+0000] {processor.py:840} INFO - DAG(s) 'example_short_circuit_decorator' retrieved from /home/airflow/.local/lib/python3.8/site-packages/airflow/example_dags/example_short_circuit_decorator.py
[2024-10-09T22:05:58.893+0000] {logging_mixin.py:188} INFO - [2024-10-09T22:05:58.893+0000] {dag.py:3036} INFO - Sync 1 DAGs
[2024-10-09T22:05:58.919+0000] {logging_mixin.py:188} INFO - [2024-10-09T22:05:58.919+0000] {dag.py:3823} INFO - Setting next_dagrun for example_short_circuit_decorator to 2024-10-08 00:00:00+00:00, run_after=2024-10-09 00:00:00+00:00
[2024-10-09T22:05:58.943+0000] {processor.py:183} INFO - Processing /home/airflow/.local/lib/python3.8/site-packages/airflow/example_dags/example_short_circuit_decorator.py took 0.105 seconds
[2024-10-09T22:06:29.089+0000] {processor.py:161} INFO - Started process (PID=496) to work on /home/airflow/.local/lib/python3.8/site-packages/airflow/example_dags/example_short_circuit_decorator.py
[2024-10-09T22:06:29.091+0000] {processor.py:830} INFO - Processing file /home/airflow/.local/lib/python3.8/site-packages/airflow/example_dags/example_short_circuit_decorator.py for tasks to queue
[2024-10-09T22:06:29.093+0000] {logging_mixin.py:188} INFO - [2024-10-09T22:06:29.093+0000] {dagbag.py:538} INFO - Filling up the DagBag from /home/airflow/.local/lib/python3.8/site-packages/airflow/example_dags/example_short_circuit_decorator.py
[2024-10-09T22:06:29.103+0000] {processor.py:840} INFO - DAG(s) 'example_short_circuit_decorator' retrieved from /home/airflow/.local/lib/python3.8/site-packages/airflow/example_dags/example_short_circuit_decorator.py
[2024-10-09T22:06:29.131+0000] {logging_mixin.py:188} INFO - [2024-10-09T22:06:29.131+0000] {dag.py:3036} INFO - Sync 1 DAGs
[2024-10-09T22:06:29.155+0000] {logging_mixin.py:188} INFO - [2024-10-09T22:06:29.155+0000] {dag.py:3823} INFO - Setting next_dagrun for example_short_circuit_decorator to 2024-10-08 00:00:00+00:00, run_after=2024-10-09 00:00:00+00:00
[2024-10-09T22:06:29.179+0000] {processor.py:183} INFO - Processing /home/airflow/.local/lib/python3.8/site-packages/airflow/example_dags/example_short_circuit_decorator.py took 0.093 seconds
[2024-10-09T22:06:59.332+0000] {processor.py:161} INFO - Started process (PID=558) to work on /home/airflow/.local/lib/python3.8/site-packages/airflow/example_dags/example_short_circuit_decorator.py
[2024-10-09T22:06:59.333+0000] {processor.py:830} INFO - Processing file /home/airflow/.local/lib/python3.8/site-packages/airflow/example_dags/example_short_circuit_decorator.py for tasks to queue
[2024-10-09T22:06:59.336+0000] {logging_mixin.py:188} INFO - [2024-10-09T22:06:59.336+0000] {dagbag.py:538} INFO - Filling up the DagBag from /home/airflow/.local/lib/python3.8/site-packages/airflow/example_dags/example_short_circuit_decorator.py
[2024-10-09T22:06:59.348+0000] {processor.py:840} INFO - DAG(s) 'example_short_circuit_decorator' retrieved from /home/airflow/.local/lib/python3.8/site-packages/airflow/example_dags/example_short_circuit_decorator.py
[2024-10-09T22:06:59.404+0000] {logging_mixin.py:188} INFO - [2024-10-09T22:06:59.404+0000] {dag.py:3036} INFO - Sync 1 DAGs
[2024-10-09T22:06:59.442+0000] {logging_mixin.py:188} INFO - [2024-10-09T22:06:59.441+0000] {dag.py:3823} INFO - Setting next_dagrun for example_short_circuit_decorator to 2024-10-08 00:00:00+00:00, run_after=2024-10-09 00:00:00+00:00
[2024-10-09T22:06:59.469+0000] {processor.py:183} INFO - Processing /home/airflow/.local/lib/python3.8/site-packages/airflow/example_dags/example_short_circuit_decorator.py took 0.142 seconds
[2024-10-09T22:07:29.547+0000] {processor.py:161} INFO - Started process (PID=620) to work on /home/airflow/.local/lib/python3.8/site-packages/airflow/example_dags/example_short_circuit_decorator.py
[2024-10-09T22:07:29.549+0000] {processor.py:830} INFO - Processing file /home/airflow/.local/lib/python3.8/site-packages/airflow/example_dags/example_short_circuit_decorator.py for tasks to queue
[2024-10-09T22:07:29.551+0000] {logging_mixin.py:188} INFO - [2024-10-09T22:07:29.551+0000] {dagbag.py:538} INFO - Filling up the DagBag from /home/airflow/.local/lib/python3.8/site-packages/airflow/example_dags/example_short_circuit_decorator.py
[2024-10-09T22:07:29.560+0000] {processor.py:840} INFO - DAG(s) 'example_short_circuit_decorator' retrieved from /home/airflow/.local/lib/python3.8/site-packages/airflow/example_dags/example_short_circuit_decorator.py
[2024-10-09T22:07:29.584+0000] {logging_mixin.py:188} INFO - [2024-10-09T22:07:29.584+0000] {dag.py:3036} INFO - Sync 1 DAGs
[2024-10-09T22:07:29.606+0000] {logging_mixin.py:188} INFO - [2024-10-09T22:07:29.606+0000] {dag.py:3823} INFO - Setting next_dagrun for example_short_circuit_decorator to 2024-10-08 00:00:00+00:00, run_after=2024-10-09 00:00:00+00:00
[2024-10-09T22:07:29.631+0000] {processor.py:183} INFO - Processing /home/airflow/.local/lib/python3.8/site-packages/airflow/example_dags/example_short_circuit_decorator.py took 0.087 seconds
[2024-10-09T22:08:00.225+0000] {processor.py:161} INFO - Started process (PID=684) to work on /home/airflow/.local/lib/python3.8/site-packages/airflow/example_dags/example_short_circuit_decorator.py
[2024-10-09T22:08:00.226+0000] {processor.py:830} INFO - Processing file /home/airflow/.local/lib/python3.8/site-packages/airflow/example_dags/example_short_circuit_decorator.py for tasks to queue
[2024-10-09T22:08:00.228+0000] {logging_mixin.py:188} INFO - [2024-10-09T22:08:00.228+0000] {dagbag.py:538} INFO - Filling up the DagBag from /home/airflow/.local/lib/python3.8/site-packages/airflow/example_dags/example_short_circuit_decorator.py
[2024-10-09T22:08:00.238+0000] {processor.py:840} INFO - DAG(s) 'example_short_circuit_decorator' retrieved from /home/airflow/.local/lib/python3.8/site-packages/airflow/example_dags/example_short_circuit_decorator.py
[2024-10-09T22:08:00.267+0000] {logging_mixin.py:188} INFO - [2024-10-09T22:08:00.267+0000] {dag.py:3036} INFO - Sync 1 DAGs
[2024-10-09T22:08:00.292+0000] {logging_mixin.py:188} INFO - [2024-10-09T22:08:00.292+0000] {dag.py:3823} INFO - Setting next_dagrun for example_short_circuit_decorator to 2024-10-08 00:00:00+00:00, run_after=2024-10-09 00:00:00+00:00
[2024-10-09T22:08:00.319+0000] {processor.py:183} INFO - Processing /home/airflow/.local/lib/python3.8/site-packages/airflow/example_dags/example_short_circuit_decorator.py took 0.097 seconds
[2024-10-09T22:08:30.637+0000] {processor.py:161} INFO - Started process (PID=745) to work on /home/airflow/.local/lib/python3.8/site-packages/airflow/example_dags/example_short_circuit_decorator.py
[2024-10-09T22:08:30.641+0000] {processor.py:830} INFO - Processing file /home/airflow/.local/lib/python3.8/site-packages/airflow/example_dags/example_short_circuit_decorator.py for tasks to queue
[2024-10-09T22:08:30.645+0000] {logging_mixin.py:188} INFO - [2024-10-09T22:08:30.644+0000] {dagbag.py:538} INFO - Filling up the DagBag from /home/airflow/.local/lib/python3.8/site-packages/airflow/example_dags/example_short_circuit_decorator.py
[2024-10-09T22:08:30.670+0000] {processor.py:840} INFO - DAG(s) 'example_short_circuit_decorator' retrieved from /home/airflow/.local/lib/python3.8/site-packages/airflow/example_dags/example_short_circuit_decorator.py
[2024-10-09T22:08:30.726+0000] {logging_mixin.py:188} INFO - [2024-10-09T22:08:30.724+0000] {dag.py:3036} INFO - Sync 1 DAGs
[2024-10-09T22:08:30.787+0000] {logging_mixin.py:188} INFO - [2024-10-09T22:08:30.786+0000] {dag.py:3823} INFO - Setting next_dagrun for example_short_circuit_decorator to 2024-10-08 00:00:00+00:00, run_after=2024-10-09 00:00:00+00:00
[2024-10-09T22:08:30.823+0000] {processor.py:183} INFO - Processing /home/airflow/.local/lib/python3.8/site-packages/airflow/example_dags/example_short_circuit_decorator.py took 0.192 seconds
[2024-10-09T22:09:01.125+0000] {processor.py:161} INFO - Started process (PID=806) to work on /home/airflow/.local/lib/python3.8/site-packages/airflow/example_dags/example_short_circuit_decorator.py
[2024-10-09T22:09:01.162+0000] {processor.py:830} INFO - Processing file /home/airflow/.local/lib/python3.8/site-packages/airflow/example_dags/example_short_circuit_decorator.py for tasks to queue
[2024-10-09T22:09:01.181+0000] {logging_mixin.py:188} INFO - [2024-10-09T22:09:01.177+0000] {dagbag.py:538} INFO - Filling up the DagBag from /home/airflow/.local/lib/python3.8/site-packages/airflow/example_dags/example_short_circuit_decorator.py
[2024-10-09T22:09:01.243+0000] {processor.py:840} INFO - DAG(s) 'example_short_circuit_decorator' retrieved from /home/airflow/.local/lib/python3.8/site-packages/airflow/example_dags/example_short_circuit_decorator.py
[2024-10-09T22:09:01.351+0000] {logging_mixin.py:188} INFO - [2024-10-09T22:09:01.350+0000] {dag.py:3036} INFO - Sync 1 DAGs
[2024-10-09T22:09:01.411+0000] {logging_mixin.py:188} INFO - [2024-10-09T22:09:01.411+0000] {dag.py:3823} INFO - Setting next_dagrun for example_short_circuit_decorator to 2024-10-08 00:00:00+00:00, run_after=2024-10-09 00:00:00+00:00
[2024-10-09T22:09:01.455+0000] {processor.py:183} INFO - Processing /home/airflow/.local/lib/python3.8/site-packages/airflow/example_dags/example_short_circuit_decorator.py took 0.365 seconds
