[2024-10-09T22:02:17.203+0000] {processor.py:161} INFO - Started process (PID=95) to work on /home/airflow/.local/lib/python3.8/site-packages/airflow/example_dags/example_task_group_decorator.py
[2024-10-09T22:02:17.206+0000] {processor.py:830} INFO - Processing file /home/airflow/.local/lib/python3.8/site-packages/airflow/example_dags/example_task_group_decorator.py for tasks to queue
[2024-10-09T22:02:17.209+0000] {logging_mixin.py:188} INFO - [2024-10-09T22:02:17.208+0000] {dagbag.py:538} INFO - Filling up the DagBag from /home/airflow/.local/lib/python3.8/site-packages/airflow/example_dags/example_task_group_decorator.py
[2024-10-09T22:02:17.235+0000] {processor.py:840} INFO - DAG(s) 'example_task_group_decorator' retrieved from /home/airflow/.local/lib/python3.8/site-packages/airflow/example_dags/example_task_group_decorator.py
[2024-10-09T22:02:17.288+0000] {logging_mixin.py:188} INFO - [2024-10-09T22:02:17.287+0000] {dag.py:3036} INFO - Sync 1 DAGs
[2024-10-09T22:02:17.344+0000] {logging_mixin.py:188} INFO - [2024-10-09T22:02:17.342+0000] {dag.py:3823} INFO - Setting next_dagrun for example_task_group_decorator to 2024-10-08 00:00:00+00:00, run_after=2024-10-09 00:00:00+00:00
[2024-10-09T22:02:17.395+0000] {processor.py:183} INFO - Processing /home/airflow/.local/lib/python3.8/site-packages/airflow/example_dags/example_task_group_decorator.py took 0.197 seconds
[2024-10-09T22:02:56.693+0000] {processor.py:161} INFO - Started process (PID=80) to work on /home/airflow/.local/lib/python3.8/site-packages/airflow/example_dags/example_task_group_decorator.py
[2024-10-09T22:02:56.695+0000] {processor.py:830} INFO - Processing file /home/airflow/.local/lib/python3.8/site-packages/airflow/example_dags/example_task_group_decorator.py for tasks to queue
[2024-10-09T22:02:56.697+0000] {logging_mixin.py:188} INFO - [2024-10-09T22:02:56.697+0000] {dagbag.py:538} INFO - Filling up the DagBag from /home/airflow/.local/lib/python3.8/site-packages/airflow/example_dags/example_task_group_decorator.py
[2024-10-09T22:02:56.715+0000] {processor.py:840} INFO - DAG(s) 'example_task_group_decorator' retrieved from /home/airflow/.local/lib/python3.8/site-packages/airflow/example_dags/example_task_group_decorator.py
[2024-10-09T22:02:56.843+0000] {logging_mixin.py:188} INFO - [2024-10-09T22:02:56.843+0000] {dag.py:3036} INFO - Sync 1 DAGs
[2024-10-09T22:02:56.869+0000] {logging_mixin.py:188} INFO - [2024-10-09T22:02:56.869+0000] {dag.py:3823} INFO - Setting next_dagrun for example_task_group_decorator to 2024-10-08 00:00:00+00:00, run_after=2024-10-09 00:00:00+00:00
[2024-10-09T22:02:56.908+0000] {processor.py:183} INFO - Processing /home/airflow/.local/lib/python3.8/site-packages/airflow/example_dags/example_task_group_decorator.py took 0.219 seconds
[2024-10-09T22:03:27.568+0000] {processor.py:161} INFO - Started process (PID=142) to work on /home/airflow/.local/lib/python3.8/site-packages/airflow/example_dags/example_task_group_decorator.py
[2024-10-09T22:03:27.569+0000] {processor.py:830} INFO - Processing file /home/airflow/.local/lib/python3.8/site-packages/airflow/example_dags/example_task_group_decorator.py for tasks to queue
[2024-10-09T22:03:27.571+0000] {logging_mixin.py:188} INFO - [2024-10-09T22:03:27.571+0000] {dagbag.py:538} INFO - Filling up the DagBag from /home/airflow/.local/lib/python3.8/site-packages/airflow/example_dags/example_task_group_decorator.py
[2024-10-09T22:03:27.585+0000] {processor.py:840} INFO - DAG(s) 'example_task_group_decorator' retrieved from /home/airflow/.local/lib/python3.8/site-packages/airflow/example_dags/example_task_group_decorator.py
[2024-10-09T22:03:27.612+0000] {logging_mixin.py:188} INFO - [2024-10-09T22:03:27.612+0000] {dag.py:3036} INFO - Sync 1 DAGs
[2024-10-09T22:03:27.636+0000] {logging_mixin.py:188} INFO - [2024-10-09T22:03:27.635+0000] {dag.py:3823} INFO - Setting next_dagrun for example_task_group_decorator to 2024-10-08 00:00:00+00:00, run_after=2024-10-09 00:00:00+00:00
[2024-10-09T22:03:27.661+0000] {processor.py:183} INFO - Processing /home/airflow/.local/lib/python3.8/site-packages/airflow/example_dags/example_task_group_decorator.py took 0.096 seconds
[2024-10-09T22:03:58.583+0000] {processor.py:161} INFO - Started process (PID=204) to work on /home/airflow/.local/lib/python3.8/site-packages/airflow/example_dags/example_task_group_decorator.py
[2024-10-09T22:03:58.589+0000] {processor.py:830} INFO - Processing file /home/airflow/.local/lib/python3.8/site-packages/airflow/example_dags/example_task_group_decorator.py for tasks to queue
[2024-10-09T22:03:58.591+0000] {logging_mixin.py:188} INFO - [2024-10-09T22:03:58.591+0000] {dagbag.py:538} INFO - Filling up the DagBag from /home/airflow/.local/lib/python3.8/site-packages/airflow/example_dags/example_task_group_decorator.py
[2024-10-09T22:03:58.633+0000] {processor.py:840} INFO - DAG(s) 'example_task_group_decorator' retrieved from /home/airflow/.local/lib/python3.8/site-packages/airflow/example_dags/example_task_group_decorator.py
[2024-10-09T22:03:58.668+0000] {logging_mixin.py:188} INFO - [2024-10-09T22:03:58.668+0000] {dag.py:3036} INFO - Sync 1 DAGs
[2024-10-09T22:03:58.717+0000] {logging_mixin.py:188} INFO - [2024-10-09T22:03:58.716+0000] {dag.py:3823} INFO - Setting next_dagrun for example_task_group_decorator to 2024-10-08 00:00:00+00:00, run_after=2024-10-09 00:00:00+00:00
[2024-10-09T22:03:58.742+0000] {processor.py:183} INFO - Processing /home/airflow/.local/lib/python3.8/site-packages/airflow/example_dags/example_task_group_decorator.py took 0.162 seconds
[2024-10-09T22:04:28.965+0000] {processor.py:161} INFO - Started process (PID=266) to work on /home/airflow/.local/lib/python3.8/site-packages/airflow/example_dags/example_task_group_decorator.py
[2024-10-09T22:04:28.966+0000] {processor.py:830} INFO - Processing file /home/airflow/.local/lib/python3.8/site-packages/airflow/example_dags/example_task_group_decorator.py for tasks to queue
[2024-10-09T22:04:28.970+0000] {logging_mixin.py:188} INFO - [2024-10-09T22:04:28.969+0000] {dagbag.py:538} INFO - Filling up the DagBag from /home/airflow/.local/lib/python3.8/site-packages/airflow/example_dags/example_task_group_decorator.py
[2024-10-09T22:04:28.991+0000] {processor.py:840} INFO - DAG(s) 'example_task_group_decorator' retrieved from /home/airflow/.local/lib/python3.8/site-packages/airflow/example_dags/example_task_group_decorator.py
[2024-10-09T22:04:29.047+0000] {logging_mixin.py:188} INFO - [2024-10-09T22:04:29.047+0000] {dag.py:3036} INFO - Sync 1 DAGs
[2024-10-09T22:04:29.081+0000] {logging_mixin.py:188} INFO - [2024-10-09T22:04:29.080+0000] {dag.py:3823} INFO - Setting next_dagrun for example_task_group_decorator to 2024-10-08 00:00:00+00:00, run_after=2024-10-09 00:00:00+00:00
[2024-10-09T22:04:29.117+0000] {processor.py:183} INFO - Processing /home/airflow/.local/lib/python3.8/site-packages/airflow/example_dags/example_task_group_decorator.py took 0.157 seconds
[2024-10-09T22:05:01.470+0000] {processor.py:161} INFO - Started process (PID=328) to work on /home/airflow/.local/lib/python3.8/site-packages/airflow/example_dags/example_task_group_decorator.py
[2024-10-09T22:05:01.472+0000] {processor.py:830} INFO - Processing file /home/airflow/.local/lib/python3.8/site-packages/airflow/example_dags/example_task_group_decorator.py for tasks to queue
[2024-10-09T22:05:01.475+0000] {logging_mixin.py:188} INFO - [2024-10-09T22:05:01.474+0000] {dagbag.py:538} INFO - Filling up the DagBag from /home/airflow/.local/lib/python3.8/site-packages/airflow/example_dags/example_task_group_decorator.py
[2024-10-09T22:05:01.494+0000] {processor.py:840} INFO - DAG(s) 'example_task_group_decorator' retrieved from /home/airflow/.local/lib/python3.8/site-packages/airflow/example_dags/example_task_group_decorator.py
[2024-10-09T22:05:01.531+0000] {logging_mixin.py:188} INFO - [2024-10-09T22:05:01.530+0000] {dag.py:3036} INFO - Sync 1 DAGs
[2024-10-09T22:05:01.556+0000] {logging_mixin.py:188} INFO - [2024-10-09T22:05:01.556+0000] {dag.py:3823} INFO - Setting next_dagrun for example_task_group_decorator to 2024-10-08 00:00:00+00:00, run_after=2024-10-09 00:00:00+00:00
[2024-10-09T22:05:01.586+0000] {processor.py:183} INFO - Processing /home/airflow/.local/lib/python3.8/site-packages/airflow/example_dags/example_task_group_decorator.py took 0.119 seconds
[2024-10-09T22:05:32.115+0000] {processor.py:161} INFO - Started process (PID=390) to work on /home/airflow/.local/lib/python3.8/site-packages/airflow/example_dags/example_task_group_decorator.py
[2024-10-09T22:05:32.116+0000] {processor.py:830} INFO - Processing file /home/airflow/.local/lib/python3.8/site-packages/airflow/example_dags/example_task_group_decorator.py for tasks to queue
[2024-10-09T22:05:32.119+0000] {logging_mixin.py:188} INFO - [2024-10-09T22:05:32.118+0000] {dagbag.py:538} INFO - Filling up the DagBag from /home/airflow/.local/lib/python3.8/site-packages/airflow/example_dags/example_task_group_decorator.py
[2024-10-09T22:05:32.136+0000] {processor.py:840} INFO - DAG(s) 'example_task_group_decorator' retrieved from /home/airflow/.local/lib/python3.8/site-packages/airflow/example_dags/example_task_group_decorator.py
[2024-10-09T22:05:32.165+0000] {logging_mixin.py:188} INFO - [2024-10-09T22:05:32.165+0000] {dag.py:3036} INFO - Sync 1 DAGs
[2024-10-09T22:05:32.193+0000] {logging_mixin.py:188} INFO - [2024-10-09T22:05:32.193+0000] {dag.py:3823} INFO - Setting next_dagrun for example_task_group_decorator to 2024-10-08 00:00:00+00:00, run_after=2024-10-09 00:00:00+00:00
[2024-10-09T22:05:32.220+0000] {processor.py:183} INFO - Processing /home/airflow/.local/lib/python3.8/site-packages/airflow/example_dags/example_task_group_decorator.py took 0.110 seconds
[2024-10-09T22:06:03.749+0000] {processor.py:161} INFO - Started process (PID=452) to work on /home/airflow/.local/lib/python3.8/site-packages/airflow/example_dags/example_task_group_decorator.py
[2024-10-09T22:06:03.752+0000] {processor.py:830} INFO - Processing file /home/airflow/.local/lib/python3.8/site-packages/airflow/example_dags/example_task_group_decorator.py for tasks to queue
[2024-10-09T22:06:03.756+0000] {logging_mixin.py:188} INFO - [2024-10-09T22:06:03.756+0000] {dagbag.py:538} INFO - Filling up the DagBag from /home/airflow/.local/lib/python3.8/site-packages/airflow/example_dags/example_task_group_decorator.py
[2024-10-09T22:06:03.789+0000] {processor.py:840} INFO - DAG(s) 'example_task_group_decorator' retrieved from /home/airflow/.local/lib/python3.8/site-packages/airflow/example_dags/example_task_group_decorator.py
[2024-10-09T22:06:03.847+0000] {logging_mixin.py:188} INFO - [2024-10-09T22:06:03.846+0000] {dag.py:3036} INFO - Sync 1 DAGs
[2024-10-09T22:06:03.887+0000] {logging_mixin.py:188} INFO - [2024-10-09T22:06:03.885+0000] {dag.py:3823} INFO - Setting next_dagrun for example_task_group_decorator to 2024-10-08 00:00:00+00:00, run_after=2024-10-09 00:00:00+00:00
[2024-10-09T22:06:03.937+0000] {processor.py:183} INFO - Processing /home/airflow/.local/lib/python3.8/site-packages/airflow/example_dags/example_task_group_decorator.py took 0.194 seconds
[2024-10-09T22:06:34.091+0000] {processor.py:161} INFO - Started process (PID=514) to work on /home/airflow/.local/lib/python3.8/site-packages/airflow/example_dags/example_task_group_decorator.py
[2024-10-09T22:06:34.093+0000] {processor.py:830} INFO - Processing file /home/airflow/.local/lib/python3.8/site-packages/airflow/example_dags/example_task_group_decorator.py for tasks to queue
[2024-10-09T22:06:34.096+0000] {logging_mixin.py:188} INFO - [2024-10-09T22:06:34.095+0000] {dagbag.py:538} INFO - Filling up the DagBag from /home/airflow/.local/lib/python3.8/site-packages/airflow/example_dags/example_task_group_decorator.py
[2024-10-09T22:06:34.119+0000] {processor.py:840} INFO - DAG(s) 'example_task_group_decorator' retrieved from /home/airflow/.local/lib/python3.8/site-packages/airflow/example_dags/example_task_group_decorator.py
[2024-10-09T22:06:34.152+0000] {logging_mixin.py:188} INFO - [2024-10-09T22:06:34.152+0000] {dag.py:3036} INFO - Sync 1 DAGs
[2024-10-09T22:06:34.182+0000] {logging_mixin.py:188} INFO - [2024-10-09T22:06:34.181+0000] {dag.py:3823} INFO - Setting next_dagrun for example_task_group_decorator to 2024-10-08 00:00:00+00:00, run_after=2024-10-09 00:00:00+00:00
[2024-10-09T22:06:34.210+0000] {processor.py:183} INFO - Processing /home/airflow/.local/lib/python3.8/site-packages/airflow/example_dags/example_task_group_decorator.py took 0.123 seconds
[2024-10-09T22:07:05.183+0000] {processor.py:161} INFO - Started process (PID=576) to work on /home/airflow/.local/lib/python3.8/site-packages/airflow/example_dags/example_task_group_decorator.py
[2024-10-09T22:07:05.184+0000] {processor.py:830} INFO - Processing file /home/airflow/.local/lib/python3.8/site-packages/airflow/example_dags/example_task_group_decorator.py for tasks to queue
[2024-10-09T22:07:05.186+0000] {logging_mixin.py:188} INFO - [2024-10-09T22:07:05.186+0000] {dagbag.py:538} INFO - Filling up the DagBag from /home/airflow/.local/lib/python3.8/site-packages/airflow/example_dags/example_task_group_decorator.py
[2024-10-09T22:07:05.201+0000] {processor.py:840} INFO - DAG(s) 'example_task_group_decorator' retrieved from /home/airflow/.local/lib/python3.8/site-packages/airflow/example_dags/example_task_group_decorator.py
[2024-10-09T22:07:05.231+0000] {logging_mixin.py:188} INFO - [2024-10-09T22:07:05.231+0000] {dag.py:3036} INFO - Sync 1 DAGs
[2024-10-09T22:07:05.256+0000] {logging_mixin.py:188} INFO - [2024-10-09T22:07:05.256+0000] {dag.py:3823} INFO - Setting next_dagrun for example_task_group_decorator to 2024-10-08 00:00:00+00:00, run_after=2024-10-09 00:00:00+00:00
[2024-10-09T22:07:05.282+0000] {processor.py:183} INFO - Processing /home/airflow/.local/lib/python3.8/site-packages/airflow/example_dags/example_task_group_decorator.py took 0.102 seconds
[2024-10-09T22:07:35.849+0000] {processor.py:161} INFO - Started process (PID=638) to work on /home/airflow/.local/lib/python3.8/site-packages/airflow/example_dags/example_task_group_decorator.py
[2024-10-09T22:07:35.852+0000] {processor.py:830} INFO - Processing file /home/airflow/.local/lib/python3.8/site-packages/airflow/example_dags/example_task_group_decorator.py for tasks to queue
[2024-10-09T22:07:35.856+0000] {logging_mixin.py:188} INFO - [2024-10-09T22:07:35.856+0000] {dagbag.py:538} INFO - Filling up the DagBag from /home/airflow/.local/lib/python3.8/site-packages/airflow/example_dags/example_task_group_decorator.py
[2024-10-09T22:07:35.888+0000] {processor.py:840} INFO - DAG(s) 'example_task_group_decorator' retrieved from /home/airflow/.local/lib/python3.8/site-packages/airflow/example_dags/example_task_group_decorator.py
[2024-10-09T22:07:35.926+0000] {logging_mixin.py:188} INFO - [2024-10-09T22:07:35.926+0000] {dag.py:3036} INFO - Sync 1 DAGs
[2024-10-09T22:07:35.957+0000] {logging_mixin.py:188} INFO - [2024-10-09T22:07:35.956+0000] {dag.py:3823} INFO - Setting next_dagrun for example_task_group_decorator to 2024-10-08 00:00:00+00:00, run_after=2024-10-09 00:00:00+00:00
[2024-10-09T22:07:35.989+0000] {processor.py:183} INFO - Processing /home/airflow/.local/lib/python3.8/site-packages/airflow/example_dags/example_task_group_decorator.py took 0.145 seconds
[2024-10-09T22:08:06.365+0000] {processor.py:161} INFO - Started process (PID=701) to work on /home/airflow/.local/lib/python3.8/site-packages/airflow/example_dags/example_task_group_decorator.py
[2024-10-09T22:08:06.367+0000] {processor.py:830} INFO - Processing file /home/airflow/.local/lib/python3.8/site-packages/airflow/example_dags/example_task_group_decorator.py for tasks to queue
[2024-10-09T22:08:06.369+0000] {logging_mixin.py:188} INFO - [2024-10-09T22:08:06.369+0000] {dagbag.py:538} INFO - Filling up the DagBag from /home/airflow/.local/lib/python3.8/site-packages/airflow/example_dags/example_task_group_decorator.py
[2024-10-09T22:08:06.402+0000] {processor.py:840} INFO - DAG(s) 'example_task_group_decorator' retrieved from /home/airflow/.local/lib/python3.8/site-packages/airflow/example_dags/example_task_group_decorator.py
[2024-10-09T22:08:06.431+0000] {logging_mixin.py:188} INFO - [2024-10-09T22:08:06.431+0000] {dag.py:3036} INFO - Sync 1 DAGs
[2024-10-09T22:08:06.456+0000] {logging_mixin.py:188} INFO - [2024-10-09T22:08:06.456+0000] {dag.py:3823} INFO - Setting next_dagrun for example_task_group_decorator to 2024-10-08 00:00:00+00:00, run_after=2024-10-09 00:00:00+00:00
[2024-10-09T22:08:06.480+0000] {processor.py:183} INFO - Processing /home/airflow/.local/lib/python3.8/site-packages/airflow/example_dags/example_task_group_decorator.py took 0.118 seconds
[2024-10-09T22:08:36.569+0000] {processor.py:161} INFO - Started process (PID=762) to work on /home/airflow/.local/lib/python3.8/site-packages/airflow/example_dags/example_task_group_decorator.py
[2024-10-09T22:08:36.570+0000] {processor.py:830} INFO - Processing file /home/airflow/.local/lib/python3.8/site-packages/airflow/example_dags/example_task_group_decorator.py for tasks to queue
[2024-10-09T22:08:36.573+0000] {logging_mixin.py:188} INFO - [2024-10-09T22:08:36.572+0000] {dagbag.py:538} INFO - Filling up the DagBag from /home/airflow/.local/lib/python3.8/site-packages/airflow/example_dags/example_task_group_decorator.py
[2024-10-09T22:08:36.587+0000] {processor.py:840} INFO - DAG(s) 'example_task_group_decorator' retrieved from /home/airflow/.local/lib/python3.8/site-packages/airflow/example_dags/example_task_group_decorator.py
[2024-10-09T22:08:36.613+0000] {logging_mixin.py:188} INFO - [2024-10-09T22:08:36.613+0000] {dag.py:3036} INFO - Sync 1 DAGs
[2024-10-09T22:08:36.637+0000] {logging_mixin.py:188} INFO - [2024-10-09T22:08:36.637+0000] {dag.py:3823} INFO - Setting next_dagrun for example_task_group_decorator to 2024-10-08 00:00:00+00:00, run_after=2024-10-09 00:00:00+00:00
[2024-10-09T22:08:36.659+0000] {processor.py:183} INFO - Processing /home/airflow/.local/lib/python3.8/site-packages/airflow/example_dags/example_task_group_decorator.py took 0.094 seconds
[2024-10-09T22:09:10.103+0000] {processor.py:161} INFO - Started process (PID=823) to work on /home/airflow/.local/lib/python3.8/site-packages/airflow/example_dags/example_task_group_decorator.py
[2024-10-09T22:09:10.122+0000] {processor.py:830} INFO - Processing file /home/airflow/.local/lib/python3.8/site-packages/airflow/example_dags/example_task_group_decorator.py for tasks to queue
[2024-10-09T22:09:10.328+0000] {logging_mixin.py:188} INFO - [2024-10-09T22:09:10.325+0000] {dagbag.py:538} INFO - Filling up the DagBag from /home/airflow/.local/lib/python3.8/site-packages/airflow/example_dags/example_task_group_decorator.py
[2024-10-09T22:09:10.700+0000] {processor.py:840} INFO - DAG(s) 'example_task_group_decorator' retrieved from /home/airflow/.local/lib/python3.8/site-packages/airflow/example_dags/example_task_group_decorator.py
[2024-10-09T22:09:10.861+0000] {logging_mixin.py:188} INFO - [2024-10-09T22:09:10.860+0000] {dag.py:3036} INFO - Sync 1 DAGs
[2024-10-09T22:09:10.987+0000] {logging_mixin.py:188} INFO - [2024-10-09T22:09:10.987+0000] {dag.py:3823} INFO - Setting next_dagrun for example_task_group_decorator to 2024-10-08 00:00:00+00:00, run_after=2024-10-09 00:00:00+00:00
[2024-10-09T22:09:11.120+0000] {processor.py:183} INFO - Processing /home/airflow/.local/lib/python3.8/site-packages/airflow/example_dags/example_task_group_decorator.py took 1.055 seconds
