[2024-10-09T22:02:18.929+0000] {processor.py:161} INFO - Started process (PID=113) to work on /home/airflow/.local/lib/python3.8/site-packages/airflow/example_dags/example_python_decorator.py
[2024-10-09T22:02:18.931+0000] {processor.py:830} INFO - Processing file /home/airflow/.local/lib/python3.8/site-packages/airflow/example_dags/example_python_decorator.py for tasks to queue
[2024-10-09T22:02:18.934+0000] {logging_mixin.py:188} INFO - [2024-10-09T22:02:18.933+0000] {dagbag.py:538} INFO - Filling up the DagBag from /home/airflow/.local/lib/python3.8/site-packages/airflow/example_dags/example_python_decorator.py
[2024-10-09T22:02:18.956+0000] {processor.py:840} INFO - DAG(s) 'example_python_decorator' retrieved from /home/airflow/.local/lib/python3.8/site-packages/airflow/example_dags/example_python_decorator.py
[2024-10-09T22:02:18.972+0000] {logging_mixin.py:188} INFO - [2024-10-09T22:02:18.971+0000] {dag.py:3036} INFO - Sync 1 DAGs
[2024-10-09T22:02:18.990+0000] {logging_mixin.py:188} INFO - [2024-10-09T22:02:18.990+0000] {dag.py:3823} INFO - Setting next_dagrun for example_python_decorator to None, run_after=None
[2024-10-09T22:02:19.036+0000] {processor.py:183} INFO - Processing /home/airflow/.local/lib/python3.8/site-packages/airflow/example_dags/example_python_decorator.py took 0.110 seconds
[2024-10-09T22:02:58.922+0000] {processor.py:161} INFO - Started process (PID=98) to work on /home/airflow/.local/lib/python3.8/site-packages/airflow/example_dags/example_python_decorator.py
[2024-10-09T22:02:58.924+0000] {processor.py:830} INFO - Processing file /home/airflow/.local/lib/python3.8/site-packages/airflow/example_dags/example_python_decorator.py for tasks to queue
[2024-10-09T22:02:58.926+0000] {logging_mixin.py:188} INFO - [2024-10-09T22:02:58.926+0000] {dagbag.py:538} INFO - Filling up the DagBag from /home/airflow/.local/lib/python3.8/site-packages/airflow/example_dags/example_python_decorator.py
[2024-10-09T22:02:58.940+0000] {processor.py:840} INFO - DAG(s) 'example_python_decorator' retrieved from /home/airflow/.local/lib/python3.8/site-packages/airflow/example_dags/example_python_decorator.py
[2024-10-09T22:02:59.051+0000] {logging_mixin.py:188} INFO - [2024-10-09T22:02:59.051+0000] {dag.py:3036} INFO - Sync 1 DAGs
[2024-10-09T22:02:59.065+0000] {logging_mixin.py:188} INFO - [2024-10-09T22:02:59.065+0000] {dag.py:3823} INFO - Setting next_dagrun for example_python_decorator to None, run_after=None
[2024-10-09T22:02:59.090+0000] {processor.py:183} INFO - Processing /home/airflow/.local/lib/python3.8/site-packages/airflow/example_dags/example_python_decorator.py took 0.171 seconds
[2024-10-09T22:03:29.358+0000] {processor.py:161} INFO - Started process (PID=160) to work on /home/airflow/.local/lib/python3.8/site-packages/airflow/example_dags/example_python_decorator.py
[2024-10-09T22:03:29.360+0000] {processor.py:830} INFO - Processing file /home/airflow/.local/lib/python3.8/site-packages/airflow/example_dags/example_python_decorator.py for tasks to queue
[2024-10-09T22:03:29.363+0000] {logging_mixin.py:188} INFO - [2024-10-09T22:03:29.362+0000] {dagbag.py:538} INFO - Filling up the DagBag from /home/airflow/.local/lib/python3.8/site-packages/airflow/example_dags/example_python_decorator.py
[2024-10-09T22:03:29.377+0000] {processor.py:840} INFO - DAG(s) 'example_python_decorator' retrieved from /home/airflow/.local/lib/python3.8/site-packages/airflow/example_dags/example_python_decorator.py
[2024-10-09T22:03:29.405+0000] {logging_mixin.py:188} INFO - [2024-10-09T22:03:29.405+0000] {dag.py:3036} INFO - Sync 1 DAGs
[2024-10-09T22:03:29.419+0000] {logging_mixin.py:188} INFO - [2024-10-09T22:03:29.419+0000] {dag.py:3823} INFO - Setting next_dagrun for example_python_decorator to None, run_after=None
[2024-10-09T22:03:29.459+0000] {processor.py:183} INFO - Processing /home/airflow/.local/lib/python3.8/site-packages/airflow/example_dags/example_python_decorator.py took 0.105 seconds
[2024-10-09T22:04:00.137+0000] {processor.py:161} INFO - Started process (PID=222) to work on /home/airflow/.local/lib/python3.8/site-packages/airflow/example_dags/example_python_decorator.py
[2024-10-09T22:04:00.138+0000] {processor.py:830} INFO - Processing file /home/airflow/.local/lib/python3.8/site-packages/airflow/example_dags/example_python_decorator.py for tasks to queue
[2024-10-09T22:04:00.141+0000] {logging_mixin.py:188} INFO - [2024-10-09T22:04:00.140+0000] {dagbag.py:538} INFO - Filling up the DagBag from /home/airflow/.local/lib/python3.8/site-packages/airflow/example_dags/example_python_decorator.py
[2024-10-09T22:04:00.156+0000] {processor.py:840} INFO - DAG(s) 'example_python_decorator' retrieved from /home/airflow/.local/lib/python3.8/site-packages/airflow/example_dags/example_python_decorator.py
[2024-10-09T22:04:00.199+0000] {logging_mixin.py:188} INFO - [2024-10-09T22:04:00.198+0000] {dag.py:3036} INFO - Sync 1 DAGs
[2024-10-09T22:04:00.212+0000] {logging_mixin.py:188} INFO - [2024-10-09T22:04:00.212+0000] {dag.py:3823} INFO - Setting next_dagrun for example_python_decorator to None, run_after=None
[2024-10-09T22:04:00.239+0000] {processor.py:183} INFO - Processing /home/airflow/.local/lib/python3.8/site-packages/airflow/example_dags/example_python_decorator.py took 0.105 seconds
[2024-10-09T22:04:31.205+0000] {processor.py:161} INFO - Started process (PID=284) to work on /home/airflow/.local/lib/python3.8/site-packages/airflow/example_dags/example_python_decorator.py
[2024-10-09T22:04:31.207+0000] {processor.py:830} INFO - Processing file /home/airflow/.local/lib/python3.8/site-packages/airflow/example_dags/example_python_decorator.py for tasks to queue
[2024-10-09T22:04:31.210+0000] {logging_mixin.py:188} INFO - [2024-10-09T22:04:31.210+0000] {dagbag.py:538} INFO - Filling up the DagBag from /home/airflow/.local/lib/python3.8/site-packages/airflow/example_dags/example_python_decorator.py
[2024-10-09T22:04:31.228+0000] {processor.py:840} INFO - DAG(s) 'example_python_decorator' retrieved from /home/airflow/.local/lib/python3.8/site-packages/airflow/example_dags/example_python_decorator.py
[2024-10-09T22:04:31.278+0000] {logging_mixin.py:188} INFO - [2024-10-09T22:04:31.276+0000] {dag.py:3036} INFO - Sync 1 DAGs
[2024-10-09T22:04:31.311+0000] {logging_mixin.py:188} INFO - [2024-10-09T22:04:31.310+0000] {dag.py:3823} INFO - Setting next_dagrun for example_python_decorator to None, run_after=None
[2024-10-09T22:04:31.360+0000] {processor.py:183} INFO - Processing /home/airflow/.local/lib/python3.8/site-packages/airflow/example_dags/example_python_decorator.py took 0.160 seconds
[2024-10-09T22:05:02.979+0000] {processor.py:161} INFO - Started process (PID=346) to work on /home/airflow/.local/lib/python3.8/site-packages/airflow/example_dags/example_python_decorator.py
[2024-10-09T22:05:02.980+0000] {processor.py:830} INFO - Processing file /home/airflow/.local/lib/python3.8/site-packages/airflow/example_dags/example_python_decorator.py for tasks to queue
[2024-10-09T22:05:02.982+0000] {logging_mixin.py:188} INFO - [2024-10-09T22:05:02.981+0000] {dagbag.py:538} INFO - Filling up the DagBag from /home/airflow/.local/lib/python3.8/site-packages/airflow/example_dags/example_python_decorator.py
[2024-10-09T22:05:02.997+0000] {processor.py:840} INFO - DAG(s) 'example_python_decorator' retrieved from /home/airflow/.local/lib/python3.8/site-packages/airflow/example_dags/example_python_decorator.py
[2024-10-09T22:05:03.025+0000] {logging_mixin.py:188} INFO - [2024-10-09T22:05:03.024+0000] {dag.py:3036} INFO - Sync 1 DAGs
[2024-10-09T22:05:03.042+0000] {logging_mixin.py:188} INFO - [2024-10-09T22:05:03.041+0000] {dag.py:3823} INFO - Setting next_dagrun for example_python_decorator to None, run_after=None
[2024-10-09T22:05:03.069+0000] {processor.py:183} INFO - Processing /home/airflow/.local/lib/python3.8/site-packages/airflow/example_dags/example_python_decorator.py took 0.094 seconds
[2024-10-09T22:05:33.615+0000] {processor.py:161} INFO - Started process (PID=408) to work on /home/airflow/.local/lib/python3.8/site-packages/airflow/example_dags/example_python_decorator.py
[2024-10-09T22:05:33.616+0000] {processor.py:830} INFO - Processing file /home/airflow/.local/lib/python3.8/site-packages/airflow/example_dags/example_python_decorator.py for tasks to queue
[2024-10-09T22:05:33.618+0000] {logging_mixin.py:188} INFO - [2024-10-09T22:05:33.618+0000] {dagbag.py:538} INFO - Filling up the DagBag from /home/airflow/.local/lib/python3.8/site-packages/airflow/example_dags/example_python_decorator.py
[2024-10-09T22:05:33.633+0000] {processor.py:840} INFO - DAG(s) 'example_python_decorator' retrieved from /home/airflow/.local/lib/python3.8/site-packages/airflow/example_dags/example_python_decorator.py
[2024-10-09T22:05:33.658+0000] {logging_mixin.py:188} INFO - [2024-10-09T22:05:33.657+0000] {dag.py:3036} INFO - Sync 1 DAGs
[2024-10-09T22:05:33.673+0000] {logging_mixin.py:188} INFO - [2024-10-09T22:05:33.673+0000] {dag.py:3823} INFO - Setting next_dagrun for example_python_decorator to None, run_after=None
[2024-10-09T22:05:33.701+0000] {processor.py:183} INFO - Processing /home/airflow/.local/lib/python3.8/site-packages/airflow/example_dags/example_python_decorator.py took 0.090 seconds
[2024-10-09T22:06:06.096+0000] {processor.py:161} INFO - Started process (PID=470) to work on /home/airflow/.local/lib/python3.8/site-packages/airflow/example_dags/example_python_decorator.py
[2024-10-09T22:06:06.098+0000] {processor.py:830} INFO - Processing file /home/airflow/.local/lib/python3.8/site-packages/airflow/example_dags/example_python_decorator.py for tasks to queue
[2024-10-09T22:06:06.102+0000] {logging_mixin.py:188} INFO - [2024-10-09T22:06:06.102+0000] {dagbag.py:538} INFO - Filling up the DagBag from /home/airflow/.local/lib/python3.8/site-packages/airflow/example_dags/example_python_decorator.py
[2024-10-09T22:06:06.135+0000] {processor.py:840} INFO - DAG(s) 'example_python_decorator' retrieved from /home/airflow/.local/lib/python3.8/site-packages/airflow/example_dags/example_python_decorator.py
[2024-10-09T22:06:06.192+0000] {logging_mixin.py:188} INFO - [2024-10-09T22:06:06.192+0000] {dag.py:3036} INFO - Sync 1 DAGs
[2024-10-09T22:06:06.211+0000] {logging_mixin.py:188} INFO - [2024-10-09T22:06:06.211+0000] {dag.py:3823} INFO - Setting next_dagrun for example_python_decorator to None, run_after=None
[2024-10-09T22:06:06.243+0000] {processor.py:183} INFO - Processing /home/airflow/.local/lib/python3.8/site-packages/airflow/example_dags/example_python_decorator.py took 0.154 seconds
[2024-10-09T22:06:36.847+0000] {processor.py:161} INFO - Started process (PID=532) to work on /home/airflow/.local/lib/python3.8/site-packages/airflow/example_dags/example_python_decorator.py
[2024-10-09T22:06:36.848+0000] {processor.py:830} INFO - Processing file /home/airflow/.local/lib/python3.8/site-packages/airflow/example_dags/example_python_decorator.py for tasks to queue
[2024-10-09T22:06:36.851+0000] {logging_mixin.py:188} INFO - [2024-10-09T22:06:36.850+0000] {dagbag.py:538} INFO - Filling up the DagBag from /home/airflow/.local/lib/python3.8/site-packages/airflow/example_dags/example_python_decorator.py
[2024-10-09T22:06:36.868+0000] {processor.py:840} INFO - DAG(s) 'example_python_decorator' retrieved from /home/airflow/.local/lib/python3.8/site-packages/airflow/example_dags/example_python_decorator.py
[2024-10-09T22:06:36.899+0000] {logging_mixin.py:188} INFO - [2024-10-09T22:06:36.899+0000] {dag.py:3036} INFO - Sync 1 DAGs
[2024-10-09T22:06:36.915+0000] {logging_mixin.py:188} INFO - [2024-10-09T22:06:36.915+0000] {dag.py:3823} INFO - Setting next_dagrun for example_python_decorator to None, run_after=None
[2024-10-09T22:06:36.945+0000] {processor.py:183} INFO - Processing /home/airflow/.local/lib/python3.8/site-packages/airflow/example_dags/example_python_decorator.py took 0.102 seconds
[2024-10-09T22:07:07.868+0000] {processor.py:161} INFO - Started process (PID=594) to work on /home/airflow/.local/lib/python3.8/site-packages/airflow/example_dags/example_python_decorator.py
[2024-10-09T22:07:07.869+0000] {processor.py:830} INFO - Processing file /home/airflow/.local/lib/python3.8/site-packages/airflow/example_dags/example_python_decorator.py for tasks to queue
[2024-10-09T22:07:07.871+0000] {logging_mixin.py:188} INFO - [2024-10-09T22:07:07.871+0000] {dagbag.py:538} INFO - Filling up the DagBag from /home/airflow/.local/lib/python3.8/site-packages/airflow/example_dags/example_python_decorator.py
[2024-10-09T22:07:07.887+0000] {processor.py:840} INFO - DAG(s) 'example_python_decorator' retrieved from /home/airflow/.local/lib/python3.8/site-packages/airflow/example_dags/example_python_decorator.py
[2024-10-09T22:07:07.925+0000] {logging_mixin.py:188} INFO - [2024-10-09T22:07:07.925+0000] {dag.py:3036} INFO - Sync 1 DAGs
[2024-10-09T22:07:07.939+0000] {logging_mixin.py:188} INFO - [2024-10-09T22:07:07.938+0000] {dag.py:3823} INFO - Setting next_dagrun for example_python_decorator to None, run_after=None
[2024-10-09T22:07:07.976+0000] {processor.py:183} INFO - Processing /home/airflow/.local/lib/python3.8/site-packages/airflow/example_dags/example_python_decorator.py took 0.111 seconds
[2024-10-09T22:07:38.418+0000] {processor.py:161} INFO - Started process (PID=656) to work on /home/airflow/.local/lib/python3.8/site-packages/airflow/example_dags/example_python_decorator.py
[2024-10-09T22:07:38.420+0000] {processor.py:830} INFO - Processing file /home/airflow/.local/lib/python3.8/site-packages/airflow/example_dags/example_python_decorator.py for tasks to queue
[2024-10-09T22:07:38.422+0000] {logging_mixin.py:188} INFO - [2024-10-09T22:07:38.422+0000] {dagbag.py:538} INFO - Filling up the DagBag from /home/airflow/.local/lib/python3.8/site-packages/airflow/example_dags/example_python_decorator.py
[2024-10-09T22:07:38.438+0000] {processor.py:840} INFO - DAG(s) 'example_python_decorator' retrieved from /home/airflow/.local/lib/python3.8/site-packages/airflow/example_dags/example_python_decorator.py
[2024-10-09T22:07:38.471+0000] {logging_mixin.py:188} INFO - [2024-10-09T22:07:38.470+0000] {dag.py:3036} INFO - Sync 1 DAGs
[2024-10-09T22:07:38.486+0000] {logging_mixin.py:188} INFO - [2024-10-09T22:07:38.485+0000] {dag.py:3823} INFO - Setting next_dagrun for example_python_decorator to None, run_after=None
[2024-10-09T22:07:38.520+0000] {processor.py:183} INFO - Processing /home/airflow/.local/lib/python3.8/site-packages/airflow/example_dags/example_python_decorator.py took 0.105 seconds
[2024-10-09T22:08:08.882+0000] {processor.py:161} INFO - Started process (PID=719) to work on /home/airflow/.local/lib/python3.8/site-packages/airflow/example_dags/example_python_decorator.py
[2024-10-09T22:08:08.884+0000] {processor.py:830} INFO - Processing file /home/airflow/.local/lib/python3.8/site-packages/airflow/example_dags/example_python_decorator.py for tasks to queue
[2024-10-09T22:08:08.886+0000] {logging_mixin.py:188} INFO - [2024-10-09T22:08:08.886+0000] {dagbag.py:538} INFO - Filling up the DagBag from /home/airflow/.local/lib/python3.8/site-packages/airflow/example_dags/example_python_decorator.py
[2024-10-09T22:08:08.900+0000] {processor.py:840} INFO - DAG(s) 'example_python_decorator' retrieved from /home/airflow/.local/lib/python3.8/site-packages/airflow/example_dags/example_python_decorator.py
[2024-10-09T22:08:08.939+0000] {logging_mixin.py:188} INFO - [2024-10-09T22:08:08.938+0000] {dag.py:3036} INFO - Sync 1 DAGs
[2024-10-09T22:08:08.953+0000] {logging_mixin.py:188} INFO - [2024-10-09T22:08:08.952+0000] {dag.py:3823} INFO - Setting next_dagrun for example_python_decorator to None, run_after=None
[2024-10-09T22:08:08.977+0000] {processor.py:183} INFO - Processing /home/airflow/.local/lib/python3.8/site-packages/airflow/example_dags/example_python_decorator.py took 0.098 seconds
[2024-10-09T22:08:39.071+0000] {processor.py:161} INFO - Started process (PID=780) to work on /home/airflow/.local/lib/python3.8/site-packages/airflow/example_dags/example_python_decorator.py
[2024-10-09T22:08:39.073+0000] {processor.py:830} INFO - Processing file /home/airflow/.local/lib/python3.8/site-packages/airflow/example_dags/example_python_decorator.py for tasks to queue
[2024-10-09T22:08:39.075+0000] {logging_mixin.py:188} INFO - [2024-10-09T22:08:39.075+0000] {dagbag.py:538} INFO - Filling up the DagBag from /home/airflow/.local/lib/python3.8/site-packages/airflow/example_dags/example_python_decorator.py
[2024-10-09T22:08:39.088+0000] {processor.py:840} INFO - DAG(s) 'example_python_decorator' retrieved from /home/airflow/.local/lib/python3.8/site-packages/airflow/example_dags/example_python_decorator.py
[2024-10-09T22:08:39.117+0000] {logging_mixin.py:188} INFO - [2024-10-09T22:08:39.116+0000] {dag.py:3036} INFO - Sync 1 DAGs
[2024-10-09T22:08:39.134+0000] {logging_mixin.py:188} INFO - [2024-10-09T22:08:39.134+0000] {dag.py:3823} INFO - Setting next_dagrun for example_python_decorator to None, run_after=None
[2024-10-09T22:08:39.164+0000] {processor.py:183} INFO - Processing /home/airflow/.local/lib/python3.8/site-packages/airflow/example_dags/example_python_decorator.py took 0.096 seconds
[2024-10-09T22:09:13.672+0000] {processor.py:161} INFO - Started process (PID=841) to work on /home/airflow/.local/lib/python3.8/site-packages/airflow/example_dags/example_python_decorator.py
[2024-10-09T22:09:13.675+0000] {processor.py:830} INFO - Processing file /home/airflow/.local/lib/python3.8/site-packages/airflow/example_dags/example_python_decorator.py for tasks to queue
[2024-10-09T22:09:13.689+0000] {logging_mixin.py:188} INFO - [2024-10-09T22:09:13.687+0000] {dagbag.py:538} INFO - Filling up the DagBag from /home/airflow/.local/lib/python3.8/site-packages/airflow/example_dags/example_python_decorator.py
[2024-10-09T22:09:13.719+0000] {processor.py:840} INFO - DAG(s) 'example_python_decorator' retrieved from /home/airflow/.local/lib/python3.8/site-packages/airflow/example_dags/example_python_decorator.py
[2024-10-09T22:09:13.781+0000] {logging_mixin.py:188} INFO - [2024-10-09T22:09:13.780+0000] {dag.py:3036} INFO - Sync 1 DAGs
[2024-10-09T22:09:13.800+0000] {logging_mixin.py:188} INFO - [2024-10-09T22:09:13.799+0000] {dag.py:3823} INFO - Setting next_dagrun for example_python_decorator to None, run_after=None
[2024-10-09T22:09:13.830+0000] {processor.py:183} INFO - Processing /home/airflow/.local/lib/python3.8/site-packages/airflow/example_dags/example_python_decorator.py took 0.163 seconds
