[2024-10-09T22:02:15.283+0000] {processor.py:161} INFO - Started process (PID=81) to work on /home/airflow/.local/lib/python3.8/site-packages/airflow/example_dags/example_branch_operator_decorator.py
[2024-10-09T22:02:15.285+0000] {processor.py:830} INFO - Processing file /home/airflow/.local/lib/python3.8/site-packages/airflow/example_dags/example_branch_operator_decorator.py for tasks to queue
[2024-10-09T22:02:15.289+0000] {logging_mixin.py:188} INFO - [2024-10-09T22:02:15.288+0000] {dagbag.py:538} INFO - Filling up the DagBag from /home/airflow/.local/lib/python3.8/site-packages/airflow/example_dags/example_branch_operator_decorator.py
[2024-10-09T22:02:15.333+0000] {processor.py:840} INFO - DAG(s) 'example_branch_python_operator_decorator' retrieved from /home/airflow/.local/lib/python3.8/site-packages/airflow/example_dags/example_branch_operator_decorator.py
[2024-10-09T22:02:15.356+0000] {logging_mixin.py:188} INFO - [2024-10-09T22:02:15.355+0000] {dag.py:3036} INFO - Sync 1 DAGs
[2024-10-09T22:02:15.414+0000] {logging_mixin.py:188} INFO - [2024-10-09T22:02:15.413+0000] {dag.py:3823} INFO - Setting next_dagrun for example_branch_python_operator_decorator to 2024-10-08 00:00:00+00:00, run_after=2024-10-09 00:00:00+00:00
[2024-10-09T22:02:15.480+0000] {processor.py:183} INFO - Processing /home/airflow/.local/lib/python3.8/site-packages/airflow/example_dags/example_branch_operator_decorator.py took 0.203 seconds
[2024-10-09T22:02:54.250+0000] {processor.py:161} INFO - Started process (PID=60) to work on /home/airflow/.local/lib/python3.8/site-packages/airflow/example_dags/example_branch_operator_decorator.py
[2024-10-09T22:02:54.252+0000] {processor.py:830} INFO - Processing file /home/airflow/.local/lib/python3.8/site-packages/airflow/example_dags/example_branch_operator_decorator.py for tasks to queue
[2024-10-09T22:02:54.255+0000] {logging_mixin.py:188} INFO - [2024-10-09T22:02:54.254+0000] {dagbag.py:538} INFO - Filling up the DagBag from /home/airflow/.local/lib/python3.8/site-packages/airflow/example_dags/example_branch_operator_decorator.py
[2024-10-09T22:02:54.283+0000] {processor.py:840} INFO - DAG(s) 'example_branch_python_operator_decorator' retrieved from /home/airflow/.local/lib/python3.8/site-packages/airflow/example_dags/example_branch_operator_decorator.py
[2024-10-09T22:02:54.440+0000] {logging_mixin.py:188} INFO - [2024-10-09T22:02:54.439+0000] {dag.py:3036} INFO - Sync 1 DAGs
[2024-10-09T22:02:54.462+0000] {logging_mixin.py:188} INFO - [2024-10-09T22:02:54.462+0000] {dag.py:3823} INFO - Setting next_dagrun for example_branch_python_operator_decorator to 2024-10-08 00:00:00+00:00, run_after=2024-10-09 00:00:00+00:00
[2024-10-09T22:02:54.487+0000] {processor.py:183} INFO - Processing /home/airflow/.local/lib/python3.8/site-packages/airflow/example_dags/example_branch_operator_decorator.py took 0.240 seconds
[2024-10-09T22:03:24.848+0000] {processor.py:161} INFO - Started process (PID=122) to work on /home/airflow/.local/lib/python3.8/site-packages/airflow/example_dags/example_branch_operator_decorator.py
[2024-10-09T22:03:24.850+0000] {processor.py:830} INFO - Processing file /home/airflow/.local/lib/python3.8/site-packages/airflow/example_dags/example_branch_operator_decorator.py for tasks to queue
[2024-10-09T22:03:24.853+0000] {logging_mixin.py:188} INFO - [2024-10-09T22:03:24.853+0000] {dagbag.py:538} INFO - Filling up the DagBag from /home/airflow/.local/lib/python3.8/site-packages/airflow/example_dags/example_branch_operator_decorator.py
[2024-10-09T22:03:24.893+0000] {processor.py:840} INFO - DAG(s) 'example_branch_python_operator_decorator' retrieved from /home/airflow/.local/lib/python3.8/site-packages/airflow/example_dags/example_branch_operator_decorator.py
[2024-10-09T22:03:24.947+0000] {logging_mixin.py:188} INFO - [2024-10-09T22:03:24.946+0000] {dag.py:3036} INFO - Sync 1 DAGs
[2024-10-09T22:03:24.978+0000] {logging_mixin.py:188} INFO - [2024-10-09T22:03:24.977+0000] {dag.py:3823} INFO - Setting next_dagrun for example_branch_python_operator_decorator to 2024-10-08 00:00:00+00:00, run_after=2024-10-09 00:00:00+00:00
[2024-10-09T22:03:25.075+0000] {processor.py:183} INFO - Processing /home/airflow/.local/lib/python3.8/site-packages/airflow/example_dags/example_branch_operator_decorator.py took 0.231 seconds
[2024-10-09T22:03:56.104+0000] {processor.py:161} INFO - Started process (PID=190) to work on /home/airflow/.local/lib/python3.8/site-packages/airflow/example_dags/example_branch_operator_decorator.py
[2024-10-09T22:03:56.106+0000] {processor.py:830} INFO - Processing file /home/airflow/.local/lib/python3.8/site-packages/airflow/example_dags/example_branch_operator_decorator.py for tasks to queue
[2024-10-09T22:03:56.108+0000] {logging_mixin.py:188} INFO - [2024-10-09T22:03:56.107+0000] {dagbag.py:538} INFO - Filling up the DagBag from /home/airflow/.local/lib/python3.8/site-packages/airflow/example_dags/example_branch_operator_decorator.py
[2024-10-09T22:03:56.132+0000] {processor.py:840} INFO - DAG(s) 'example_branch_python_operator_decorator' retrieved from /home/airflow/.local/lib/python3.8/site-packages/airflow/example_dags/example_branch_operator_decorator.py
[2024-10-09T22:03:56.175+0000] {logging_mixin.py:188} INFO - [2024-10-09T22:03:56.175+0000] {dag.py:3036} INFO - Sync 1 DAGs
[2024-10-09T22:03:56.200+0000] {logging_mixin.py:188} INFO - [2024-10-09T22:03:56.200+0000] {dag.py:3823} INFO - Setting next_dagrun for example_branch_python_operator_decorator to 2024-10-08 00:00:00+00:00, run_after=2024-10-09 00:00:00+00:00
[2024-10-09T22:03:56.227+0000] {processor.py:183} INFO - Processing /home/airflow/.local/lib/python3.8/site-packages/airflow/example_dags/example_branch_operator_decorator.py took 0.126 seconds
[2024-10-09T22:04:27.246+0000] {processor.py:161} INFO - Started process (PID=252) to work on /home/airflow/.local/lib/python3.8/site-packages/airflow/example_dags/example_branch_operator_decorator.py
[2024-10-09T22:04:27.247+0000] {processor.py:830} INFO - Processing file /home/airflow/.local/lib/python3.8/site-packages/airflow/example_dags/example_branch_operator_decorator.py for tasks to queue
[2024-10-09T22:04:27.262+0000] {logging_mixin.py:188} INFO - [2024-10-09T22:04:27.260+0000] {dagbag.py:538} INFO - Filling up the DagBag from /home/airflow/.local/lib/python3.8/site-packages/airflow/example_dags/example_branch_operator_decorator.py
[2024-10-09T22:04:27.293+0000] {processor.py:840} INFO - DAG(s) 'example_branch_python_operator_decorator' retrieved from /home/airflow/.local/lib/python3.8/site-packages/airflow/example_dags/example_branch_operator_decorator.py
[2024-10-09T22:04:27.338+0000] {logging_mixin.py:188} INFO - [2024-10-09T22:04:27.338+0000] {dag.py:3036} INFO - Sync 1 DAGs
[2024-10-09T22:04:27.375+0000] {logging_mixin.py:188} INFO - [2024-10-09T22:04:27.375+0000] {dag.py:3823} INFO - Setting next_dagrun for example_branch_python_operator_decorator to 2024-10-08 00:00:00+00:00, run_after=2024-10-09 00:00:00+00:00
[2024-10-09T22:04:27.409+0000] {processor.py:183} INFO - Processing /home/airflow/.local/lib/python3.8/site-packages/airflow/example_dags/example_branch_operator_decorator.py took 0.168 seconds
[2024-10-09T22:04:58.369+0000] {processor.py:161} INFO - Started process (PID=313) to work on /home/airflow/.local/lib/python3.8/site-packages/airflow/example_dags/example_branch_operator_decorator.py
[2024-10-09T22:04:58.371+0000] {processor.py:830} INFO - Processing file /home/airflow/.local/lib/python3.8/site-packages/airflow/example_dags/example_branch_operator_decorator.py for tasks to queue
[2024-10-09T22:04:58.374+0000] {logging_mixin.py:188} INFO - [2024-10-09T22:04:58.373+0000] {dagbag.py:538} INFO - Filling up the DagBag from /home/airflow/.local/lib/python3.8/site-packages/airflow/example_dags/example_branch_operator_decorator.py
[2024-10-09T22:04:58.424+0000] {processor.py:840} INFO - DAG(s) 'example_branch_python_operator_decorator' retrieved from /home/airflow/.local/lib/python3.8/site-packages/airflow/example_dags/example_branch_operator_decorator.py
[2024-10-09T22:04:58.467+0000] {logging_mixin.py:188} INFO - [2024-10-09T22:04:58.466+0000] {dag.py:3036} INFO - Sync 1 DAGs
[2024-10-09T22:04:58.501+0000] {logging_mixin.py:188} INFO - [2024-10-09T22:04:58.501+0000] {dag.py:3823} INFO - Setting next_dagrun for example_branch_python_operator_decorator to 2024-10-08 00:00:00+00:00, run_after=2024-10-09 00:00:00+00:00
[2024-10-09T22:04:58.615+0000] {processor.py:183} INFO - Processing /home/airflow/.local/lib/python3.8/site-packages/airflow/example_dags/example_branch_operator_decorator.py took 0.250 seconds
[2024-10-09T22:05:28.803+0000] {processor.py:161} INFO - Started process (PID=374) to work on /home/airflow/.local/lib/python3.8/site-packages/airflow/example_dags/example_branch_operator_decorator.py
[2024-10-09T22:05:28.805+0000] {processor.py:830} INFO - Processing file /home/airflow/.local/lib/python3.8/site-packages/airflow/example_dags/example_branch_operator_decorator.py for tasks to queue
[2024-10-09T22:05:28.808+0000] {logging_mixin.py:188} INFO - [2024-10-09T22:05:28.807+0000] {dagbag.py:538} INFO - Filling up the DagBag from /home/airflow/.local/lib/python3.8/site-packages/airflow/example_dags/example_branch_operator_decorator.py
[2024-10-09T22:05:28.843+0000] {processor.py:840} INFO - DAG(s) 'example_branch_python_operator_decorator' retrieved from /home/airflow/.local/lib/python3.8/site-packages/airflow/example_dags/example_branch_operator_decorator.py
[2024-10-09T22:05:28.876+0000] {logging_mixin.py:188} INFO - [2024-10-09T22:05:28.875+0000] {dag.py:3036} INFO - Sync 1 DAGs
[2024-10-09T22:05:28.905+0000] {logging_mixin.py:188} INFO - [2024-10-09T22:05:28.904+0000] {dag.py:3823} INFO - Setting next_dagrun for example_branch_python_operator_decorator to 2024-10-08 00:00:00+00:00, run_after=2024-10-09 00:00:00+00:00
[2024-10-09T22:05:28.934+0000] {processor.py:183} INFO - Processing /home/airflow/.local/lib/python3.8/site-packages/airflow/example_dags/example_branch_operator_decorator.py took 0.136 seconds
[2024-10-09T22:05:59.110+0000] {processor.py:161} INFO - Started process (PID=436) to work on /home/airflow/.local/lib/python3.8/site-packages/airflow/example_dags/example_branch_operator_decorator.py
[2024-10-09T22:05:59.112+0000] {processor.py:830} INFO - Processing file /home/airflow/.local/lib/python3.8/site-packages/airflow/example_dags/example_branch_operator_decorator.py for tasks to queue
[2024-10-09T22:05:59.125+0000] {logging_mixin.py:188} INFO - [2024-10-09T22:05:59.124+0000] {dagbag.py:538} INFO - Filling up the DagBag from /home/airflow/.local/lib/python3.8/site-packages/airflow/example_dags/example_branch_operator_decorator.py
[2024-10-09T22:05:59.163+0000] {processor.py:840} INFO - DAG(s) 'example_branch_python_operator_decorator' retrieved from /home/airflow/.local/lib/python3.8/site-packages/airflow/example_dags/example_branch_operator_decorator.py
[2024-10-09T22:05:59.200+0000] {logging_mixin.py:188} INFO - [2024-10-09T22:05:59.199+0000] {dag.py:3036} INFO - Sync 1 DAGs
[2024-10-09T22:05:59.228+0000] {logging_mixin.py:188} INFO - [2024-10-09T22:05:59.227+0000] {dag.py:3823} INFO - Setting next_dagrun for example_branch_python_operator_decorator to 2024-10-08 00:00:00+00:00, run_after=2024-10-09 00:00:00+00:00
[2024-10-09T22:05:59.256+0000] {processor.py:183} INFO - Processing /home/airflow/.local/lib/python3.8/site-packages/airflow/example_dags/example_branch_operator_decorator.py took 0.151 seconds
[2024-10-09T22:06:29.416+0000] {processor.py:161} INFO - Started process (PID=498) to work on /home/airflow/.local/lib/python3.8/site-packages/airflow/example_dags/example_branch_operator_decorator.py
[2024-10-09T22:06:29.418+0000] {processor.py:830} INFO - Processing file /home/airflow/.local/lib/python3.8/site-packages/airflow/example_dags/example_branch_operator_decorator.py for tasks to queue
[2024-10-09T22:06:29.421+0000] {logging_mixin.py:188} INFO - [2024-10-09T22:06:29.420+0000] {dagbag.py:538} INFO - Filling up the DagBag from /home/airflow/.local/lib/python3.8/site-packages/airflow/example_dags/example_branch_operator_decorator.py
[2024-10-09T22:06:29.449+0000] {processor.py:840} INFO - DAG(s) 'example_branch_python_operator_decorator' retrieved from /home/airflow/.local/lib/python3.8/site-packages/airflow/example_dags/example_branch_operator_decorator.py
[2024-10-09T22:06:29.512+0000] {logging_mixin.py:188} INFO - [2024-10-09T22:06:29.511+0000] {dag.py:3036} INFO - Sync 1 DAGs
[2024-10-09T22:06:29.550+0000] {logging_mixin.py:188} INFO - [2024-10-09T22:06:29.550+0000] {dag.py:3823} INFO - Setting next_dagrun for example_branch_python_operator_decorator to 2024-10-08 00:00:00+00:00, run_after=2024-10-09 00:00:00+00:00
[2024-10-09T22:06:29.582+0000] {processor.py:183} INFO - Processing /home/airflow/.local/lib/python3.8/site-packages/airflow/example_dags/example_branch_operator_decorator.py took 0.170 seconds
[2024-10-09T22:06:59.677+0000] {processor.py:161} INFO - Started process (PID=560) to work on /home/airflow/.local/lib/python3.8/site-packages/airflow/example_dags/example_branch_operator_decorator.py
[2024-10-09T22:06:59.678+0000] {processor.py:830} INFO - Processing file /home/airflow/.local/lib/python3.8/site-packages/airflow/example_dags/example_branch_operator_decorator.py for tasks to queue
[2024-10-09T22:06:59.681+0000] {logging_mixin.py:188} INFO - [2024-10-09T22:06:59.681+0000] {dagbag.py:538} INFO - Filling up the DagBag from /home/airflow/.local/lib/python3.8/site-packages/airflow/example_dags/example_branch_operator_decorator.py
[2024-10-09T22:06:59.707+0000] {processor.py:840} INFO - DAG(s) 'example_branch_python_operator_decorator' retrieved from /home/airflow/.local/lib/python3.8/site-packages/airflow/example_dags/example_branch_operator_decorator.py
[2024-10-09T22:06:59.741+0000] {logging_mixin.py:188} INFO - [2024-10-09T22:06:59.741+0000] {dag.py:3036} INFO - Sync 1 DAGs
[2024-10-09T22:06:59.770+0000] {logging_mixin.py:188} INFO - [2024-10-09T22:06:59.770+0000] {dag.py:3823} INFO - Setting next_dagrun for example_branch_python_operator_decorator to 2024-10-08 00:00:00+00:00, run_after=2024-10-09 00:00:00+00:00
[2024-10-09T22:06:59.795+0000] {processor.py:183} INFO - Processing /home/airflow/.local/lib/python3.8/site-packages/airflow/example_dags/example_branch_operator_decorator.py took 0.124 seconds
[2024-10-09T22:07:30.693+0000] {processor.py:161} INFO - Started process (PID=622) to work on /home/airflow/.local/lib/python3.8/site-packages/airflow/example_dags/example_branch_operator_decorator.py
[2024-10-09T22:07:30.694+0000] {processor.py:830} INFO - Processing file /home/airflow/.local/lib/python3.8/site-packages/airflow/example_dags/example_branch_operator_decorator.py for tasks to queue
[2024-10-09T22:07:30.696+0000] {logging_mixin.py:188} INFO - [2024-10-09T22:07:30.696+0000] {dagbag.py:538} INFO - Filling up the DagBag from /home/airflow/.local/lib/python3.8/site-packages/airflow/example_dags/example_branch_operator_decorator.py
[2024-10-09T22:07:30.717+0000] {processor.py:840} INFO - DAG(s) 'example_branch_python_operator_decorator' retrieved from /home/airflow/.local/lib/python3.8/site-packages/airflow/example_dags/example_branch_operator_decorator.py
[2024-10-09T22:07:30.747+0000] {logging_mixin.py:188} INFO - [2024-10-09T22:07:30.746+0000] {dag.py:3036} INFO - Sync 1 DAGs
[2024-10-09T22:07:30.781+0000] {logging_mixin.py:188} INFO - [2024-10-09T22:07:30.781+0000] {dag.py:3823} INFO - Setting next_dagrun for example_branch_python_operator_decorator to 2024-10-08 00:00:00+00:00, run_after=2024-10-09 00:00:00+00:00
[2024-10-09T22:07:30.804+0000] {processor.py:183} INFO - Processing /home/airflow/.local/lib/python3.8/site-packages/airflow/example_dags/example_branch_operator_decorator.py took 0.114 seconds
[2024-10-09T22:08:01.410+0000] {processor.py:161} INFO - Started process (PID=686) to work on /home/airflow/.local/lib/python3.8/site-packages/airflow/example_dags/example_branch_operator_decorator.py
[2024-10-09T22:08:01.412+0000] {processor.py:830} INFO - Processing file /home/airflow/.local/lib/python3.8/site-packages/airflow/example_dags/example_branch_operator_decorator.py for tasks to queue
[2024-10-09T22:08:01.415+0000] {logging_mixin.py:188} INFO - [2024-10-09T22:08:01.414+0000] {dagbag.py:538} INFO - Filling up the DagBag from /home/airflow/.local/lib/python3.8/site-packages/airflow/example_dags/example_branch_operator_decorator.py
[2024-10-09T22:08:01.447+0000] {processor.py:840} INFO - DAG(s) 'example_branch_python_operator_decorator' retrieved from /home/airflow/.local/lib/python3.8/site-packages/airflow/example_dags/example_branch_operator_decorator.py
[2024-10-09T22:08:01.531+0000] {logging_mixin.py:188} INFO - [2024-10-09T22:08:01.529+0000] {dag.py:3036} INFO - Sync 1 DAGs
[2024-10-09T22:08:01.562+0000] {logging_mixin.py:188} INFO - [2024-10-09T22:08:01.562+0000] {dag.py:3823} INFO - Setting next_dagrun for example_branch_python_operator_decorator to 2024-10-08 00:00:00+00:00, run_after=2024-10-09 00:00:00+00:00
[2024-10-09T22:08:01.589+0000] {processor.py:183} INFO - Processing /home/airflow/.local/lib/python3.8/site-packages/airflow/example_dags/example_branch_operator_decorator.py took 0.183 seconds
[2024-10-09T22:08:31.897+0000] {processor.py:161} INFO - Started process (PID=747) to work on /home/airflow/.local/lib/python3.8/site-packages/airflow/example_dags/example_branch_operator_decorator.py
[2024-10-09T22:08:31.899+0000] {processor.py:830} INFO - Processing file /home/airflow/.local/lib/python3.8/site-packages/airflow/example_dags/example_branch_operator_decorator.py for tasks to queue
[2024-10-09T22:08:31.901+0000] {logging_mixin.py:188} INFO - [2024-10-09T22:08:31.901+0000] {dagbag.py:538} INFO - Filling up the DagBag from /home/airflow/.local/lib/python3.8/site-packages/airflow/example_dags/example_branch_operator_decorator.py
[2024-10-09T22:08:31.926+0000] {processor.py:840} INFO - DAG(s) 'example_branch_python_operator_decorator' retrieved from /home/airflow/.local/lib/python3.8/site-packages/airflow/example_dags/example_branch_operator_decorator.py
[2024-10-09T22:08:31.967+0000] {logging_mixin.py:188} INFO - [2024-10-09T22:08:31.966+0000] {dag.py:3036} INFO - Sync 1 DAGs
[2024-10-09T22:08:31.994+0000] {logging_mixin.py:188} INFO - [2024-10-09T22:08:31.994+0000] {dag.py:3823} INFO - Setting next_dagrun for example_branch_python_operator_decorator to 2024-10-08 00:00:00+00:00, run_after=2024-10-09 00:00:00+00:00
[2024-10-09T22:08:32.042+0000] {processor.py:183} INFO - Processing /home/airflow/.local/lib/python3.8/site-packages/airflow/example_dags/example_branch_operator_decorator.py took 0.148 seconds
[2024-10-09T22:09:02.581+0000] {processor.py:161} INFO - Started process (PID=808) to work on /home/airflow/.local/lib/python3.8/site-packages/airflow/example_dags/example_branch_operator_decorator.py
[2024-10-09T22:09:02.598+0000] {processor.py:830} INFO - Processing file /home/airflow/.local/lib/python3.8/site-packages/airflow/example_dags/example_branch_operator_decorator.py for tasks to queue
[2024-10-09T22:09:02.623+0000] {logging_mixin.py:188} INFO - [2024-10-09T22:09:02.621+0000] {dagbag.py:538} INFO - Filling up the DagBag from /home/airflow/.local/lib/python3.8/site-packages/airflow/example_dags/example_branch_operator_decorator.py
[2024-10-09T22:09:02.775+0000] {processor.py:840} INFO - DAG(s) 'example_branch_python_operator_decorator' retrieved from /home/airflow/.local/lib/python3.8/site-packages/airflow/example_dags/example_branch_operator_decorator.py
[2024-10-09T22:09:02.938+0000] {logging_mixin.py:188} INFO - [2024-10-09T22:09:02.937+0000] {dag.py:3036} INFO - Sync 1 DAGs
[2024-10-09T22:09:03.050+0000] {logging_mixin.py:188} INFO - [2024-10-09T22:09:03.050+0000] {dag.py:3823} INFO - Setting next_dagrun for example_branch_python_operator_decorator to 2024-10-08 00:00:00+00:00, run_after=2024-10-09 00:00:00+00:00
[2024-10-09T22:09:03.105+0000] {processor.py:183} INFO - Processing /home/airflow/.local/lib/python3.8/site-packages/airflow/example_dags/example_branch_operator_decorator.py took 0.558 seconds
