[2024-10-09T22:02:17.588+0000] {processor.py:161} INFO - Started process (PID=98) to work on /home/airflow/.local/lib/python3.8/site-packages/airflow/example_dags/example_sla_dag.py
[2024-10-09T22:02:17.590+0000] {processor.py:830} INFO - Processing file /home/airflow/.local/lib/python3.8/site-packages/airflow/example_dags/example_sla_dag.py for tasks to queue
[2024-10-09T22:02:17.595+0000] {logging_mixin.py:188} INFO - [2024-10-09T22:02:17.594+0000] {dagbag.py:538} INFO - Filling up the DagBag from /home/airflow/.local/lib/python3.8/site-packages/airflow/example_dags/example_sla_dag.py
[2024-10-09T22:02:17.616+0000] {processor.py:840} INFO - DAG(s) 'example_sla_dag' retrieved from /home/airflow/.local/lib/python3.8/site-packages/airflow/example_dags/example_sla_dag.py
[2024-10-09T22:02:17.638+0000] {logging_mixin.py:188} INFO - [2024-10-09T22:02:17.637+0000] {dag.py:3036} INFO - Sync 1 DAGs
[2024-10-09T22:02:17.695+0000] {logging_mixin.py:188} INFO - [2024-10-09T22:02:17.695+0000] {dag.py:3823} INFO - Setting next_dagrun for example_sla_dag to 2024-10-09 22:00:00+00:00, run_after=2024-10-09 22:02:00+00:00
[2024-10-09T22:02:17.733+0000] {processor.py:183} INFO - Processing /home/airflow/.local/lib/python3.8/site-packages/airflow/example_dags/example_sla_dag.py took 0.150 seconds
[2024-10-09T22:02:57.142+0000] {processor.py:161} INFO - Started process (PID=83) to work on /home/airflow/.local/lib/python3.8/site-packages/airflow/example_dags/example_sla_dag.py
[2024-10-09T22:02:57.145+0000] {processor.py:830} INFO - Processing file /home/airflow/.local/lib/python3.8/site-packages/airflow/example_dags/example_sla_dag.py for tasks to queue
[2024-10-09T22:02:57.148+0000] {logging_mixin.py:188} INFO - [2024-10-09T22:02:57.147+0000] {dagbag.py:538} INFO - Filling up the DagBag from /home/airflow/.local/lib/python3.8/site-packages/airflow/example_dags/example_sla_dag.py
[2024-10-09T22:02:57.161+0000] {processor.py:840} INFO - DAG(s) 'example_sla_dag' retrieved from /home/airflow/.local/lib/python3.8/site-packages/airflow/example_dags/example_sla_dag.py
[2024-10-09T22:02:57.276+0000] {logging_mixin.py:188} INFO - [2024-10-09T22:02:57.276+0000] {dag.py:3036} INFO - Sync 1 DAGs
[2024-10-09T22:02:57.302+0000] {logging_mixin.py:188} INFO - [2024-10-09T22:02:57.301+0000] {dag.py:3823} INFO - Setting next_dagrun for example_sla_dag to 2024-10-09 22:00:00+00:00, run_after=2024-10-09 22:02:00+00:00
[2024-10-09T22:02:57.331+0000] {processor.py:183} INFO - Processing /home/airflow/.local/lib/python3.8/site-packages/airflow/example_dags/example_sla_dag.py took 0.204 seconds
[2024-10-09T22:03:27.899+0000] {processor.py:161} INFO - Started process (PID=145) to work on /home/airflow/.local/lib/python3.8/site-packages/airflow/example_dags/example_sla_dag.py
[2024-10-09T22:03:27.901+0000] {processor.py:830} INFO - Processing file /home/airflow/.local/lib/python3.8/site-packages/airflow/example_dags/example_sla_dag.py for tasks to queue
[2024-10-09T22:03:27.904+0000] {logging_mixin.py:188} INFO - [2024-10-09T22:03:27.903+0000] {dagbag.py:538} INFO - Filling up the DagBag from /home/airflow/.local/lib/python3.8/site-packages/airflow/example_dags/example_sla_dag.py
[2024-10-09T22:03:27.915+0000] {processor.py:840} INFO - DAG(s) 'example_sla_dag' retrieved from /home/airflow/.local/lib/python3.8/site-packages/airflow/example_dags/example_sla_dag.py
[2024-10-09T22:03:27.955+0000] {logging_mixin.py:188} INFO - [2024-10-09T22:03:27.955+0000] {dag.py:3036} INFO - Sync 1 DAGs
[2024-10-09T22:03:28.002+0000] {logging_mixin.py:188} INFO - [2024-10-09T22:03:28.001+0000] {dag.py:3823} INFO - Setting next_dagrun for example_sla_dag to 2024-10-09 22:00:00+00:00, run_after=2024-10-09 22:02:00+00:00
[2024-10-09T22:03:28.044+0000] {processor.py:183} INFO - Processing /home/airflow/.local/lib/python3.8/site-packages/airflow/example_dags/example_sla_dag.py took 0.149 seconds
[2024-10-09T22:03:58.913+0000] {processor.py:161} INFO - Started process (PID=207) to work on /home/airflow/.local/lib/python3.8/site-packages/airflow/example_dags/example_sla_dag.py
[2024-10-09T22:03:58.915+0000] {processor.py:830} INFO - Processing file /home/airflow/.local/lib/python3.8/site-packages/airflow/example_dags/example_sla_dag.py for tasks to queue
[2024-10-09T22:03:58.918+0000] {logging_mixin.py:188} INFO - [2024-10-09T22:03:58.917+0000] {dagbag.py:538} INFO - Filling up the DagBag from /home/airflow/.local/lib/python3.8/site-packages/airflow/example_dags/example_sla_dag.py
[2024-10-09T22:03:58.942+0000] {processor.py:840} INFO - DAG(s) 'example_sla_dag' retrieved from /home/airflow/.local/lib/python3.8/site-packages/airflow/example_dags/example_sla_dag.py
[2024-10-09T22:03:58.967+0000] {logging_mixin.py:188} INFO - [2024-10-09T22:03:58.967+0000] {dag.py:3036} INFO - Sync 1 DAGs
[2024-10-09T22:03:58.994+0000] {logging_mixin.py:188} INFO - [2024-10-09T22:03:58.993+0000] {dag.py:3823} INFO - Setting next_dagrun for example_sla_dag to 2024-10-09 22:00:00+00:00, run_after=2024-10-09 22:02:00+00:00
[2024-10-09T22:03:59.015+0000] {processor.py:183} INFO - Processing /home/airflow/.local/lib/python3.8/site-packages/airflow/example_dags/example_sla_dag.py took 0.106 seconds
[2024-10-09T22:04:29.416+0000] {processor.py:161} INFO - Started process (PID=269) to work on /home/airflow/.local/lib/python3.8/site-packages/airflow/example_dags/example_sla_dag.py
[2024-10-09T22:04:29.417+0000] {processor.py:830} INFO - Processing file /home/airflow/.local/lib/python3.8/site-packages/airflow/example_dags/example_sla_dag.py for tasks to queue
[2024-10-09T22:04:29.421+0000] {logging_mixin.py:188} INFO - [2024-10-09T22:04:29.420+0000] {dagbag.py:538} INFO - Filling up the DagBag from /home/airflow/.local/lib/python3.8/site-packages/airflow/example_dags/example_sla_dag.py
[2024-10-09T22:04:29.434+0000] {processor.py:840} INFO - DAG(s) 'example_sla_dag' retrieved from /home/airflow/.local/lib/python3.8/site-packages/airflow/example_dags/example_sla_dag.py
[2024-10-09T22:04:29.470+0000] {logging_mixin.py:188} INFO - [2024-10-09T22:04:29.469+0000] {dag.py:3036} INFO - Sync 1 DAGs
[2024-10-09T22:04:29.533+0000] {logging_mixin.py:188} INFO - [2024-10-09T22:04:29.532+0000] {dag.py:3823} INFO - Setting next_dagrun for example_sla_dag to 2024-10-09 22:02:00+00:00, run_after=2024-10-09 22:04:00+00:00
[2024-10-09T22:04:29.570+0000] {processor.py:183} INFO - Processing /home/airflow/.local/lib/python3.8/site-packages/airflow/example_dags/example_sla_dag.py took 0.160 seconds
[2024-10-09T22:05:01.735+0000] {processor.py:161} INFO - Started process (PID=331) to work on /home/airflow/.local/lib/python3.8/site-packages/airflow/example_dags/example_sla_dag.py
[2024-10-09T22:05:01.736+0000] {processor.py:830} INFO - Processing file /home/airflow/.local/lib/python3.8/site-packages/airflow/example_dags/example_sla_dag.py for tasks to queue
[2024-10-09T22:05:01.738+0000] {logging_mixin.py:188} INFO - [2024-10-09T22:05:01.738+0000] {dagbag.py:538} INFO - Filling up the DagBag from /home/airflow/.local/lib/python3.8/site-packages/airflow/example_dags/example_sla_dag.py
[2024-10-09T22:05:01.748+0000] {processor.py:840} INFO - DAG(s) 'example_sla_dag' retrieved from /home/airflow/.local/lib/python3.8/site-packages/airflow/example_dags/example_sla_dag.py
[2024-10-09T22:05:01.772+0000] {logging_mixin.py:188} INFO - [2024-10-09T22:05:01.771+0000] {dag.py:3036} INFO - Sync 1 DAGs
[2024-10-09T22:05:01.812+0000] {logging_mixin.py:188} INFO - [2024-10-09T22:05:01.811+0000] {dag.py:3823} INFO - Setting next_dagrun for example_sla_dag to 2024-10-09 22:02:00+00:00, run_after=2024-10-09 22:04:00+00:00
[2024-10-09T22:05:01.844+0000] {processor.py:183} INFO - Processing /home/airflow/.local/lib/python3.8/site-packages/airflow/example_dags/example_sla_dag.py took 0.114 seconds
[2024-10-09T22:05:32.411+0000] {processor.py:161} INFO - Started process (PID=393) to work on /home/airflow/.local/lib/python3.8/site-packages/airflow/example_dags/example_sla_dag.py
[2024-10-09T22:05:32.412+0000] {processor.py:830} INFO - Processing file /home/airflow/.local/lib/python3.8/site-packages/airflow/example_dags/example_sla_dag.py for tasks to queue
[2024-10-09T22:05:32.414+0000] {logging_mixin.py:188} INFO - [2024-10-09T22:05:32.414+0000] {dagbag.py:538} INFO - Filling up the DagBag from /home/airflow/.local/lib/python3.8/site-packages/airflow/example_dags/example_sla_dag.py
[2024-10-09T22:05:32.424+0000] {processor.py:840} INFO - DAG(s) 'example_sla_dag' retrieved from /home/airflow/.local/lib/python3.8/site-packages/airflow/example_dags/example_sla_dag.py
[2024-10-09T22:05:32.448+0000] {logging_mixin.py:188} INFO - [2024-10-09T22:05:32.447+0000] {dag.py:3036} INFO - Sync 1 DAGs
[2024-10-09T22:05:32.474+0000] {logging_mixin.py:188} INFO - [2024-10-09T22:05:32.474+0000] {dag.py:3823} INFO - Setting next_dagrun for example_sla_dag to 2024-10-09 22:02:00+00:00, run_after=2024-10-09 22:04:00+00:00
[2024-10-09T22:05:32.521+0000] {processor.py:183} INFO - Processing /home/airflow/.local/lib/python3.8/site-packages/airflow/example_dags/example_sla_dag.py took 0.113 seconds
[2024-10-09T22:06:04.320+0000] {processor.py:161} INFO - Started process (PID=455) to work on /home/airflow/.local/lib/python3.8/site-packages/airflow/example_dags/example_sla_dag.py
[2024-10-09T22:06:04.322+0000] {processor.py:830} INFO - Processing file /home/airflow/.local/lib/python3.8/site-packages/airflow/example_dags/example_sla_dag.py for tasks to queue
[2024-10-09T22:06:04.324+0000] {logging_mixin.py:188} INFO - [2024-10-09T22:06:04.324+0000] {dagbag.py:538} INFO - Filling up the DagBag from /home/airflow/.local/lib/python3.8/site-packages/airflow/example_dags/example_sla_dag.py
[2024-10-09T22:06:04.339+0000] {processor.py:840} INFO - DAG(s) 'example_sla_dag' retrieved from /home/airflow/.local/lib/python3.8/site-packages/airflow/example_dags/example_sla_dag.py
[2024-10-09T22:06:04.381+0000] {logging_mixin.py:188} INFO - [2024-10-09T22:06:04.381+0000] {dag.py:3036} INFO - Sync 1 DAGs
[2024-10-09T22:06:04.444+0000] {logging_mixin.py:188} INFO - [2024-10-09T22:06:04.444+0000] {dag.py:3823} INFO - Setting next_dagrun for example_sla_dag to 2024-10-09 22:04:00+00:00, run_after=2024-10-09 22:06:00+00:00
[2024-10-09T22:06:04.489+0000] {processor.py:183} INFO - Processing /home/airflow/.local/lib/python3.8/site-packages/airflow/example_dags/example_sla_dag.py took 0.174 seconds
[2024-10-09T22:06:35.391+0000] {processor.py:161} INFO - Started process (PID=517) to work on /home/airflow/.local/lib/python3.8/site-packages/airflow/example_dags/example_sla_dag.py
[2024-10-09T22:06:35.394+0000] {processor.py:830} INFO - Processing file /home/airflow/.local/lib/python3.8/site-packages/airflow/example_dags/example_sla_dag.py for tasks to queue
[2024-10-09T22:06:35.398+0000] {logging_mixin.py:188} INFO - [2024-10-09T22:06:35.397+0000] {dagbag.py:538} INFO - Filling up the DagBag from /home/airflow/.local/lib/python3.8/site-packages/airflow/example_dags/example_sla_dag.py
[2024-10-09T22:06:35.413+0000] {processor.py:840} INFO - DAG(s) 'example_sla_dag' retrieved from /home/airflow/.local/lib/python3.8/site-packages/airflow/example_dags/example_sla_dag.py
[2024-10-09T22:06:35.446+0000] {logging_mixin.py:188} INFO - [2024-10-09T22:06:35.445+0000] {dag.py:3036} INFO - Sync 1 DAGs
[2024-10-09T22:06:35.479+0000] {logging_mixin.py:188} INFO - [2024-10-09T22:06:35.479+0000] {dag.py:3823} INFO - Setting next_dagrun for example_sla_dag to 2024-10-09 22:04:00+00:00, run_after=2024-10-09 22:06:00+00:00
[2024-10-09T22:06:35.526+0000] {processor.py:183} INFO - Processing /home/airflow/.local/lib/python3.8/site-packages/airflow/example_dags/example_sla_dag.py took 0.142 seconds
[2024-10-09T22:07:06.474+0000] {processor.py:161} INFO - Started process (PID=579) to work on /home/airflow/.local/lib/python3.8/site-packages/airflow/example_dags/example_sla_dag.py
[2024-10-09T22:07:06.475+0000] {processor.py:830} INFO - Processing file /home/airflow/.local/lib/python3.8/site-packages/airflow/example_dags/example_sla_dag.py for tasks to queue
[2024-10-09T22:07:06.478+0000] {logging_mixin.py:188} INFO - [2024-10-09T22:07:06.477+0000] {dagbag.py:538} INFO - Filling up the DagBag from /home/airflow/.local/lib/python3.8/site-packages/airflow/example_dags/example_sla_dag.py
[2024-10-09T22:07:06.490+0000] {processor.py:840} INFO - DAG(s) 'example_sla_dag' retrieved from /home/airflow/.local/lib/python3.8/site-packages/airflow/example_dags/example_sla_dag.py
[2024-10-09T22:07:06.517+0000] {logging_mixin.py:188} INFO - [2024-10-09T22:07:06.517+0000] {dag.py:3036} INFO - Sync 1 DAGs
[2024-10-09T22:07:06.549+0000] {logging_mixin.py:188} INFO - [2024-10-09T22:07:06.548+0000] {dag.py:3823} INFO - Setting next_dagrun for example_sla_dag to 2024-10-09 22:04:00+00:00, run_after=2024-10-09 22:06:00+00:00
[2024-10-09T22:07:06.575+0000] {processor.py:183} INFO - Processing /home/airflow/.local/lib/python3.8/site-packages/airflow/example_dags/example_sla_dag.py took 0.105 seconds
[2024-10-09T22:07:37.132+0000] {processor.py:161} INFO - Started process (PID=641) to work on /home/airflow/.local/lib/python3.8/site-packages/airflow/example_dags/example_sla_dag.py
[2024-10-09T22:07:37.134+0000] {processor.py:830} INFO - Processing file /home/airflow/.local/lib/python3.8/site-packages/airflow/example_dags/example_sla_dag.py for tasks to queue
[2024-10-09T22:07:37.138+0000] {logging_mixin.py:188} INFO - [2024-10-09T22:07:37.137+0000] {dagbag.py:538} INFO - Filling up the DagBag from /home/airflow/.local/lib/python3.8/site-packages/airflow/example_dags/example_sla_dag.py
[2024-10-09T22:07:37.154+0000] {processor.py:840} INFO - DAG(s) 'example_sla_dag' retrieved from /home/airflow/.local/lib/python3.8/site-packages/airflow/example_dags/example_sla_dag.py
[2024-10-09T22:07:37.184+0000] {logging_mixin.py:188} INFO - [2024-10-09T22:07:37.184+0000] {dag.py:3036} INFO - Sync 1 DAGs
[2024-10-09T22:07:37.214+0000] {logging_mixin.py:188} INFO - [2024-10-09T22:07:37.214+0000] {dag.py:3823} INFO - Setting next_dagrun for example_sla_dag to 2024-10-09 22:04:00+00:00, run_after=2024-10-09 22:06:00+00:00
[2024-10-09T22:07:37.240+0000] {processor.py:183} INFO - Processing /home/airflow/.local/lib/python3.8/site-packages/airflow/example_dags/example_sla_dag.py took 0.114 seconds
[2024-10-09T22:08:07.533+0000] {processor.py:161} INFO - Started process (PID=704) to work on /home/airflow/.local/lib/python3.8/site-packages/airflow/example_dags/example_sla_dag.py
[2024-10-09T22:08:07.535+0000] {processor.py:830} INFO - Processing file /home/airflow/.local/lib/python3.8/site-packages/airflow/example_dags/example_sla_dag.py for tasks to queue
[2024-10-09T22:08:07.537+0000] {logging_mixin.py:188} INFO - [2024-10-09T22:08:07.537+0000] {dagbag.py:538} INFO - Filling up the DagBag from /home/airflow/.local/lib/python3.8/site-packages/airflow/example_dags/example_sla_dag.py
[2024-10-09T22:08:07.549+0000] {processor.py:840} INFO - DAG(s) 'example_sla_dag' retrieved from /home/airflow/.local/lib/python3.8/site-packages/airflow/example_dags/example_sla_dag.py
[2024-10-09T22:08:07.572+0000] {logging_mixin.py:188} INFO - [2024-10-09T22:08:07.571+0000] {dag.py:3036} INFO - Sync 1 DAGs
[2024-10-09T22:08:07.601+0000] {logging_mixin.py:188} INFO - [2024-10-09T22:08:07.601+0000] {dag.py:3823} INFO - Setting next_dagrun for example_sla_dag to 2024-10-09 22:06:00+00:00, run_after=2024-10-09 22:08:00+00:00
[2024-10-09T22:08:07.624+0000] {processor.py:183} INFO - Processing /home/airflow/.local/lib/python3.8/site-packages/airflow/example_dags/example_sla_dag.py took 0.094 seconds
[2024-10-09T22:08:37.742+0000] {processor.py:161} INFO - Started process (PID=765) to work on /home/airflow/.local/lib/python3.8/site-packages/airflow/example_dags/example_sla_dag.py
[2024-10-09T22:08:37.743+0000] {processor.py:830} INFO - Processing file /home/airflow/.local/lib/python3.8/site-packages/airflow/example_dags/example_sla_dag.py for tasks to queue
[2024-10-09T22:08:37.745+0000] {logging_mixin.py:188} INFO - [2024-10-09T22:08:37.745+0000] {dagbag.py:538} INFO - Filling up the DagBag from /home/airflow/.local/lib/python3.8/site-packages/airflow/example_dags/example_sla_dag.py
[2024-10-09T22:08:37.756+0000] {processor.py:840} INFO - DAG(s) 'example_sla_dag' retrieved from /home/airflow/.local/lib/python3.8/site-packages/airflow/example_dags/example_sla_dag.py
[2024-10-09T22:08:37.787+0000] {logging_mixin.py:188} INFO - [2024-10-09T22:08:37.786+0000] {dag.py:3036} INFO - Sync 1 DAGs
[2024-10-09T22:08:37.846+0000] {logging_mixin.py:188} INFO - [2024-10-09T22:08:37.846+0000] {dag.py:3823} INFO - Setting next_dagrun for example_sla_dag to 2024-10-09 22:06:00+00:00, run_after=2024-10-09 22:08:00+00:00
[2024-10-09T22:08:37.876+0000] {processor.py:183} INFO - Processing /home/airflow/.local/lib/python3.8/site-packages/airflow/example_dags/example_sla_dag.py took 0.138 seconds
[2024-10-09T22:09:11.367+0000] {processor.py:161} INFO - Started process (PID=826) to work on /home/airflow/.local/lib/python3.8/site-packages/airflow/example_dags/example_sla_dag.py
[2024-10-09T22:09:11.369+0000] {processor.py:830} INFO - Processing file /home/airflow/.local/lib/python3.8/site-packages/airflow/example_dags/example_sla_dag.py for tasks to queue
[2024-10-09T22:09:11.373+0000] {logging_mixin.py:188} INFO - [2024-10-09T22:09:11.372+0000] {dagbag.py:538} INFO - Filling up the DagBag from /home/airflow/.local/lib/python3.8/site-packages/airflow/example_dags/example_sla_dag.py
[2024-10-09T22:09:11.458+0000] {processor.py:840} INFO - DAG(s) 'example_sla_dag' retrieved from /home/airflow/.local/lib/python3.8/site-packages/airflow/example_dags/example_sla_dag.py
[2024-10-09T22:09:11.539+0000] {logging_mixin.py:188} INFO - [2024-10-09T22:09:11.537+0000] {dag.py:3036} INFO - Sync 1 DAGs
[2024-10-09T22:09:11.634+0000] {logging_mixin.py:188} INFO - [2024-10-09T22:09:11.633+0000] {dag.py:3823} INFO - Setting next_dagrun for example_sla_dag to 2024-10-09 22:06:00+00:00, run_after=2024-10-09 22:08:00+00:00
[2024-10-09T22:09:11.717+0000] {processor.py:183} INFO - Processing /home/airflow/.local/lib/python3.8/site-packages/airflow/example_dags/example_sla_dag.py took 0.356 seconds
