[2024-10-09T22:02:17.868+0000] {processor.py:161} INFO - Started process (PID=101) to work on /home/airflow/.local/lib/python3.8/site-packages/airflow/example_dags/example_complex.py
[2024-10-09T22:02:17.870+0000] {processor.py:830} INFO - Processing file /home/airflow/.local/lib/python3.8/site-packages/airflow/example_dags/example_complex.py for tasks to queue
[2024-10-09T22:02:17.873+0000] {logging_mixin.py:188} INFO - [2024-10-09T22:02:17.872+0000] {dagbag.py:538} INFO - Filling up the DagBag from /home/airflow/.local/lib/python3.8/site-packages/airflow/example_dags/example_complex.py
[2024-10-09T22:02:17.889+0000] {processor.py:840} INFO - DAG(s) 'example_complex' retrieved from /home/airflow/.local/lib/python3.8/site-packages/airflow/example_dags/example_complex.py
[2024-10-09T22:02:17.910+0000] {logging_mixin.py:188} INFO - [2024-10-09T22:02:17.910+0000] {dag.py:3036} INFO - Sync 1 DAGs
[2024-10-09T22:02:17.931+0000] {logging_mixin.py:188} INFO - [2024-10-09T22:02:17.930+0000] {dag.py:3823} INFO - Setting next_dagrun for example_complex to None, run_after=None
[2024-10-09T22:02:17.960+0000] {processor.py:183} INFO - Processing /home/airflow/.local/lib/python3.8/site-packages/airflow/example_dags/example_complex.py took 0.096 seconds
[2024-10-09T22:02:57.421+0000] {processor.py:161} INFO - Started process (PID=86) to work on /home/airflow/.local/lib/python3.8/site-packages/airflow/example_dags/example_complex.py
[2024-10-09T22:02:57.424+0000] {processor.py:830} INFO - Processing file /home/airflow/.local/lib/python3.8/site-packages/airflow/example_dags/example_complex.py for tasks to queue
[2024-10-09T22:02:57.428+0000] {logging_mixin.py:188} INFO - [2024-10-09T22:02:57.427+0000] {dagbag.py:538} INFO - Filling up the DagBag from /home/airflow/.local/lib/python3.8/site-packages/airflow/example_dags/example_complex.py
[2024-10-09T22:02:57.442+0000] {processor.py:840} INFO - DAG(s) 'example_complex' retrieved from /home/airflow/.local/lib/python3.8/site-packages/airflow/example_dags/example_complex.py
[2024-10-09T22:02:57.585+0000] {logging_mixin.py:188} INFO - [2024-10-09T22:02:57.585+0000] {dag.py:3036} INFO - Sync 1 DAGs
[2024-10-09T22:02:57.599+0000] {logging_mixin.py:188} INFO - [2024-10-09T22:02:57.599+0000] {dag.py:3823} INFO - Setting next_dagrun for example_complex to None, run_after=None
[2024-10-09T22:02:57.629+0000] {processor.py:183} INFO - Processing /home/airflow/.local/lib/python3.8/site-packages/airflow/example_dags/example_complex.py took 0.211 seconds
[2024-10-09T22:03:28.117+0000] {processor.py:161} INFO - Started process (PID=148) to work on /home/airflow/.local/lib/python3.8/site-packages/airflow/example_dags/example_complex.py
[2024-10-09T22:03:28.119+0000] {processor.py:830} INFO - Processing file /home/airflow/.local/lib/python3.8/site-packages/airflow/example_dags/example_complex.py for tasks to queue
[2024-10-09T22:03:28.122+0000] {logging_mixin.py:188} INFO - [2024-10-09T22:03:28.121+0000] {dagbag.py:538} INFO - Filling up the DagBag from /home/airflow/.local/lib/python3.8/site-packages/airflow/example_dags/example_complex.py
[2024-10-09T22:03:28.135+0000] {processor.py:840} INFO - DAG(s) 'example_complex' retrieved from /home/airflow/.local/lib/python3.8/site-packages/airflow/example_dags/example_complex.py
[2024-10-09T22:03:28.171+0000] {logging_mixin.py:188} INFO - [2024-10-09T22:03:28.171+0000] {dag.py:3036} INFO - Sync 1 DAGs
[2024-10-09T22:03:28.199+0000] {logging_mixin.py:188} INFO - [2024-10-09T22:03:28.199+0000] {dag.py:3823} INFO - Setting next_dagrun for example_complex to None, run_after=None
[2024-10-09T22:03:28.231+0000] {processor.py:183} INFO - Processing /home/airflow/.local/lib/python3.8/site-packages/airflow/example_dags/example_complex.py took 0.119 seconds
[2024-10-09T22:03:59.104+0000] {processor.py:161} INFO - Started process (PID=210) to work on /home/airflow/.local/lib/python3.8/site-packages/airflow/example_dags/example_complex.py
[2024-10-09T22:03:59.105+0000] {processor.py:830} INFO - Processing file /home/airflow/.local/lib/python3.8/site-packages/airflow/example_dags/example_complex.py for tasks to queue
[2024-10-09T22:03:59.108+0000] {logging_mixin.py:188} INFO - [2024-10-09T22:03:59.107+0000] {dagbag.py:538} INFO - Filling up the DagBag from /home/airflow/.local/lib/python3.8/site-packages/airflow/example_dags/example_complex.py
[2024-10-09T22:03:59.119+0000] {processor.py:840} INFO - DAG(s) 'example_complex' retrieved from /home/airflow/.local/lib/python3.8/site-packages/airflow/example_dags/example_complex.py
[2024-10-09T22:03:59.156+0000] {logging_mixin.py:188} INFO - [2024-10-09T22:03:59.155+0000] {dag.py:3036} INFO - Sync 1 DAGs
[2024-10-09T22:03:59.169+0000] {logging_mixin.py:188} INFO - [2024-10-09T22:03:59.169+0000] {dag.py:3823} INFO - Setting next_dagrun for example_complex to None, run_after=None
[2024-10-09T22:03:59.228+0000] {processor.py:183} INFO - Processing /home/airflow/.local/lib/python3.8/site-packages/airflow/example_dags/example_complex.py took 0.127 seconds
[2024-10-09T22:04:29.827+0000] {processor.py:161} INFO - Started process (PID=272) to work on /home/airflow/.local/lib/python3.8/site-packages/airflow/example_dags/example_complex.py
[2024-10-09T22:04:29.829+0000] {processor.py:830} INFO - Processing file /home/airflow/.local/lib/python3.8/site-packages/airflow/example_dags/example_complex.py for tasks to queue
[2024-10-09T22:04:29.831+0000] {logging_mixin.py:188} INFO - [2024-10-09T22:04:29.831+0000] {dagbag.py:538} INFO - Filling up the DagBag from /home/airflow/.local/lib/python3.8/site-packages/airflow/example_dags/example_complex.py
[2024-10-09T22:04:29.846+0000] {processor.py:840} INFO - DAG(s) 'example_complex' retrieved from /home/airflow/.local/lib/python3.8/site-packages/airflow/example_dags/example_complex.py
[2024-10-09T22:04:29.897+0000] {logging_mixin.py:188} INFO - [2024-10-09T22:04:29.897+0000] {dag.py:3036} INFO - Sync 1 DAGs
[2024-10-09T22:04:29.923+0000] {logging_mixin.py:188} INFO - [2024-10-09T22:04:29.922+0000] {dag.py:3823} INFO - Setting next_dagrun for example_complex to None, run_after=None
[2024-10-09T22:04:29.967+0000] {processor.py:183} INFO - Processing /home/airflow/.local/lib/python3.8/site-packages/airflow/example_dags/example_complex.py took 0.146 seconds
[2024-10-09T22:05:02.066+0000] {processor.py:161} INFO - Started process (PID=334) to work on /home/airflow/.local/lib/python3.8/site-packages/airflow/example_dags/example_complex.py
[2024-10-09T22:05:02.068+0000] {processor.py:830} INFO - Processing file /home/airflow/.local/lib/python3.8/site-packages/airflow/example_dags/example_complex.py for tasks to queue
[2024-10-09T22:05:02.073+0000] {logging_mixin.py:188} INFO - [2024-10-09T22:05:02.072+0000] {dagbag.py:538} INFO - Filling up the DagBag from /home/airflow/.local/lib/python3.8/site-packages/airflow/example_dags/example_complex.py
[2024-10-09T22:05:02.089+0000] {processor.py:840} INFO - DAG(s) 'example_complex' retrieved from /home/airflow/.local/lib/python3.8/site-packages/airflow/example_dags/example_complex.py
[2024-10-09T22:05:02.148+0000] {logging_mixin.py:188} INFO - [2024-10-09T22:05:02.147+0000] {dag.py:3036} INFO - Sync 1 DAGs
[2024-10-09T22:05:02.181+0000] {logging_mixin.py:188} INFO - [2024-10-09T22:05:02.180+0000] {dag.py:3823} INFO - Setting next_dagrun for example_complex to None, run_after=None
[2024-10-09T22:05:02.210+0000] {processor.py:183} INFO - Processing /home/airflow/.local/lib/python3.8/site-packages/airflow/example_dags/example_complex.py took 0.153 seconds
[2024-10-09T22:05:32.707+0000] {processor.py:161} INFO - Started process (PID=396) to work on /home/airflow/.local/lib/python3.8/site-packages/airflow/example_dags/example_complex.py
[2024-10-09T22:05:32.708+0000] {processor.py:830} INFO - Processing file /home/airflow/.local/lib/python3.8/site-packages/airflow/example_dags/example_complex.py for tasks to queue
[2024-10-09T22:05:32.711+0000] {logging_mixin.py:188} INFO - [2024-10-09T22:05:32.710+0000] {dagbag.py:538} INFO - Filling up the DagBag from /home/airflow/.local/lib/python3.8/site-packages/airflow/example_dags/example_complex.py
[2024-10-09T22:05:32.722+0000] {processor.py:840} INFO - DAG(s) 'example_complex' retrieved from /home/airflow/.local/lib/python3.8/site-packages/airflow/example_dags/example_complex.py
[2024-10-09T22:05:32.769+0000] {logging_mixin.py:188} INFO - [2024-10-09T22:05:32.769+0000] {dag.py:3036} INFO - Sync 1 DAGs
[2024-10-09T22:05:32.782+0000] {logging_mixin.py:188} INFO - [2024-10-09T22:05:32.781+0000] {dag.py:3823} INFO - Setting next_dagrun for example_complex to None, run_after=None
[2024-10-09T22:05:32.805+0000] {processor.py:183} INFO - Processing /home/airflow/.local/lib/python3.8/site-packages/airflow/example_dags/example_complex.py took 0.102 seconds
[2024-10-09T22:06:04.602+0000] {processor.py:161} INFO - Started process (PID=458) to work on /home/airflow/.local/lib/python3.8/site-packages/airflow/example_dags/example_complex.py
[2024-10-09T22:06:04.605+0000] {processor.py:830} INFO - Processing file /home/airflow/.local/lib/python3.8/site-packages/airflow/example_dags/example_complex.py for tasks to queue
[2024-10-09T22:06:04.611+0000] {logging_mixin.py:188} INFO - [2024-10-09T22:06:04.610+0000] {dagbag.py:538} INFO - Filling up the DagBag from /home/airflow/.local/lib/python3.8/site-packages/airflow/example_dags/example_complex.py
[2024-10-09T22:06:04.633+0000] {processor.py:840} INFO - DAG(s) 'example_complex' retrieved from /home/airflow/.local/lib/python3.8/site-packages/airflow/example_dags/example_complex.py
[2024-10-09T22:06:04.733+0000] {logging_mixin.py:188} INFO - [2024-10-09T22:06:04.732+0000] {dag.py:3036} INFO - Sync 1 DAGs
[2024-10-09T22:06:04.753+0000] {logging_mixin.py:188} INFO - [2024-10-09T22:06:04.752+0000] {dag.py:3823} INFO - Setting next_dagrun for example_complex to None, run_after=None
[2024-10-09T22:06:04.788+0000] {processor.py:183} INFO - Processing /home/airflow/.local/lib/python3.8/site-packages/airflow/example_dags/example_complex.py took 0.194 seconds
[2024-10-09T22:06:35.602+0000] {processor.py:161} INFO - Started process (PID=520) to work on /home/airflow/.local/lib/python3.8/site-packages/airflow/example_dags/example_complex.py
[2024-10-09T22:06:35.604+0000] {processor.py:830} INFO - Processing file /home/airflow/.local/lib/python3.8/site-packages/airflow/example_dags/example_complex.py for tasks to queue
[2024-10-09T22:06:35.607+0000] {logging_mixin.py:188} INFO - [2024-10-09T22:06:35.606+0000] {dagbag.py:538} INFO - Filling up the DagBag from /home/airflow/.local/lib/python3.8/site-packages/airflow/example_dags/example_complex.py
[2024-10-09T22:06:35.620+0000] {processor.py:840} INFO - DAG(s) 'example_complex' retrieved from /home/airflow/.local/lib/python3.8/site-packages/airflow/example_dags/example_complex.py
[2024-10-09T22:06:35.657+0000] {logging_mixin.py:188} INFO - [2024-10-09T22:06:35.657+0000] {dag.py:3036} INFO - Sync 1 DAGs
[2024-10-09T22:06:35.673+0000] {logging_mixin.py:188} INFO - [2024-10-09T22:06:35.673+0000] {dag.py:3823} INFO - Setting next_dagrun for example_complex to None, run_after=None
[2024-10-09T22:06:35.706+0000] {processor.py:183} INFO - Processing /home/airflow/.local/lib/python3.8/site-packages/airflow/example_dags/example_complex.py took 0.108 seconds
[2024-10-09T22:07:06.671+0000] {processor.py:161} INFO - Started process (PID=582) to work on /home/airflow/.local/lib/python3.8/site-packages/airflow/example_dags/example_complex.py
[2024-10-09T22:07:06.674+0000] {processor.py:830} INFO - Processing file /home/airflow/.local/lib/python3.8/site-packages/airflow/example_dags/example_complex.py for tasks to queue
[2024-10-09T22:07:06.677+0000] {logging_mixin.py:188} INFO - [2024-10-09T22:07:06.677+0000] {dagbag.py:538} INFO - Filling up the DagBag from /home/airflow/.local/lib/python3.8/site-packages/airflow/example_dags/example_complex.py
[2024-10-09T22:07:06.700+0000] {processor.py:840} INFO - DAG(s) 'example_complex' retrieved from /home/airflow/.local/lib/python3.8/site-packages/airflow/example_dags/example_complex.py
[2024-10-09T22:07:06.743+0000] {logging_mixin.py:188} INFO - [2024-10-09T22:07:06.742+0000] {dag.py:3036} INFO - Sync 1 DAGs
[2024-10-09T22:07:06.756+0000] {logging_mixin.py:188} INFO - [2024-10-09T22:07:06.755+0000] {dag.py:3823} INFO - Setting next_dagrun for example_complex to None, run_after=None
[2024-10-09T22:07:06.781+0000] {processor.py:183} INFO - Processing /home/airflow/.local/lib/python3.8/site-packages/airflow/example_dags/example_complex.py took 0.115 seconds
[2024-10-09T22:07:37.329+0000] {processor.py:161} INFO - Started process (PID=644) to work on /home/airflow/.local/lib/python3.8/site-packages/airflow/example_dags/example_complex.py
[2024-10-09T22:07:37.330+0000] {processor.py:830} INFO - Processing file /home/airflow/.local/lib/python3.8/site-packages/airflow/example_dags/example_complex.py for tasks to queue
[2024-10-09T22:07:37.332+0000] {logging_mixin.py:188} INFO - [2024-10-09T22:07:37.332+0000] {dagbag.py:538} INFO - Filling up the DagBag from /home/airflow/.local/lib/python3.8/site-packages/airflow/example_dags/example_complex.py
[2024-10-09T22:07:37.345+0000] {processor.py:840} INFO - DAG(s) 'example_complex' retrieved from /home/airflow/.local/lib/python3.8/site-packages/airflow/example_dags/example_complex.py
[2024-10-09T22:07:37.381+0000] {logging_mixin.py:188} INFO - [2024-10-09T22:07:37.381+0000] {dag.py:3036} INFO - Sync 1 DAGs
[2024-10-09T22:07:37.396+0000] {logging_mixin.py:188} INFO - [2024-10-09T22:07:37.396+0000] {dag.py:3823} INFO - Setting next_dagrun for example_complex to None, run_after=None
[2024-10-09T22:07:37.426+0000] {processor.py:183} INFO - Processing /home/airflow/.local/lib/python3.8/site-packages/airflow/example_dags/example_complex.py took 0.101 seconds
[2024-10-09T22:08:07.716+0000] {processor.py:161} INFO - Started process (PID=707) to work on /home/airflow/.local/lib/python3.8/site-packages/airflow/example_dags/example_complex.py
[2024-10-09T22:08:07.718+0000] {processor.py:830} INFO - Processing file /home/airflow/.local/lib/python3.8/site-packages/airflow/example_dags/example_complex.py for tasks to queue
[2024-10-09T22:08:07.720+0000] {logging_mixin.py:188} INFO - [2024-10-09T22:08:07.720+0000] {dagbag.py:538} INFO - Filling up the DagBag from /home/airflow/.local/lib/python3.8/site-packages/airflow/example_dags/example_complex.py
[2024-10-09T22:08:07.731+0000] {processor.py:840} INFO - DAG(s) 'example_complex' retrieved from /home/airflow/.local/lib/python3.8/site-packages/airflow/example_dags/example_complex.py
[2024-10-09T22:08:07.769+0000] {logging_mixin.py:188} INFO - [2024-10-09T22:08:07.769+0000] {dag.py:3036} INFO - Sync 1 DAGs
[2024-10-09T22:08:07.786+0000] {logging_mixin.py:188} INFO - [2024-10-09T22:08:07.786+0000] {dag.py:3823} INFO - Setting next_dagrun for example_complex to None, run_after=None
[2024-10-09T22:08:07.816+0000] {processor.py:183} INFO - Processing /home/airflow/.local/lib/python3.8/site-packages/airflow/example_dags/example_complex.py took 0.102 seconds
[2024-10-09T22:08:37.955+0000] {processor.py:161} INFO - Started process (PID=768) to work on /home/airflow/.local/lib/python3.8/site-packages/airflow/example_dags/example_complex.py
[2024-10-09T22:08:37.957+0000] {processor.py:830} INFO - Processing file /home/airflow/.local/lib/python3.8/site-packages/airflow/example_dags/example_complex.py for tasks to queue
[2024-10-09T22:08:37.960+0000] {logging_mixin.py:188} INFO - [2024-10-09T22:08:37.960+0000] {dagbag.py:538} INFO - Filling up the DagBag from /home/airflow/.local/lib/python3.8/site-packages/airflow/example_dags/example_complex.py
[2024-10-09T22:08:37.978+0000] {processor.py:840} INFO - DAG(s) 'example_complex' retrieved from /home/airflow/.local/lib/python3.8/site-packages/airflow/example_dags/example_complex.py
[2024-10-09T22:08:38.014+0000] {logging_mixin.py:188} INFO - [2024-10-09T22:08:38.013+0000] {dag.py:3036} INFO - Sync 1 DAGs
[2024-10-09T22:08:38.028+0000] {logging_mixin.py:188} INFO - [2024-10-09T22:08:38.028+0000] {dag.py:3823} INFO - Setting next_dagrun for example_complex to None, run_after=None
[2024-10-09T22:08:38.068+0000] {processor.py:183} INFO - Processing /home/airflow/.local/lib/python3.8/site-packages/airflow/example_dags/example_complex.py took 0.116 seconds
[2024-10-09T22:09:12.005+0000] {processor.py:161} INFO - Started process (PID=829) to work on /home/airflow/.local/lib/python3.8/site-packages/airflow/example_dags/example_complex.py
[2024-10-09T22:09:12.009+0000] {processor.py:830} INFO - Processing file /home/airflow/.local/lib/python3.8/site-packages/airflow/example_dags/example_complex.py for tasks to queue
[2024-10-09T22:09:12.021+0000] {logging_mixin.py:188} INFO - [2024-10-09T22:09:12.019+0000] {dagbag.py:538} INFO - Filling up the DagBag from /home/airflow/.local/lib/python3.8/site-packages/airflow/example_dags/example_complex.py
[2024-10-09T22:09:12.042+0000] {processor.py:840} INFO - DAG(s) 'example_complex' retrieved from /home/airflow/.local/lib/python3.8/site-packages/airflow/example_dags/example_complex.py
[2024-10-09T22:09:12.279+0000] {logging_mixin.py:188} INFO - [2024-10-09T22:09:12.278+0000] {dag.py:3036} INFO - Sync 1 DAGs
[2024-10-09T22:09:12.439+0000] {logging_mixin.py:188} INFO - [2024-10-09T22:09:12.438+0000] {dag.py:3823} INFO - Setting next_dagrun for example_complex to None, run_after=None
[2024-10-09T22:09:12.578+0000] {processor.py:183} INFO - Processing /home/airflow/.local/lib/python3.8/site-packages/airflow/example_dags/example_complex.py took 0.577 seconds
