[2024-10-09T22:02:16.731+0000] {processor.py:161} INFO - Started process (PID=91) to work on /home/airflow/.local/lib/python3.8/site-packages/airflow/example_dags/example_latest_only_with_trigger.py
[2024-10-09T22:02:16.733+0000] {processor.py:830} INFO - Processing file /home/airflow/.local/lib/python3.8/site-packages/airflow/example_dags/example_latest_only_with_trigger.py for tasks to queue
[2024-10-09T22:02:16.737+0000] {logging_mixin.py:188} INFO - [2024-10-09T22:02:16.736+0000] {dagbag.py:538} INFO - Filling up the DagBag from /home/airflow/.local/lib/python3.8/site-packages/airflow/example_dags/example_latest_only_with_trigger.py
[2024-10-09T22:02:16.761+0000] {processor.py:840} INFO - DAG(s) 'latest_only_with_trigger' retrieved from /home/airflow/.local/lib/python3.8/site-packages/airflow/example_dags/example_latest_only_with_trigger.py
[2024-10-09T22:02:16.781+0000] {logging_mixin.py:188} INFO - [2024-10-09T22:02:16.781+0000] {dag.py:3036} INFO - Sync 1 DAGs
[2024-10-09T22:02:16.822+0000] {logging_mixin.py:188} INFO - [2024-10-09T22:02:16.821+0000] {dag.py:3823} INFO - Setting next_dagrun for latest_only_with_trigger to 2024-10-09 16:00:00+00:00, run_after=2024-10-09 20:00:00+00:00
[2024-10-09T22:02:16.881+0000] {processor.py:183} INFO - Processing /home/airflow/.local/lib/python3.8/site-packages/airflow/example_dags/example_latest_only_with_trigger.py took 0.155 seconds
[2024-10-09T22:02:55.976+0000] {processor.py:161} INFO - Started process (PID=76) to work on /home/airflow/.local/lib/python3.8/site-packages/airflow/example_dags/example_latest_only_with_trigger.py
[2024-10-09T22:02:55.980+0000] {processor.py:830} INFO - Processing file /home/airflow/.local/lib/python3.8/site-packages/airflow/example_dags/example_latest_only_with_trigger.py for tasks to queue
[2024-10-09T22:02:55.984+0000] {logging_mixin.py:188} INFO - [2024-10-09T22:02:55.984+0000] {dagbag.py:538} INFO - Filling up the DagBag from /home/airflow/.local/lib/python3.8/site-packages/airflow/example_dags/example_latest_only_with_trigger.py
[2024-10-09T22:02:55.994+0000] {processor.py:840} INFO - DAG(s) 'latest_only_with_trigger' retrieved from /home/airflow/.local/lib/python3.8/site-packages/airflow/example_dags/example_latest_only_with_trigger.py
[2024-10-09T22:02:56.209+0000] {logging_mixin.py:188} INFO - [2024-10-09T22:02:56.208+0000] {dag.py:3036} INFO - Sync 1 DAGs
[2024-10-09T22:02:56.240+0000] {logging_mixin.py:188} INFO - [2024-10-09T22:02:56.239+0000] {dag.py:3823} INFO - Setting next_dagrun for latest_only_with_trigger to 2024-10-09 16:00:00+00:00, run_after=2024-10-09 20:00:00+00:00
[2024-10-09T22:02:56.279+0000] {processor.py:183} INFO - Processing /home/airflow/.local/lib/python3.8/site-packages/airflow/example_dags/example_latest_only_with_trigger.py took 0.307 seconds
[2024-10-09T22:03:27.123+0000] {processor.py:161} INFO - Started process (PID=138) to work on /home/airflow/.local/lib/python3.8/site-packages/airflow/example_dags/example_latest_only_with_trigger.py
[2024-10-09T22:03:27.125+0000] {processor.py:830} INFO - Processing file /home/airflow/.local/lib/python3.8/site-packages/airflow/example_dags/example_latest_only_with_trigger.py for tasks to queue
[2024-10-09T22:03:27.133+0000] {logging_mixin.py:188} INFO - [2024-10-09T22:03:27.131+0000] {dagbag.py:538} INFO - Filling up the DagBag from /home/airflow/.local/lib/python3.8/site-packages/airflow/example_dags/example_latest_only_with_trigger.py
[2024-10-09T22:03:27.145+0000] {processor.py:840} INFO - DAG(s) 'latest_only_with_trigger' retrieved from /home/airflow/.local/lib/python3.8/site-packages/airflow/example_dags/example_latest_only_with_trigger.py
[2024-10-09T22:03:27.193+0000] {logging_mixin.py:188} INFO - [2024-10-09T22:03:27.193+0000] {dag.py:3036} INFO - Sync 1 DAGs
[2024-10-09T22:03:27.219+0000] {logging_mixin.py:188} INFO - [2024-10-09T22:03:27.218+0000] {dag.py:3823} INFO - Setting next_dagrun for latest_only_with_trigger to 2024-10-09 16:00:00+00:00, run_after=2024-10-09 20:00:00+00:00
[2024-10-09T22:03:27.253+0000] {processor.py:183} INFO - Processing /home/airflow/.local/lib/python3.8/site-packages/airflow/example_dags/example_latest_only_with_trigger.py took 0.136 seconds
[2024-10-09T22:03:58.068+0000] {processor.py:161} INFO - Started process (PID=200) to work on /home/airflow/.local/lib/python3.8/site-packages/airflow/example_dags/example_latest_only_with_trigger.py
[2024-10-09T22:03:58.070+0000] {processor.py:830} INFO - Processing file /home/airflow/.local/lib/python3.8/site-packages/airflow/example_dags/example_latest_only_with_trigger.py for tasks to queue
[2024-10-09T22:03:58.074+0000] {logging_mixin.py:188} INFO - [2024-10-09T22:03:58.073+0000] {dagbag.py:538} INFO - Filling up the DagBag from /home/airflow/.local/lib/python3.8/site-packages/airflow/example_dags/example_latest_only_with_trigger.py
[2024-10-09T22:03:58.085+0000] {processor.py:840} INFO - DAG(s) 'latest_only_with_trigger' retrieved from /home/airflow/.local/lib/python3.8/site-packages/airflow/example_dags/example_latest_only_with_trigger.py
[2024-10-09T22:03:58.121+0000] {logging_mixin.py:188} INFO - [2024-10-09T22:03:58.121+0000] {dag.py:3036} INFO - Sync 1 DAGs
[2024-10-09T22:03:58.149+0000] {logging_mixin.py:188} INFO - [2024-10-09T22:03:58.149+0000] {dag.py:3823} INFO - Setting next_dagrun for latest_only_with_trigger to 2024-10-09 16:00:00+00:00, run_after=2024-10-09 20:00:00+00:00
[2024-10-09T22:03:58.196+0000] {processor.py:183} INFO - Processing /home/airflow/.local/lib/python3.8/site-packages/airflow/example_dags/example_latest_only_with_trigger.py took 0.134 seconds
[2024-10-09T22:04:28.620+0000] {processor.py:161} INFO - Started process (PID=262) to work on /home/airflow/.local/lib/python3.8/site-packages/airflow/example_dags/example_latest_only_with_trigger.py
[2024-10-09T22:04:28.622+0000] {processor.py:830} INFO - Processing file /home/airflow/.local/lib/python3.8/site-packages/airflow/example_dags/example_latest_only_with_trigger.py for tasks to queue
[2024-10-09T22:04:28.627+0000] {logging_mixin.py:188} INFO - [2024-10-09T22:04:28.626+0000] {dagbag.py:538} INFO - Filling up the DagBag from /home/airflow/.local/lib/python3.8/site-packages/airflow/example_dags/example_latest_only_with_trigger.py
[2024-10-09T22:04:28.636+0000] {processor.py:840} INFO - DAG(s) 'latest_only_with_trigger' retrieved from /home/airflow/.local/lib/python3.8/site-packages/airflow/example_dags/example_latest_only_with_trigger.py
[2024-10-09T22:04:28.672+0000] {logging_mixin.py:188} INFO - [2024-10-09T22:04:28.672+0000] {dag.py:3036} INFO - Sync 1 DAGs
[2024-10-09T22:04:28.703+0000] {logging_mixin.py:188} INFO - [2024-10-09T22:04:28.703+0000] {dag.py:3823} INFO - Setting next_dagrun for latest_only_with_trigger to 2024-10-09 16:00:00+00:00, run_after=2024-10-09 20:00:00+00:00
[2024-10-09T22:04:28.734+0000] {processor.py:183} INFO - Processing /home/airflow/.local/lib/python3.8/site-packages/airflow/example_dags/example_latest_only_with_trigger.py took 0.117 seconds
[2024-10-09T22:05:01.103+0000] {processor.py:161} INFO - Started process (PID=324) to work on /home/airflow/.local/lib/python3.8/site-packages/airflow/example_dags/example_latest_only_with_trigger.py
[2024-10-09T22:05:01.104+0000] {processor.py:830} INFO - Processing file /home/airflow/.local/lib/python3.8/site-packages/airflow/example_dags/example_latest_only_with_trigger.py for tasks to queue
[2024-10-09T22:05:01.109+0000] {logging_mixin.py:188} INFO - [2024-10-09T22:05:01.108+0000] {dagbag.py:538} INFO - Filling up the DagBag from /home/airflow/.local/lib/python3.8/site-packages/airflow/example_dags/example_latest_only_with_trigger.py
[2024-10-09T22:05:01.118+0000] {processor.py:840} INFO - DAG(s) 'latest_only_with_trigger' retrieved from /home/airflow/.local/lib/python3.8/site-packages/airflow/example_dags/example_latest_only_with_trigger.py
[2024-10-09T22:05:01.179+0000] {logging_mixin.py:188} INFO - [2024-10-09T22:05:01.178+0000] {dag.py:3036} INFO - Sync 1 DAGs
[2024-10-09T22:05:01.220+0000] {logging_mixin.py:188} INFO - [2024-10-09T22:05:01.220+0000] {dag.py:3823} INFO - Setting next_dagrun for latest_only_with_trigger to 2024-10-09 16:00:00+00:00, run_after=2024-10-09 20:00:00+00:00
[2024-10-09T22:05:01.269+0000] {processor.py:183} INFO - Processing /home/airflow/.local/lib/python3.8/site-packages/airflow/example_dags/example_latest_only_with_trigger.py took 0.171 seconds
[2024-10-09T22:05:31.816+0000] {processor.py:161} INFO - Started process (PID=386) to work on /home/airflow/.local/lib/python3.8/site-packages/airflow/example_dags/example_latest_only_with_trigger.py
[2024-10-09T22:05:31.818+0000] {processor.py:830} INFO - Processing file /home/airflow/.local/lib/python3.8/site-packages/airflow/example_dags/example_latest_only_with_trigger.py for tasks to queue
[2024-10-09T22:05:31.820+0000] {logging_mixin.py:188} INFO - [2024-10-09T22:05:31.820+0000] {dagbag.py:538} INFO - Filling up the DagBag from /home/airflow/.local/lib/python3.8/site-packages/airflow/example_dags/example_latest_only_with_trigger.py
[2024-10-09T22:05:31.826+0000] {processor.py:840} INFO - DAG(s) 'latest_only_with_trigger' retrieved from /home/airflow/.local/lib/python3.8/site-packages/airflow/example_dags/example_latest_only_with_trigger.py
[2024-10-09T22:05:31.850+0000] {logging_mixin.py:188} INFO - [2024-10-09T22:05:31.850+0000] {dag.py:3036} INFO - Sync 1 DAGs
[2024-10-09T22:05:31.875+0000] {logging_mixin.py:188} INFO - [2024-10-09T22:05:31.875+0000] {dag.py:3823} INFO - Setting next_dagrun for latest_only_with_trigger to 2024-10-09 16:00:00+00:00, run_after=2024-10-09 20:00:00+00:00
[2024-10-09T22:05:31.901+0000] {processor.py:183} INFO - Processing /home/airflow/.local/lib/python3.8/site-packages/airflow/example_dags/example_latest_only_with_trigger.py took 0.088 seconds
[2024-10-09T22:06:03.228+0000] {processor.py:161} INFO - Started process (PID=448) to work on /home/airflow/.local/lib/python3.8/site-packages/airflow/example_dags/example_latest_only_with_trigger.py
[2024-10-09T22:06:03.231+0000] {processor.py:830} INFO - Processing file /home/airflow/.local/lib/python3.8/site-packages/airflow/example_dags/example_latest_only_with_trigger.py for tasks to queue
[2024-10-09T22:06:03.237+0000] {logging_mixin.py:188} INFO - [2024-10-09T22:06:03.235+0000] {dagbag.py:538} INFO - Filling up the DagBag from /home/airflow/.local/lib/python3.8/site-packages/airflow/example_dags/example_latest_only_with_trigger.py
[2024-10-09T22:06:03.252+0000] {processor.py:840} INFO - DAG(s) 'latest_only_with_trigger' retrieved from /home/airflow/.local/lib/python3.8/site-packages/airflow/example_dags/example_latest_only_with_trigger.py
[2024-10-09T22:06:03.300+0000] {logging_mixin.py:188} INFO - [2024-10-09T22:06:03.299+0000] {dag.py:3036} INFO - Sync 1 DAGs
[2024-10-09T22:06:03.352+0000] {logging_mixin.py:188} INFO - [2024-10-09T22:06:03.351+0000] {dag.py:3823} INFO - Setting next_dagrun for latest_only_with_trigger to 2024-10-09 16:00:00+00:00, run_after=2024-10-09 20:00:00+00:00
[2024-10-09T22:06:03.424+0000] {processor.py:183} INFO - Processing /home/airflow/.local/lib/python3.8/site-packages/airflow/example_dags/example_latest_only_with_trigger.py took 0.203 seconds
[2024-10-09T22:06:33.767+0000] {processor.py:161} INFO - Started process (PID=510) to work on /home/airflow/.local/lib/python3.8/site-packages/airflow/example_dags/example_latest_only_with_trigger.py
[2024-10-09T22:06:33.768+0000] {processor.py:830} INFO - Processing file /home/airflow/.local/lib/python3.8/site-packages/airflow/example_dags/example_latest_only_with_trigger.py for tasks to queue
[2024-10-09T22:06:33.771+0000] {logging_mixin.py:188} INFO - [2024-10-09T22:06:33.771+0000] {dagbag.py:538} INFO - Filling up the DagBag from /home/airflow/.local/lib/python3.8/site-packages/airflow/example_dags/example_latest_only_with_trigger.py
[2024-10-09T22:06:33.779+0000] {processor.py:840} INFO - DAG(s) 'latest_only_with_trigger' retrieved from /home/airflow/.local/lib/python3.8/site-packages/airflow/example_dags/example_latest_only_with_trigger.py
[2024-10-09T22:06:33.809+0000] {logging_mixin.py:188} INFO - [2024-10-09T22:06:33.808+0000] {dag.py:3036} INFO - Sync 1 DAGs
[2024-10-09T22:06:33.836+0000] {logging_mixin.py:188} INFO - [2024-10-09T22:06:33.836+0000] {dag.py:3823} INFO - Setting next_dagrun for latest_only_with_trigger to 2024-10-09 16:00:00+00:00, run_after=2024-10-09 20:00:00+00:00
[2024-10-09T22:06:33.869+0000] {processor.py:183} INFO - Processing /home/airflow/.local/lib/python3.8/site-packages/airflow/example_dags/example_latest_only_with_trigger.py took 0.106 seconds
[2024-10-09T22:07:04.901+0000] {processor.py:161} INFO - Started process (PID=572) to work on /home/airflow/.local/lib/python3.8/site-packages/airflow/example_dags/example_latest_only_with_trigger.py
[2024-10-09T22:07:04.903+0000] {processor.py:830} INFO - Processing file /home/airflow/.local/lib/python3.8/site-packages/airflow/example_dags/example_latest_only_with_trigger.py for tasks to queue
[2024-10-09T22:07:04.906+0000] {logging_mixin.py:188} INFO - [2024-10-09T22:07:04.905+0000] {dagbag.py:538} INFO - Filling up the DagBag from /home/airflow/.local/lib/python3.8/site-packages/airflow/example_dags/example_latest_only_with_trigger.py
[2024-10-09T22:07:04.913+0000] {processor.py:840} INFO - DAG(s) 'latest_only_with_trigger' retrieved from /home/airflow/.local/lib/python3.8/site-packages/airflow/example_dags/example_latest_only_with_trigger.py
[2024-10-09T22:07:04.940+0000] {logging_mixin.py:188} INFO - [2024-10-09T22:07:04.940+0000] {dag.py:3036} INFO - Sync 1 DAGs
[2024-10-09T22:07:04.969+0000] {logging_mixin.py:188} INFO - [2024-10-09T22:07:04.969+0000] {dag.py:3823} INFO - Setting next_dagrun for latest_only_with_trigger to 2024-10-09 16:00:00+00:00, run_after=2024-10-09 20:00:00+00:00
[2024-10-09T22:07:04.997+0000] {processor.py:183} INFO - Processing /home/airflow/.local/lib/python3.8/site-packages/airflow/example_dags/example_latest_only_with_trigger.py took 0.099 seconds
[2024-10-09T22:07:35.396+0000] {processor.py:161} INFO - Started process (PID=634) to work on /home/airflow/.local/lib/python3.8/site-packages/airflow/example_dags/example_latest_only_with_trigger.py
[2024-10-09T22:07:35.398+0000] {processor.py:830} INFO - Processing file /home/airflow/.local/lib/python3.8/site-packages/airflow/example_dags/example_latest_only_with_trigger.py for tasks to queue
[2024-10-09T22:07:35.401+0000] {logging_mixin.py:188} INFO - [2024-10-09T22:07:35.400+0000] {dagbag.py:538} INFO - Filling up the DagBag from /home/airflow/.local/lib/python3.8/site-packages/airflow/example_dags/example_latest_only_with_trigger.py
[2024-10-09T22:07:35.408+0000] {processor.py:840} INFO - DAG(s) 'latest_only_with_trigger' retrieved from /home/airflow/.local/lib/python3.8/site-packages/airflow/example_dags/example_latest_only_with_trigger.py
[2024-10-09T22:07:35.438+0000] {logging_mixin.py:188} INFO - [2024-10-09T22:07:35.438+0000] {dag.py:3036} INFO - Sync 1 DAGs
[2024-10-09T22:07:35.468+0000] {logging_mixin.py:188} INFO - [2024-10-09T22:07:35.468+0000] {dag.py:3823} INFO - Setting next_dagrun for latest_only_with_trigger to 2024-10-09 16:00:00+00:00, run_after=2024-10-09 20:00:00+00:00
[2024-10-09T22:07:35.495+0000] {processor.py:183} INFO - Processing /home/airflow/.local/lib/python3.8/site-packages/airflow/example_dags/example_latest_only_with_trigger.py took 0.102 seconds
[2024-10-09T22:08:05.868+0000] {processor.py:161} INFO - Started process (PID=697) to work on /home/airflow/.local/lib/python3.8/site-packages/airflow/example_dags/example_latest_only_with_trigger.py
[2024-10-09T22:08:05.870+0000] {processor.py:830} INFO - Processing file /home/airflow/.local/lib/python3.8/site-packages/airflow/example_dags/example_latest_only_with_trigger.py for tasks to queue
[2024-10-09T22:08:05.872+0000] {logging_mixin.py:188} INFO - [2024-10-09T22:08:05.872+0000] {dagbag.py:538} INFO - Filling up the DagBag from /home/airflow/.local/lib/python3.8/site-packages/airflow/example_dags/example_latest_only_with_trigger.py
[2024-10-09T22:08:05.880+0000] {processor.py:840} INFO - DAG(s) 'latest_only_with_trigger' retrieved from /home/airflow/.local/lib/python3.8/site-packages/airflow/example_dags/example_latest_only_with_trigger.py
[2024-10-09T22:08:05.922+0000] {logging_mixin.py:188} INFO - [2024-10-09T22:08:05.922+0000] {dag.py:3036} INFO - Sync 1 DAGs
[2024-10-09T22:08:05.946+0000] {logging_mixin.py:188} INFO - [2024-10-09T22:08:05.946+0000] {dag.py:3823} INFO - Setting next_dagrun for latest_only_with_trigger to 2024-10-09 16:00:00+00:00, run_after=2024-10-09 20:00:00+00:00
[2024-10-09T22:08:05.969+0000] {processor.py:183} INFO - Processing /home/airflow/.local/lib/python3.8/site-packages/airflow/example_dags/example_latest_only_with_trigger.py took 0.104 seconds
[2024-10-09T22:08:36.135+0000] {processor.py:161} INFO - Started process (PID=758) to work on /home/airflow/.local/lib/python3.8/site-packages/airflow/example_dags/example_latest_only_with_trigger.py
[2024-10-09T22:08:36.137+0000] {processor.py:830} INFO - Processing file /home/airflow/.local/lib/python3.8/site-packages/airflow/example_dags/example_latest_only_with_trigger.py for tasks to queue
[2024-10-09T22:08:36.139+0000] {logging_mixin.py:188} INFO - [2024-10-09T22:08:36.138+0000] {dagbag.py:538} INFO - Filling up the DagBag from /home/airflow/.local/lib/python3.8/site-packages/airflow/example_dags/example_latest_only_with_trigger.py
[2024-10-09T22:08:36.145+0000] {processor.py:840} INFO - DAG(s) 'latest_only_with_trigger' retrieved from /home/airflow/.local/lib/python3.8/site-packages/airflow/example_dags/example_latest_only_with_trigger.py
[2024-10-09T22:08:36.170+0000] {logging_mixin.py:188} INFO - [2024-10-09T22:08:36.170+0000] {dag.py:3036} INFO - Sync 1 DAGs
[2024-10-09T22:08:36.193+0000] {logging_mixin.py:188} INFO - [2024-10-09T22:08:36.193+0000] {dag.py:3823} INFO - Setting next_dagrun for latest_only_with_trigger to 2024-10-09 16:00:00+00:00, run_after=2024-10-09 20:00:00+00:00
[2024-10-09T22:08:36.218+0000] {processor.py:183} INFO - Processing /home/airflow/.local/lib/python3.8/site-packages/airflow/example_dags/example_latest_only_with_trigger.py took 0.087 seconds
[2024-10-09T22:09:08.649+0000] {processor.py:161} INFO - Started process (PID=819) to work on /home/airflow/.local/lib/python3.8/site-packages/airflow/example_dags/example_latest_only_with_trigger.py
[2024-10-09T22:09:08.651+0000] {processor.py:830} INFO - Processing file /home/airflow/.local/lib/python3.8/site-packages/airflow/example_dags/example_latest_only_with_trigger.py for tasks to queue
[2024-10-09T22:09:08.658+0000] {logging_mixin.py:188} INFO - [2024-10-09T22:09:08.657+0000] {dagbag.py:538} INFO - Filling up the DagBag from /home/airflow/.local/lib/python3.8/site-packages/airflow/example_dags/example_latest_only_with_trigger.py
[2024-10-09T22:09:08.692+0000] {processor.py:840} INFO - DAG(s) 'latest_only_with_trigger' retrieved from /home/airflow/.local/lib/python3.8/site-packages/airflow/example_dags/example_latest_only_with_trigger.py
[2024-10-09T22:09:08.821+0000] {logging_mixin.py:188} INFO - [2024-10-09T22:09:08.820+0000] {dag.py:3036} INFO - Sync 1 DAGs
[2024-10-09T22:09:09.045+0000] {logging_mixin.py:188} INFO - [2024-10-09T22:09:09.044+0000] {dag.py:3823} INFO - Setting next_dagrun for latest_only_with_trigger to 2024-10-09 16:00:00+00:00, run_after=2024-10-09 20:00:00+00:00
[2024-10-09T22:09:09.193+0000] {processor.py:183} INFO - Processing /home/airflow/.local/lib/python3.8/site-packages/airflow/example_dags/example_latest_only_with_trigger.py took 0.552 seconds
