[2024-10-09T22:02:16.396+0000] {processor.py:161} INFO - Started process (PID=88) to work on /home/airflow/.local/lib/python3.8/site-packages/airflow/example_dags/example_nested_branch_dag.py
[2024-10-09T22:02:16.399+0000] {processor.py:830} INFO - Processing file /home/airflow/.local/lib/python3.8/site-packages/airflow/example_dags/example_nested_branch_dag.py for tasks to queue
[2024-10-09T22:02:16.403+0000] {logging_mixin.py:188} INFO - [2024-10-09T22:02:16.402+0000] {dagbag.py:538} INFO - Filling up the DagBag from /home/airflow/.local/lib/python3.8/site-packages/airflow/example_dags/example_nested_branch_dag.py
[2024-10-09T22:02:16.426+0000] {processor.py:840} INFO - DAG(s) 'example_nested_branch_dag' retrieved from /home/airflow/.local/lib/python3.8/site-packages/airflow/example_dags/example_nested_branch_dag.py
[2024-10-09T22:02:16.456+0000] {logging_mixin.py:188} INFO - [2024-10-09T22:02:16.455+0000] {dag.py:3036} INFO - Sync 1 DAGs
[2024-10-09T22:02:16.525+0000] {logging_mixin.py:188} INFO - [2024-10-09T22:02:16.525+0000] {dag.py:3823} INFO - Setting next_dagrun for example_nested_branch_dag to 2024-10-08 00:00:00+00:00, run_after=2024-10-09 00:00:00+00:00
[2024-10-09T22:02:16.574+0000] {processor.py:183} INFO - Processing /home/airflow/.local/lib/python3.8/site-packages/airflow/example_dags/example_nested_branch_dag.py took 0.184 seconds
[2024-10-09T22:02:55.444+0000] {processor.py:161} INFO - Started process (PID=73) to work on /home/airflow/.local/lib/python3.8/site-packages/airflow/example_dags/example_nested_branch_dag.py
[2024-10-09T22:02:55.446+0000] {processor.py:830} INFO - Processing file /home/airflow/.local/lib/python3.8/site-packages/airflow/example_dags/example_nested_branch_dag.py for tasks to queue
[2024-10-09T22:02:55.449+0000] {logging_mixin.py:188} INFO - [2024-10-09T22:02:55.448+0000] {dagbag.py:538} INFO - Filling up the DagBag from /home/airflow/.local/lib/python3.8/site-packages/airflow/example_dags/example_nested_branch_dag.py
[2024-10-09T22:02:55.464+0000] {processor.py:840} INFO - DAG(s) 'example_nested_branch_dag' retrieved from /home/airflow/.local/lib/python3.8/site-packages/airflow/example_dags/example_nested_branch_dag.py
[2024-10-09T22:02:55.663+0000] {logging_mixin.py:188} INFO - [2024-10-09T22:02:55.663+0000] {dag.py:3036} INFO - Sync 1 DAGs
[2024-10-09T22:02:55.697+0000] {logging_mixin.py:188} INFO - [2024-10-09T22:02:55.697+0000] {dag.py:3823} INFO - Setting next_dagrun for example_nested_branch_dag to 2024-10-08 00:00:00+00:00, run_after=2024-10-09 00:00:00+00:00
[2024-10-09T22:02:55.734+0000] {processor.py:183} INFO - Processing /home/airflow/.local/lib/python3.8/site-packages/airflow/example_dags/example_nested_branch_dag.py took 0.295 seconds
[2024-10-09T22:03:25.825+0000] {processor.py:161} INFO - Started process (PID=135) to work on /home/airflow/.local/lib/python3.8/site-packages/airflow/example_dags/example_nested_branch_dag.py
[2024-10-09T22:03:25.827+0000] {processor.py:830} INFO - Processing file /home/airflow/.local/lib/python3.8/site-packages/airflow/example_dags/example_nested_branch_dag.py for tasks to queue
[2024-10-09T22:03:25.830+0000] {logging_mixin.py:188} INFO - [2024-10-09T22:03:25.829+0000] {dagbag.py:538} INFO - Filling up the DagBag from /home/airflow/.local/lib/python3.8/site-packages/airflow/example_dags/example_nested_branch_dag.py
[2024-10-09T22:03:25.843+0000] {processor.py:840} INFO - DAG(s) 'example_nested_branch_dag' retrieved from /home/airflow/.local/lib/python3.8/site-packages/airflow/example_dags/example_nested_branch_dag.py
[2024-10-09T22:03:25.876+0000] {logging_mixin.py:188} INFO - [2024-10-09T22:03:25.876+0000] {dag.py:3036} INFO - Sync 1 DAGs
[2024-10-09T22:03:25.920+0000] {logging_mixin.py:188} INFO - [2024-10-09T22:03:25.919+0000] {dag.py:3823} INFO - Setting next_dagrun for example_nested_branch_dag to 2024-10-08 00:00:00+00:00, run_after=2024-10-09 00:00:00+00:00
[2024-10-09T22:03:25.966+0000] {processor.py:183} INFO - Processing /home/airflow/.local/lib/python3.8/site-packages/airflow/example_dags/example_nested_branch_dag.py took 0.144 seconds
[2024-10-09T22:03:56.863+0000] {processor.py:161} INFO - Started process (PID=197) to work on /home/airflow/.local/lib/python3.8/site-packages/airflow/example_dags/example_nested_branch_dag.py
[2024-10-09T22:03:56.865+0000] {processor.py:830} INFO - Processing file /home/airflow/.local/lib/python3.8/site-packages/airflow/example_dags/example_nested_branch_dag.py for tasks to queue
[2024-10-09T22:03:56.867+0000] {logging_mixin.py:188} INFO - [2024-10-09T22:03:56.867+0000] {dagbag.py:538} INFO - Filling up the DagBag from /home/airflow/.local/lib/python3.8/site-packages/airflow/example_dags/example_nested_branch_dag.py
[2024-10-09T22:03:56.878+0000] {processor.py:840} INFO - DAG(s) 'example_nested_branch_dag' retrieved from /home/airflow/.local/lib/python3.8/site-packages/airflow/example_dags/example_nested_branch_dag.py
[2024-10-09T22:03:56.914+0000] {logging_mixin.py:188} INFO - [2024-10-09T22:03:56.913+0000] {dag.py:3036} INFO - Sync 1 DAGs
[2024-10-09T22:03:56.953+0000] {logging_mixin.py:188} INFO - [2024-10-09T22:03:56.952+0000] {dag.py:3823} INFO - Setting next_dagrun for example_nested_branch_dag to 2024-10-08 00:00:00+00:00, run_after=2024-10-09 00:00:00+00:00
[2024-10-09T22:03:56.987+0000] {processor.py:183} INFO - Processing /home/airflow/.local/lib/python3.8/site-packages/airflow/example_dags/example_nested_branch_dag.py took 0.127 seconds
[2024-10-09T22:04:28.332+0000] {processor.py:161} INFO - Started process (PID=259) to work on /home/airflow/.local/lib/python3.8/site-packages/airflow/example_dags/example_nested_branch_dag.py
[2024-10-09T22:04:28.334+0000] {processor.py:830} INFO - Processing file /home/airflow/.local/lib/python3.8/site-packages/airflow/example_dags/example_nested_branch_dag.py for tasks to queue
[2024-10-09T22:04:28.337+0000] {logging_mixin.py:188} INFO - [2024-10-09T22:04:28.336+0000] {dagbag.py:538} INFO - Filling up the DagBag from /home/airflow/.local/lib/python3.8/site-packages/airflow/example_dags/example_nested_branch_dag.py
[2024-10-09T22:04:28.352+0000] {processor.py:840} INFO - DAG(s) 'example_nested_branch_dag' retrieved from /home/airflow/.local/lib/python3.8/site-packages/airflow/example_dags/example_nested_branch_dag.py
[2024-10-09T22:04:28.382+0000] {logging_mixin.py:188} INFO - [2024-10-09T22:04:28.382+0000] {dag.py:3036} INFO - Sync 1 DAGs
[2024-10-09T22:04:28.413+0000] {logging_mixin.py:188} INFO - [2024-10-09T22:04:28.413+0000] {dag.py:3823} INFO - Setting next_dagrun for example_nested_branch_dag to 2024-10-08 00:00:00+00:00, run_after=2024-10-09 00:00:00+00:00
[2024-10-09T22:04:28.443+0000] {processor.py:183} INFO - Processing /home/airflow/.local/lib/python3.8/site-packages/airflow/example_dags/example_nested_branch_dag.py took 0.115 seconds
[2024-10-09T22:05:00.729+0000] {processor.py:161} INFO - Started process (PID=321) to work on /home/airflow/.local/lib/python3.8/site-packages/airflow/example_dags/example_nested_branch_dag.py
[2024-10-09T22:05:00.731+0000] {processor.py:830} INFO - Processing file /home/airflow/.local/lib/python3.8/site-packages/airflow/example_dags/example_nested_branch_dag.py for tasks to queue
[2024-10-09T22:05:00.735+0000] {logging_mixin.py:188} INFO - [2024-10-09T22:05:00.734+0000] {dagbag.py:538} INFO - Filling up the DagBag from /home/airflow/.local/lib/python3.8/site-packages/airflow/example_dags/example_nested_branch_dag.py
[2024-10-09T22:05:00.750+0000] {processor.py:840} INFO - DAG(s) 'example_nested_branch_dag' retrieved from /home/airflow/.local/lib/python3.8/site-packages/airflow/example_dags/example_nested_branch_dag.py
[2024-10-09T22:05:00.787+0000] {logging_mixin.py:188} INFO - [2024-10-09T22:05:00.786+0000] {dag.py:3036} INFO - Sync 1 DAGs
[2024-10-09T22:05:00.828+0000] {logging_mixin.py:188} INFO - [2024-10-09T22:05:00.828+0000] {dag.py:3823} INFO - Setting next_dagrun for example_nested_branch_dag to 2024-10-08 00:00:00+00:00, run_after=2024-10-09 00:00:00+00:00
[2024-10-09T22:05:00.857+0000] {processor.py:183} INFO - Processing /home/airflow/.local/lib/python3.8/site-packages/airflow/example_dags/example_nested_branch_dag.py took 0.132 seconds
[2024-10-09T22:05:31.525+0000] {processor.py:161} INFO - Started process (PID=383) to work on /home/airflow/.local/lib/python3.8/site-packages/airflow/example_dags/example_nested_branch_dag.py
[2024-10-09T22:05:31.527+0000] {processor.py:830} INFO - Processing file /home/airflow/.local/lib/python3.8/site-packages/airflow/example_dags/example_nested_branch_dag.py for tasks to queue
[2024-10-09T22:05:31.529+0000] {logging_mixin.py:188} INFO - [2024-10-09T22:05:31.529+0000] {dagbag.py:538} INFO - Filling up the DagBag from /home/airflow/.local/lib/python3.8/site-packages/airflow/example_dags/example_nested_branch_dag.py
[2024-10-09T22:05:31.539+0000] {processor.py:840} INFO - DAG(s) 'example_nested_branch_dag' retrieved from /home/airflow/.local/lib/python3.8/site-packages/airflow/example_dags/example_nested_branch_dag.py
[2024-10-09T22:05:31.563+0000] {logging_mixin.py:188} INFO - [2024-10-09T22:05:31.562+0000] {dag.py:3036} INFO - Sync 1 DAGs
[2024-10-09T22:05:31.588+0000] {logging_mixin.py:188} INFO - [2024-10-09T22:05:31.587+0000] {dag.py:3823} INFO - Setting next_dagrun for example_nested_branch_dag to 2024-10-08 00:00:00+00:00, run_after=2024-10-09 00:00:00+00:00
[2024-10-09T22:05:31.611+0000] {processor.py:183} INFO - Processing /home/airflow/.local/lib/python3.8/site-packages/airflow/example_dags/example_nested_branch_dag.py took 0.089 seconds
[2024-10-09T22:06:02.516+0000] {processor.py:161} INFO - Started process (PID=445) to work on /home/airflow/.local/lib/python3.8/site-packages/airflow/example_dags/example_nested_branch_dag.py
[2024-10-09T22:06:02.520+0000] {processor.py:830} INFO - Processing file /home/airflow/.local/lib/python3.8/site-packages/airflow/example_dags/example_nested_branch_dag.py for tasks to queue
[2024-10-09T22:06:02.526+0000] {logging_mixin.py:188} INFO - [2024-10-09T22:06:02.525+0000] {dagbag.py:538} INFO - Filling up the DagBag from /home/airflow/.local/lib/python3.8/site-packages/airflow/example_dags/example_nested_branch_dag.py
[2024-10-09T22:06:02.548+0000] {processor.py:840} INFO - DAG(s) 'example_nested_branch_dag' retrieved from /home/airflow/.local/lib/python3.8/site-packages/airflow/example_dags/example_nested_branch_dag.py
[2024-10-09T22:06:02.588+0000] {logging_mixin.py:188} INFO - [2024-10-09T22:06:02.587+0000] {dag.py:3036} INFO - Sync 1 DAGs
[2024-10-09T22:06:02.633+0000] {logging_mixin.py:188} INFO - [2024-10-09T22:06:02.632+0000] {dag.py:3823} INFO - Setting next_dagrun for example_nested_branch_dag to 2024-10-08 00:00:00+00:00, run_after=2024-10-09 00:00:00+00:00
[2024-10-09T22:06:02.711+0000] {processor.py:183} INFO - Processing /home/airflow/.local/lib/python3.8/site-packages/airflow/example_dags/example_nested_branch_dag.py took 0.203 seconds
[2024-10-09T22:06:33.388+0000] {processor.py:161} INFO - Started process (PID=507) to work on /home/airflow/.local/lib/python3.8/site-packages/airflow/example_dags/example_nested_branch_dag.py
[2024-10-09T22:06:33.390+0000] {processor.py:830} INFO - Processing file /home/airflow/.local/lib/python3.8/site-packages/airflow/example_dags/example_nested_branch_dag.py for tasks to queue
[2024-10-09T22:06:33.393+0000] {logging_mixin.py:188} INFO - [2024-10-09T22:06:33.392+0000] {dagbag.py:538} INFO - Filling up the DagBag from /home/airflow/.local/lib/python3.8/site-packages/airflow/example_dags/example_nested_branch_dag.py
[2024-10-09T22:06:33.406+0000] {processor.py:840} INFO - DAG(s) 'example_nested_branch_dag' retrieved from /home/airflow/.local/lib/python3.8/site-packages/airflow/example_dags/example_nested_branch_dag.py
[2024-10-09T22:06:33.441+0000] {logging_mixin.py:188} INFO - [2024-10-09T22:06:33.441+0000] {dag.py:3036} INFO - Sync 1 DAGs
[2024-10-09T22:06:33.470+0000] {logging_mixin.py:188} INFO - [2024-10-09T22:06:33.470+0000] {dag.py:3823} INFO - Setting next_dagrun for example_nested_branch_dag to 2024-10-08 00:00:00+00:00, run_after=2024-10-09 00:00:00+00:00
[2024-10-09T22:06:33.525+0000] {processor.py:183} INFO - Processing /home/airflow/.local/lib/python3.8/site-packages/airflow/example_dags/example_nested_branch_dag.py took 0.141 seconds
[2024-10-09T22:07:04.557+0000] {processor.py:161} INFO - Started process (PID=569) to work on /home/airflow/.local/lib/python3.8/site-packages/airflow/example_dags/example_nested_branch_dag.py
[2024-10-09T22:07:04.559+0000] {processor.py:830} INFO - Processing file /home/airflow/.local/lib/python3.8/site-packages/airflow/example_dags/example_nested_branch_dag.py for tasks to queue
[2024-10-09T22:07:04.562+0000] {logging_mixin.py:188} INFO - [2024-10-09T22:07:04.561+0000] {dagbag.py:538} INFO - Filling up the DagBag from /home/airflow/.local/lib/python3.8/site-packages/airflow/example_dags/example_nested_branch_dag.py
[2024-10-09T22:07:04.574+0000] {processor.py:840} INFO - DAG(s) 'example_nested_branch_dag' retrieved from /home/airflow/.local/lib/python3.8/site-packages/airflow/example_dags/example_nested_branch_dag.py
[2024-10-09T22:07:04.602+0000] {logging_mixin.py:188} INFO - [2024-10-09T22:07:04.602+0000] {dag.py:3036} INFO - Sync 1 DAGs
[2024-10-09T22:07:04.640+0000] {logging_mixin.py:188} INFO - [2024-10-09T22:07:04.640+0000] {dag.py:3823} INFO - Setting next_dagrun for example_nested_branch_dag to 2024-10-08 00:00:00+00:00, run_after=2024-10-09 00:00:00+00:00
[2024-10-09T22:07:04.666+0000] {processor.py:183} INFO - Processing /home/airflow/.local/lib/python3.8/site-packages/airflow/example_dags/example_nested_branch_dag.py took 0.114 seconds
[2024-10-09T22:07:34.940+0000] {processor.py:161} INFO - Started process (PID=630) to work on /home/airflow/.local/lib/python3.8/site-packages/airflow/example_dags/example_nested_branch_dag.py
[2024-10-09T22:07:34.942+0000] {processor.py:830} INFO - Processing file /home/airflow/.local/lib/python3.8/site-packages/airflow/example_dags/example_nested_branch_dag.py for tasks to queue
[2024-10-09T22:07:34.944+0000] {logging_mixin.py:188} INFO - [2024-10-09T22:07:34.944+0000] {dagbag.py:538} INFO - Filling up the DagBag from /home/airflow/.local/lib/python3.8/site-packages/airflow/example_dags/example_nested_branch_dag.py
[2024-10-09T22:07:34.956+0000] {processor.py:840} INFO - DAG(s) 'example_nested_branch_dag' retrieved from /home/airflow/.local/lib/python3.8/site-packages/airflow/example_dags/example_nested_branch_dag.py
[2024-10-09T22:07:34.985+0000] {logging_mixin.py:188} INFO - [2024-10-09T22:07:34.984+0000] {dag.py:3036} INFO - Sync 1 DAGs
[2024-10-09T22:07:35.023+0000] {logging_mixin.py:188} INFO - [2024-10-09T22:07:35.023+0000] {dag.py:3823} INFO - Setting next_dagrun for example_nested_branch_dag to 2024-10-08 00:00:00+00:00, run_after=2024-10-09 00:00:00+00:00
[2024-10-09T22:07:35.054+0000] {processor.py:183} INFO - Processing /home/airflow/.local/lib/python3.8/site-packages/airflow/example_dags/example_nested_branch_dag.py took 0.117 seconds
[2024-10-09T22:08:05.284+0000] {processor.py:161} INFO - Started process (PID=693) to work on /home/airflow/.local/lib/python3.8/site-packages/airflow/example_dags/example_nested_branch_dag.py
[2024-10-09T22:08:05.285+0000] {processor.py:830} INFO - Processing file /home/airflow/.local/lib/python3.8/site-packages/airflow/example_dags/example_nested_branch_dag.py for tasks to queue
[2024-10-09T22:08:05.288+0000] {logging_mixin.py:188} INFO - [2024-10-09T22:08:05.288+0000] {dagbag.py:538} INFO - Filling up the DagBag from /home/airflow/.local/lib/python3.8/site-packages/airflow/example_dags/example_nested_branch_dag.py
[2024-10-09T22:08:05.302+0000] {processor.py:840} INFO - DAG(s) 'example_nested_branch_dag' retrieved from /home/airflow/.local/lib/python3.8/site-packages/airflow/example_dags/example_nested_branch_dag.py
[2024-10-09T22:08:05.335+0000] {logging_mixin.py:188} INFO - [2024-10-09T22:08:05.334+0000] {dag.py:3036} INFO - Sync 1 DAGs
[2024-10-09T22:08:05.381+0000] {logging_mixin.py:188} INFO - [2024-10-09T22:08:05.380+0000] {dag.py:3823} INFO - Setting next_dagrun for example_nested_branch_dag to 2024-10-08 00:00:00+00:00, run_after=2024-10-09 00:00:00+00:00
[2024-10-09T22:08:05.436+0000] {processor.py:183} INFO - Processing /home/airflow/.local/lib/python3.8/site-packages/airflow/example_dags/example_nested_branch_dag.py took 0.155 seconds
[2024-10-09T22:08:35.502+0000] {processor.py:161} INFO - Started process (PID=754) to work on /home/airflow/.local/lib/python3.8/site-packages/airflow/example_dags/example_nested_branch_dag.py
[2024-10-09T22:08:35.504+0000] {processor.py:830} INFO - Processing file /home/airflow/.local/lib/python3.8/site-packages/airflow/example_dags/example_nested_branch_dag.py for tasks to queue
[2024-10-09T22:08:35.506+0000] {logging_mixin.py:188} INFO - [2024-10-09T22:08:35.505+0000] {dagbag.py:538} INFO - Filling up the DagBag from /home/airflow/.local/lib/python3.8/site-packages/airflow/example_dags/example_nested_branch_dag.py
[2024-10-09T22:08:35.517+0000] {processor.py:840} INFO - DAG(s) 'example_nested_branch_dag' retrieved from /home/airflow/.local/lib/python3.8/site-packages/airflow/example_dags/example_nested_branch_dag.py
[2024-10-09T22:08:35.554+0000] {logging_mixin.py:188} INFO - [2024-10-09T22:08:35.553+0000] {dag.py:3036} INFO - Sync 1 DAGs
[2024-10-09T22:08:35.582+0000] {logging_mixin.py:188} INFO - [2024-10-09T22:08:35.582+0000] {dag.py:3823} INFO - Setting next_dagrun for example_nested_branch_dag to 2024-10-08 00:00:00+00:00, run_after=2024-10-09 00:00:00+00:00
[2024-10-09T22:08:35.605+0000] {processor.py:183} INFO - Processing /home/airflow/.local/lib/python3.8/site-packages/airflow/example_dags/example_nested_branch_dag.py took 0.106 seconds
[2024-10-09T22:09:07.315+0000] {processor.py:161} INFO - Started process (PID=816) to work on /home/airflow/.local/lib/python3.8/site-packages/airflow/example_dags/example_nested_branch_dag.py
[2024-10-09T22:09:07.320+0000] {processor.py:830} INFO - Processing file /home/airflow/.local/lib/python3.8/site-packages/airflow/example_dags/example_nested_branch_dag.py for tasks to queue
[2024-10-09T22:09:07.330+0000] {logging_mixin.py:188} INFO - [2024-10-09T22:09:07.328+0000] {dagbag.py:538} INFO - Filling up the DagBag from /home/airflow/.local/lib/python3.8/site-packages/airflow/example_dags/example_nested_branch_dag.py
[2024-10-09T22:09:07.410+0000] {processor.py:840} INFO - DAG(s) 'example_nested_branch_dag' retrieved from /home/airflow/.local/lib/python3.8/site-packages/airflow/example_dags/example_nested_branch_dag.py
[2024-10-09T22:09:07.650+0000] {logging_mixin.py:188} INFO - [2024-10-09T22:09:07.647+0000] {dag.py:3036} INFO - Sync 1 DAGs
[2024-10-09T22:09:07.827+0000] {logging_mixin.py:188} INFO - [2024-10-09T22:09:07.826+0000] {dag.py:3823} INFO - Setting next_dagrun for example_nested_branch_dag to 2024-10-08 00:00:00+00:00, run_after=2024-10-09 00:00:00+00:00
[2024-10-09T22:09:07.985+0000] {processor.py:183} INFO - Processing /home/airflow/.local/lib/python3.8/site-packages/airflow/example_dags/example_nested_branch_dag.py took 0.707 seconds
