[2024-10-09T22:02:15.492+0000] {processor.py:161} INFO - Started process (PID=82) to work on /home/airflow/.local/lib/python3.8/site-packages/airflow/example_dags/example_branch_operator.py
[2024-10-09T22:02:15.496+0000] {processor.py:830} INFO - Processing file /home/airflow/.local/lib/python3.8/site-packages/airflow/example_dags/example_branch_operator.py for tasks to queue
[2024-10-09T22:02:15.500+0000] {logging_mixin.py:188} INFO - [2024-10-09T22:02:15.500+0000] {dagbag.py:538} INFO - Filling up the DagBag from /home/airflow/.local/lib/python3.8/site-packages/airflow/example_dags/example_branch_operator.py
[2024-10-09T22:02:15.549+0000] {processor.py:840} INFO - DAG(s) 'example_branch_operator' retrieved from /home/airflow/.local/lib/python3.8/site-packages/airflow/example_dags/example_branch_operator.py
[2024-10-09T22:02:15.578+0000] {logging_mixin.py:188} INFO - [2024-10-09T22:02:15.577+0000] {dag.py:3036} INFO - Sync 1 DAGs
[2024-10-09T22:02:15.653+0000] {logging_mixin.py:188} INFO - [2024-10-09T22:02:15.652+0000] {dag.py:3823} INFO - Setting next_dagrun for example_branch_operator to 2024-10-08 00:00:00+00:00, run_after=2024-10-09 00:00:00+00:00
[2024-10-09T22:02:15.711+0000] {processor.py:183} INFO - Processing /home/airflow/.local/lib/python3.8/site-packages/airflow/example_dags/example_branch_operator.py took 0.240 seconds
[2024-10-09T22:02:54.457+0000] {processor.py:161} INFO - Started process (PID=61) to work on /home/airflow/.local/lib/python3.8/site-packages/airflow/example_dags/example_branch_operator.py
[2024-10-09T22:02:54.458+0000] {processor.py:830} INFO - Processing file /home/airflow/.local/lib/python3.8/site-packages/airflow/example_dags/example_branch_operator.py for tasks to queue
[2024-10-09T22:02:54.460+0000] {logging_mixin.py:188} INFO - [2024-10-09T22:02:54.460+0000] {dagbag.py:538} INFO - Filling up the DagBag from /home/airflow/.local/lib/python3.8/site-packages/airflow/example_dags/example_branch_operator.py
[2024-10-09T22:02:54.480+0000] {processor.py:840} INFO - DAG(s) 'example_branch_operator' retrieved from /home/airflow/.local/lib/python3.8/site-packages/airflow/example_dags/example_branch_operator.py
[2024-10-09T22:02:54.639+0000] {logging_mixin.py:188} INFO - [2024-10-09T22:02:54.638+0000] {dag.py:3036} INFO - Sync 1 DAGs
[2024-10-09T22:02:54.678+0000] {logging_mixin.py:188} INFO - [2024-10-09T22:02:54.677+0000] {dag.py:3823} INFO - Setting next_dagrun for example_branch_operator to 2024-10-08 00:00:00+00:00, run_after=2024-10-09 00:00:00+00:00
[2024-10-09T22:02:54.707+0000] {processor.py:183} INFO - Processing /home/airflow/.local/lib/python3.8/site-packages/airflow/example_dags/example_branch_operator.py took 0.254 seconds
[2024-10-09T22:03:24.965+0000] {processor.py:161} INFO - Started process (PID=123) to work on /home/airflow/.local/lib/python3.8/site-packages/airflow/example_dags/example_branch_operator.py
[2024-10-09T22:03:24.983+0000] {processor.py:830} INFO - Processing file /home/airflow/.local/lib/python3.8/site-packages/airflow/example_dags/example_branch_operator.py for tasks to queue
[2024-10-09T22:03:24.986+0000] {logging_mixin.py:188} INFO - [2024-10-09T22:03:24.986+0000] {dagbag.py:538} INFO - Filling up the DagBag from /home/airflow/.local/lib/python3.8/site-packages/airflow/example_dags/example_branch_operator.py
[2024-10-09T22:03:25.036+0000] {processor.py:840} INFO - DAG(s) 'example_branch_operator' retrieved from /home/airflow/.local/lib/python3.8/site-packages/airflow/example_dags/example_branch_operator.py
[2024-10-09T22:03:25.109+0000] {logging_mixin.py:188} INFO - [2024-10-09T22:03:25.109+0000] {dag.py:3036} INFO - Sync 1 DAGs
[2024-10-09T22:03:25.171+0000] {logging_mixin.py:188} INFO - [2024-10-09T22:03:25.167+0000] {dag.py:3823} INFO - Setting next_dagrun for example_branch_operator to 2024-10-08 00:00:00+00:00, run_after=2024-10-09 00:00:00+00:00
[2024-10-09T22:03:25.220+0000] {processor.py:183} INFO - Processing /home/airflow/.local/lib/python3.8/site-packages/airflow/example_dags/example_branch_operator.py took 0.258 seconds
[2024-10-09T22:03:56.277+0000] {processor.py:161} INFO - Started process (PID=191) to work on /home/airflow/.local/lib/python3.8/site-packages/airflow/example_dags/example_branch_operator.py
[2024-10-09T22:03:56.279+0000] {processor.py:830} INFO - Processing file /home/airflow/.local/lib/python3.8/site-packages/airflow/example_dags/example_branch_operator.py for tasks to queue
[2024-10-09T22:03:56.281+0000] {logging_mixin.py:188} INFO - [2024-10-09T22:03:56.281+0000] {dagbag.py:538} INFO - Filling up the DagBag from /home/airflow/.local/lib/python3.8/site-packages/airflow/example_dags/example_branch_operator.py
[2024-10-09T22:03:56.301+0000] {processor.py:840} INFO - DAG(s) 'example_branch_operator' retrieved from /home/airflow/.local/lib/python3.8/site-packages/airflow/example_dags/example_branch_operator.py
[2024-10-09T22:03:56.334+0000] {logging_mixin.py:188} INFO - [2024-10-09T22:03:56.334+0000] {dag.py:3036} INFO - Sync 1 DAGs
[2024-10-09T22:03:56.362+0000] {logging_mixin.py:188} INFO - [2024-10-09T22:03:56.362+0000] {dag.py:3823} INFO - Setting next_dagrun for example_branch_operator to 2024-10-08 00:00:00+00:00, run_after=2024-10-09 00:00:00+00:00
[2024-10-09T22:03:56.391+0000] {processor.py:183} INFO - Processing /home/airflow/.local/lib/python3.8/site-packages/airflow/example_dags/example_branch_operator.py took 0.117 seconds
[2024-10-09T22:04:27.516+0000] {processor.py:161} INFO - Started process (PID=253) to work on /home/airflow/.local/lib/python3.8/site-packages/airflow/example_dags/example_branch_operator.py
[2024-10-09T22:04:27.529+0000] {processor.py:830} INFO - Processing file /home/airflow/.local/lib/python3.8/site-packages/airflow/example_dags/example_branch_operator.py for tasks to queue
[2024-10-09T22:04:27.533+0000] {logging_mixin.py:188} INFO - [2024-10-09T22:04:27.532+0000] {dagbag.py:538} INFO - Filling up the DagBag from /home/airflow/.local/lib/python3.8/site-packages/airflow/example_dags/example_branch_operator.py
[2024-10-09T22:04:27.567+0000] {processor.py:840} INFO - DAG(s) 'example_branch_operator' retrieved from /home/airflow/.local/lib/python3.8/site-packages/airflow/example_dags/example_branch_operator.py
[2024-10-09T22:04:27.622+0000] {logging_mixin.py:188} INFO - [2024-10-09T22:04:27.621+0000] {dag.py:3036} INFO - Sync 1 DAGs
[2024-10-09T22:04:27.669+0000] {logging_mixin.py:188} INFO - [2024-10-09T22:04:27.669+0000] {dag.py:3823} INFO - Setting next_dagrun for example_branch_operator to 2024-10-08 00:00:00+00:00, run_after=2024-10-09 00:00:00+00:00
[2024-10-09T22:04:27.712+0000] {processor.py:183} INFO - Processing /home/airflow/.local/lib/python3.8/site-packages/airflow/example_dags/example_branch_operator.py took 0.216 seconds
[2024-10-09T22:04:58.699+0000] {processor.py:161} INFO - Started process (PID=315) to work on /home/airflow/.local/lib/python3.8/site-packages/airflow/example_dags/example_branch_operator.py
[2024-10-09T22:04:58.714+0000] {processor.py:830} INFO - Processing file /home/airflow/.local/lib/python3.8/site-packages/airflow/example_dags/example_branch_operator.py for tasks to queue
[2024-10-09T22:04:58.729+0000] {logging_mixin.py:188} INFO - [2024-10-09T22:04:58.729+0000] {dagbag.py:538} INFO - Filling up the DagBag from /home/airflow/.local/lib/python3.8/site-packages/airflow/example_dags/example_branch_operator.py
[2024-10-09T22:04:58.761+0000] {processor.py:840} INFO - DAG(s) 'example_branch_operator' retrieved from /home/airflow/.local/lib/python3.8/site-packages/airflow/example_dags/example_branch_operator.py
[2024-10-09T22:04:58.833+0000] {logging_mixin.py:188} INFO - [2024-10-09T22:04:58.832+0000] {dag.py:3036} INFO - Sync 1 DAGs
[2024-10-09T22:04:58.983+0000] {logging_mixin.py:188} INFO - [2024-10-09T22:04:58.981+0000] {dag.py:3823} INFO - Setting next_dagrun for example_branch_operator to 2024-10-08 00:00:00+00:00, run_after=2024-10-09 00:00:00+00:00
[2024-10-09T22:04:59.061+0000] {processor.py:183} INFO - Processing /home/airflow/.local/lib/python3.8/site-packages/airflow/example_dags/example_branch_operator.py took 0.373 seconds
[2024-10-09T22:05:29.816+0000] {processor.py:161} INFO - Started process (PID=375) to work on /home/airflow/.local/lib/python3.8/site-packages/airflow/example_dags/example_branch_operator.py
[2024-10-09T22:05:29.818+0000] {processor.py:830} INFO - Processing file /home/airflow/.local/lib/python3.8/site-packages/airflow/example_dags/example_branch_operator.py for tasks to queue
[2024-10-09T22:05:29.821+0000] {logging_mixin.py:188} INFO - [2024-10-09T22:05:29.820+0000] {dagbag.py:538} INFO - Filling up the DagBag from /home/airflow/.local/lib/python3.8/site-packages/airflow/example_dags/example_branch_operator.py
[2024-10-09T22:05:29.846+0000] {processor.py:840} INFO - DAG(s) 'example_branch_operator' retrieved from /home/airflow/.local/lib/python3.8/site-packages/airflow/example_dags/example_branch_operator.py
[2024-10-09T22:05:29.882+0000] {logging_mixin.py:188} INFO - [2024-10-09T22:05:29.881+0000] {dag.py:3036} INFO - Sync 1 DAGs
[2024-10-09T22:05:29.906+0000] {logging_mixin.py:188} INFO - [2024-10-09T22:05:29.906+0000] {dag.py:3823} INFO - Setting next_dagrun for example_branch_operator to 2024-10-08 00:00:00+00:00, run_after=2024-10-09 00:00:00+00:00
[2024-10-09T22:05:29.931+0000] {processor.py:183} INFO - Processing /home/airflow/.local/lib/python3.8/site-packages/airflow/example_dags/example_branch_operator.py took 0.120 seconds
[2024-10-09T22:06:00.170+0000] {processor.py:161} INFO - Started process (PID=437) to work on /home/airflow/.local/lib/python3.8/site-packages/airflow/example_dags/example_branch_operator.py
[2024-10-09T22:06:00.172+0000] {processor.py:830} INFO - Processing file /home/airflow/.local/lib/python3.8/site-packages/airflow/example_dags/example_branch_operator.py for tasks to queue
[2024-10-09T22:06:00.176+0000] {logging_mixin.py:188} INFO - [2024-10-09T22:06:00.175+0000] {dagbag.py:538} INFO - Filling up the DagBag from /home/airflow/.local/lib/python3.8/site-packages/airflow/example_dags/example_branch_operator.py
[2024-10-09T22:06:00.207+0000] {processor.py:840} INFO - DAG(s) 'example_branch_operator' retrieved from /home/airflow/.local/lib/python3.8/site-packages/airflow/example_dags/example_branch_operator.py
[2024-10-09T22:06:00.252+0000] {logging_mixin.py:188} INFO - [2024-10-09T22:06:00.252+0000] {dag.py:3036} INFO - Sync 1 DAGs
[2024-10-09T22:06:00.290+0000] {logging_mixin.py:188} INFO - [2024-10-09T22:06:00.289+0000] {dag.py:3823} INFO - Setting next_dagrun for example_branch_operator to 2024-10-08 00:00:00+00:00, run_after=2024-10-09 00:00:00+00:00
[2024-10-09T22:06:00.327+0000] {processor.py:183} INFO - Processing /home/airflow/.local/lib/python3.8/site-packages/airflow/example_dags/example_branch_operator.py took 0.162 seconds
[2024-10-09T22:06:30.435+0000] {processor.py:161} INFO - Started process (PID=499) to work on /home/airflow/.local/lib/python3.8/site-packages/airflow/example_dags/example_branch_operator.py
[2024-10-09T22:06:30.437+0000] {processor.py:830} INFO - Processing file /home/airflow/.local/lib/python3.8/site-packages/airflow/example_dags/example_branch_operator.py for tasks to queue
[2024-10-09T22:06:30.440+0000] {logging_mixin.py:188} INFO - [2024-10-09T22:06:30.439+0000] {dagbag.py:538} INFO - Filling up the DagBag from /home/airflow/.local/lib/python3.8/site-packages/airflow/example_dags/example_branch_operator.py
[2024-10-09T22:06:30.460+0000] {processor.py:840} INFO - DAG(s) 'example_branch_operator' retrieved from /home/airflow/.local/lib/python3.8/site-packages/airflow/example_dags/example_branch_operator.py
[2024-10-09T22:06:30.523+0000] {logging_mixin.py:188} INFO - [2024-10-09T22:06:30.523+0000] {dag.py:3036} INFO - Sync 1 DAGs
[2024-10-09T22:06:30.560+0000] {logging_mixin.py:188} INFO - [2024-10-09T22:06:30.559+0000] {dag.py:3823} INFO - Setting next_dagrun for example_branch_operator to 2024-10-08 00:00:00+00:00, run_after=2024-10-09 00:00:00+00:00
[2024-10-09T22:06:30.599+0000] {processor.py:183} INFO - Processing /home/airflow/.local/lib/python3.8/site-packages/airflow/example_dags/example_branch_operator.py took 0.167 seconds
[2024-10-09T22:07:00.682+0000] {processor.py:161} INFO - Started process (PID=561) to work on /home/airflow/.local/lib/python3.8/site-packages/airflow/example_dags/example_branch_operator.py
[2024-10-09T22:07:00.684+0000] {processor.py:830} INFO - Processing file /home/airflow/.local/lib/python3.8/site-packages/airflow/example_dags/example_branch_operator.py for tasks to queue
[2024-10-09T22:07:00.686+0000] {logging_mixin.py:188} INFO - [2024-10-09T22:07:00.685+0000] {dagbag.py:538} INFO - Filling up the DagBag from /home/airflow/.local/lib/python3.8/site-packages/airflow/example_dags/example_branch_operator.py
[2024-10-09T22:07:00.703+0000] {processor.py:840} INFO - DAG(s) 'example_branch_operator' retrieved from /home/airflow/.local/lib/python3.8/site-packages/airflow/example_dags/example_branch_operator.py
[2024-10-09T22:07:00.732+0000] {logging_mixin.py:188} INFO - [2024-10-09T22:07:00.732+0000] {dag.py:3036} INFO - Sync 1 DAGs
[2024-10-09T22:07:00.757+0000] {logging_mixin.py:188} INFO - [2024-10-09T22:07:00.757+0000] {dag.py:3823} INFO - Setting next_dagrun for example_branch_operator to 2024-10-08 00:00:00+00:00, run_after=2024-10-09 00:00:00+00:00
[2024-10-09T22:07:00.781+0000] {processor.py:183} INFO - Processing /home/airflow/.local/lib/python3.8/site-packages/airflow/example_dags/example_branch_operator.py took 0.102 seconds
[2024-10-09T22:07:30.851+0000] {processor.py:161} INFO - Started process (PID=623) to work on /home/airflow/.local/lib/python3.8/site-packages/airflow/example_dags/example_branch_operator.py
[2024-10-09T22:07:30.852+0000] {processor.py:830} INFO - Processing file /home/airflow/.local/lib/python3.8/site-packages/airflow/example_dags/example_branch_operator.py for tasks to queue
[2024-10-09T22:07:30.855+0000] {logging_mixin.py:188} INFO - [2024-10-09T22:07:30.854+0000] {dagbag.py:538} INFO - Filling up the DagBag from /home/airflow/.local/lib/python3.8/site-packages/airflow/example_dags/example_branch_operator.py
[2024-10-09T22:07:30.877+0000] {processor.py:840} INFO - DAG(s) 'example_branch_operator' retrieved from /home/airflow/.local/lib/python3.8/site-packages/airflow/example_dags/example_branch_operator.py
[2024-10-09T22:07:30.907+0000] {logging_mixin.py:188} INFO - [2024-10-09T22:07:30.907+0000] {dag.py:3036} INFO - Sync 1 DAGs
[2024-10-09T22:07:30.931+0000] {logging_mixin.py:188} INFO - [2024-10-09T22:07:30.931+0000] {dag.py:3823} INFO - Setting next_dagrun for example_branch_operator to 2024-10-08 00:00:00+00:00, run_after=2024-10-09 00:00:00+00:00
[2024-10-09T22:07:30.955+0000] {processor.py:183} INFO - Processing /home/airflow/.local/lib/python3.8/site-packages/airflow/example_dags/example_branch_operator.py took 0.108 seconds
[2024-10-09T22:08:01.411+0000] {processor.py:161} INFO - Started process (PID=687) to work on /home/airflow/.local/lib/python3.8/site-packages/airflow/example_dags/example_branch_operator.py
[2024-10-09T22:08:01.413+0000] {processor.py:830} INFO - Processing file /home/airflow/.local/lib/python3.8/site-packages/airflow/example_dags/example_branch_operator.py for tasks to queue
[2024-10-09T22:08:01.415+0000] {logging_mixin.py:188} INFO - [2024-10-09T22:08:01.415+0000] {dagbag.py:538} INFO - Filling up the DagBag from /home/airflow/.local/lib/python3.8/site-packages/airflow/example_dags/example_branch_operator.py
[2024-10-09T22:08:01.438+0000] {processor.py:840} INFO - DAG(s) 'example_branch_operator' retrieved from /home/airflow/.local/lib/python3.8/site-packages/airflow/example_dags/example_branch_operator.py
[2024-10-09T22:08:01.524+0000] {logging_mixin.py:188} INFO - [2024-10-09T22:08:01.523+0000] {dag.py:3036} INFO - Sync 1 DAGs
[2024-10-09T22:08:01.557+0000] {logging_mixin.py:188} INFO - [2024-10-09T22:08:01.557+0000] {dag.py:3823} INFO - Setting next_dagrun for example_branch_operator to 2024-10-08 00:00:00+00:00, run_after=2024-10-09 00:00:00+00:00
[2024-10-09T22:08:01.584+0000] {processor.py:183} INFO - Processing /home/airflow/.local/lib/python3.8/site-packages/airflow/example_dags/example_branch_operator.py took 0.176 seconds
[2024-10-09T22:08:31.899+0000] {processor.py:161} INFO - Started process (PID=748) to work on /home/airflow/.local/lib/python3.8/site-packages/airflow/example_dags/example_branch_operator.py
[2024-10-09T22:08:31.901+0000] {processor.py:830} INFO - Processing file /home/airflow/.local/lib/python3.8/site-packages/airflow/example_dags/example_branch_operator.py for tasks to queue
[2024-10-09T22:08:31.903+0000] {logging_mixin.py:188} INFO - [2024-10-09T22:08:31.903+0000] {dagbag.py:538} INFO - Filling up the DagBag from /home/airflow/.local/lib/python3.8/site-packages/airflow/example_dags/example_branch_operator.py
[2024-10-09T22:08:31.927+0000] {processor.py:840} INFO - DAG(s) 'example_branch_operator' retrieved from /home/airflow/.local/lib/python3.8/site-packages/airflow/example_dags/example_branch_operator.py
[2024-10-09T22:08:31.969+0000] {logging_mixin.py:188} INFO - [2024-10-09T22:08:31.969+0000] {dag.py:3036} INFO - Sync 1 DAGs
[2024-10-09T22:08:31.998+0000] {logging_mixin.py:188} INFO - [2024-10-09T22:08:31.998+0000] {dag.py:3823} INFO - Setting next_dagrun for example_branch_operator to 2024-10-08 00:00:00+00:00, run_after=2024-10-09 00:00:00+00:00
[2024-10-09T22:08:32.043+0000] {processor.py:183} INFO - Processing /home/airflow/.local/lib/python3.8/site-packages/airflow/example_dags/example_branch_operator.py took 0.148 seconds
[2024-10-09T22:09:02.668+0000] {processor.py:161} INFO - Started process (PID=809) to work on /home/airflow/.local/lib/python3.8/site-packages/airflow/example_dags/example_branch_operator.py
[2024-10-09T22:09:02.672+0000] {processor.py:830} INFO - Processing file /home/airflow/.local/lib/python3.8/site-packages/airflow/example_dags/example_branch_operator.py for tasks to queue
[2024-10-09T22:09:02.702+0000] {logging_mixin.py:188} INFO - [2024-10-09T22:09:02.695+0000] {dagbag.py:538} INFO - Filling up the DagBag from /home/airflow/.local/lib/python3.8/site-packages/airflow/example_dags/example_branch_operator.py
[2024-10-09T22:09:02.847+0000] {processor.py:840} INFO - DAG(s) 'example_branch_operator' retrieved from /home/airflow/.local/lib/python3.8/site-packages/airflow/example_dags/example_branch_operator.py
[2024-10-09T22:09:02.991+0000] {logging_mixin.py:188} INFO - [2024-10-09T22:09:02.990+0000] {dag.py:3036} INFO - Sync 1 DAGs
[2024-10-09T22:09:03.063+0000] {logging_mixin.py:188} INFO - [2024-10-09T22:09:03.063+0000] {dag.py:3823} INFO - Setting next_dagrun for example_branch_operator to 2024-10-08 00:00:00+00:00, run_after=2024-10-09 00:00:00+00:00
[2024-10-09T22:09:03.129+0000] {processor.py:183} INFO - Processing /home/airflow/.local/lib/python3.8/site-packages/airflow/example_dags/example_branch_operator.py took 0.513 seconds
