[2024-10-09T22:02:16.857+0000] {processor.py:161} INFO - Started process (PID=92) to work on /home/airflow/.local/lib/python3.8/site-packages/airflow/example_dags/example_python_operator.py
[2024-10-09T22:02:16.859+0000] {processor.py:830} INFO - Processing file /home/airflow/.local/lib/python3.8/site-packages/airflow/example_dags/example_python_operator.py for tasks to queue
[2024-10-09T22:02:16.863+0000] {logging_mixin.py:188} INFO - [2024-10-09T22:02:16.862+0000] {dagbag.py:538} INFO - Filling up the DagBag from /home/airflow/.local/lib/python3.8/site-packages/airflow/example_dags/example_python_operator.py
[2024-10-09T22:02:16.896+0000] {processor.py:840} INFO - DAG(s) 'example_python_operator' retrieved from /home/airflow/.local/lib/python3.8/site-packages/airflow/example_dags/example_python_operator.py
[2024-10-09T22:02:16.922+0000] {logging_mixin.py:188} INFO - [2024-10-09T22:02:16.922+0000] {dag.py:3036} INFO - Sync 1 DAGs
[2024-10-09T22:02:16.955+0000] {logging_mixin.py:188} INFO - [2024-10-09T22:02:16.955+0000] {dag.py:3823} INFO - Setting next_dagrun for example_python_operator to None, run_after=None
[2024-10-09T22:02:17.026+0000] {processor.py:183} INFO - Processing /home/airflow/.local/lib/python3.8/site-packages/airflow/example_dags/example_python_operator.py took 0.176 seconds
[2024-10-09T22:02:56.234+0000] {processor.py:161} INFO - Started process (PID=77) to work on /home/airflow/.local/lib/python3.8/site-packages/airflow/example_dags/example_python_operator.py
[2024-10-09T22:02:56.236+0000] {processor.py:830} INFO - Processing file /home/airflow/.local/lib/python3.8/site-packages/airflow/example_dags/example_python_operator.py for tasks to queue
[2024-10-09T22:02:56.240+0000] {logging_mixin.py:188} INFO - [2024-10-09T22:02:56.239+0000] {dagbag.py:538} INFO - Filling up the DagBag from /home/airflow/.local/lib/python3.8/site-packages/airflow/example_dags/example_python_operator.py
[2024-10-09T22:02:56.261+0000] {processor.py:840} INFO - DAG(s) 'example_python_operator' retrieved from /home/airflow/.local/lib/python3.8/site-packages/airflow/example_dags/example_python_operator.py
[2024-10-09T22:02:56.468+0000] {logging_mixin.py:188} INFO - [2024-10-09T22:02:56.468+0000] {dag.py:3036} INFO - Sync 1 DAGs
[2024-10-09T22:02:56.492+0000] {logging_mixin.py:188} INFO - [2024-10-09T22:02:56.491+0000] {dag.py:3823} INFO - Setting next_dagrun for example_python_operator to None, run_after=None
[2024-10-09T22:02:56.551+0000] {processor.py:183} INFO - Processing /home/airflow/.local/lib/python3.8/site-packages/airflow/example_dags/example_python_operator.py took 0.323 seconds
[2024-10-09T22:03:27.291+0000] {processor.py:161} INFO - Started process (PID=139) to work on /home/airflow/.local/lib/python3.8/site-packages/airflow/example_dags/example_python_operator.py
[2024-10-09T22:03:27.292+0000] {processor.py:830} INFO - Processing file /home/airflow/.local/lib/python3.8/site-packages/airflow/example_dags/example_python_operator.py for tasks to queue
[2024-10-09T22:03:27.295+0000] {logging_mixin.py:188} INFO - [2024-10-09T22:03:27.294+0000] {dagbag.py:538} INFO - Filling up the DagBag from /home/airflow/.local/lib/python3.8/site-packages/airflow/example_dags/example_python_operator.py
[2024-10-09T22:03:27.306+0000] {processor.py:840} INFO - DAG(s) 'example_python_operator' retrieved from /home/airflow/.local/lib/python3.8/site-packages/airflow/example_dags/example_python_operator.py
[2024-10-09T22:03:27.332+0000] {logging_mixin.py:188} INFO - [2024-10-09T22:03:27.331+0000] {dag.py:3036} INFO - Sync 1 DAGs
[2024-10-09T22:03:27.344+0000] {logging_mixin.py:188} INFO - [2024-10-09T22:03:27.343+0000] {dag.py:3823} INFO - Setting next_dagrun for example_python_operator to None, run_after=None
[2024-10-09T22:03:27.368+0000] {processor.py:183} INFO - Processing /home/airflow/.local/lib/python3.8/site-packages/airflow/example_dags/example_python_operator.py took 0.081 seconds
[2024-10-09T22:03:58.244+0000] {processor.py:161} INFO - Started process (PID=201) to work on /home/airflow/.local/lib/python3.8/site-packages/airflow/example_dags/example_python_operator.py
[2024-10-09T22:03:58.246+0000] {processor.py:830} INFO - Processing file /home/airflow/.local/lib/python3.8/site-packages/airflow/example_dags/example_python_operator.py for tasks to queue
[2024-10-09T22:03:58.249+0000] {logging_mixin.py:188} INFO - [2024-10-09T22:03:58.249+0000] {dagbag.py:538} INFO - Filling up the DagBag from /home/airflow/.local/lib/python3.8/site-packages/airflow/example_dags/example_python_operator.py
[2024-10-09T22:03:58.262+0000] {processor.py:840} INFO - DAG(s) 'example_python_operator' retrieved from /home/airflow/.local/lib/python3.8/site-packages/airflow/example_dags/example_python_operator.py
[2024-10-09T22:03:58.294+0000] {logging_mixin.py:188} INFO - [2024-10-09T22:03:58.294+0000] {dag.py:3036} INFO - Sync 1 DAGs
[2024-10-09T22:03:58.308+0000] {logging_mixin.py:188} INFO - [2024-10-09T22:03:58.307+0000] {dag.py:3823} INFO - Setting next_dagrun for example_python_operator to None, run_after=None
[2024-10-09T22:03:58.342+0000] {processor.py:183} INFO - Processing /home/airflow/.local/lib/python3.8/site-packages/airflow/example_dags/example_python_operator.py took 0.101 seconds
[2024-10-09T22:04:28.640+0000] {processor.py:161} INFO - Started process (PID=263) to work on /home/airflow/.local/lib/python3.8/site-packages/airflow/example_dags/example_python_operator.py
[2024-10-09T22:04:28.642+0000] {processor.py:830} INFO - Processing file /home/airflow/.local/lib/python3.8/site-packages/airflow/example_dags/example_python_operator.py for tasks to queue
[2024-10-09T22:04:28.647+0000] {logging_mixin.py:188} INFO - [2024-10-09T22:04:28.646+0000] {dagbag.py:538} INFO - Filling up the DagBag from /home/airflow/.local/lib/python3.8/site-packages/airflow/example_dags/example_python_operator.py
[2024-10-09T22:04:28.663+0000] {processor.py:840} INFO - DAG(s) 'example_python_operator' retrieved from /home/airflow/.local/lib/python3.8/site-packages/airflow/example_dags/example_python_operator.py
[2024-10-09T22:04:28.697+0000] {logging_mixin.py:188} INFO - [2024-10-09T22:04:28.696+0000] {dag.py:3036} INFO - Sync 1 DAGs
[2024-10-09T22:04:28.712+0000] {logging_mixin.py:188} INFO - [2024-10-09T22:04:28.712+0000] {dag.py:3823} INFO - Setting next_dagrun for example_python_operator to None, run_after=None
[2024-10-09T22:04:28.745+0000] {processor.py:183} INFO - Processing /home/airflow/.local/lib/python3.8/site-packages/airflow/example_dags/example_python_operator.py took 0.110 seconds
[2024-10-09T22:05:01.155+0000] {processor.py:161} INFO - Started process (PID=325) to work on /home/airflow/.local/lib/python3.8/site-packages/airflow/example_dags/example_python_operator.py
[2024-10-09T22:05:01.168+0000] {processor.py:830} INFO - Processing file /home/airflow/.local/lib/python3.8/site-packages/airflow/example_dags/example_python_operator.py for tasks to queue
[2024-10-09T22:05:01.172+0000] {logging_mixin.py:188} INFO - [2024-10-09T22:05:01.171+0000] {dagbag.py:538} INFO - Filling up the DagBag from /home/airflow/.local/lib/python3.8/site-packages/airflow/example_dags/example_python_operator.py
[2024-10-09T22:05:01.186+0000] {processor.py:840} INFO - DAG(s) 'example_python_operator' retrieved from /home/airflow/.local/lib/python3.8/site-packages/airflow/example_dags/example_python_operator.py
[2024-10-09T22:05:01.242+0000] {logging_mixin.py:188} INFO - [2024-10-09T22:05:01.242+0000] {dag.py:3036} INFO - Sync 1 DAGs
[2024-10-09T22:05:01.270+0000] {logging_mixin.py:188} INFO - [2024-10-09T22:05:01.270+0000] {dag.py:3823} INFO - Setting next_dagrun for example_python_operator to None, run_after=None
[2024-10-09T22:05:01.304+0000] {processor.py:183} INFO - Processing /home/airflow/.local/lib/python3.8/site-packages/airflow/example_dags/example_python_operator.py took 0.165 seconds
[2024-10-09T22:05:31.909+0000] {processor.py:161} INFO - Started process (PID=387) to work on /home/airflow/.local/lib/python3.8/site-packages/airflow/example_dags/example_python_operator.py
[2024-10-09T22:05:31.911+0000] {processor.py:830} INFO - Processing file /home/airflow/.local/lib/python3.8/site-packages/airflow/example_dags/example_python_operator.py for tasks to queue
[2024-10-09T22:05:31.914+0000] {logging_mixin.py:188} INFO - [2024-10-09T22:05:31.914+0000] {dagbag.py:538} INFO - Filling up the DagBag from /home/airflow/.local/lib/python3.8/site-packages/airflow/example_dags/example_python_operator.py
[2024-10-09T22:05:31.925+0000] {processor.py:840} INFO - DAG(s) 'example_python_operator' retrieved from /home/airflow/.local/lib/python3.8/site-packages/airflow/example_dags/example_python_operator.py
[2024-10-09T22:05:31.953+0000] {logging_mixin.py:188} INFO - [2024-10-09T22:05:31.953+0000] {dag.py:3036} INFO - Sync 1 DAGs
[2024-10-09T22:05:31.972+0000] {logging_mixin.py:188} INFO - [2024-10-09T22:05:31.971+0000] {dag.py:3823} INFO - Setting next_dagrun for example_python_operator to None, run_after=None
[2024-10-09T22:05:32.018+0000] {processor.py:183} INFO - Processing /home/airflow/.local/lib/python3.8/site-packages/airflow/example_dags/example_python_operator.py took 0.112 seconds
[2024-10-09T22:06:03.230+0000] {processor.py:161} INFO - Started process (PID=449) to work on /home/airflow/.local/lib/python3.8/site-packages/airflow/example_dags/example_python_operator.py
[2024-10-09T22:06:03.233+0000] {processor.py:830} INFO - Processing file /home/airflow/.local/lib/python3.8/site-packages/airflow/example_dags/example_python_operator.py for tasks to queue
[2024-10-09T22:06:03.238+0000] {logging_mixin.py:188} INFO - [2024-10-09T22:06:03.237+0000] {dagbag.py:538} INFO - Filling up the DagBag from /home/airflow/.local/lib/python3.8/site-packages/airflow/example_dags/example_python_operator.py
[2024-10-09T22:06:03.263+0000] {processor.py:840} INFO - DAG(s) 'example_python_operator' retrieved from /home/airflow/.local/lib/python3.8/site-packages/airflow/example_dags/example_python_operator.py
[2024-10-09T22:06:03.319+0000] {logging_mixin.py:188} INFO - [2024-10-09T22:06:03.318+0000] {dag.py:3036} INFO - Sync 1 DAGs
[2024-10-09T22:06:03.349+0000] {logging_mixin.py:188} INFO - [2024-10-09T22:06:03.348+0000] {dag.py:3823} INFO - Setting next_dagrun for example_python_operator to None, run_after=None
[2024-10-09T22:06:03.424+0000] {processor.py:183} INFO - Processing /home/airflow/.local/lib/python3.8/site-packages/airflow/example_dags/example_python_operator.py took 0.201 seconds
[2024-10-09T22:06:33.880+0000] {processor.py:161} INFO - Started process (PID=511) to work on /home/airflow/.local/lib/python3.8/site-packages/airflow/example_dags/example_python_operator.py
[2024-10-09T22:06:33.882+0000] {processor.py:830} INFO - Processing file /home/airflow/.local/lib/python3.8/site-packages/airflow/example_dags/example_python_operator.py for tasks to queue
[2024-10-09T22:06:33.884+0000] {logging_mixin.py:188} INFO - [2024-10-09T22:06:33.884+0000] {dagbag.py:538} INFO - Filling up the DagBag from /home/airflow/.local/lib/python3.8/site-packages/airflow/example_dags/example_python_operator.py
[2024-10-09T22:06:33.896+0000] {processor.py:840} INFO - DAG(s) 'example_python_operator' retrieved from /home/airflow/.local/lib/python3.8/site-packages/airflow/example_dags/example_python_operator.py
[2024-10-09T22:06:33.925+0000] {logging_mixin.py:188} INFO - [2024-10-09T22:06:33.925+0000] {dag.py:3036} INFO - Sync 1 DAGs
[2024-10-09T22:06:33.942+0000] {logging_mixin.py:188} INFO - [2024-10-09T22:06:33.942+0000] {dag.py:3823} INFO - Setting next_dagrun for example_python_operator to None, run_after=None
[2024-10-09T22:06:33.969+0000] {processor.py:183} INFO - Processing /home/airflow/.local/lib/python3.8/site-packages/airflow/example_dags/example_python_operator.py took 0.092 seconds
[2024-10-09T22:07:05.006+0000] {processor.py:161} INFO - Started process (PID=573) to work on /home/airflow/.local/lib/python3.8/site-packages/airflow/example_dags/example_python_operator.py
[2024-10-09T22:07:05.007+0000] {processor.py:830} INFO - Processing file /home/airflow/.local/lib/python3.8/site-packages/airflow/example_dags/example_python_operator.py for tasks to queue
[2024-10-09T22:07:05.009+0000] {logging_mixin.py:188} INFO - [2024-10-09T22:07:05.009+0000] {dagbag.py:538} INFO - Filling up the DagBag from /home/airflow/.local/lib/python3.8/site-packages/airflow/example_dags/example_python_operator.py
[2024-10-09T22:07:05.022+0000] {processor.py:840} INFO - DAG(s) 'example_python_operator' retrieved from /home/airflow/.local/lib/python3.8/site-packages/airflow/example_dags/example_python_operator.py
[2024-10-09T22:07:05.050+0000] {logging_mixin.py:188} INFO - [2024-10-09T22:07:05.049+0000] {dag.py:3036} INFO - Sync 1 DAGs
[2024-10-09T22:07:05.064+0000] {logging_mixin.py:188} INFO - [2024-10-09T22:07:05.063+0000] {dag.py:3823} INFO - Setting next_dagrun for example_python_operator to None, run_after=None
[2024-10-09T22:07:05.089+0000] {processor.py:183} INFO - Processing /home/airflow/.local/lib/python3.8/site-packages/airflow/example_dags/example_python_operator.py took 0.087 seconds
[2024-10-09T22:07:35.551+0000] {processor.py:161} INFO - Started process (PID=635) to work on /home/airflow/.local/lib/python3.8/site-packages/airflow/example_dags/example_python_operator.py
[2024-10-09T22:07:35.553+0000] {processor.py:830} INFO - Processing file /home/airflow/.local/lib/python3.8/site-packages/airflow/example_dags/example_python_operator.py for tasks to queue
[2024-10-09T22:07:35.555+0000] {logging_mixin.py:188} INFO - [2024-10-09T22:07:35.555+0000] {dagbag.py:538} INFO - Filling up the DagBag from /home/airflow/.local/lib/python3.8/site-packages/airflow/example_dags/example_python_operator.py
[2024-10-09T22:07:35.568+0000] {processor.py:840} INFO - DAG(s) 'example_python_operator' retrieved from /home/airflow/.local/lib/python3.8/site-packages/airflow/example_dags/example_python_operator.py
[2024-10-09T22:07:35.594+0000] {logging_mixin.py:188} INFO - [2024-10-09T22:07:35.594+0000] {dag.py:3036} INFO - Sync 1 DAGs
[2024-10-09T22:07:35.613+0000] {logging_mixin.py:188} INFO - [2024-10-09T22:07:35.613+0000] {dag.py:3823} INFO - Setting next_dagrun for example_python_operator to None, run_after=None
[2024-10-09T22:07:35.649+0000] {processor.py:183} INFO - Processing /home/airflow/.local/lib/python3.8/site-packages/airflow/example_dags/example_python_operator.py took 0.102 seconds
[2024-10-09T22:08:06.019+0000] {processor.py:161} INFO - Started process (PID=698) to work on /home/airflow/.local/lib/python3.8/site-packages/airflow/example_dags/example_python_operator.py
[2024-10-09T22:08:06.021+0000] {processor.py:830} INFO - Processing file /home/airflow/.local/lib/python3.8/site-packages/airflow/example_dags/example_python_operator.py for tasks to queue
[2024-10-09T22:08:06.023+0000] {logging_mixin.py:188} INFO - [2024-10-09T22:08:06.023+0000] {dagbag.py:538} INFO - Filling up the DagBag from /home/airflow/.local/lib/python3.8/site-packages/airflow/example_dags/example_python_operator.py
[2024-10-09T22:08:06.034+0000] {processor.py:840} INFO - DAG(s) 'example_python_operator' retrieved from /home/airflow/.local/lib/python3.8/site-packages/airflow/example_dags/example_python_operator.py
[2024-10-09T22:08:06.060+0000] {logging_mixin.py:188} INFO - [2024-10-09T22:08:06.059+0000] {dag.py:3036} INFO - Sync 1 DAGs
[2024-10-09T22:08:06.074+0000] {logging_mixin.py:188} INFO - [2024-10-09T22:08:06.073+0000] {dag.py:3823} INFO - Setting next_dagrun for example_python_operator to None, run_after=None
[2024-10-09T22:08:06.098+0000] {processor.py:183} INFO - Processing /home/airflow/.local/lib/python3.8/site-packages/airflow/example_dags/example_python_operator.py took 0.083 seconds
[2024-10-09T22:08:36.267+0000] {processor.py:161} INFO - Started process (PID=759) to work on /home/airflow/.local/lib/python3.8/site-packages/airflow/example_dags/example_python_operator.py
[2024-10-09T22:08:36.268+0000] {processor.py:830} INFO - Processing file /home/airflow/.local/lib/python3.8/site-packages/airflow/example_dags/example_python_operator.py for tasks to queue
[2024-10-09T22:08:36.271+0000] {logging_mixin.py:188} INFO - [2024-10-09T22:08:36.270+0000] {dagbag.py:538} INFO - Filling up the DagBag from /home/airflow/.local/lib/python3.8/site-packages/airflow/example_dags/example_python_operator.py
[2024-10-09T22:08:36.282+0000] {processor.py:840} INFO - DAG(s) 'example_python_operator' retrieved from /home/airflow/.local/lib/python3.8/site-packages/airflow/example_dags/example_python_operator.py
[2024-10-09T22:08:36.319+0000] {logging_mixin.py:188} INFO - [2024-10-09T22:08:36.319+0000] {dag.py:3036} INFO - Sync 1 DAGs
[2024-10-09T22:08:36.333+0000] {logging_mixin.py:188} INFO - [2024-10-09T22:08:36.333+0000] {dag.py:3823} INFO - Setting next_dagrun for example_python_operator to None, run_after=None
[2024-10-09T22:08:36.359+0000] {processor.py:183} INFO - Processing /home/airflow/.local/lib/python3.8/site-packages/airflow/example_dags/example_python_operator.py took 0.096 seconds
[2024-10-09T22:09:08.696+0000] {processor.py:161} INFO - Started process (PID=820) to work on /home/airflow/.local/lib/python3.8/site-packages/airflow/example_dags/example_python_operator.py
[2024-10-09T22:09:08.700+0000] {processor.py:830} INFO - Processing file /home/airflow/.local/lib/python3.8/site-packages/airflow/example_dags/example_python_operator.py for tasks to queue
[2024-10-09T22:09:08.704+0000] {logging_mixin.py:188} INFO - [2024-10-09T22:09:08.704+0000] {dagbag.py:538} INFO - Filling up the DagBag from /home/airflow/.local/lib/python3.8/site-packages/airflow/example_dags/example_python_operator.py
[2024-10-09T22:09:08.813+0000] {processor.py:840} INFO - DAG(s) 'example_python_operator' retrieved from /home/airflow/.local/lib/python3.8/site-packages/airflow/example_dags/example_python_operator.py
[2024-10-09T22:09:09.091+0000] {logging_mixin.py:188} INFO - [2024-10-09T22:09:09.083+0000] {dag.py:3036} INFO - Sync 1 DAGs
[2024-10-09T22:09:09.226+0000] {logging_mixin.py:188} INFO - [2024-10-09T22:09:09.225+0000] {dag.py:3823} INFO - Setting next_dagrun for example_python_operator to None, run_after=None
[2024-10-09T22:09:09.308+0000] {processor.py:183} INFO - Processing /home/airflow/.local/lib/python3.8/site-packages/airflow/example_dags/example_python_operator.py took 0.633 seconds
