[2024-10-09T22:02:18.596+0000] {processor.py:161} INFO - Started process (PID=109) to work on /home/airflow/.local/lib/python3.8/site-packages/airflow/example_dags/example_skip_dag.py
[2024-10-09T22:02:18.597+0000] {processor.py:830} INFO - Processing file /home/airflow/.local/lib/python3.8/site-packages/airflow/example_dags/example_skip_dag.py for tasks to queue
[2024-10-09T22:02:18.600+0000] {logging_mixin.py:188} INFO - [2024-10-09T22:02:18.599+0000] {dagbag.py:538} INFO - Filling up the DagBag from /home/airflow/.local/lib/python3.8/site-packages/airflow/example_dags/example_skip_dag.py
[2024-10-09T22:02:18.610+0000] {processor.py:840} INFO - DAG(s) 'example_skip_dag' retrieved from /home/airflow/.local/lib/python3.8/site-packages/airflow/example_dags/example_skip_dag.py
[2024-10-09T22:02:18.628+0000] {logging_mixin.py:188} INFO - [2024-10-09T22:02:18.628+0000] {dag.py:3036} INFO - Sync 1 DAGs
[2024-10-09T22:02:18.678+0000] {logging_mixin.py:188} INFO - [2024-10-09T22:02:18.677+0000] {dag.py:3823} INFO - Setting next_dagrun for example_skip_dag to 2024-10-08 00:00:00+00:00, run_after=2024-10-09 00:00:00+00:00
[2024-10-09T22:02:18.723+0000] {processor.py:183} INFO - Processing /home/airflow/.local/lib/python3.8/site-packages/airflow/example_dags/example_skip_dag.py took 0.132 seconds
[2024-10-09T22:02:58.485+0000] {processor.py:161} INFO - Started process (PID=94) to work on /home/airflow/.local/lib/python3.8/site-packages/airflow/example_dags/example_skip_dag.py
[2024-10-09T22:02:58.487+0000] {processor.py:830} INFO - Processing file /home/airflow/.local/lib/python3.8/site-packages/airflow/example_dags/example_skip_dag.py for tasks to queue
[2024-10-09T22:02:58.489+0000] {logging_mixin.py:188} INFO - [2024-10-09T22:02:58.489+0000] {dagbag.py:538} INFO - Filling up the DagBag from /home/airflow/.local/lib/python3.8/site-packages/airflow/example_dags/example_skip_dag.py
[2024-10-09T22:02:58.496+0000] {processor.py:840} INFO - DAG(s) 'example_skip_dag' retrieved from /home/airflow/.local/lib/python3.8/site-packages/airflow/example_dags/example_skip_dag.py
[2024-10-09T22:02:58.605+0000] {logging_mixin.py:188} INFO - [2024-10-09T22:02:58.605+0000] {dag.py:3036} INFO - Sync 1 DAGs
[2024-10-09T22:02:58.630+0000] {logging_mixin.py:188} INFO - [2024-10-09T22:02:58.629+0000] {dag.py:3823} INFO - Setting next_dagrun for example_skip_dag to 2024-10-08 00:00:00+00:00, run_after=2024-10-09 00:00:00+00:00
[2024-10-09T22:02:58.667+0000] {processor.py:183} INFO - Processing /home/airflow/.local/lib/python3.8/site-packages/airflow/example_dags/example_skip_dag.py took 0.186 seconds
[2024-10-09T22:03:28.884+0000] {processor.py:161} INFO - Started process (PID=156) to work on /home/airflow/.local/lib/python3.8/site-packages/airflow/example_dags/example_skip_dag.py
[2024-10-09T22:03:28.886+0000] {processor.py:830} INFO - Processing file /home/airflow/.local/lib/python3.8/site-packages/airflow/example_dags/example_skip_dag.py for tasks to queue
[2024-10-09T22:03:28.888+0000] {logging_mixin.py:188} INFO - [2024-10-09T22:03:28.887+0000] {dagbag.py:538} INFO - Filling up the DagBag from /home/airflow/.local/lib/python3.8/site-packages/airflow/example_dags/example_skip_dag.py
[2024-10-09T22:03:28.894+0000] {processor.py:840} INFO - DAG(s) 'example_skip_dag' retrieved from /home/airflow/.local/lib/python3.8/site-packages/airflow/example_dags/example_skip_dag.py
[2024-10-09T22:03:28.918+0000] {logging_mixin.py:188} INFO - [2024-10-09T22:03:28.917+0000] {dag.py:3036} INFO - Sync 1 DAGs
[2024-10-09T22:03:28.953+0000] {logging_mixin.py:188} INFO - [2024-10-09T22:03:28.953+0000] {dag.py:3823} INFO - Setting next_dagrun for example_skip_dag to 2024-10-08 00:00:00+00:00, run_after=2024-10-09 00:00:00+00:00
[2024-10-09T22:03:28.981+0000] {processor.py:183} INFO - Processing /home/airflow/.local/lib/python3.8/site-packages/airflow/example_dags/example_skip_dag.py took 0.101 seconds
[2024-10-09T22:03:59.864+0000] {processor.py:161} INFO - Started process (PID=218) to work on /home/airflow/.local/lib/python3.8/site-packages/airflow/example_dags/example_skip_dag.py
[2024-10-09T22:03:59.866+0000] {processor.py:830} INFO - Processing file /home/airflow/.local/lib/python3.8/site-packages/airflow/example_dags/example_skip_dag.py for tasks to queue
[2024-10-09T22:03:59.869+0000] {logging_mixin.py:188} INFO - [2024-10-09T22:03:59.868+0000] {dagbag.py:538} INFO - Filling up the DagBag from /home/airflow/.local/lib/python3.8/site-packages/airflow/example_dags/example_skip_dag.py
[2024-10-09T22:03:59.875+0000] {processor.py:840} INFO - DAG(s) 'example_skip_dag' retrieved from /home/airflow/.local/lib/python3.8/site-packages/airflow/example_dags/example_skip_dag.py
[2024-10-09T22:03:59.902+0000] {logging_mixin.py:188} INFO - [2024-10-09T22:03:59.901+0000] {dag.py:3036} INFO - Sync 1 DAGs
[2024-10-09T22:03:59.934+0000] {logging_mixin.py:188} INFO - [2024-10-09T22:03:59.934+0000] {dag.py:3823} INFO - Setting next_dagrun for example_skip_dag to 2024-10-08 00:00:00+00:00, run_after=2024-10-09 00:00:00+00:00
[2024-10-09T22:03:59.956+0000] {processor.py:183} INFO - Processing /home/airflow/.local/lib/python3.8/site-packages/airflow/example_dags/example_skip_dag.py took 0.094 seconds
[2024-10-09T22:04:30.832+0000] {processor.py:161} INFO - Started process (PID=280) to work on /home/airflow/.local/lib/python3.8/site-packages/airflow/example_dags/example_skip_dag.py
[2024-10-09T22:04:30.834+0000] {processor.py:830} INFO - Processing file /home/airflow/.local/lib/python3.8/site-packages/airflow/example_dags/example_skip_dag.py for tasks to queue
[2024-10-09T22:04:30.837+0000] {logging_mixin.py:188} INFO - [2024-10-09T22:04:30.837+0000] {dagbag.py:538} INFO - Filling up the DagBag from /home/airflow/.local/lib/python3.8/site-packages/airflow/example_dags/example_skip_dag.py
[2024-10-09T22:04:30.847+0000] {processor.py:840} INFO - DAG(s) 'example_skip_dag' retrieved from /home/airflow/.local/lib/python3.8/site-packages/airflow/example_dags/example_skip_dag.py
[2024-10-09T22:04:30.885+0000] {logging_mixin.py:188} INFO - [2024-10-09T22:04:30.885+0000] {dag.py:3036} INFO - Sync 1 DAGs
[2024-10-09T22:04:30.920+0000] {logging_mixin.py:188} INFO - [2024-10-09T22:04:30.919+0000] {dag.py:3823} INFO - Setting next_dagrun for example_skip_dag to 2024-10-08 00:00:00+00:00, run_after=2024-10-09 00:00:00+00:00
[2024-10-09T22:04:30.957+0000] {processor.py:183} INFO - Processing /home/airflow/.local/lib/python3.8/site-packages/airflow/example_dags/example_skip_dag.py took 0.130 seconds
[2024-10-09T22:05:02.690+0000] {processor.py:161} INFO - Started process (PID=342) to work on /home/airflow/.local/lib/python3.8/site-packages/airflow/example_dags/example_skip_dag.py
[2024-10-09T22:05:02.692+0000] {processor.py:830} INFO - Processing file /home/airflow/.local/lib/python3.8/site-packages/airflow/example_dags/example_skip_dag.py for tasks to queue
[2024-10-09T22:05:02.694+0000] {logging_mixin.py:188} INFO - [2024-10-09T22:05:02.694+0000] {dagbag.py:538} INFO - Filling up the DagBag from /home/airflow/.local/lib/python3.8/site-packages/airflow/example_dags/example_skip_dag.py
[2024-10-09T22:05:02.703+0000] {processor.py:840} INFO - DAG(s) 'example_skip_dag' retrieved from /home/airflow/.local/lib/python3.8/site-packages/airflow/example_dags/example_skip_dag.py
[2024-10-09T22:05:02.730+0000] {logging_mixin.py:188} INFO - [2024-10-09T22:05:02.729+0000] {dag.py:3036} INFO - Sync 1 DAGs
[2024-10-09T22:05:02.756+0000] {logging_mixin.py:188} INFO - [2024-10-09T22:05:02.756+0000] {dag.py:3823} INFO - Setting next_dagrun for example_skip_dag to 2024-10-08 00:00:00+00:00, run_after=2024-10-09 00:00:00+00:00
[2024-10-09T22:05:02.783+0000] {processor.py:183} INFO - Processing /home/airflow/.local/lib/python3.8/site-packages/airflow/example_dags/example_skip_dag.py took 0.097 seconds
[2024-10-09T22:05:33.292+0000] {processor.py:161} INFO - Started process (PID=404) to work on /home/airflow/.local/lib/python3.8/site-packages/airflow/example_dags/example_skip_dag.py
[2024-10-09T22:05:33.294+0000] {processor.py:830} INFO - Processing file /home/airflow/.local/lib/python3.8/site-packages/airflow/example_dags/example_skip_dag.py for tasks to queue
[2024-10-09T22:05:33.297+0000] {logging_mixin.py:188} INFO - [2024-10-09T22:05:33.297+0000] {dagbag.py:538} INFO - Filling up the DagBag from /home/airflow/.local/lib/python3.8/site-packages/airflow/example_dags/example_skip_dag.py
[2024-10-09T22:05:33.307+0000] {processor.py:840} INFO - DAG(s) 'example_skip_dag' retrieved from /home/airflow/.local/lib/python3.8/site-packages/airflow/example_dags/example_skip_dag.py
[2024-10-09T22:05:33.341+0000] {logging_mixin.py:188} INFO - [2024-10-09T22:05:33.340+0000] {dag.py:3036} INFO - Sync 1 DAGs
[2024-10-09T22:05:33.369+0000] {logging_mixin.py:188} INFO - [2024-10-09T22:05:33.368+0000] {dag.py:3823} INFO - Setting next_dagrun for example_skip_dag to 2024-10-08 00:00:00+00:00, run_after=2024-10-09 00:00:00+00:00
[2024-10-09T22:05:33.397+0000] {processor.py:183} INFO - Processing /home/airflow/.local/lib/python3.8/site-packages/airflow/example_dags/example_skip_dag.py took 0.108 seconds
[2024-10-09T22:06:05.557+0000] {processor.py:161} INFO - Started process (PID=466) to work on /home/airflow/.local/lib/python3.8/site-packages/airflow/example_dags/example_skip_dag.py
[2024-10-09T22:06:05.559+0000] {processor.py:830} INFO - Processing file /home/airflow/.local/lib/python3.8/site-packages/airflow/example_dags/example_skip_dag.py for tasks to queue
[2024-10-09T22:06:05.563+0000] {logging_mixin.py:188} INFO - [2024-10-09T22:06:05.562+0000] {dagbag.py:538} INFO - Filling up the DagBag from /home/airflow/.local/lib/python3.8/site-packages/airflow/example_dags/example_skip_dag.py
[2024-10-09T22:06:05.576+0000] {processor.py:840} INFO - DAG(s) 'example_skip_dag' retrieved from /home/airflow/.local/lib/python3.8/site-packages/airflow/example_dags/example_skip_dag.py
[2024-10-09T22:06:05.628+0000] {logging_mixin.py:188} INFO - [2024-10-09T22:06:05.628+0000] {dag.py:3036} INFO - Sync 1 DAGs
[2024-10-09T22:06:05.688+0000] {logging_mixin.py:188} INFO - [2024-10-09T22:06:05.688+0000] {dag.py:3823} INFO - Setting next_dagrun for example_skip_dag to 2024-10-08 00:00:00+00:00, run_after=2024-10-09 00:00:00+00:00
[2024-10-09T22:06:05.738+0000] {processor.py:183} INFO - Processing /home/airflow/.local/lib/python3.8/site-packages/airflow/example_dags/example_skip_dag.py took 0.187 seconds
[2024-10-09T22:06:36.520+0000] {processor.py:161} INFO - Started process (PID=528) to work on /home/airflow/.local/lib/python3.8/site-packages/airflow/example_dags/example_skip_dag.py
[2024-10-09T22:06:36.522+0000] {processor.py:830} INFO - Processing file /home/airflow/.local/lib/python3.8/site-packages/airflow/example_dags/example_skip_dag.py for tasks to queue
[2024-10-09T22:06:36.525+0000] {logging_mixin.py:188} INFO - [2024-10-09T22:06:36.525+0000] {dagbag.py:538} INFO - Filling up the DagBag from /home/airflow/.local/lib/python3.8/site-packages/airflow/example_dags/example_skip_dag.py
[2024-10-09T22:06:36.536+0000] {processor.py:840} INFO - DAG(s) 'example_skip_dag' retrieved from /home/airflow/.local/lib/python3.8/site-packages/airflow/example_dags/example_skip_dag.py
[2024-10-09T22:06:36.565+0000] {logging_mixin.py:188} INFO - [2024-10-09T22:06:36.565+0000] {dag.py:3036} INFO - Sync 1 DAGs
[2024-10-09T22:06:36.595+0000] {logging_mixin.py:188} INFO - [2024-10-09T22:06:36.595+0000] {dag.py:3823} INFO - Setting next_dagrun for example_skip_dag to 2024-10-08 00:00:00+00:00, run_after=2024-10-09 00:00:00+00:00
[2024-10-09T22:06:36.630+0000] {processor.py:183} INFO - Processing /home/airflow/.local/lib/python3.8/site-packages/airflow/example_dags/example_skip_dag.py took 0.135 seconds
[2024-10-09T22:07:07.568+0000] {processor.py:161} INFO - Started process (PID=590) to work on /home/airflow/.local/lib/python3.8/site-packages/airflow/example_dags/example_skip_dag.py
[2024-10-09T22:07:07.569+0000] {processor.py:830} INFO - Processing file /home/airflow/.local/lib/python3.8/site-packages/airflow/example_dags/example_skip_dag.py for tasks to queue
[2024-10-09T22:07:07.572+0000] {logging_mixin.py:188} INFO - [2024-10-09T22:07:07.571+0000] {dagbag.py:538} INFO - Filling up the DagBag from /home/airflow/.local/lib/python3.8/site-packages/airflow/example_dags/example_skip_dag.py
[2024-10-09T22:07:07.580+0000] {processor.py:840} INFO - DAG(s) 'example_skip_dag' retrieved from /home/airflow/.local/lib/python3.8/site-packages/airflow/example_dags/example_skip_dag.py
[2024-10-09T22:07:07.606+0000] {logging_mixin.py:188} INFO - [2024-10-09T22:07:07.606+0000] {dag.py:3036} INFO - Sync 1 DAGs
[2024-10-09T22:07:07.638+0000] {logging_mixin.py:188} INFO - [2024-10-09T22:07:07.638+0000] {dag.py:3823} INFO - Setting next_dagrun for example_skip_dag to 2024-10-08 00:00:00+00:00, run_after=2024-10-09 00:00:00+00:00
[2024-10-09T22:07:07.684+0000] {processor.py:183} INFO - Processing /home/airflow/.local/lib/python3.8/site-packages/airflow/example_dags/example_skip_dag.py took 0.119 seconds
[2024-10-09T22:07:38.067+0000] {processor.py:161} INFO - Started process (PID=652) to work on /home/airflow/.local/lib/python3.8/site-packages/airflow/example_dags/example_skip_dag.py
[2024-10-09T22:07:38.069+0000] {processor.py:830} INFO - Processing file /home/airflow/.local/lib/python3.8/site-packages/airflow/example_dags/example_skip_dag.py for tasks to queue
[2024-10-09T22:07:38.073+0000] {logging_mixin.py:188} INFO - [2024-10-09T22:07:38.072+0000] {dagbag.py:538} INFO - Filling up the DagBag from /home/airflow/.local/lib/python3.8/site-packages/airflow/example_dags/example_skip_dag.py
[2024-10-09T22:07:38.086+0000] {processor.py:840} INFO - DAG(s) 'example_skip_dag' retrieved from /home/airflow/.local/lib/python3.8/site-packages/airflow/example_dags/example_skip_dag.py
[2024-10-09T22:07:38.127+0000] {logging_mixin.py:188} INFO - [2024-10-09T22:07:38.126+0000] {dag.py:3036} INFO - Sync 1 DAGs
[2024-10-09T22:07:38.180+0000] {logging_mixin.py:188} INFO - [2024-10-09T22:07:38.180+0000] {dag.py:3823} INFO - Setting next_dagrun for example_skip_dag to 2024-10-08 00:00:00+00:00, run_after=2024-10-09 00:00:00+00:00
[2024-10-09T22:07:38.214+0000] {processor.py:183} INFO - Processing /home/airflow/.local/lib/python3.8/site-packages/airflow/example_dags/example_skip_dag.py took 0.153 seconds
[2024-10-09T22:08:08.451+0000] {processor.py:161} INFO - Started process (PID=715) to work on /home/airflow/.local/lib/python3.8/site-packages/airflow/example_dags/example_skip_dag.py
[2024-10-09T22:08:08.453+0000] {processor.py:830} INFO - Processing file /home/airflow/.local/lib/python3.8/site-packages/airflow/example_dags/example_skip_dag.py for tasks to queue
[2024-10-09T22:08:08.456+0000] {logging_mixin.py:188} INFO - [2024-10-09T22:08:08.455+0000] {dagbag.py:538} INFO - Filling up the DagBag from /home/airflow/.local/lib/python3.8/site-packages/airflow/example_dags/example_skip_dag.py
[2024-10-09T22:08:08.468+0000] {processor.py:840} INFO - DAG(s) 'example_skip_dag' retrieved from /home/airflow/.local/lib/python3.8/site-packages/airflow/example_dags/example_skip_dag.py
[2024-10-09T22:08:08.497+0000] {logging_mixin.py:188} INFO - [2024-10-09T22:08:08.496+0000] {dag.py:3036} INFO - Sync 1 DAGs
[2024-10-09T22:08:08.523+0000] {logging_mixin.py:188} INFO - [2024-10-09T22:08:08.523+0000] {dag.py:3823} INFO - Setting next_dagrun for example_skip_dag to 2024-10-08 00:00:00+00:00, run_after=2024-10-09 00:00:00+00:00
[2024-10-09T22:08:08.548+0000] {processor.py:183} INFO - Processing /home/airflow/.local/lib/python3.8/site-packages/airflow/example_dags/example_skip_dag.py took 0.101 seconds
[2024-10-09T22:08:38.749+0000] {processor.py:161} INFO - Started process (PID=776) to work on /home/airflow/.local/lib/python3.8/site-packages/airflow/example_dags/example_skip_dag.py
[2024-10-09T22:08:38.751+0000] {processor.py:830} INFO - Processing file /home/airflow/.local/lib/python3.8/site-packages/airflow/example_dags/example_skip_dag.py for tasks to queue
[2024-10-09T22:08:38.754+0000] {logging_mixin.py:188} INFO - [2024-10-09T22:08:38.754+0000] {dagbag.py:538} INFO - Filling up the DagBag from /home/airflow/.local/lib/python3.8/site-packages/airflow/example_dags/example_skip_dag.py
[2024-10-09T22:08:38.763+0000] {processor.py:840} INFO - DAG(s) 'example_skip_dag' retrieved from /home/airflow/.local/lib/python3.8/site-packages/airflow/example_dags/example_skip_dag.py
[2024-10-09T22:08:38.800+0000] {logging_mixin.py:188} INFO - [2024-10-09T22:08:38.799+0000] {dag.py:3036} INFO - Sync 1 DAGs
[2024-10-09T22:08:38.846+0000] {logging_mixin.py:188} INFO - [2024-10-09T22:08:38.845+0000] {dag.py:3823} INFO - Setting next_dagrun for example_skip_dag to 2024-10-08 00:00:00+00:00, run_after=2024-10-09 00:00:00+00:00
[2024-10-09T22:08:38.878+0000] {processor.py:183} INFO - Processing /home/airflow/.local/lib/python3.8/site-packages/airflow/example_dags/example_skip_dag.py took 0.134 seconds
[2024-10-09T22:09:13.237+0000] {processor.py:161} INFO - Started process (PID=837) to work on /home/airflow/.local/lib/python3.8/site-packages/airflow/example_dags/example_skip_dag.py
[2024-10-09T22:09:13.239+0000] {processor.py:830} INFO - Processing file /home/airflow/.local/lib/python3.8/site-packages/airflow/example_dags/example_skip_dag.py for tasks to queue
[2024-10-09T22:09:13.243+0000] {logging_mixin.py:188} INFO - [2024-10-09T22:09:13.242+0000] {dagbag.py:538} INFO - Filling up the DagBag from /home/airflow/.local/lib/python3.8/site-packages/airflow/example_dags/example_skip_dag.py
[2024-10-09T22:09:13.254+0000] {processor.py:840} INFO - DAG(s) 'example_skip_dag' retrieved from /home/airflow/.local/lib/python3.8/site-packages/airflow/example_dags/example_skip_dag.py
[2024-10-09T22:09:13.329+0000] {logging_mixin.py:188} INFO - [2024-10-09T22:09:13.328+0000] {dag.py:3036} INFO - Sync 1 DAGs
[2024-10-09T22:09:13.361+0000] {logging_mixin.py:188} INFO - [2024-10-09T22:09:13.360+0000] {dag.py:3823} INFO - Setting next_dagrun for example_skip_dag to 2024-10-08 00:00:00+00:00, run_after=2024-10-09 00:00:00+00:00
[2024-10-09T22:09:13.400+0000] {processor.py:183} INFO - Processing /home/airflow/.local/lib/python3.8/site-packages/airflow/example_dags/example_skip_dag.py took 0.169 seconds
