[2024-10-09T22:02:18.233+0000] {processor.py:161} INFO - Started process (PID=105) to work on /home/airflow/.local/lib/python3.8/site-packages/airflow/example_dags/example_setup_teardown.py
[2024-10-09T22:02:18.234+0000] {processor.py:830} INFO - Processing file /home/airflow/.local/lib/python3.8/site-packages/airflow/example_dags/example_setup_teardown.py for tasks to queue
[2024-10-09T22:02:18.237+0000] {logging_mixin.py:188} INFO - [2024-10-09T22:02:18.236+0000] {dagbag.py:538} INFO - Filling up the DagBag from /home/airflow/.local/lib/python3.8/site-packages/airflow/example_dags/example_setup_teardown.py
[2024-10-09T22:02:18.253+0000] {processor.py:840} INFO - DAG(s) 'example_setup_teardown' retrieved from /home/airflow/.local/lib/python3.8/site-packages/airflow/example_dags/example_setup_teardown.py
[2024-10-09T22:02:18.276+0000] {logging_mixin.py:188} INFO - [2024-10-09T22:02:18.276+0000] {dag.py:3036} INFO - Sync 1 DAGs
[2024-10-09T22:02:18.308+0000] {logging_mixin.py:188} INFO - [2024-10-09T22:02:18.308+0000] {dag.py:3823} INFO - Setting next_dagrun for example_setup_teardown to 2024-10-08 00:00:00+00:00, run_after=2024-10-09 00:00:00+00:00
[2024-10-09T22:02:18.339+0000] {processor.py:183} INFO - Processing /home/airflow/.local/lib/python3.8/site-packages/airflow/example_dags/example_setup_teardown.py took 0.110 seconds
[2024-10-09T22:02:57.954+0000] {processor.py:161} INFO - Started process (PID=90) to work on /home/airflow/.local/lib/python3.8/site-packages/airflow/example_dags/example_setup_teardown.py
[2024-10-09T22:02:57.955+0000] {processor.py:830} INFO - Processing file /home/airflow/.local/lib/python3.8/site-packages/airflow/example_dags/example_setup_teardown.py for tasks to queue
[2024-10-09T22:02:57.958+0000] {logging_mixin.py:188} INFO - [2024-10-09T22:02:57.957+0000] {dagbag.py:538} INFO - Filling up the DagBag from /home/airflow/.local/lib/python3.8/site-packages/airflow/example_dags/example_setup_teardown.py
[2024-10-09T22:02:57.965+0000] {processor.py:840} INFO - DAG(s) 'example_setup_teardown' retrieved from /home/airflow/.local/lib/python3.8/site-packages/airflow/example_dags/example_setup_teardown.py
[2024-10-09T22:02:58.083+0000] {logging_mixin.py:188} INFO - [2024-10-09T22:02:58.083+0000] {dag.py:3036} INFO - Sync 1 DAGs
[2024-10-09T22:02:58.112+0000] {logging_mixin.py:188} INFO - [2024-10-09T22:02:58.112+0000] {dag.py:3823} INFO - Setting next_dagrun for example_setup_teardown to 2024-10-08 00:00:00+00:00, run_after=2024-10-09 00:00:00+00:00
[2024-10-09T22:02:58.158+0000] {processor.py:183} INFO - Processing /home/airflow/.local/lib/python3.8/site-packages/airflow/example_dags/example_setup_teardown.py took 0.207 seconds
[2024-10-09T22:03:28.548+0000] {processor.py:161} INFO - Started process (PID=152) to work on /home/airflow/.local/lib/python3.8/site-packages/airflow/example_dags/example_setup_teardown.py
[2024-10-09T22:03:28.550+0000] {processor.py:830} INFO - Processing file /home/airflow/.local/lib/python3.8/site-packages/airflow/example_dags/example_setup_teardown.py for tasks to queue
[2024-10-09T22:03:28.553+0000] {logging_mixin.py:188} INFO - [2024-10-09T22:03:28.552+0000] {dagbag.py:538} INFO - Filling up the DagBag from /home/airflow/.local/lib/python3.8/site-packages/airflow/example_dags/example_setup_teardown.py
[2024-10-09T22:03:28.562+0000] {processor.py:840} INFO - DAG(s) 'example_setup_teardown' retrieved from /home/airflow/.local/lib/python3.8/site-packages/airflow/example_dags/example_setup_teardown.py
[2024-10-09T22:03:28.589+0000] {logging_mixin.py:188} INFO - [2024-10-09T22:03:28.589+0000] {dag.py:3036} INFO - Sync 1 DAGs
[2024-10-09T22:03:28.614+0000] {logging_mixin.py:188} INFO - [2024-10-09T22:03:28.613+0000] {dag.py:3823} INFO - Setting next_dagrun for example_setup_teardown to 2024-10-08 00:00:00+00:00, run_after=2024-10-09 00:00:00+00:00
[2024-10-09T22:03:28.640+0000] {processor.py:183} INFO - Processing /home/airflow/.local/lib/python3.8/site-packages/airflow/example_dags/example_setup_teardown.py took 0.096 seconds
[2024-10-09T22:03:59.608+0000] {processor.py:161} INFO - Started process (PID=214) to work on /home/airflow/.local/lib/python3.8/site-packages/airflow/example_dags/example_setup_teardown.py
[2024-10-09T22:03:59.610+0000] {processor.py:830} INFO - Processing file /home/airflow/.local/lib/python3.8/site-packages/airflow/example_dags/example_setup_teardown.py for tasks to queue
[2024-10-09T22:03:59.612+0000] {logging_mixin.py:188} INFO - [2024-10-09T22:03:59.612+0000] {dagbag.py:538} INFO - Filling up the DagBag from /home/airflow/.local/lib/python3.8/site-packages/airflow/example_dags/example_setup_teardown.py
[2024-10-09T22:03:59.619+0000] {processor.py:840} INFO - DAG(s) 'example_setup_teardown' retrieved from /home/airflow/.local/lib/python3.8/site-packages/airflow/example_dags/example_setup_teardown.py
[2024-10-09T22:03:59.642+0000] {logging_mixin.py:188} INFO - [2024-10-09T22:03:59.641+0000] {dag.py:3036} INFO - Sync 1 DAGs
[2024-10-09T22:03:59.665+0000] {logging_mixin.py:188} INFO - [2024-10-09T22:03:59.665+0000] {dag.py:3823} INFO - Setting next_dagrun for example_setup_teardown to 2024-10-08 00:00:00+00:00, run_after=2024-10-09 00:00:00+00:00
[2024-10-09T22:03:59.710+0000] {processor.py:183} INFO - Processing /home/airflow/.local/lib/python3.8/site-packages/airflow/example_dags/example_setup_teardown.py took 0.106 seconds
[2024-10-09T22:04:30.360+0000] {processor.py:161} INFO - Started process (PID=276) to work on /home/airflow/.local/lib/python3.8/site-packages/airflow/example_dags/example_setup_teardown.py
[2024-10-09T22:04:30.361+0000] {processor.py:830} INFO - Processing file /home/airflow/.local/lib/python3.8/site-packages/airflow/example_dags/example_setup_teardown.py for tasks to queue
[2024-10-09T22:04:30.364+0000] {logging_mixin.py:188} INFO - [2024-10-09T22:04:30.363+0000] {dagbag.py:538} INFO - Filling up the DagBag from /home/airflow/.local/lib/python3.8/site-packages/airflow/example_dags/example_setup_teardown.py
[2024-10-09T22:04:30.374+0000] {processor.py:840} INFO - DAG(s) 'example_setup_teardown' retrieved from /home/airflow/.local/lib/python3.8/site-packages/airflow/example_dags/example_setup_teardown.py
[2024-10-09T22:04:30.408+0000] {logging_mixin.py:188} INFO - [2024-10-09T22:04:30.408+0000] {dag.py:3036} INFO - Sync 1 DAGs
[2024-10-09T22:04:30.437+0000] {logging_mixin.py:188} INFO - [2024-10-09T22:04:30.436+0000] {dag.py:3823} INFO - Setting next_dagrun for example_setup_teardown to 2024-10-08 00:00:00+00:00, run_after=2024-10-09 00:00:00+00:00
[2024-10-09T22:04:30.471+0000] {processor.py:183} INFO - Processing /home/airflow/.local/lib/python3.8/site-packages/airflow/example_dags/example_setup_teardown.py took 0.116 seconds
[2024-10-09T22:05:02.370+0000] {processor.py:161} INFO - Started process (PID=338) to work on /home/airflow/.local/lib/python3.8/site-packages/airflow/example_dags/example_setup_teardown.py
[2024-10-09T22:05:02.371+0000] {processor.py:830} INFO - Processing file /home/airflow/.local/lib/python3.8/site-packages/airflow/example_dags/example_setup_teardown.py for tasks to queue
[2024-10-09T22:05:02.374+0000] {logging_mixin.py:188} INFO - [2024-10-09T22:05:02.373+0000] {dagbag.py:538} INFO - Filling up the DagBag from /home/airflow/.local/lib/python3.8/site-packages/airflow/example_dags/example_setup_teardown.py
[2024-10-09T22:05:02.382+0000] {processor.py:840} INFO - DAG(s) 'example_setup_teardown' retrieved from /home/airflow/.local/lib/python3.8/site-packages/airflow/example_dags/example_setup_teardown.py
[2024-10-09T22:05:02.421+0000] {logging_mixin.py:188} INFO - [2024-10-09T22:05:02.421+0000] {dag.py:3036} INFO - Sync 1 DAGs
[2024-10-09T22:05:02.452+0000] {logging_mixin.py:188} INFO - [2024-10-09T22:05:02.452+0000] {dag.py:3823} INFO - Setting next_dagrun for example_setup_teardown to 2024-10-08 00:00:00+00:00, run_after=2024-10-09 00:00:00+00:00
[2024-10-09T22:05:02.489+0000] {processor.py:183} INFO - Processing /home/airflow/.local/lib/python3.8/site-packages/airflow/example_dags/example_setup_teardown.py took 0.123 seconds
[2024-10-09T22:05:33.006+0000] {processor.py:161} INFO - Started process (PID=400) to work on /home/airflow/.local/lib/python3.8/site-packages/airflow/example_dags/example_setup_teardown.py
[2024-10-09T22:05:33.007+0000] {processor.py:830} INFO - Processing file /home/airflow/.local/lib/python3.8/site-packages/airflow/example_dags/example_setup_teardown.py for tasks to queue
[2024-10-09T22:05:33.010+0000] {logging_mixin.py:188} INFO - [2024-10-09T22:05:33.010+0000] {dagbag.py:538} INFO - Filling up the DagBag from /home/airflow/.local/lib/python3.8/site-packages/airflow/example_dags/example_setup_teardown.py
[2024-10-09T22:05:33.017+0000] {processor.py:840} INFO - DAG(s) 'example_setup_teardown' retrieved from /home/airflow/.local/lib/python3.8/site-packages/airflow/example_dags/example_setup_teardown.py
[2024-10-09T22:05:33.043+0000] {logging_mixin.py:188} INFO - [2024-10-09T22:05:33.042+0000] {dag.py:3036} INFO - Sync 1 DAGs
[2024-10-09T22:05:33.068+0000] {logging_mixin.py:188} INFO - [2024-10-09T22:05:33.068+0000] {dag.py:3823} INFO - Setting next_dagrun for example_setup_teardown to 2024-10-08 00:00:00+00:00, run_after=2024-10-09 00:00:00+00:00
[2024-10-09T22:05:33.095+0000] {processor.py:183} INFO - Processing /home/airflow/.local/lib/python3.8/site-packages/airflow/example_dags/example_setup_teardown.py took 0.093 seconds
[2024-10-09T22:06:05.054+0000] {processor.py:161} INFO - Started process (PID=462) to work on /home/airflow/.local/lib/python3.8/site-packages/airflow/example_dags/example_setup_teardown.py
[2024-10-09T22:06:05.056+0000] {processor.py:830} INFO - Processing file /home/airflow/.local/lib/python3.8/site-packages/airflow/example_dags/example_setup_teardown.py for tasks to queue
[2024-10-09T22:06:05.060+0000] {logging_mixin.py:188} INFO - [2024-10-09T22:06:05.059+0000] {dagbag.py:538} INFO - Filling up the DagBag from /home/airflow/.local/lib/python3.8/site-packages/airflow/example_dags/example_setup_teardown.py
[2024-10-09T22:06:05.072+0000] {processor.py:840} INFO - DAG(s) 'example_setup_teardown' retrieved from /home/airflow/.local/lib/python3.8/site-packages/airflow/example_dags/example_setup_teardown.py
[2024-10-09T22:06:05.104+0000] {logging_mixin.py:188} INFO - [2024-10-09T22:06:05.103+0000] {dag.py:3036} INFO - Sync 1 DAGs
[2024-10-09T22:06:05.188+0000] {logging_mixin.py:188} INFO - [2024-10-09T22:06:05.188+0000] {dag.py:3823} INFO - Setting next_dagrun for example_setup_teardown to 2024-10-08 00:00:00+00:00, run_after=2024-10-09 00:00:00+00:00
[2024-10-09T22:06:05.242+0000] {processor.py:183} INFO - Processing /home/airflow/.local/lib/python3.8/site-packages/airflow/example_dags/example_setup_teardown.py took 0.193 seconds
[2024-10-09T22:06:36.068+0000] {processor.py:161} INFO - Started process (PID=524) to work on /home/airflow/.local/lib/python3.8/site-packages/airflow/example_dags/example_setup_teardown.py
[2024-10-09T22:06:36.070+0000] {processor.py:830} INFO - Processing file /home/airflow/.local/lib/python3.8/site-packages/airflow/example_dags/example_setup_teardown.py for tasks to queue
[2024-10-09T22:06:36.073+0000] {logging_mixin.py:188} INFO - [2024-10-09T22:06:36.073+0000] {dagbag.py:538} INFO - Filling up the DagBag from /home/airflow/.local/lib/python3.8/site-packages/airflow/example_dags/example_setup_teardown.py
[2024-10-09T22:06:36.082+0000] {processor.py:840} INFO - DAG(s) 'example_setup_teardown' retrieved from /home/airflow/.local/lib/python3.8/site-packages/airflow/example_dags/example_setup_teardown.py
[2024-10-09T22:06:36.110+0000] {logging_mixin.py:188} INFO - [2024-10-09T22:06:36.109+0000] {dag.py:3036} INFO - Sync 1 DAGs
[2024-10-09T22:06:36.138+0000] {logging_mixin.py:188} INFO - [2024-10-09T22:06:36.137+0000] {dag.py:3823} INFO - Setting next_dagrun for example_setup_teardown to 2024-10-08 00:00:00+00:00, run_after=2024-10-09 00:00:00+00:00
[2024-10-09T22:06:36.170+0000] {processor.py:183} INFO - Processing /home/airflow/.local/lib/python3.8/site-packages/airflow/example_dags/example_setup_teardown.py took 0.107 seconds
[2024-10-09T22:07:07.252+0000] {processor.py:161} INFO - Started process (PID=586) to work on /home/airflow/.local/lib/python3.8/site-packages/airflow/example_dags/example_setup_teardown.py
[2024-10-09T22:07:07.254+0000] {processor.py:830} INFO - Processing file /home/airflow/.local/lib/python3.8/site-packages/airflow/example_dags/example_setup_teardown.py for tasks to queue
[2024-10-09T22:07:07.257+0000] {logging_mixin.py:188} INFO - [2024-10-09T22:07:07.256+0000] {dagbag.py:538} INFO - Filling up the DagBag from /home/airflow/.local/lib/python3.8/site-packages/airflow/example_dags/example_setup_teardown.py
[2024-10-09T22:07:07.265+0000] {processor.py:840} INFO - DAG(s) 'example_setup_teardown' retrieved from /home/airflow/.local/lib/python3.8/site-packages/airflow/example_dags/example_setup_teardown.py
[2024-10-09T22:07:07.289+0000] {logging_mixin.py:188} INFO - [2024-10-09T22:07:07.288+0000] {dag.py:3036} INFO - Sync 1 DAGs
[2024-10-09T22:07:07.315+0000] {logging_mixin.py:188} INFO - [2024-10-09T22:07:07.315+0000] {dag.py:3823} INFO - Setting next_dagrun for example_setup_teardown to 2024-10-08 00:00:00+00:00, run_after=2024-10-09 00:00:00+00:00
[2024-10-09T22:07:07.343+0000] {processor.py:183} INFO - Processing /home/airflow/.local/lib/python3.8/site-packages/airflow/example_dags/example_setup_teardown.py took 0.094 seconds
[2024-10-09T22:07:37.757+0000] {processor.py:161} INFO - Started process (PID=648) to work on /home/airflow/.local/lib/python3.8/site-packages/airflow/example_dags/example_setup_teardown.py
[2024-10-09T22:07:37.759+0000] {processor.py:830} INFO - Processing file /home/airflow/.local/lib/python3.8/site-packages/airflow/example_dags/example_setup_teardown.py for tasks to queue
[2024-10-09T22:07:37.762+0000] {logging_mixin.py:188} INFO - [2024-10-09T22:07:37.762+0000] {dagbag.py:538} INFO - Filling up the DagBag from /home/airflow/.local/lib/python3.8/site-packages/airflow/example_dags/example_setup_teardown.py
[2024-10-09T22:07:37.769+0000] {processor.py:840} INFO - DAG(s) 'example_setup_teardown' retrieved from /home/airflow/.local/lib/python3.8/site-packages/airflow/example_dags/example_setup_teardown.py
[2024-10-09T22:07:37.812+0000] {logging_mixin.py:188} INFO - [2024-10-09T22:07:37.811+0000] {dag.py:3036} INFO - Sync 1 DAGs
[2024-10-09T22:07:37.837+0000] {logging_mixin.py:188} INFO - [2024-10-09T22:07:37.836+0000] {dag.py:3823} INFO - Setting next_dagrun for example_setup_teardown to 2024-10-08 00:00:00+00:00, run_after=2024-10-09 00:00:00+00:00
[2024-10-09T22:07:37.861+0000] {processor.py:183} INFO - Processing /home/airflow/.local/lib/python3.8/site-packages/airflow/example_dags/example_setup_teardown.py took 0.107 seconds
[2024-10-09T22:08:08.132+0000] {processor.py:161} INFO - Started process (PID=711) to work on /home/airflow/.local/lib/python3.8/site-packages/airflow/example_dags/example_setup_teardown.py
[2024-10-09T22:08:08.133+0000] {processor.py:830} INFO - Processing file /home/airflow/.local/lib/python3.8/site-packages/airflow/example_dags/example_setup_teardown.py for tasks to queue
[2024-10-09T22:08:08.135+0000] {logging_mixin.py:188} INFO - [2024-10-09T22:08:08.135+0000] {dagbag.py:538} INFO - Filling up the DagBag from /home/airflow/.local/lib/python3.8/site-packages/airflow/example_dags/example_setup_teardown.py
[2024-10-09T22:08:08.146+0000] {processor.py:840} INFO - DAG(s) 'example_setup_teardown' retrieved from /home/airflow/.local/lib/python3.8/site-packages/airflow/example_dags/example_setup_teardown.py
[2024-10-09T22:08:08.179+0000] {logging_mixin.py:188} INFO - [2024-10-09T22:08:08.179+0000] {dag.py:3036} INFO - Sync 1 DAGs
[2024-10-09T22:08:08.203+0000] {logging_mixin.py:188} INFO - [2024-10-09T22:08:08.202+0000] {dag.py:3823} INFO - Setting next_dagrun for example_setup_teardown to 2024-10-08 00:00:00+00:00, run_after=2024-10-09 00:00:00+00:00
[2024-10-09T22:08:08.227+0000] {processor.py:183} INFO - Processing /home/airflow/.local/lib/python3.8/site-packages/airflow/example_dags/example_setup_teardown.py took 0.098 seconds
[2024-10-09T22:08:38.439+0000] {processor.py:161} INFO - Started process (PID=772) to work on /home/airflow/.local/lib/python3.8/site-packages/airflow/example_dags/example_setup_teardown.py
[2024-10-09T22:08:38.441+0000] {processor.py:830} INFO - Processing file /home/airflow/.local/lib/python3.8/site-packages/airflow/example_dags/example_setup_teardown.py for tasks to queue
[2024-10-09T22:08:38.443+0000] {logging_mixin.py:188} INFO - [2024-10-09T22:08:38.443+0000] {dagbag.py:538} INFO - Filling up the DagBag from /home/airflow/.local/lib/python3.8/site-packages/airflow/example_dags/example_setup_teardown.py
[2024-10-09T22:08:38.451+0000] {processor.py:840} INFO - DAG(s) 'example_setup_teardown' retrieved from /home/airflow/.local/lib/python3.8/site-packages/airflow/example_dags/example_setup_teardown.py
[2024-10-09T22:08:38.473+0000] {logging_mixin.py:188} INFO - [2024-10-09T22:08:38.473+0000] {dag.py:3036} INFO - Sync 1 DAGs
[2024-10-09T22:08:38.499+0000] {logging_mixin.py:188} INFO - [2024-10-09T22:08:38.498+0000] {dag.py:3823} INFO - Setting next_dagrun for example_setup_teardown to 2024-10-08 00:00:00+00:00, run_after=2024-10-09 00:00:00+00:00
[2024-10-09T22:08:38.523+0000] {processor.py:183} INFO - Processing /home/airflow/.local/lib/python3.8/site-packages/airflow/example_dags/example_setup_teardown.py took 0.087 seconds
[2024-10-09T22:09:12.822+0000] {processor.py:161} INFO - Started process (PID=833) to work on /home/airflow/.local/lib/python3.8/site-packages/airflow/example_dags/example_setup_teardown.py
[2024-10-09T22:09:12.824+0000] {processor.py:830} INFO - Processing file /home/airflow/.local/lib/python3.8/site-packages/airflow/example_dags/example_setup_teardown.py for tasks to queue
[2024-10-09T22:09:12.827+0000] {logging_mixin.py:188} INFO - [2024-10-09T22:09:12.826+0000] {dagbag.py:538} INFO - Filling up the DagBag from /home/airflow/.local/lib/python3.8/site-packages/airflow/example_dags/example_setup_teardown.py
[2024-10-09T22:09:12.837+0000] {processor.py:840} INFO - DAG(s) 'example_setup_teardown' retrieved from /home/airflow/.local/lib/python3.8/site-packages/airflow/example_dags/example_setup_teardown.py
[2024-10-09T22:09:12.887+0000] {logging_mixin.py:188} INFO - [2024-10-09T22:09:12.887+0000] {dag.py:3036} INFO - Sync 1 DAGs
[2024-10-09T22:09:12.917+0000] {logging_mixin.py:188} INFO - [2024-10-09T22:09:12.916+0000] {dag.py:3823} INFO - Setting next_dagrun for example_setup_teardown to 2024-10-08 00:00:00+00:00, run_after=2024-10-09 00:00:00+00:00
[2024-10-09T22:09:12.949+0000] {processor.py:183} INFO - Processing /home/airflow/.local/lib/python3.8/site-packages/airflow/example_dags/example_setup_teardown.py took 0.131 seconds
