[2024-10-09T22:02:16.467+0000] {processor.py:161} INFO - Started process (PID=89) to work on /home/airflow/.local/lib/python3.8/site-packages/airflow/example_dags/example_bash_operator.py
[2024-10-09T22:02:16.469+0000] {processor.py:830} INFO - Processing file /home/airflow/.local/lib/python3.8/site-packages/airflow/example_dags/example_bash_operator.py for tasks to queue
[2024-10-09T22:02:16.473+0000] {logging_mixin.py:188} INFO - [2024-10-09T22:02:16.472+0000] {dagbag.py:538} INFO - Filling up the DagBag from /home/airflow/.local/lib/python3.8/site-packages/airflow/example_dags/example_bash_operator.py
[2024-10-09T22:02:16.521+0000] {processor.py:840} INFO - DAG(s) 'example_bash_operator' retrieved from /home/airflow/.local/lib/python3.8/site-packages/airflow/example_dags/example_bash_operator.py
[2024-10-09T22:02:16.552+0000] {logging_mixin.py:188} INFO - [2024-10-09T22:02:16.551+0000] {dag.py:3036} INFO - Sync 1 DAGs
[2024-10-09T22:02:16.612+0000] {logging_mixin.py:188} INFO - [2024-10-09T22:02:16.612+0000] {dag.py:3823} INFO - Setting next_dagrun for example_bash_operator to 2024-10-08 00:00:00+00:00, run_after=2024-10-09 00:00:00+00:00
[2024-10-09T22:02:16.675+0000] {processor.py:183} INFO - Processing /home/airflow/.local/lib/python3.8/site-packages/airflow/example_dags/example_bash_operator.py took 0.214 seconds
[2024-10-09T22:02:55.560+0000] {processor.py:161} INFO - Started process (PID=74) to work on /home/airflow/.local/lib/python3.8/site-packages/airflow/example_dags/example_bash_operator.py
[2024-10-09T22:02:55.562+0000] {processor.py:830} INFO - Processing file /home/airflow/.local/lib/python3.8/site-packages/airflow/example_dags/example_bash_operator.py for tasks to queue
[2024-10-09T22:02:55.565+0000] {logging_mixin.py:188} INFO - [2024-10-09T22:02:55.564+0000] {dagbag.py:538} INFO - Filling up the DagBag from /home/airflow/.local/lib/python3.8/site-packages/airflow/example_dags/example_bash_operator.py
[2024-10-09T22:02:55.588+0000] {processor.py:840} INFO - DAG(s) 'example_bash_operator' retrieved from /home/airflow/.local/lib/python3.8/site-packages/airflow/example_dags/example_bash_operator.py
[2024-10-09T22:02:55.788+0000] {logging_mixin.py:188} INFO - [2024-10-09T22:02:55.788+0000] {dag.py:3036} INFO - Sync 1 DAGs
[2024-10-09T22:02:55.827+0000] {logging_mixin.py:188} INFO - [2024-10-09T22:02:55.827+0000] {dag.py:3823} INFO - Setting next_dagrun for example_bash_operator to 2024-10-08 00:00:00+00:00, run_after=2024-10-09 00:00:00+00:00
[2024-10-09T22:02:55.907+0000] {processor.py:183} INFO - Processing /home/airflow/.local/lib/python3.8/site-packages/airflow/example_dags/example_bash_operator.py took 0.351 seconds
[2024-10-09T22:03:26.017+0000] {processor.py:161} INFO - Started process (PID=136) to work on /home/airflow/.local/lib/python3.8/site-packages/airflow/example_dags/example_bash_operator.py
[2024-10-09T22:03:26.019+0000] {processor.py:830} INFO - Processing file /home/airflow/.local/lib/python3.8/site-packages/airflow/example_dags/example_bash_operator.py for tasks to queue
[2024-10-09T22:03:26.022+0000] {logging_mixin.py:188} INFO - [2024-10-09T22:03:26.021+0000] {dagbag.py:538} INFO - Filling up the DagBag from /home/airflow/.local/lib/python3.8/site-packages/airflow/example_dags/example_bash_operator.py
[2024-10-09T22:03:26.036+0000] {processor.py:840} INFO - DAG(s) 'example_bash_operator' retrieved from /home/airflow/.local/lib/python3.8/site-packages/airflow/example_dags/example_bash_operator.py
[2024-10-09T22:03:26.069+0000] {logging_mixin.py:188} INFO - [2024-10-09T22:03:26.069+0000] {dag.py:3036} INFO - Sync 1 DAGs
[2024-10-09T22:03:26.094+0000] {logging_mixin.py:188} INFO - [2024-10-09T22:03:26.094+0000] {dag.py:3823} INFO - Setting next_dagrun for example_bash_operator to 2024-10-08 00:00:00+00:00, run_after=2024-10-09 00:00:00+00:00
[2024-10-09T22:03:26.119+0000] {processor.py:183} INFO - Processing /home/airflow/.local/lib/python3.8/site-packages/airflow/example_dags/example_bash_operator.py took 0.106 seconds
[2024-10-09T22:03:57.043+0000] {processor.py:161} INFO - Started process (PID=198) to work on /home/airflow/.local/lib/python3.8/site-packages/airflow/example_dags/example_bash_operator.py
[2024-10-09T22:03:57.045+0000] {processor.py:830} INFO - Processing file /home/airflow/.local/lib/python3.8/site-packages/airflow/example_dags/example_bash_operator.py for tasks to queue
[2024-10-09T22:03:57.047+0000] {logging_mixin.py:188} INFO - [2024-10-09T22:03:57.047+0000] {dagbag.py:538} INFO - Filling up the DagBag from /home/airflow/.local/lib/python3.8/site-packages/airflow/example_dags/example_bash_operator.py
[2024-10-09T22:03:57.061+0000] {processor.py:840} INFO - DAG(s) 'example_bash_operator' retrieved from /home/airflow/.local/lib/python3.8/site-packages/airflow/example_dags/example_bash_operator.py
[2024-10-09T22:03:57.097+0000] {logging_mixin.py:188} INFO - [2024-10-09T22:03:57.097+0000] {dag.py:3036} INFO - Sync 1 DAGs
[2024-10-09T22:03:57.126+0000] {logging_mixin.py:188} INFO - [2024-10-09T22:03:57.125+0000] {dag.py:3823} INFO - Setting next_dagrun for example_bash_operator to 2024-10-08 00:00:00+00:00, run_after=2024-10-09 00:00:00+00:00
[2024-10-09T22:03:57.157+0000] {processor.py:183} INFO - Processing /home/airflow/.local/lib/python3.8/site-packages/airflow/example_dags/example_bash_operator.py took 0.117 seconds
[2024-10-09T22:04:28.446+0000] {processor.py:161} INFO - Started process (PID=260) to work on /home/airflow/.local/lib/python3.8/site-packages/airflow/example_dags/example_bash_operator.py
[2024-10-09T22:04:28.448+0000] {processor.py:830} INFO - Processing file /home/airflow/.local/lib/python3.8/site-packages/airflow/example_dags/example_bash_operator.py for tasks to queue
[2024-10-09T22:04:28.450+0000] {logging_mixin.py:188} INFO - [2024-10-09T22:04:28.450+0000] {dagbag.py:538} INFO - Filling up the DagBag from /home/airflow/.local/lib/python3.8/site-packages/airflow/example_dags/example_bash_operator.py
[2024-10-09T22:04:28.462+0000] {processor.py:840} INFO - DAG(s) 'example_bash_operator' retrieved from /home/airflow/.local/lib/python3.8/site-packages/airflow/example_dags/example_bash_operator.py
[2024-10-09T22:04:28.495+0000] {logging_mixin.py:188} INFO - [2024-10-09T22:04:28.494+0000] {dag.py:3036} INFO - Sync 1 DAGs
[2024-10-09T22:04:28.544+0000] {logging_mixin.py:188} INFO - [2024-10-09T22:04:28.543+0000] {dag.py:3823} INFO - Setting next_dagrun for example_bash_operator to 2024-10-08 00:00:00+00:00, run_after=2024-10-09 00:00:00+00:00
[2024-10-09T22:04:28.570+0000] {processor.py:183} INFO - Processing /home/airflow/.local/lib/python3.8/site-packages/airflow/example_dags/example_bash_operator.py took 0.127 seconds
[2024-10-09T22:05:00.918+0000] {processor.py:161} INFO - Started process (PID=322) to work on /home/airflow/.local/lib/python3.8/site-packages/airflow/example_dags/example_bash_operator.py
[2024-10-09T22:05:00.920+0000] {processor.py:830} INFO - Processing file /home/airflow/.local/lib/python3.8/site-packages/airflow/example_dags/example_bash_operator.py for tasks to queue
[2024-10-09T22:05:00.922+0000] {logging_mixin.py:188} INFO - [2024-10-09T22:05:00.922+0000] {dagbag.py:538} INFO - Filling up the DagBag from /home/airflow/.local/lib/python3.8/site-packages/airflow/example_dags/example_bash_operator.py
[2024-10-09T22:05:00.941+0000] {processor.py:840} INFO - DAG(s) 'example_bash_operator' retrieved from /home/airflow/.local/lib/python3.8/site-packages/airflow/example_dags/example_bash_operator.py
[2024-10-09T22:05:00.986+0000] {logging_mixin.py:188} INFO - [2024-10-09T22:05:00.986+0000] {dag.py:3036} INFO - Sync 1 DAGs
[2024-10-09T22:05:01.028+0000] {logging_mixin.py:188} INFO - [2024-10-09T22:05:01.028+0000] {dag.py:3823} INFO - Setting next_dagrun for example_bash_operator to 2024-10-08 00:00:00+00:00, run_after=2024-10-09 00:00:00+00:00
[2024-10-09T22:05:01.056+0000] {processor.py:183} INFO - Processing /home/airflow/.local/lib/python3.8/site-packages/airflow/example_dags/example_bash_operator.py took 0.143 seconds
[2024-10-09T22:05:31.650+0000] {processor.py:161} INFO - Started process (PID=384) to work on /home/airflow/.local/lib/python3.8/site-packages/airflow/example_dags/example_bash_operator.py
[2024-10-09T22:05:31.652+0000] {processor.py:830} INFO - Processing file /home/airflow/.local/lib/python3.8/site-packages/airflow/example_dags/example_bash_operator.py for tasks to queue
[2024-10-09T22:05:31.655+0000] {logging_mixin.py:188} INFO - [2024-10-09T22:05:31.654+0000] {dagbag.py:538} INFO - Filling up the DagBag from /home/airflow/.local/lib/python3.8/site-packages/airflow/example_dags/example_bash_operator.py
[2024-10-09T22:05:31.667+0000] {processor.py:840} INFO - DAG(s) 'example_bash_operator' retrieved from /home/airflow/.local/lib/python3.8/site-packages/airflow/example_dags/example_bash_operator.py
[2024-10-09T22:05:31.697+0000] {logging_mixin.py:188} INFO - [2024-10-09T22:05:31.697+0000] {dag.py:3036} INFO - Sync 1 DAGs
[2024-10-09T22:05:31.721+0000] {logging_mixin.py:188} INFO - [2024-10-09T22:05:31.721+0000] {dag.py:3823} INFO - Setting next_dagrun for example_bash_operator to 2024-10-08 00:00:00+00:00, run_after=2024-10-09 00:00:00+00:00
[2024-10-09T22:05:31.753+0000] {processor.py:183} INFO - Processing /home/airflow/.local/lib/python3.8/site-packages/airflow/example_dags/example_bash_operator.py took 0.106 seconds
[2024-10-09T22:06:02.764+0000] {processor.py:161} INFO - Started process (PID=446) to work on /home/airflow/.local/lib/python3.8/site-packages/airflow/example_dags/example_bash_operator.py
[2024-10-09T22:06:02.766+0000] {processor.py:830} INFO - Processing file /home/airflow/.local/lib/python3.8/site-packages/airflow/example_dags/example_bash_operator.py for tasks to queue
[2024-10-09T22:06:02.773+0000] {logging_mixin.py:188} INFO - [2024-10-09T22:06:02.772+0000] {dagbag.py:538} INFO - Filling up the DagBag from /home/airflow/.local/lib/python3.8/site-packages/airflow/example_dags/example_bash_operator.py
[2024-10-09T22:06:02.797+0000] {processor.py:840} INFO - DAG(s) 'example_bash_operator' retrieved from /home/airflow/.local/lib/python3.8/site-packages/airflow/example_dags/example_bash_operator.py
[2024-10-09T22:06:02.845+0000] {logging_mixin.py:188} INFO - [2024-10-09T22:06:02.845+0000] {dag.py:3036} INFO - Sync 1 DAGs
[2024-10-09T22:06:02.882+0000] {logging_mixin.py:188} INFO - [2024-10-09T22:06:02.881+0000] {dag.py:3823} INFO - Setting next_dagrun for example_bash_operator to 2024-10-08 00:00:00+00:00, run_after=2024-10-09 00:00:00+00:00
[2024-10-09T22:06:02.947+0000] {processor.py:183} INFO - Processing /home/airflow/.local/lib/python3.8/site-packages/airflow/example_dags/example_bash_operator.py took 0.188 seconds
[2024-10-09T22:06:33.577+0000] {processor.py:161} INFO - Started process (PID=508) to work on /home/airflow/.local/lib/python3.8/site-packages/airflow/example_dags/example_bash_operator.py
[2024-10-09T22:06:33.579+0000] {processor.py:830} INFO - Processing file /home/airflow/.local/lib/python3.8/site-packages/airflow/example_dags/example_bash_operator.py for tasks to queue
[2024-10-09T22:06:33.581+0000] {logging_mixin.py:188} INFO - [2024-10-09T22:06:33.581+0000] {dagbag.py:538} INFO - Filling up the DagBag from /home/airflow/.local/lib/python3.8/site-packages/airflow/example_dags/example_bash_operator.py
[2024-10-09T22:06:33.594+0000] {processor.py:840} INFO - DAG(s) 'example_bash_operator' retrieved from /home/airflow/.local/lib/python3.8/site-packages/airflow/example_dags/example_bash_operator.py
[2024-10-09T22:06:33.633+0000] {logging_mixin.py:188} INFO - [2024-10-09T22:06:33.632+0000] {dag.py:3036} INFO - Sync 1 DAGs
[2024-10-09T22:06:33.658+0000] {logging_mixin.py:188} INFO - [2024-10-09T22:06:33.658+0000] {dag.py:3823} INFO - Setting next_dagrun for example_bash_operator to 2024-10-08 00:00:00+00:00, run_after=2024-10-09 00:00:00+00:00
[2024-10-09T22:06:33.685+0000] {processor.py:183} INFO - Processing /home/airflow/.local/lib/python3.8/site-packages/airflow/example_dags/example_bash_operator.py took 0.110 seconds
[2024-10-09T22:07:04.706+0000] {processor.py:161} INFO - Started process (PID=570) to work on /home/airflow/.local/lib/python3.8/site-packages/airflow/example_dags/example_bash_operator.py
[2024-10-09T22:07:04.707+0000] {processor.py:830} INFO - Processing file /home/airflow/.local/lib/python3.8/site-packages/airflow/example_dags/example_bash_operator.py for tasks to queue
[2024-10-09T22:07:04.710+0000] {logging_mixin.py:188} INFO - [2024-10-09T22:07:04.710+0000] {dagbag.py:538} INFO - Filling up the DagBag from /home/airflow/.local/lib/python3.8/site-packages/airflow/example_dags/example_bash_operator.py
[2024-10-09T22:07:04.723+0000] {processor.py:840} INFO - DAG(s) 'example_bash_operator' retrieved from /home/airflow/.local/lib/python3.8/site-packages/airflow/example_dags/example_bash_operator.py
[2024-10-09T22:07:04.758+0000] {logging_mixin.py:188} INFO - [2024-10-09T22:07:04.758+0000] {dag.py:3036} INFO - Sync 1 DAGs
[2024-10-09T22:07:04.785+0000] {logging_mixin.py:188} INFO - [2024-10-09T22:07:04.784+0000] {dag.py:3823} INFO - Setting next_dagrun for example_bash_operator to 2024-10-08 00:00:00+00:00, run_after=2024-10-09 00:00:00+00:00
[2024-10-09T22:07:04.811+0000] {processor.py:183} INFO - Processing /home/airflow/.local/lib/python3.8/site-packages/airflow/example_dags/example_bash_operator.py took 0.108 seconds
[2024-10-09T22:07:35.101+0000] {processor.py:161} INFO - Started process (PID=632) to work on /home/airflow/.local/lib/python3.8/site-packages/airflow/example_dags/example_bash_operator.py
[2024-10-09T22:07:35.103+0000] {processor.py:830} INFO - Processing file /home/airflow/.local/lib/python3.8/site-packages/airflow/example_dags/example_bash_operator.py for tasks to queue
[2024-10-09T22:07:35.105+0000] {logging_mixin.py:188} INFO - [2024-10-09T22:07:35.105+0000] {dagbag.py:538} INFO - Filling up the DagBag from /home/airflow/.local/lib/python3.8/site-packages/airflow/example_dags/example_bash_operator.py
[2024-10-09T22:07:35.117+0000] {processor.py:840} INFO - DAG(s) 'example_bash_operator' retrieved from /home/airflow/.local/lib/python3.8/site-packages/airflow/example_dags/example_bash_operator.py
[2024-10-09T22:07:35.149+0000] {logging_mixin.py:188} INFO - [2024-10-09T22:07:35.149+0000] {dag.py:3036} INFO - Sync 1 DAGs
[2024-10-09T22:07:35.175+0000] {logging_mixin.py:188} INFO - [2024-10-09T22:07:35.174+0000] {dag.py:3823} INFO - Setting next_dagrun for example_bash_operator to 2024-10-08 00:00:00+00:00, run_after=2024-10-09 00:00:00+00:00
[2024-10-09T22:07:35.205+0000] {processor.py:183} INFO - Processing /home/airflow/.local/lib/python3.8/site-packages/airflow/example_dags/example_bash_operator.py took 0.107 seconds
[2024-10-09T22:08:05.446+0000] {processor.py:161} INFO - Started process (PID=694) to work on /home/airflow/.local/lib/python3.8/site-packages/airflow/example_dags/example_bash_operator.py
[2024-10-09T22:08:05.447+0000] {processor.py:830} INFO - Processing file /home/airflow/.local/lib/python3.8/site-packages/airflow/example_dags/example_bash_operator.py for tasks to queue
[2024-10-09T22:08:05.451+0000] {logging_mixin.py:188} INFO - [2024-10-09T22:08:05.450+0000] {dagbag.py:538} INFO - Filling up the DagBag from /home/airflow/.local/lib/python3.8/site-packages/airflow/example_dags/example_bash_operator.py
[2024-10-09T22:08:05.469+0000] {processor.py:840} INFO - DAG(s) 'example_bash_operator' retrieved from /home/airflow/.local/lib/python3.8/site-packages/airflow/example_dags/example_bash_operator.py
[2024-10-09T22:08:05.527+0000] {logging_mixin.py:188} INFO - [2024-10-09T22:08:05.526+0000] {dag.py:3036} INFO - Sync 1 DAGs
[2024-10-09T22:08:05.568+0000] {logging_mixin.py:188} INFO - [2024-10-09T22:08:05.568+0000] {dag.py:3823} INFO - Setting next_dagrun for example_bash_operator to 2024-10-08 00:00:00+00:00, run_after=2024-10-09 00:00:00+00:00
[2024-10-09T22:08:05.601+0000] {processor.py:183} INFO - Processing /home/airflow/.local/lib/python3.8/site-packages/airflow/example_dags/example_bash_operator.py took 0.159 seconds
[2024-10-09T22:08:35.649+0000] {processor.py:161} INFO - Started process (PID=755) to work on /home/airflow/.local/lib/python3.8/site-packages/airflow/example_dags/example_bash_operator.py
[2024-10-09T22:08:35.651+0000] {processor.py:830} INFO - Processing file /home/airflow/.local/lib/python3.8/site-packages/airflow/example_dags/example_bash_operator.py for tasks to queue
[2024-10-09T22:08:35.653+0000] {logging_mixin.py:188} INFO - [2024-10-09T22:08:35.653+0000] {dagbag.py:538} INFO - Filling up the DagBag from /home/airflow/.local/lib/python3.8/site-packages/airflow/example_dags/example_bash_operator.py
[2024-10-09T22:08:35.666+0000] {processor.py:840} INFO - DAG(s) 'example_bash_operator' retrieved from /home/airflow/.local/lib/python3.8/site-packages/airflow/example_dags/example_bash_operator.py
[2024-10-09T22:08:35.702+0000] {logging_mixin.py:188} INFO - [2024-10-09T22:08:35.701+0000] {dag.py:3036} INFO - Sync 1 DAGs
[2024-10-09T22:08:35.729+0000] {logging_mixin.py:188} INFO - [2024-10-09T22:08:35.729+0000] {dag.py:3823} INFO - Setting next_dagrun for example_bash_operator to 2024-10-08 00:00:00+00:00, run_after=2024-10-09 00:00:00+00:00
[2024-10-09T22:08:35.755+0000] {processor.py:183} INFO - Processing /home/airflow/.local/lib/python3.8/site-packages/airflow/example_dags/example_bash_operator.py took 0.108 seconds
[2024-10-09T22:09:08.133+0000] {processor.py:161} INFO - Started process (PID=817) to work on /home/airflow/.local/lib/python3.8/site-packages/airflow/example_dags/example_bash_operator.py
[2024-10-09T22:09:08.136+0000] {processor.py:830} INFO - Processing file /home/airflow/.local/lib/python3.8/site-packages/airflow/example_dags/example_bash_operator.py for tasks to queue
[2024-10-09T22:09:08.147+0000] {logging_mixin.py:188} INFO - [2024-10-09T22:09:08.146+0000] {dagbag.py:538} INFO - Filling up the DagBag from /home/airflow/.local/lib/python3.8/site-packages/airflow/example_dags/example_bash_operator.py
[2024-10-09T22:09:08.188+0000] {processor.py:840} INFO - DAG(s) 'example_bash_operator' retrieved from /home/airflow/.local/lib/python3.8/site-packages/airflow/example_dags/example_bash_operator.py
[2024-10-09T22:09:08.328+0000] {logging_mixin.py:188} INFO - [2024-10-09T22:09:08.328+0000] {dag.py:3036} INFO - Sync 1 DAGs
[2024-10-09T22:09:08.470+0000] {logging_mixin.py:188} INFO - [2024-10-09T22:09:08.470+0000] {dag.py:3823} INFO - Setting next_dagrun for example_bash_operator to 2024-10-08 00:00:00+00:00, run_after=2024-10-09 00:00:00+00:00
[2024-10-09T22:09:08.550+0000] {processor.py:183} INFO - Processing /home/airflow/.local/lib/python3.8/site-packages/airflow/example_dags/example_bash_operator.py took 0.425 seconds
