[2024-10-09T22:02:19.434+0000] {processor.py:161} INFO - Started process (PID=119) to work on /home/airflow/.local/lib/python3.8/site-packages/airflow/example_dags/example_params_trigger_ui.py
[2024-10-09T22:02:19.436+0000] {processor.py:830} INFO - Processing file /home/airflow/.local/lib/python3.8/site-packages/airflow/example_dags/example_params_trigger_ui.py for tasks to queue
[2024-10-09T22:02:19.439+0000] {logging_mixin.py:188} INFO - [2024-10-09T22:02:19.438+0000] {dagbag.py:538} INFO - Filling up the DagBag from /home/airflow/.local/lib/python3.8/site-packages/airflow/example_dags/example_params_trigger_ui.py
[2024-10-09T22:02:19.460+0000] {processor.py:840} INFO - DAG(s) 'example_params_trigger_ui' retrieved from /home/airflow/.local/lib/python3.8/site-packages/airflow/example_dags/example_params_trigger_ui.py
[2024-10-09T22:02:19.481+0000] {logging_mixin.py:188} INFO - [2024-10-09T22:02:19.481+0000] {dag.py:3036} INFO - Sync 1 DAGs
[2024-10-09T22:02:19.515+0000] {logging_mixin.py:188} INFO - [2024-10-09T22:02:19.515+0000] {dag.py:3823} INFO - Setting next_dagrun for example_params_trigger_ui to None, run_after=None
[2024-10-09T22:02:19.558+0000] {processor.py:183} INFO - Processing /home/airflow/.local/lib/python3.8/site-packages/airflow/example_dags/example_params_trigger_ui.py took 0.127 seconds
[2024-10-09T22:02:59.792+0000] {processor.py:161} INFO - Started process (PID=104) to work on /home/airflow/.local/lib/python3.8/site-packages/airflow/example_dags/example_params_trigger_ui.py
[2024-10-09T22:02:59.794+0000] {processor.py:830} INFO - Processing file /home/airflow/.local/lib/python3.8/site-packages/airflow/example_dags/example_params_trigger_ui.py for tasks to queue
[2024-10-09T22:02:59.796+0000] {logging_mixin.py:188} INFO - [2024-10-09T22:02:59.796+0000] {dagbag.py:538} INFO - Filling up the DagBag from /home/airflow/.local/lib/python3.8/site-packages/airflow/example_dags/example_params_trigger_ui.py
[2024-10-09T22:02:59.810+0000] {processor.py:840} INFO - DAG(s) 'example_params_trigger_ui' retrieved from /home/airflow/.local/lib/python3.8/site-packages/airflow/example_dags/example_params_trigger_ui.py
[2024-10-09T22:03:00.003+0000] {logging_mixin.py:188} INFO - [2024-10-09T22:03:00.003+0000] {dag.py:3036} INFO - Sync 1 DAGs
[2024-10-09T22:03:00.022+0000] {logging_mixin.py:188} INFO - [2024-10-09T22:03:00.022+0000] {dag.py:3823} INFO - Setting next_dagrun for example_params_trigger_ui to None, run_after=None
[2024-10-09T22:03:00.046+0000] {processor.py:183} INFO - Processing /home/airflow/.local/lib/python3.8/site-packages/airflow/example_dags/example_params_trigger_ui.py took 0.258 seconds
[2024-10-09T22:03:30.834+0000] {processor.py:161} INFO - Started process (PID=166) to work on /home/airflow/.local/lib/python3.8/site-packages/airflow/example_dags/example_params_trigger_ui.py
[2024-10-09T22:03:30.840+0000] {processor.py:830} INFO - Processing file /home/airflow/.local/lib/python3.8/site-packages/airflow/example_dags/example_params_trigger_ui.py for tasks to queue
[2024-10-09T22:03:30.843+0000] {logging_mixin.py:188} INFO - [2024-10-09T22:03:30.842+0000] {dagbag.py:538} INFO - Filling up the DagBag from /home/airflow/.local/lib/python3.8/site-packages/airflow/example_dags/example_params_trigger_ui.py
[2024-10-09T22:03:30.856+0000] {processor.py:840} INFO - DAG(s) 'example_params_trigger_ui' retrieved from /home/airflow/.local/lib/python3.8/site-packages/airflow/example_dags/example_params_trigger_ui.py
[2024-10-09T22:03:30.916+0000] {logging_mixin.py:188} INFO - [2024-10-09T22:03:30.916+0000] {dag.py:3036} INFO - Sync 1 DAGs
[2024-10-09T22:03:30.932+0000] {logging_mixin.py:188} INFO - [2024-10-09T22:03:30.931+0000] {dag.py:3823} INFO - Setting next_dagrun for example_params_trigger_ui to None, run_after=None
[2024-10-09T22:03:30.979+0000] {processor.py:183} INFO - Processing /home/airflow/.local/lib/python3.8/site-packages/airflow/example_dags/example_params_trigger_ui.py took 0.149 seconds
[2024-10-09T22:04:01.497+0000] {processor.py:161} INFO - Started process (PID=228) to work on /home/airflow/.local/lib/python3.8/site-packages/airflow/example_dags/example_params_trigger_ui.py
[2024-10-09T22:04:01.499+0000] {processor.py:830} INFO - Processing file /home/airflow/.local/lib/python3.8/site-packages/airflow/example_dags/example_params_trigger_ui.py for tasks to queue
[2024-10-09T22:04:01.501+0000] {logging_mixin.py:188} INFO - [2024-10-09T22:04:01.501+0000] {dagbag.py:538} INFO - Filling up the DagBag from /home/airflow/.local/lib/python3.8/site-packages/airflow/example_dags/example_params_trigger_ui.py
[2024-10-09T22:04:01.515+0000] {processor.py:840} INFO - DAG(s) 'example_params_trigger_ui' retrieved from /home/airflow/.local/lib/python3.8/site-packages/airflow/example_dags/example_params_trigger_ui.py
[2024-10-09T22:04:01.570+0000] {logging_mixin.py:188} INFO - [2024-10-09T22:04:01.570+0000] {dag.py:3036} INFO - Sync 1 DAGs
[2024-10-09T22:04:01.585+0000] {logging_mixin.py:188} INFO - [2024-10-09T22:04:01.584+0000] {dag.py:3823} INFO - Setting next_dagrun for example_params_trigger_ui to None, run_after=None
[2024-10-09T22:04:01.640+0000] {processor.py:183} INFO - Processing /home/airflow/.local/lib/python3.8/site-packages/airflow/example_dags/example_params_trigger_ui.py took 0.146 seconds
[2024-10-09T22:04:31.819+0000] {processor.py:161} INFO - Started process (PID=290) to work on /home/airflow/.local/lib/python3.8/site-packages/airflow/example_dags/example_params_trigger_ui.py
[2024-10-09T22:04:31.822+0000] {processor.py:830} INFO - Processing file /home/airflow/.local/lib/python3.8/site-packages/airflow/example_dags/example_params_trigger_ui.py for tasks to queue
[2024-10-09T22:04:31.826+0000] {logging_mixin.py:188} INFO - [2024-10-09T22:04:31.825+0000] {dagbag.py:538} INFO - Filling up the DagBag from /home/airflow/.local/lib/python3.8/site-packages/airflow/example_dags/example_params_trigger_ui.py
[2024-10-09T22:04:31.844+0000] {processor.py:840} INFO - DAG(s) 'example_params_trigger_ui' retrieved from /home/airflow/.local/lib/python3.8/site-packages/airflow/example_dags/example_params_trigger_ui.py
[2024-10-09T22:04:31.918+0000] {logging_mixin.py:188} INFO - [2024-10-09T22:04:31.917+0000] {dag.py:3036} INFO - Sync 1 DAGs
[2024-10-09T22:04:31.952+0000] {logging_mixin.py:188} INFO - [2024-10-09T22:04:31.951+0000] {dag.py:3823} INFO - Setting next_dagrun for example_params_trigger_ui to None, run_after=None
[2024-10-09T22:04:32.010+0000] {processor.py:183} INFO - Processing /home/airflow/.local/lib/python3.8/site-packages/airflow/example_dags/example_params_trigger_ui.py took 0.196 seconds
[2024-10-09T22:05:03.359+0000] {processor.py:161} INFO - Started process (PID=352) to work on /home/airflow/.local/lib/python3.8/site-packages/airflow/example_dags/example_params_trigger_ui.py
[2024-10-09T22:05:03.360+0000] {processor.py:830} INFO - Processing file /home/airflow/.local/lib/python3.8/site-packages/airflow/example_dags/example_params_trigger_ui.py for tasks to queue
[2024-10-09T22:05:03.363+0000] {logging_mixin.py:188} INFO - [2024-10-09T22:05:03.362+0000] {dagbag.py:538} INFO - Filling up the DagBag from /home/airflow/.local/lib/python3.8/site-packages/airflow/example_dags/example_params_trigger_ui.py
[2024-10-09T22:05:03.376+0000] {processor.py:840} INFO - DAG(s) 'example_params_trigger_ui' retrieved from /home/airflow/.local/lib/python3.8/site-packages/airflow/example_dags/example_params_trigger_ui.py
[2024-10-09T22:05:03.452+0000] {logging_mixin.py:188} INFO - [2024-10-09T22:05:03.451+0000] {dag.py:3036} INFO - Sync 1 DAGs
[2024-10-09T22:05:03.464+0000] {logging_mixin.py:188} INFO - [2024-10-09T22:05:03.464+0000] {dag.py:3823} INFO - Setting next_dagrun for example_params_trigger_ui to None, run_after=None
[2024-10-09T22:05:03.500+0000] {processor.py:183} INFO - Processing /home/airflow/.local/lib/python3.8/site-packages/airflow/example_dags/example_params_trigger_ui.py took 0.145 seconds
[2024-10-09T22:05:33.993+0000] {processor.py:161} INFO - Started process (PID=414) to work on /home/airflow/.local/lib/python3.8/site-packages/airflow/example_dags/example_params_trigger_ui.py
[2024-10-09T22:05:33.994+0000] {processor.py:830} INFO - Processing file /home/airflow/.local/lib/python3.8/site-packages/airflow/example_dags/example_params_trigger_ui.py for tasks to queue
[2024-10-09T22:05:33.996+0000] {logging_mixin.py:188} INFO - [2024-10-09T22:05:33.996+0000] {dagbag.py:538} INFO - Filling up the DagBag from /home/airflow/.local/lib/python3.8/site-packages/airflow/example_dags/example_params_trigger_ui.py
[2024-10-09T22:05:34.025+0000] {processor.py:840} INFO - DAG(s) 'example_params_trigger_ui' retrieved from /home/airflow/.local/lib/python3.8/site-packages/airflow/example_dags/example_params_trigger_ui.py
[2024-10-09T22:05:34.093+0000] {logging_mixin.py:188} INFO - [2024-10-09T22:05:34.093+0000] {dag.py:3036} INFO - Sync 1 DAGs
[2024-10-09T22:05:34.109+0000] {logging_mixin.py:188} INFO - [2024-10-09T22:05:34.108+0000] {dag.py:3823} INFO - Setting next_dagrun for example_params_trigger_ui to None, run_after=None
[2024-10-09T22:05:34.138+0000] {processor.py:183} INFO - Processing /home/airflow/.local/lib/python3.8/site-packages/airflow/example_dags/example_params_trigger_ui.py took 0.149 seconds
[2024-10-09T22:06:06.867+0000] {processor.py:161} INFO - Started process (PID=476) to work on /home/airflow/.local/lib/python3.8/site-packages/airflow/example_dags/example_params_trigger_ui.py
[2024-10-09T22:06:06.870+0000] {processor.py:830} INFO - Processing file /home/airflow/.local/lib/python3.8/site-packages/airflow/example_dags/example_params_trigger_ui.py for tasks to queue
[2024-10-09T22:06:06.873+0000] {logging_mixin.py:188} INFO - [2024-10-09T22:06:06.873+0000] {dagbag.py:538} INFO - Filling up the DagBag from /home/airflow/.local/lib/python3.8/site-packages/airflow/example_dags/example_params_trigger_ui.py
[2024-10-09T22:06:06.907+0000] {processor.py:840} INFO - DAG(s) 'example_params_trigger_ui' retrieved from /home/airflow/.local/lib/python3.8/site-packages/airflow/example_dags/example_params_trigger_ui.py
[2024-10-09T22:06:07.024+0000] {logging_mixin.py:188} INFO - [2024-10-09T22:06:07.024+0000] {dag.py:3036} INFO - Sync 1 DAGs
[2024-10-09T22:06:07.042+0000] {logging_mixin.py:188} INFO - [2024-10-09T22:06:07.042+0000] {dag.py:3823} INFO - Setting next_dagrun for example_params_trigger_ui to None, run_after=None
[2024-10-09T22:06:07.069+0000] {processor.py:183} INFO - Processing /home/airflow/.local/lib/python3.8/site-packages/airflow/example_dags/example_params_trigger_ui.py took 0.207 seconds
[2024-10-09T22:06:37.332+0000] {processor.py:161} INFO - Started process (PID=538) to work on /home/airflow/.local/lib/python3.8/site-packages/airflow/example_dags/example_params_trigger_ui.py
[2024-10-09T22:06:37.333+0000] {processor.py:830} INFO - Processing file /home/airflow/.local/lib/python3.8/site-packages/airflow/example_dags/example_params_trigger_ui.py for tasks to queue
[2024-10-09T22:06:37.336+0000] {logging_mixin.py:188} INFO - [2024-10-09T22:06:37.336+0000] {dagbag.py:538} INFO - Filling up the DagBag from /home/airflow/.local/lib/python3.8/site-packages/airflow/example_dags/example_params_trigger_ui.py
[2024-10-09T22:06:37.357+0000] {processor.py:840} INFO - DAG(s) 'example_params_trigger_ui' retrieved from /home/airflow/.local/lib/python3.8/site-packages/airflow/example_dags/example_params_trigger_ui.py
[2024-10-09T22:06:37.430+0000] {logging_mixin.py:188} INFO - [2024-10-09T22:06:37.429+0000] {dag.py:3036} INFO - Sync 1 DAGs
[2024-10-09T22:06:37.446+0000] {logging_mixin.py:188} INFO - [2024-10-09T22:06:37.445+0000] {dag.py:3823} INFO - Setting next_dagrun for example_params_trigger_ui to None, run_after=None
[2024-10-09T22:06:37.472+0000] {processor.py:183} INFO - Processing /home/airflow/.local/lib/python3.8/site-packages/airflow/example_dags/example_params_trigger_ui.py took 0.144 seconds
[2024-10-09T22:07:08.582+0000] {processor.py:161} INFO - Started process (PID=600) to work on /home/airflow/.local/lib/python3.8/site-packages/airflow/example_dags/example_params_trigger_ui.py
[2024-10-09T22:07:08.584+0000] {processor.py:830} INFO - Processing file /home/airflow/.local/lib/python3.8/site-packages/airflow/example_dags/example_params_trigger_ui.py for tasks to queue
[2024-10-09T22:07:08.587+0000] {logging_mixin.py:188} INFO - [2024-10-09T22:07:08.586+0000] {dagbag.py:538} INFO - Filling up the DagBag from /home/airflow/.local/lib/python3.8/site-packages/airflow/example_dags/example_params_trigger_ui.py
[2024-10-09T22:07:08.603+0000] {processor.py:840} INFO - DAG(s) 'example_params_trigger_ui' retrieved from /home/airflow/.local/lib/python3.8/site-packages/airflow/example_dags/example_params_trigger_ui.py
[2024-10-09T22:07:08.678+0000] {logging_mixin.py:188} INFO - [2024-10-09T22:07:08.677+0000] {dag.py:3036} INFO - Sync 1 DAGs
[2024-10-09T22:07:08.695+0000] {logging_mixin.py:188} INFO - [2024-10-09T22:07:08.695+0000] {dag.py:3823} INFO - Setting next_dagrun for example_params_trigger_ui to None, run_after=None
[2024-10-09T22:07:08.724+0000] {processor.py:183} INFO - Processing /home/airflow/.local/lib/python3.8/site-packages/airflow/example_dags/example_params_trigger_ui.py took 0.146 seconds
[2024-10-09T22:07:38.972+0000] {processor.py:161} INFO - Started process (PID=662) to work on /home/airflow/.local/lib/python3.8/site-packages/airflow/example_dags/example_params_trigger_ui.py
[2024-10-09T22:07:38.974+0000] {processor.py:830} INFO - Processing file /home/airflow/.local/lib/python3.8/site-packages/airflow/example_dags/example_params_trigger_ui.py for tasks to queue
[2024-10-09T22:07:38.976+0000] {logging_mixin.py:188} INFO - [2024-10-09T22:07:38.976+0000] {dagbag.py:538} INFO - Filling up the DagBag from /home/airflow/.local/lib/python3.8/site-packages/airflow/example_dags/example_params_trigger_ui.py
[2024-10-09T22:07:38.991+0000] {processor.py:840} INFO - DAG(s) 'example_params_trigger_ui' retrieved from /home/airflow/.local/lib/python3.8/site-packages/airflow/example_dags/example_params_trigger_ui.py
[2024-10-09T22:07:39.063+0000] {logging_mixin.py:188} INFO - [2024-10-09T22:07:39.063+0000] {dag.py:3036} INFO - Sync 1 DAGs
[2024-10-09T22:07:39.080+0000] {logging_mixin.py:188} INFO - [2024-10-09T22:07:39.079+0000] {dag.py:3823} INFO - Setting next_dagrun for example_params_trigger_ui to None, run_after=None
[2024-10-09T22:07:39.121+0000] {processor.py:183} INFO - Processing /home/airflow/.local/lib/python3.8/site-packages/airflow/example_dags/example_params_trigger_ui.py took 0.154 seconds
[2024-10-09T22:08:09.271+0000] {processor.py:161} INFO - Started process (PID=725) to work on /home/airflow/.local/lib/python3.8/site-packages/airflow/example_dags/example_params_trigger_ui.py
[2024-10-09T22:08:09.273+0000] {processor.py:830} INFO - Processing file /home/airflow/.local/lib/python3.8/site-packages/airflow/example_dags/example_params_trigger_ui.py for tasks to queue
[2024-10-09T22:08:09.276+0000] {logging_mixin.py:188} INFO - [2024-10-09T22:08:09.275+0000] {dagbag.py:538} INFO - Filling up the DagBag from /home/airflow/.local/lib/python3.8/site-packages/airflow/example_dags/example_params_trigger_ui.py
[2024-10-09T22:08:09.294+0000] {processor.py:840} INFO - DAG(s) 'example_params_trigger_ui' retrieved from /home/airflow/.local/lib/python3.8/site-packages/airflow/example_dags/example_params_trigger_ui.py
[2024-10-09T22:08:09.353+0000] {logging_mixin.py:188} INFO - [2024-10-09T22:08:09.353+0000] {dag.py:3036} INFO - Sync 1 DAGs
[2024-10-09T22:08:09.373+0000] {logging_mixin.py:188} INFO - [2024-10-09T22:08:09.372+0000] {dag.py:3823} INFO - Setting next_dagrun for example_params_trigger_ui to None, run_after=None
[2024-10-09T22:08:09.429+0000] {processor.py:183} INFO - Processing /home/airflow/.local/lib/python3.8/site-packages/airflow/example_dags/example_params_trigger_ui.py took 0.162 seconds
[2024-10-09T22:08:39.660+0000] {processor.py:161} INFO - Started process (PID=786) to work on /home/airflow/.local/lib/python3.8/site-packages/airflow/example_dags/example_params_trigger_ui.py
[2024-10-09T22:08:39.662+0000] {processor.py:830} INFO - Processing file /home/airflow/.local/lib/python3.8/site-packages/airflow/example_dags/example_params_trigger_ui.py for tasks to queue
[2024-10-09T22:08:39.665+0000] {logging_mixin.py:188} INFO - [2024-10-09T22:08:39.664+0000] {dagbag.py:538} INFO - Filling up the DagBag from /home/airflow/.local/lib/python3.8/site-packages/airflow/example_dags/example_params_trigger_ui.py
[2024-10-09T22:08:39.680+0000] {processor.py:840} INFO - DAG(s) 'example_params_trigger_ui' retrieved from /home/airflow/.local/lib/python3.8/site-packages/airflow/example_dags/example_params_trigger_ui.py
[2024-10-09T22:08:39.738+0000] {logging_mixin.py:188} INFO - [2024-10-09T22:08:39.737+0000] {dag.py:3036} INFO - Sync 1 DAGs
[2024-10-09T22:08:39.753+0000] {logging_mixin.py:188} INFO - [2024-10-09T22:08:39.753+0000] {dag.py:3823} INFO - Setting next_dagrun for example_params_trigger_ui to None, run_after=None
[2024-10-09T22:08:39.778+0000] {processor.py:183} INFO - Processing /home/airflow/.local/lib/python3.8/site-packages/airflow/example_dags/example_params_trigger_ui.py took 0.122 seconds
[2024-10-09T22:09:14.756+0000] {processor.py:161} INFO - Started process (PID=847) to work on /home/airflow/.local/lib/python3.8/site-packages/airflow/example_dags/example_params_trigger_ui.py
[2024-10-09T22:09:14.763+0000] {processor.py:830} INFO - Processing file /home/airflow/.local/lib/python3.8/site-packages/airflow/example_dags/example_params_trigger_ui.py for tasks to queue
[2024-10-09T22:09:14.794+0000] {logging_mixin.py:188} INFO - [2024-10-09T22:09:14.789+0000] {dagbag.py:538} INFO - Filling up the DagBag from /home/airflow/.local/lib/python3.8/site-packages/airflow/example_dags/example_params_trigger_ui.py
[2024-10-09T22:09:14.911+0000] {processor.py:840} INFO - DAG(s) 'example_params_trigger_ui' retrieved from /home/airflow/.local/lib/python3.8/site-packages/airflow/example_dags/example_params_trigger_ui.py
[2024-10-09T22:09:15.091+0000] {logging_mixin.py:188} INFO - [2024-10-09T22:09:15.090+0000] {dag.py:3036} INFO - Sync 1 DAGs
[2024-10-09T22:09:15.122+0000] {logging_mixin.py:188} INFO - [2024-10-09T22:09:15.121+0000] {dag.py:3823} INFO - Setting next_dagrun for example_params_trigger_ui to None, run_after=None
[2024-10-09T22:09:15.171+0000] {processor.py:183} INFO - Processing /home/airflow/.local/lib/python3.8/site-packages/airflow/example_dags/example_params_trigger_ui.py took 0.422 seconds
