[2024-10-09T22:02:18.964+0000] {processor.py:161} INFO - Started process (PID=114) to work on /home/airflow/.local/lib/python3.8/site-packages/airflow/example_dags/example_kubernetes_executor.py
[2024-10-09T22:02:18.966+0000] {processor.py:830} INFO - Processing file /home/airflow/.local/lib/python3.8/site-packages/airflow/example_dags/example_kubernetes_executor.py for tasks to queue
[2024-10-09T22:02:18.968+0000] {logging_mixin.py:188} INFO - [2024-10-09T22:02:18.968+0000] {dagbag.py:538} INFO - Filling up the DagBag from /home/airflow/.local/lib/python3.8/site-packages/airflow/example_dags/example_kubernetes_executor.py
[2024-10-09T22:02:18.984+0000] {processor.py:840} INFO - DAG(s) 'example_kubernetes_executor' retrieved from /home/airflow/.local/lib/python3.8/site-packages/airflow/example_dags/example_kubernetes_executor.py
[2024-10-09T22:02:19.017+0000] {logging_mixin.py:188} INFO - [2024-10-09T22:02:19.017+0000] {dag.py:3036} INFO - Sync 1 DAGs
[2024-10-09T22:02:19.034+0000] {logging_mixin.py:188} INFO - [2024-10-09T22:02:19.033+0000] {dag.py:3823} INFO - Setting next_dagrun for example_kubernetes_executor to None, run_after=None
[2024-10-09T22:02:19.068+0000] {processor.py:183} INFO - Processing /home/airflow/.local/lib/python3.8/site-packages/airflow/example_dags/example_kubernetes_executor.py took 0.108 seconds
[2024-10-09T22:02:59.057+0000] {processor.py:161} INFO - Started process (PID=99) to work on /home/airflow/.local/lib/python3.8/site-packages/airflow/example_dags/example_kubernetes_executor.py
[2024-10-09T22:02:59.058+0000] {processor.py:830} INFO - Processing file /home/airflow/.local/lib/python3.8/site-packages/airflow/example_dags/example_kubernetes_executor.py for tasks to queue
[2024-10-09T22:02:59.061+0000] {logging_mixin.py:188} INFO - [2024-10-09T22:02:59.060+0000] {dagbag.py:538} INFO - Filling up the DagBag from /home/airflow/.local/lib/python3.8/site-packages/airflow/example_dags/example_kubernetes_executor.py
[2024-10-09T22:02:59.075+0000] {processor.py:840} INFO - DAG(s) 'example_kubernetes_executor' retrieved from /home/airflow/.local/lib/python3.8/site-packages/airflow/example_dags/example_kubernetes_executor.py
[2024-10-09T22:02:59.247+0000] {logging_mixin.py:188} INFO - [2024-10-09T22:02:59.246+0000] {dag.py:3036} INFO - Sync 1 DAGs
[2024-10-09T22:02:59.265+0000] {logging_mixin.py:188} INFO - [2024-10-09T22:02:59.265+0000] {dag.py:3823} INFO - Setting next_dagrun for example_kubernetes_executor to None, run_after=None
[2024-10-09T22:02:59.362+0000] {processor.py:183} INFO - Processing /home/airflow/.local/lib/python3.8/site-packages/airflow/example_dags/example_kubernetes_executor.py took 0.308 seconds
[2024-10-09T22:03:29.507+0000] {processor.py:161} INFO - Started process (PID=161) to work on /home/airflow/.local/lib/python3.8/site-packages/airflow/example_dags/example_kubernetes_executor.py
[2024-10-09T22:03:29.509+0000] {processor.py:830} INFO - Processing file /home/airflow/.local/lib/python3.8/site-packages/airflow/example_dags/example_kubernetes_executor.py for tasks to queue
[2024-10-09T22:03:29.511+0000] {logging_mixin.py:188} INFO - [2024-10-09T22:03:29.511+0000] {dagbag.py:538} INFO - Filling up the DagBag from /home/airflow/.local/lib/python3.8/site-packages/airflow/example_dags/example_kubernetes_executor.py
[2024-10-09T22:03:29.526+0000] {processor.py:840} INFO - DAG(s) 'example_kubernetes_executor' retrieved from /home/airflow/.local/lib/python3.8/site-packages/airflow/example_dags/example_kubernetes_executor.py
[2024-10-09T22:03:29.584+0000] {logging_mixin.py:188} INFO - [2024-10-09T22:03:29.583+0000] {dag.py:3036} INFO - Sync 1 DAGs
[2024-10-09T22:03:29.603+0000] {logging_mixin.py:188} INFO - [2024-10-09T22:03:29.603+0000] {dag.py:3823} INFO - Setting next_dagrun for example_kubernetes_executor to None, run_after=None
[2024-10-09T22:03:29.637+0000] {processor.py:183} INFO - Processing /home/airflow/.local/lib/python3.8/site-packages/airflow/example_dags/example_kubernetes_executor.py took 0.133 seconds
[2024-10-09T22:04:00.191+0000] {processor.py:161} INFO - Started process (PID=223) to work on /home/airflow/.local/lib/python3.8/site-packages/airflow/example_dags/example_kubernetes_executor.py
[2024-10-09T22:04:00.193+0000] {processor.py:830} INFO - Processing file /home/airflow/.local/lib/python3.8/site-packages/airflow/example_dags/example_kubernetes_executor.py for tasks to queue
[2024-10-09T22:04:00.195+0000] {logging_mixin.py:188} INFO - [2024-10-09T22:04:00.194+0000] {dagbag.py:538} INFO - Filling up the DagBag from /home/airflow/.local/lib/python3.8/site-packages/airflow/example_dags/example_kubernetes_executor.py
[2024-10-09T22:04:00.208+0000] {processor.py:840} INFO - DAG(s) 'example_kubernetes_executor' retrieved from /home/airflow/.local/lib/python3.8/site-packages/airflow/example_dags/example_kubernetes_executor.py
[2024-10-09T22:04:00.253+0000] {logging_mixin.py:188} INFO - [2024-10-09T22:04:00.252+0000] {dag.py:3036} INFO - Sync 1 DAGs
[2024-10-09T22:04:00.267+0000] {logging_mixin.py:188} INFO - [2024-10-09T22:04:00.267+0000] {dag.py:3823} INFO - Setting next_dagrun for example_kubernetes_executor to None, run_after=None
[2024-10-09T22:04:00.305+0000] {processor.py:183} INFO - Processing /home/airflow/.local/lib/python3.8/site-packages/airflow/example_dags/example_kubernetes_executor.py took 0.122 seconds
[2024-10-09T22:04:31.292+0000] {processor.py:161} INFO - Started process (PID=285) to work on /home/airflow/.local/lib/python3.8/site-packages/airflow/example_dags/example_kubernetes_executor.py
[2024-10-09T22:04:31.295+0000] {processor.py:830} INFO - Processing file /home/airflow/.local/lib/python3.8/site-packages/airflow/example_dags/example_kubernetes_executor.py for tasks to queue
[2024-10-09T22:04:31.299+0000] {logging_mixin.py:188} INFO - [2024-10-09T22:04:31.298+0000] {dagbag.py:538} INFO - Filling up the DagBag from /home/airflow/.local/lib/python3.8/site-packages/airflow/example_dags/example_kubernetes_executor.py
[2024-10-09T22:04:31.323+0000] {processor.py:840} INFO - DAG(s) 'example_kubernetes_executor' retrieved from /home/airflow/.local/lib/python3.8/site-packages/airflow/example_dags/example_kubernetes_executor.py
[2024-10-09T22:04:31.429+0000] {logging_mixin.py:188} INFO - [2024-10-09T22:04:31.429+0000] {dag.py:3036} INFO - Sync 1 DAGs
[2024-10-09T22:04:31.456+0000] {logging_mixin.py:188} INFO - [2024-10-09T22:04:31.456+0000] {dag.py:3823} INFO - Setting next_dagrun for example_kubernetes_executor to None, run_after=None
[2024-10-09T22:04:31.498+0000] {processor.py:183} INFO - Processing /home/airflow/.local/lib/python3.8/site-packages/airflow/example_dags/example_kubernetes_executor.py took 0.211 seconds
[2024-10-09T22:05:03.022+0000] {processor.py:161} INFO - Started process (PID=347) to work on /home/airflow/.local/lib/python3.8/site-packages/airflow/example_dags/example_kubernetes_executor.py
[2024-10-09T22:05:03.023+0000] {processor.py:830} INFO - Processing file /home/airflow/.local/lib/python3.8/site-packages/airflow/example_dags/example_kubernetes_executor.py for tasks to queue
[2024-10-09T22:05:03.025+0000] {logging_mixin.py:188} INFO - [2024-10-09T22:05:03.025+0000] {dagbag.py:538} INFO - Filling up the DagBag from /home/airflow/.local/lib/python3.8/site-packages/airflow/example_dags/example_kubernetes_executor.py
[2024-10-09T22:05:03.042+0000] {processor.py:840} INFO - DAG(s) 'example_kubernetes_executor' retrieved from /home/airflow/.local/lib/python3.8/site-packages/airflow/example_dags/example_kubernetes_executor.py
[2024-10-09T22:05:03.091+0000] {logging_mixin.py:188} INFO - [2024-10-09T22:05:03.091+0000] {dag.py:3036} INFO - Sync 1 DAGs
[2024-10-09T22:05:03.108+0000] {logging_mixin.py:188} INFO - [2024-10-09T22:05:03.107+0000] {dag.py:3823} INFO - Setting next_dagrun for example_kubernetes_executor to None, run_after=None
[2024-10-09T22:05:03.135+0000] {processor.py:183} INFO - Processing /home/airflow/.local/lib/python3.8/site-packages/airflow/example_dags/example_kubernetes_executor.py took 0.117 seconds
[2024-10-09T22:05:33.674+0000] {processor.py:161} INFO - Started process (PID=409) to work on /home/airflow/.local/lib/python3.8/site-packages/airflow/example_dags/example_kubernetes_executor.py
[2024-10-09T22:05:33.675+0000] {processor.py:830} INFO - Processing file /home/airflow/.local/lib/python3.8/site-packages/airflow/example_dags/example_kubernetes_executor.py for tasks to queue
[2024-10-09T22:05:33.678+0000] {logging_mixin.py:188} INFO - [2024-10-09T22:05:33.677+0000] {dagbag.py:538} INFO - Filling up the DagBag from /home/airflow/.local/lib/python3.8/site-packages/airflow/example_dags/example_kubernetes_executor.py
[2024-10-09T22:05:33.698+0000] {processor.py:840} INFO - DAG(s) 'example_kubernetes_executor' retrieved from /home/airflow/.local/lib/python3.8/site-packages/airflow/example_dags/example_kubernetes_executor.py
[2024-10-09T22:05:33.764+0000] {logging_mixin.py:188} INFO - [2024-10-09T22:05:33.764+0000] {dag.py:3036} INFO - Sync 1 DAGs
[2024-10-09T22:05:33.778+0000] {logging_mixin.py:188} INFO - [2024-10-09T22:05:33.777+0000] {dag.py:3823} INFO - Setting next_dagrun for example_kubernetes_executor to None, run_after=None
[2024-10-09T22:05:33.804+0000] {processor.py:183} INFO - Processing /home/airflow/.local/lib/python3.8/site-packages/airflow/example_dags/example_kubernetes_executor.py took 0.134 seconds
[2024-10-09T22:06:06.225+0000] {processor.py:161} INFO - Started process (PID=471) to work on /home/airflow/.local/lib/python3.8/site-packages/airflow/example_dags/example_kubernetes_executor.py
[2024-10-09T22:06:06.227+0000] {processor.py:830} INFO - Processing file /home/airflow/.local/lib/python3.8/site-packages/airflow/example_dags/example_kubernetes_executor.py for tasks to queue
[2024-10-09T22:06:06.230+0000] {logging_mixin.py:188} INFO - [2024-10-09T22:06:06.229+0000] {dagbag.py:538} INFO - Filling up the DagBag from /home/airflow/.local/lib/python3.8/site-packages/airflow/example_dags/example_kubernetes_executor.py
[2024-10-09T22:06:06.251+0000] {processor.py:840} INFO - DAG(s) 'example_kubernetes_executor' retrieved from /home/airflow/.local/lib/python3.8/site-packages/airflow/example_dags/example_kubernetes_executor.py
[2024-10-09T22:06:06.329+0000] {logging_mixin.py:188} INFO - [2024-10-09T22:06:06.329+0000] {dag.py:3036} INFO - Sync 1 DAGs
[2024-10-09T22:06:06.353+0000] {logging_mixin.py:188} INFO - [2024-10-09T22:06:06.352+0000] {dag.py:3823} INFO - Setting next_dagrun for example_kubernetes_executor to None, run_after=None
[2024-10-09T22:06:06.391+0000] {processor.py:183} INFO - Processing /home/airflow/.local/lib/python3.8/site-packages/airflow/example_dags/example_kubernetes_executor.py took 0.170 seconds
[2024-10-09T22:06:36.894+0000] {processor.py:161} INFO - Started process (PID=533) to work on /home/airflow/.local/lib/python3.8/site-packages/airflow/example_dags/example_kubernetes_executor.py
[2024-10-09T22:06:36.896+0000] {processor.py:830} INFO - Processing file /home/airflow/.local/lib/python3.8/site-packages/airflow/example_dags/example_kubernetes_executor.py for tasks to queue
[2024-10-09T22:06:36.899+0000] {logging_mixin.py:188} INFO - [2024-10-09T22:06:36.899+0000] {dagbag.py:538} INFO - Filling up the DagBag from /home/airflow/.local/lib/python3.8/site-packages/airflow/example_dags/example_kubernetes_executor.py
[2024-10-09T22:06:36.916+0000] {processor.py:840} INFO - DAG(s) 'example_kubernetes_executor' retrieved from /home/airflow/.local/lib/python3.8/site-packages/airflow/example_dags/example_kubernetes_executor.py
[2024-10-09T22:06:36.982+0000] {logging_mixin.py:188} INFO - [2024-10-09T22:06:36.982+0000] {dag.py:3036} INFO - Sync 1 DAGs
[2024-10-09T22:06:37.016+0000] {logging_mixin.py:188} INFO - [2024-10-09T22:06:37.015+0000] {dag.py:3823} INFO - Setting next_dagrun for example_kubernetes_executor to None, run_after=None
[2024-10-09T22:06:37.063+0000] {processor.py:183} INFO - Processing /home/airflow/.local/lib/python3.8/site-packages/airflow/example_dags/example_kubernetes_executor.py took 0.174 seconds
[2024-10-09T22:07:07.976+0000] {processor.py:161} INFO - Started process (PID=595) to work on /home/airflow/.local/lib/python3.8/site-packages/airflow/example_dags/example_kubernetes_executor.py
[2024-10-09T22:07:07.977+0000] {processor.py:830} INFO - Processing file /home/airflow/.local/lib/python3.8/site-packages/airflow/example_dags/example_kubernetes_executor.py for tasks to queue
[2024-10-09T22:07:07.980+0000] {logging_mixin.py:188} INFO - [2024-10-09T22:07:07.980+0000] {dagbag.py:538} INFO - Filling up the DagBag from /home/airflow/.local/lib/python3.8/site-packages/airflow/example_dags/example_kubernetes_executor.py
[2024-10-09T22:07:08.005+0000] {processor.py:840} INFO - DAG(s) 'example_kubernetes_executor' retrieved from /home/airflow/.local/lib/python3.8/site-packages/airflow/example_dags/example_kubernetes_executor.py
[2024-10-09T22:07:08.060+0000] {logging_mixin.py:188} INFO - [2024-10-09T22:07:08.059+0000] {dag.py:3036} INFO - Sync 1 DAGs
[2024-10-09T22:07:08.077+0000] {logging_mixin.py:188} INFO - [2024-10-09T22:07:08.076+0000] {dag.py:3823} INFO - Setting next_dagrun for example_kubernetes_executor to None, run_after=None
[2024-10-09T22:07:08.102+0000] {processor.py:183} INFO - Processing /home/airflow/.local/lib/python3.8/site-packages/airflow/example_dags/example_kubernetes_executor.py took 0.132 seconds
[2024-10-09T22:07:38.481+0000] {processor.py:161} INFO - Started process (PID=657) to work on /home/airflow/.local/lib/python3.8/site-packages/airflow/example_dags/example_kubernetes_executor.py
[2024-10-09T22:07:38.483+0000] {processor.py:830} INFO - Processing file /home/airflow/.local/lib/python3.8/site-packages/airflow/example_dags/example_kubernetes_executor.py for tasks to queue
[2024-10-09T22:07:38.486+0000] {logging_mixin.py:188} INFO - [2024-10-09T22:07:38.485+0000] {dagbag.py:538} INFO - Filling up the DagBag from /home/airflow/.local/lib/python3.8/site-packages/airflow/example_dags/example_kubernetes_executor.py
[2024-10-09T22:07:38.504+0000] {processor.py:840} INFO - DAG(s) 'example_kubernetes_executor' retrieved from /home/airflow/.local/lib/python3.8/site-packages/airflow/example_dags/example_kubernetes_executor.py
[2024-10-09T22:07:38.614+0000] {logging_mixin.py:188} INFO - [2024-10-09T22:07:38.613+0000] {dag.py:3036} INFO - Sync 1 DAGs
[2024-10-09T22:07:38.644+0000] {logging_mixin.py:188} INFO - [2024-10-09T22:07:38.643+0000] {dag.py:3823} INFO - Setting next_dagrun for example_kubernetes_executor to None, run_after=None
[2024-10-09T22:07:38.696+0000] {processor.py:183} INFO - Processing /home/airflow/.local/lib/python3.8/site-packages/airflow/example_dags/example_kubernetes_executor.py took 0.220 seconds
[2024-10-09T22:08:08.884+0000] {processor.py:161} INFO - Started process (PID=720) to work on /home/airflow/.local/lib/python3.8/site-packages/airflow/example_dags/example_kubernetes_executor.py
[2024-10-09T22:08:08.885+0000] {processor.py:830} INFO - Processing file /home/airflow/.local/lib/python3.8/site-packages/airflow/example_dags/example_kubernetes_executor.py for tasks to queue
[2024-10-09T22:08:08.887+0000] {logging_mixin.py:188} INFO - [2024-10-09T22:08:08.887+0000] {dagbag.py:538} INFO - Filling up the DagBag from /home/airflow/.local/lib/python3.8/site-packages/airflow/example_dags/example_kubernetes_executor.py
[2024-10-09T22:08:08.915+0000] {processor.py:840} INFO - DAG(s) 'example_kubernetes_executor' retrieved from /home/airflow/.local/lib/python3.8/site-packages/airflow/example_dags/example_kubernetes_executor.py
[2024-10-09T22:08:08.961+0000] {logging_mixin.py:188} INFO - [2024-10-09T22:08:08.960+0000] {dag.py:3036} INFO - Sync 1 DAGs
[2024-10-09T22:08:08.975+0000] {logging_mixin.py:188} INFO - [2024-10-09T22:08:08.974+0000] {dag.py:3823} INFO - Setting next_dagrun for example_kubernetes_executor to None, run_after=None
[2024-10-09T22:08:09.002+0000] {processor.py:183} INFO - Processing /home/airflow/.local/lib/python3.8/site-packages/airflow/example_dags/example_kubernetes_executor.py took 0.122 seconds
[2024-10-09T22:08:39.184+0000] {processor.py:161} INFO - Started process (PID=781) to work on /home/airflow/.local/lib/python3.8/site-packages/airflow/example_dags/example_kubernetes_executor.py
[2024-10-09T22:08:39.185+0000] {processor.py:830} INFO - Processing file /home/airflow/.local/lib/python3.8/site-packages/airflow/example_dags/example_kubernetes_executor.py for tasks to queue
[2024-10-09T22:08:39.188+0000] {logging_mixin.py:188} INFO - [2024-10-09T22:08:39.187+0000] {dagbag.py:538} INFO - Filling up the DagBag from /home/airflow/.local/lib/python3.8/site-packages/airflow/example_dags/example_kubernetes_executor.py
[2024-10-09T22:08:39.203+0000] {processor.py:840} INFO - DAG(s) 'example_kubernetes_executor' retrieved from /home/airflow/.local/lib/python3.8/site-packages/airflow/example_dags/example_kubernetes_executor.py
[2024-10-09T22:08:39.248+0000] {logging_mixin.py:188} INFO - [2024-10-09T22:08:39.247+0000] {dag.py:3036} INFO - Sync 1 DAGs
[2024-10-09T22:08:39.263+0000] {logging_mixin.py:188} INFO - [2024-10-09T22:08:39.262+0000] {dag.py:3823} INFO - Setting next_dagrun for example_kubernetes_executor to None, run_after=None
[2024-10-09T22:08:39.289+0000] {processor.py:183} INFO - Processing /home/airflow/.local/lib/python3.8/site-packages/airflow/example_dags/example_kubernetes_executor.py took 0.110 seconds
[2024-10-09T22:09:13.827+0000] {processor.py:161} INFO - Started process (PID=842) to work on /home/airflow/.local/lib/python3.8/site-packages/airflow/example_dags/example_kubernetes_executor.py
[2024-10-09T22:09:13.829+0000] {processor.py:830} INFO - Processing file /home/airflow/.local/lib/python3.8/site-packages/airflow/example_dags/example_kubernetes_executor.py for tasks to queue
[2024-10-09T22:09:13.835+0000] {logging_mixin.py:188} INFO - [2024-10-09T22:09:13.834+0000] {dagbag.py:538} INFO - Filling up the DagBag from /home/airflow/.local/lib/python3.8/site-packages/airflow/example_dags/example_kubernetes_executor.py
[2024-10-09T22:09:13.867+0000] {processor.py:840} INFO - DAG(s) 'example_kubernetes_executor' retrieved from /home/airflow/.local/lib/python3.8/site-packages/airflow/example_dags/example_kubernetes_executor.py
[2024-10-09T22:09:14.173+0000] {logging_mixin.py:188} INFO - [2024-10-09T22:09:14.172+0000] {dag.py:3036} INFO - Sync 1 DAGs
[2024-10-09T22:09:14.223+0000] {logging_mixin.py:188} INFO - [2024-10-09T22:09:14.223+0000] {dag.py:3823} INFO - Setting next_dagrun for example_kubernetes_executor to None, run_after=None
[2024-10-09T22:09:14.284+0000] {processor.py:183} INFO - Processing /home/airflow/.local/lib/python3.8/site-packages/airflow/example_dags/example_kubernetes_executor.py took 0.464 seconds
