[2024-10-09T22:02:19.111+0000] {processor.py:161} INFO - Started process (PID=116) to work on /home/airflow/.local/lib/python3.8/site-packages/airflow/example_dags/example_latest_only.py
[2024-10-09T22:02:19.113+0000] {processor.py:830} INFO - Processing file /home/airflow/.local/lib/python3.8/site-packages/airflow/example_dags/example_latest_only.py for tasks to queue
[2024-10-09T22:02:19.116+0000] {logging_mixin.py:188} INFO - [2024-10-09T22:02:19.115+0000] {dagbag.py:538} INFO - Filling up the DagBag from /home/airflow/.local/lib/python3.8/site-packages/airflow/example_dags/example_latest_only.py
[2024-10-09T22:02:19.123+0000] {processor.py:840} INFO - DAG(s) 'latest_only' retrieved from /home/airflow/.local/lib/python3.8/site-packages/airflow/example_dags/example_latest_only.py
[2024-10-09T22:02:19.151+0000] {logging_mixin.py:188} INFO - [2024-10-09T22:02:19.150+0000] {dag.py:3036} INFO - Sync 1 DAGs
[2024-10-09T22:02:19.192+0000] {logging_mixin.py:188} INFO - [2024-10-09T22:02:19.191+0000] {dag.py:3823} INFO - Setting next_dagrun for latest_only to 2024-10-09 16:00:00+00:00, run_after=2024-10-09 20:00:00+00:00
[2024-10-09T22:02:19.225+0000] {processor.py:183} INFO - Processing /home/airflow/.local/lib/python3.8/site-packages/airflow/example_dags/example_latest_only.py took 0.118 seconds
[2024-10-09T22:02:59.419+0000] {processor.py:161} INFO - Started process (PID=101) to work on /home/airflow/.local/lib/python3.8/site-packages/airflow/example_dags/example_latest_only.py
[2024-10-09T22:02:59.421+0000] {processor.py:830} INFO - Processing file /home/airflow/.local/lib/python3.8/site-packages/airflow/example_dags/example_latest_only.py for tasks to queue
[2024-10-09T22:02:59.423+0000] {logging_mixin.py:188} INFO - [2024-10-09T22:02:59.423+0000] {dagbag.py:538} INFO - Filling up the DagBag from /home/airflow/.local/lib/python3.8/site-packages/airflow/example_dags/example_latest_only.py
[2024-10-09T22:02:59.429+0000] {processor.py:840} INFO - DAG(s) 'latest_only' retrieved from /home/airflow/.local/lib/python3.8/site-packages/airflow/example_dags/example_latest_only.py
[2024-10-09T22:02:59.576+0000] {logging_mixin.py:188} INFO - [2024-10-09T22:02:59.575+0000] {dag.py:3036} INFO - Sync 1 DAGs
[2024-10-09T22:02:59.608+0000] {logging_mixin.py:188} INFO - [2024-10-09T22:02:59.608+0000] {dag.py:3823} INFO - Setting next_dagrun for latest_only to 2024-10-09 16:00:00+00:00, run_after=2024-10-09 20:00:00+00:00
[2024-10-09T22:02:59.671+0000] {processor.py:183} INFO - Processing /home/airflow/.local/lib/python3.8/site-packages/airflow/example_dags/example_latest_only.py took 0.270 seconds
[2024-10-09T22:03:30.682+0000] {processor.py:161} INFO - Started process (PID=163) to work on /home/airflow/.local/lib/python3.8/site-packages/airflow/example_dags/example_latest_only.py
[2024-10-09T22:03:30.683+0000] {processor.py:830} INFO - Processing file /home/airflow/.local/lib/python3.8/site-packages/airflow/example_dags/example_latest_only.py for tasks to queue
[2024-10-09T22:03:30.686+0000] {logging_mixin.py:188} INFO - [2024-10-09T22:03:30.685+0000] {dagbag.py:538} INFO - Filling up the DagBag from /home/airflow/.local/lib/python3.8/site-packages/airflow/example_dags/example_latest_only.py
[2024-10-09T22:03:30.707+0000] {processor.py:840} INFO - DAG(s) 'latest_only' retrieved from /home/airflow/.local/lib/python3.8/site-packages/airflow/example_dags/example_latest_only.py
[2024-10-09T22:03:30.736+0000] {logging_mixin.py:188} INFO - [2024-10-09T22:03:30.735+0000] {dag.py:3036} INFO - Sync 1 DAGs
[2024-10-09T22:03:30.762+0000] {logging_mixin.py:188} INFO - [2024-10-09T22:03:30.761+0000] {dag.py:3823} INFO - Setting next_dagrun for latest_only to 2024-10-09 16:00:00+00:00, run_after=2024-10-09 20:00:00+00:00
[2024-10-09T22:03:30.791+0000] {processor.py:183} INFO - Processing /home/airflow/.local/lib/python3.8/site-packages/airflow/example_dags/example_latest_only.py took 0.114 seconds
[2024-10-09T22:04:01.366+0000] {processor.py:161} INFO - Started process (PID=225) to work on /home/airflow/.local/lib/python3.8/site-packages/airflow/example_dags/example_latest_only.py
[2024-10-09T22:04:01.368+0000] {processor.py:830} INFO - Processing file /home/airflow/.local/lib/python3.8/site-packages/airflow/example_dags/example_latest_only.py for tasks to queue
[2024-10-09T22:04:01.372+0000] {logging_mixin.py:188} INFO - [2024-10-09T22:04:01.372+0000] {dagbag.py:538} INFO - Filling up the DagBag from /home/airflow/.local/lib/python3.8/site-packages/airflow/example_dags/example_latest_only.py
[2024-10-09T22:04:01.377+0000] {processor.py:840} INFO - DAG(s) 'latest_only' retrieved from /home/airflow/.local/lib/python3.8/site-packages/airflow/example_dags/example_latest_only.py
[2024-10-09T22:04:01.401+0000] {logging_mixin.py:188} INFO - [2024-10-09T22:04:01.400+0000] {dag.py:3036} INFO - Sync 1 DAGs
[2024-10-09T22:04:01.424+0000] {logging_mixin.py:188} INFO - [2024-10-09T22:04:01.423+0000] {dag.py:3823} INFO - Setting next_dagrun for latest_only to 2024-10-09 16:00:00+00:00, run_after=2024-10-09 20:00:00+00:00
[2024-10-09T22:04:01.461+0000] {processor.py:183} INFO - Processing /home/airflow/.local/lib/python3.8/site-packages/airflow/example_dags/example_latest_only.py took 0.099 seconds
[2024-10-09T22:04:31.571+0000] {processor.py:161} INFO - Started process (PID=287) to work on /home/airflow/.local/lib/python3.8/site-packages/airflow/example_dags/example_latest_only.py
[2024-10-09T22:04:31.573+0000] {processor.py:830} INFO - Processing file /home/airflow/.local/lib/python3.8/site-packages/airflow/example_dags/example_latest_only.py for tasks to queue
[2024-10-09T22:04:31.576+0000] {logging_mixin.py:188} INFO - [2024-10-09T22:04:31.576+0000] {dagbag.py:538} INFO - Filling up the DagBag from /home/airflow/.local/lib/python3.8/site-packages/airflow/example_dags/example_latest_only.py
[2024-10-09T22:04:31.586+0000] {processor.py:840} INFO - DAG(s) 'latest_only' retrieved from /home/airflow/.local/lib/python3.8/site-packages/airflow/example_dags/example_latest_only.py
[2024-10-09T22:04:31.625+0000] {logging_mixin.py:188} INFO - [2024-10-09T22:04:31.624+0000] {dag.py:3036} INFO - Sync 1 DAGs
[2024-10-09T22:04:31.658+0000] {logging_mixin.py:188} INFO - [2024-10-09T22:04:31.658+0000] {dag.py:3823} INFO - Setting next_dagrun for latest_only to 2024-10-09 16:00:00+00:00, run_after=2024-10-09 20:00:00+00:00
[2024-10-09T22:04:31.698+0000] {processor.py:183} INFO - Processing /home/airflow/.local/lib/python3.8/site-packages/airflow/example_dags/example_latest_only.py took 0.133 seconds
[2024-10-09T22:05:03.185+0000] {processor.py:161} INFO - Started process (PID=349) to work on /home/airflow/.local/lib/python3.8/site-packages/airflow/example_dags/example_latest_only.py
[2024-10-09T22:05:03.187+0000] {processor.py:830} INFO - Processing file /home/airflow/.local/lib/python3.8/site-packages/airflow/example_dags/example_latest_only.py for tasks to queue
[2024-10-09T22:05:03.189+0000] {logging_mixin.py:188} INFO - [2024-10-09T22:05:03.189+0000] {dagbag.py:538} INFO - Filling up the DagBag from /home/airflow/.local/lib/python3.8/site-packages/airflow/example_dags/example_latest_only.py
[2024-10-09T22:05:03.195+0000] {processor.py:840} INFO - DAG(s) 'latest_only' retrieved from /home/airflow/.local/lib/python3.8/site-packages/airflow/example_dags/example_latest_only.py
[2024-10-09T22:05:03.220+0000] {logging_mixin.py:188} INFO - [2024-10-09T22:05:03.219+0000] {dag.py:3036} INFO - Sync 1 DAGs
[2024-10-09T22:05:03.246+0000] {logging_mixin.py:188} INFO - [2024-10-09T22:05:03.246+0000] {dag.py:3823} INFO - Setting next_dagrun for latest_only to 2024-10-09 16:00:00+00:00, run_after=2024-10-09 20:00:00+00:00
[2024-10-09T22:05:03.270+0000] {processor.py:183} INFO - Processing /home/airflow/.local/lib/python3.8/site-packages/airflow/example_dags/example_latest_only.py took 0.089 seconds
[2024-10-09T22:05:33.841+0000] {processor.py:161} INFO - Started process (PID=411) to work on /home/airflow/.local/lib/python3.8/site-packages/airflow/example_dags/example_latest_only.py
[2024-10-09T22:05:33.842+0000] {processor.py:830} INFO - Processing file /home/airflow/.local/lib/python3.8/site-packages/airflow/example_dags/example_latest_only.py for tasks to queue
[2024-10-09T22:05:33.845+0000] {logging_mixin.py:188} INFO - [2024-10-09T22:05:33.844+0000] {dagbag.py:538} INFO - Filling up the DagBag from /home/airflow/.local/lib/python3.8/site-packages/airflow/example_dags/example_latest_only.py
[2024-10-09T22:05:33.851+0000] {processor.py:840} INFO - DAG(s) 'latest_only' retrieved from /home/airflow/.local/lib/python3.8/site-packages/airflow/example_dags/example_latest_only.py
[2024-10-09T22:05:33.876+0000] {logging_mixin.py:188} INFO - [2024-10-09T22:05:33.876+0000] {dag.py:3036} INFO - Sync 1 DAGs
[2024-10-09T22:05:33.900+0000] {logging_mixin.py:188} INFO - [2024-10-09T22:05:33.900+0000] {dag.py:3823} INFO - Setting next_dagrun for latest_only to 2024-10-09 16:00:00+00:00, run_after=2024-10-09 20:00:00+00:00
[2024-10-09T22:05:33.924+0000] {processor.py:183} INFO - Processing /home/airflow/.local/lib/python3.8/site-packages/airflow/example_dags/example_latest_only.py took 0.086 seconds
[2024-10-09T22:06:06.459+0000] {processor.py:161} INFO - Started process (PID=473) to work on /home/airflow/.local/lib/python3.8/site-packages/airflow/example_dags/example_latest_only.py
[2024-10-09T22:06:06.461+0000] {processor.py:830} INFO - Processing file /home/airflow/.local/lib/python3.8/site-packages/airflow/example_dags/example_latest_only.py for tasks to queue
[2024-10-09T22:06:06.465+0000] {logging_mixin.py:188} INFO - [2024-10-09T22:06:06.464+0000] {dagbag.py:538} INFO - Filling up the DagBag from /home/airflow/.local/lib/python3.8/site-packages/airflow/example_dags/example_latest_only.py
[2024-10-09T22:06:06.474+0000] {processor.py:840} INFO - DAG(s) 'latest_only' retrieved from /home/airflow/.local/lib/python3.8/site-packages/airflow/example_dags/example_latest_only.py
[2024-10-09T22:06:06.510+0000] {logging_mixin.py:188} INFO - [2024-10-09T22:06:06.509+0000] {dag.py:3036} INFO - Sync 1 DAGs
[2024-10-09T22:06:06.560+0000] {logging_mixin.py:188} INFO - [2024-10-09T22:06:06.559+0000] {dag.py:3823} INFO - Setting next_dagrun for latest_only to 2024-10-09 16:00:00+00:00, run_after=2024-10-09 20:00:00+00:00
[2024-10-09T22:06:06.610+0000] {processor.py:183} INFO - Processing /home/airflow/.local/lib/python3.8/site-packages/airflow/example_dags/example_latest_only.py took 0.155 seconds
[2024-10-09T22:06:37.105+0000] {processor.py:161} INFO - Started process (PID=535) to work on /home/airflow/.local/lib/python3.8/site-packages/airflow/example_dags/example_latest_only.py
[2024-10-09T22:06:37.106+0000] {processor.py:830} INFO - Processing file /home/airflow/.local/lib/python3.8/site-packages/airflow/example_dags/example_latest_only.py for tasks to queue
[2024-10-09T22:06:37.110+0000] {logging_mixin.py:188} INFO - [2024-10-09T22:06:37.109+0000] {dagbag.py:538} INFO - Filling up the DagBag from /home/airflow/.local/lib/python3.8/site-packages/airflow/example_dags/example_latest_only.py
[2024-10-09T22:06:37.119+0000] {processor.py:840} INFO - DAG(s) 'latest_only' retrieved from /home/airflow/.local/lib/python3.8/site-packages/airflow/example_dags/example_latest_only.py
[2024-10-09T22:06:37.151+0000] {logging_mixin.py:188} INFO - [2024-10-09T22:06:37.150+0000] {dag.py:3036} INFO - Sync 1 DAGs
[2024-10-09T22:06:37.192+0000] {logging_mixin.py:188} INFO - [2024-10-09T22:06:37.191+0000] {dag.py:3823} INFO - Setting next_dagrun for latest_only to 2024-10-09 16:00:00+00:00, run_after=2024-10-09 20:00:00+00:00
[2024-10-09T22:06:37.224+0000] {processor.py:183} INFO - Processing /home/airflow/.local/lib/python3.8/site-packages/airflow/example_dags/example_latest_only.py took 0.123 seconds
[2024-10-09T22:07:08.168+0000] {processor.py:161} INFO - Started process (PID=597) to work on /home/airflow/.local/lib/python3.8/site-packages/airflow/example_dags/example_latest_only.py
[2024-10-09T22:07:08.169+0000] {processor.py:830} INFO - Processing file /home/airflow/.local/lib/python3.8/site-packages/airflow/example_dags/example_latest_only.py for tasks to queue
[2024-10-09T22:07:08.172+0000] {logging_mixin.py:188} INFO - [2024-10-09T22:07:08.171+0000] {dagbag.py:538} INFO - Filling up the DagBag from /home/airflow/.local/lib/python3.8/site-packages/airflow/example_dags/example_latest_only.py
[2024-10-09T22:07:08.179+0000] {processor.py:840} INFO - DAG(s) 'latest_only' retrieved from /home/airflow/.local/lib/python3.8/site-packages/airflow/example_dags/example_latest_only.py
[2024-10-09T22:07:08.248+0000] {logging_mixin.py:188} INFO - [2024-10-09T22:07:08.247+0000] {dag.py:3036} INFO - Sync 1 DAGs
[2024-10-09T22:07:08.321+0000] {logging_mixin.py:188} INFO - [2024-10-09T22:07:08.320+0000] {dag.py:3823} INFO - Setting next_dagrun for latest_only to 2024-10-09 16:00:00+00:00, run_after=2024-10-09 20:00:00+00:00
[2024-10-09T22:07:08.381+0000] {processor.py:183} INFO - Processing /home/airflow/.local/lib/python3.8/site-packages/airflow/example_dags/example_latest_only.py took 0.216 seconds
[2024-10-09T22:07:38.743+0000] {processor.py:161} INFO - Started process (PID=659) to work on /home/airflow/.local/lib/python3.8/site-packages/airflow/example_dags/example_latest_only.py
[2024-10-09T22:07:38.744+0000] {processor.py:830} INFO - Processing file /home/airflow/.local/lib/python3.8/site-packages/airflow/example_dags/example_latest_only.py for tasks to queue
[2024-10-09T22:07:38.747+0000] {logging_mixin.py:188} INFO - [2024-10-09T22:07:38.747+0000] {dagbag.py:538} INFO - Filling up the DagBag from /home/airflow/.local/lib/python3.8/site-packages/airflow/example_dags/example_latest_only.py
[2024-10-09T22:07:38.759+0000] {processor.py:840} INFO - DAG(s) 'latest_only' retrieved from /home/airflow/.local/lib/python3.8/site-packages/airflow/example_dags/example_latest_only.py
[2024-10-09T22:07:38.807+0000] {logging_mixin.py:188} INFO - [2024-10-09T22:07:38.807+0000] {dag.py:3036} INFO - Sync 1 DAGs
[2024-10-09T22:07:38.843+0000] {logging_mixin.py:188} INFO - [2024-10-09T22:07:38.843+0000] {dag.py:3823} INFO - Setting next_dagrun for latest_only to 2024-10-09 16:00:00+00:00, run_after=2024-10-09 20:00:00+00:00
[2024-10-09T22:07:38.891+0000] {processor.py:183} INFO - Processing /home/airflow/.local/lib/python3.8/site-packages/airflow/example_dags/example_latest_only.py took 0.153 seconds
[2024-10-09T22:08:09.050+0000] {processor.py:161} INFO - Started process (PID=722) to work on /home/airflow/.local/lib/python3.8/site-packages/airflow/example_dags/example_latest_only.py
[2024-10-09T22:08:09.052+0000] {processor.py:830} INFO - Processing file /home/airflow/.local/lib/python3.8/site-packages/airflow/example_dags/example_latest_only.py for tasks to queue
[2024-10-09T22:08:09.055+0000] {logging_mixin.py:188} INFO - [2024-10-09T22:08:09.055+0000] {dagbag.py:538} INFO - Filling up the DagBag from /home/airflow/.local/lib/python3.8/site-packages/airflow/example_dags/example_latest_only.py
[2024-10-09T22:08:09.061+0000] {processor.py:840} INFO - DAG(s) 'latest_only' retrieved from /home/airflow/.local/lib/python3.8/site-packages/airflow/example_dags/example_latest_only.py
[2024-10-09T22:08:09.085+0000] {logging_mixin.py:188} INFO - [2024-10-09T22:08:09.084+0000] {dag.py:3036} INFO - Sync 1 DAGs
[2024-10-09T22:08:09.115+0000] {logging_mixin.py:188} INFO - [2024-10-09T22:08:09.115+0000] {dag.py:3823} INFO - Setting next_dagrun for latest_only to 2024-10-09 16:00:00+00:00, run_after=2024-10-09 20:00:00+00:00
[2024-10-09T22:08:09.143+0000] {processor.py:183} INFO - Processing /home/airflow/.local/lib/python3.8/site-packages/airflow/example_dags/example_latest_only.py took 0.097 seconds
[2024-10-09T22:08:39.353+0000] {processor.py:161} INFO - Started process (PID=783) to work on /home/airflow/.local/lib/python3.8/site-packages/airflow/example_dags/example_latest_only.py
[2024-10-09T22:08:39.355+0000] {processor.py:830} INFO - Processing file /home/airflow/.local/lib/python3.8/site-packages/airflow/example_dags/example_latest_only.py for tasks to queue
[2024-10-09T22:08:39.358+0000] {logging_mixin.py:188} INFO - [2024-10-09T22:08:39.357+0000] {dagbag.py:538} INFO - Filling up the DagBag from /home/airflow/.local/lib/python3.8/site-packages/airflow/example_dags/example_latest_only.py
[2024-10-09T22:08:39.364+0000] {processor.py:840} INFO - DAG(s) 'latest_only' retrieved from /home/airflow/.local/lib/python3.8/site-packages/airflow/example_dags/example_latest_only.py
[2024-10-09T22:08:39.400+0000] {logging_mixin.py:188} INFO - [2024-10-09T22:08:39.399+0000] {dag.py:3036} INFO - Sync 1 DAGs
[2024-10-09T22:08:39.430+0000] {logging_mixin.py:188} INFO - [2024-10-09T22:08:39.429+0000] {dag.py:3823} INFO - Setting next_dagrun for latest_only to 2024-10-09 16:00:00+00:00, run_after=2024-10-09 20:00:00+00:00
[2024-10-09T22:08:39.459+0000] {processor.py:183} INFO - Processing /home/airflow/.local/lib/python3.8/site-packages/airflow/example_dags/example_latest_only.py took 0.109 seconds
[2024-10-09T22:09:14.360+0000] {processor.py:161} INFO - Started process (PID=844) to work on /home/airflow/.local/lib/python3.8/site-packages/airflow/example_dags/example_latest_only.py
[2024-10-09T22:09:14.364+0000] {processor.py:830} INFO - Processing file /home/airflow/.local/lib/python3.8/site-packages/airflow/example_dags/example_latest_only.py for tasks to queue
[2024-10-09T22:09:14.370+0000] {logging_mixin.py:188} INFO - [2024-10-09T22:09:14.369+0000] {dagbag.py:538} INFO - Filling up the DagBag from /home/airflow/.local/lib/python3.8/site-packages/airflow/example_dags/example_latest_only.py
[2024-10-09T22:09:14.385+0000] {processor.py:840} INFO - DAG(s) 'latest_only' retrieved from /home/airflow/.local/lib/python3.8/site-packages/airflow/example_dags/example_latest_only.py
[2024-10-09T22:09:14.438+0000] {logging_mixin.py:188} INFO - [2024-10-09T22:09:14.437+0000] {dag.py:3036} INFO - Sync 1 DAGs
[2024-10-09T22:09:14.534+0000] {logging_mixin.py:188} INFO - [2024-10-09T22:09:14.533+0000] {dag.py:3823} INFO - Setting next_dagrun for latest_only to 2024-10-09 16:00:00+00:00, run_after=2024-10-09 20:00:00+00:00
[2024-10-09T22:09:14.593+0000] {processor.py:183} INFO - Processing /home/airflow/.local/lib/python3.8/site-packages/airflow/example_dags/example_latest_only.py took 0.238 seconds
