[2024-10-09T22:02:15.282+0000] {processor.py:161} INFO - Started process (PID=80) to work on /home/airflow/.local/lib/python3.8/site-packages/airflow/example_dags/example_trigger_target_dag.py
[2024-10-09T22:02:15.285+0000] {processor.py:830} INFO - Processing file /home/airflow/.local/lib/python3.8/site-packages/airflow/example_dags/example_trigger_target_dag.py for tasks to queue
[2024-10-09T22:02:15.289+0000] {logging_mixin.py:188} INFO - [2024-10-09T22:02:15.288+0000] {dagbag.py:538} INFO - Filling up the DagBag from /home/airflow/.local/lib/python3.8/site-packages/airflow/example_dags/example_trigger_target_dag.py
[2024-10-09T22:02:15.304+0000] {processor.py:840} INFO - DAG(s) 'example_trigger_target_dag' retrieved from /home/airflow/.local/lib/python3.8/site-packages/airflow/example_dags/example_trigger_target_dag.py
[2024-10-09T22:02:15.326+0000] {logging_mixin.py:188} INFO - [2024-10-09T22:02:15.326+0000] {dag.py:3036} INFO - Sync 1 DAGs
[2024-10-09T22:02:15.349+0000] {logging_mixin.py:188} INFO - [2024-10-09T22:02:15.349+0000] {dag.py:3823} INFO - Setting next_dagrun for example_trigger_target_dag to None, run_after=None
[2024-10-09T22:02:15.391+0000] {processor.py:183} INFO - Processing /home/airflow/.local/lib/python3.8/site-packages/airflow/example_dags/example_trigger_target_dag.py took 0.113 seconds
[2024-10-09T22:02:54.221+0000] {processor.py:161} INFO - Started process (PID=59) to work on /home/airflow/.local/lib/python3.8/site-packages/airflow/example_dags/example_trigger_target_dag.py
[2024-10-09T22:02:54.223+0000] {processor.py:830} INFO - Processing file /home/airflow/.local/lib/python3.8/site-packages/airflow/example_dags/example_trigger_target_dag.py for tasks to queue
[2024-10-09T22:02:54.226+0000] {logging_mixin.py:188} INFO - [2024-10-09T22:02:54.226+0000] {dagbag.py:538} INFO - Filling up the DagBag from /home/airflow/.local/lib/python3.8/site-packages/airflow/example_dags/example_trigger_target_dag.py
[2024-10-09T22:02:54.236+0000] {processor.py:840} INFO - DAG(s) 'example_trigger_target_dag' retrieved from /home/airflow/.local/lib/python3.8/site-packages/airflow/example_dags/example_trigger_target_dag.py
[2024-10-09T22:02:54.351+0000] {logging_mixin.py:188} INFO - [2024-10-09T22:02:54.351+0000] {dag.py:3036} INFO - Sync 1 DAGs
[2024-10-09T22:02:54.364+0000] {logging_mixin.py:188} INFO - [2024-10-09T22:02:54.364+0000] {dag.py:3823} INFO - Setting next_dagrun for example_trigger_target_dag to None, run_after=None
[2024-10-09T22:02:54.409+0000] {processor.py:183} INFO - Processing /home/airflow/.local/lib/python3.8/site-packages/airflow/example_dags/example_trigger_target_dag.py took 0.193 seconds
[2024-10-09T22:03:24.737+0000] {processor.py:161} INFO - Started process (PID=121) to work on /home/airflow/.local/lib/python3.8/site-packages/airflow/example_dags/example_trigger_target_dag.py
[2024-10-09T22:03:24.741+0000] {processor.py:830} INFO - Processing file /home/airflow/.local/lib/python3.8/site-packages/airflow/example_dags/example_trigger_target_dag.py for tasks to queue
[2024-10-09T22:03:24.747+0000] {logging_mixin.py:188} INFO - [2024-10-09T22:03:24.745+0000] {dagbag.py:538} INFO - Filling up the DagBag from /home/airflow/.local/lib/python3.8/site-packages/airflow/example_dags/example_trigger_target_dag.py
[2024-10-09T22:03:24.762+0000] {processor.py:840} INFO - DAG(s) 'example_trigger_target_dag' retrieved from /home/airflow/.local/lib/python3.8/site-packages/airflow/example_dags/example_trigger_target_dag.py
[2024-10-09T22:03:24.805+0000] {logging_mixin.py:188} INFO - [2024-10-09T22:03:24.804+0000] {dag.py:3036} INFO - Sync 1 DAGs
[2024-10-09T22:03:24.829+0000] {logging_mixin.py:188} INFO - [2024-10-09T22:03:24.828+0000] {dag.py:3823} INFO - Setting next_dagrun for example_trigger_target_dag to None, run_after=None
[2024-10-09T22:03:24.867+0000] {processor.py:183} INFO - Processing /home/airflow/.local/lib/python3.8/site-packages/airflow/example_dags/example_trigger_target_dag.py took 0.136 seconds
[2024-10-09T22:03:55.956+0000] {processor.py:161} INFO - Started process (PID=189) to work on /home/airflow/.local/lib/python3.8/site-packages/airflow/example_dags/example_trigger_target_dag.py
[2024-10-09T22:03:55.958+0000] {processor.py:830} INFO - Processing file /home/airflow/.local/lib/python3.8/site-packages/airflow/example_dags/example_trigger_target_dag.py for tasks to queue
[2024-10-09T22:03:55.961+0000] {logging_mixin.py:188} INFO - [2024-10-09T22:03:55.961+0000] {dagbag.py:538} INFO - Filling up the DagBag from /home/airflow/.local/lib/python3.8/site-packages/airflow/example_dags/example_trigger_target_dag.py
[2024-10-09T22:03:55.968+0000] {processor.py:840} INFO - DAG(s) 'example_trigger_target_dag' retrieved from /home/airflow/.local/lib/python3.8/site-packages/airflow/example_dags/example_trigger_target_dag.py
[2024-10-09T22:03:55.998+0000] {logging_mixin.py:188} INFO - [2024-10-09T22:03:55.998+0000] {dag.py:3036} INFO - Sync 1 DAGs
[2024-10-09T22:03:56.016+0000] {logging_mixin.py:188} INFO - [2024-10-09T22:03:56.015+0000] {dag.py:3823} INFO - Setting next_dagrun for example_trigger_target_dag to None, run_after=None
[2024-10-09T22:03:56.060+0000] {processor.py:183} INFO - Processing /home/airflow/.local/lib/python3.8/site-packages/airflow/example_dags/example_trigger_target_dag.py took 0.107 seconds
[2024-10-09T22:04:27.102+0000] {processor.py:161} INFO - Started process (PID=251) to work on /home/airflow/.local/lib/python3.8/site-packages/airflow/example_dags/example_trigger_target_dag.py
[2024-10-09T22:04:27.105+0000] {processor.py:830} INFO - Processing file /home/airflow/.local/lib/python3.8/site-packages/airflow/example_dags/example_trigger_target_dag.py for tasks to queue
[2024-10-09T22:04:27.107+0000] {logging_mixin.py:188} INFO - [2024-10-09T22:04:27.107+0000] {dagbag.py:538} INFO - Filling up the DagBag from /home/airflow/.local/lib/python3.8/site-packages/airflow/example_dags/example_trigger_target_dag.py
[2024-10-09T22:04:27.117+0000] {processor.py:840} INFO - DAG(s) 'example_trigger_target_dag' retrieved from /home/airflow/.local/lib/python3.8/site-packages/airflow/example_dags/example_trigger_target_dag.py
[2024-10-09T22:04:27.149+0000] {logging_mixin.py:188} INFO - [2024-10-09T22:04:27.149+0000] {dag.py:3036} INFO - Sync 1 DAGs
[2024-10-09T22:04:27.165+0000] {logging_mixin.py:188} INFO - [2024-10-09T22:04:27.165+0000] {dag.py:3823} INFO - Setting next_dagrun for example_trigger_target_dag to None, run_after=None
[2024-10-09T22:04:27.193+0000] {processor.py:183} INFO - Processing /home/airflow/.local/lib/python3.8/site-packages/airflow/example_dags/example_trigger_target_dag.py took 0.096 seconds
[2024-10-09T22:04:57.330+0000] {processor.py:161} INFO - Started process (PID=311) to work on /home/airflow/.local/lib/python3.8/site-packages/airflow/example_dags/example_trigger_target_dag.py
[2024-10-09T22:04:57.331+0000] {processor.py:830} INFO - Processing file /home/airflow/.local/lib/python3.8/site-packages/airflow/example_dags/example_trigger_target_dag.py for tasks to queue
[2024-10-09T22:04:57.333+0000] {logging_mixin.py:188} INFO - [2024-10-09T22:04:57.332+0000] {dagbag.py:538} INFO - Filling up the DagBag from /home/airflow/.local/lib/python3.8/site-packages/airflow/example_dags/example_trigger_target_dag.py
[2024-10-09T22:04:57.339+0000] {processor.py:840} INFO - DAG(s) 'example_trigger_target_dag' retrieved from /home/airflow/.local/lib/python3.8/site-packages/airflow/example_dags/example_trigger_target_dag.py
[2024-10-09T22:04:57.362+0000] {logging_mixin.py:188} INFO - [2024-10-09T22:04:57.361+0000] {dag.py:3036} INFO - Sync 1 DAGs
[2024-10-09T22:04:57.376+0000] {logging_mixin.py:188} INFO - [2024-10-09T22:04:57.375+0000] {dag.py:3823} INFO - Setting next_dagrun for example_trigger_target_dag to None, run_after=None
[2024-10-09T22:04:57.412+0000] {processor.py:183} INFO - Processing /home/airflow/.local/lib/python3.8/site-packages/airflow/example_dags/example_trigger_target_dag.py took 0.086 seconds
[2024-10-09T22:05:28.641+0000] {processor.py:161} INFO - Started process (PID=373) to work on /home/airflow/.local/lib/python3.8/site-packages/airflow/example_dags/example_trigger_target_dag.py
[2024-10-09T22:05:28.642+0000] {processor.py:830} INFO - Processing file /home/airflow/.local/lib/python3.8/site-packages/airflow/example_dags/example_trigger_target_dag.py for tasks to queue
[2024-10-09T22:05:28.644+0000] {logging_mixin.py:188} INFO - [2024-10-09T22:05:28.644+0000] {dagbag.py:538} INFO - Filling up the DagBag from /home/airflow/.local/lib/python3.8/site-packages/airflow/example_dags/example_trigger_target_dag.py
[2024-10-09T22:05:28.651+0000] {processor.py:840} INFO - DAG(s) 'example_trigger_target_dag' retrieved from /home/airflow/.local/lib/python3.8/site-packages/airflow/example_dags/example_trigger_target_dag.py
[2024-10-09T22:05:28.680+0000] {logging_mixin.py:188} INFO - [2024-10-09T22:05:28.680+0000] {dag.py:3036} INFO - Sync 1 DAGs
[2024-10-09T22:05:28.695+0000] {logging_mixin.py:188} INFO - [2024-10-09T22:05:28.694+0000] {dag.py:3823} INFO - Setting next_dagrun for example_trigger_target_dag to None, run_after=None
[2024-10-09T22:05:28.726+0000] {processor.py:183} INFO - Processing /home/airflow/.local/lib/python3.8/site-packages/airflow/example_dags/example_trigger_target_dag.py took 0.088 seconds
[2024-10-09T22:05:58.979+0000] {processor.py:161} INFO - Started process (PID=435) to work on /home/airflow/.local/lib/python3.8/site-packages/airflow/example_dags/example_trigger_target_dag.py
[2024-10-09T22:05:58.980+0000] {processor.py:830} INFO - Processing file /home/airflow/.local/lib/python3.8/site-packages/airflow/example_dags/example_trigger_target_dag.py for tasks to queue
[2024-10-09T22:05:58.982+0000] {logging_mixin.py:188} INFO - [2024-10-09T22:05:58.982+0000] {dagbag.py:538} INFO - Filling up the DagBag from /home/airflow/.local/lib/python3.8/site-packages/airflow/example_dags/example_trigger_target_dag.py
[2024-10-09T22:05:58.988+0000] {processor.py:840} INFO - DAG(s) 'example_trigger_target_dag' retrieved from /home/airflow/.local/lib/python3.8/site-packages/airflow/example_dags/example_trigger_target_dag.py
[2024-10-09T22:05:59.009+0000] {logging_mixin.py:188} INFO - [2024-10-09T22:05:59.009+0000] {dag.py:3036} INFO - Sync 1 DAGs
[2024-10-09T22:05:59.022+0000] {logging_mixin.py:188} INFO - [2024-10-09T22:05:59.022+0000] {dag.py:3823} INFO - Setting next_dagrun for example_trigger_target_dag to None, run_after=None
[2024-10-09T22:05:59.048+0000] {processor.py:183} INFO - Processing /home/airflow/.local/lib/python3.8/site-packages/airflow/example_dags/example_trigger_target_dag.py took 0.073 seconds
[2024-10-09T22:06:29.215+0000] {processor.py:161} INFO - Started process (PID=497) to work on /home/airflow/.local/lib/python3.8/site-packages/airflow/example_dags/example_trigger_target_dag.py
[2024-10-09T22:06:29.216+0000] {processor.py:830} INFO - Processing file /home/airflow/.local/lib/python3.8/site-packages/airflow/example_dags/example_trigger_target_dag.py for tasks to queue
[2024-10-09T22:06:29.220+0000] {logging_mixin.py:188} INFO - [2024-10-09T22:06:29.220+0000] {dagbag.py:538} INFO - Filling up the DagBag from /home/airflow/.local/lib/python3.8/site-packages/airflow/example_dags/example_trigger_target_dag.py
[2024-10-09T22:06:29.234+0000] {processor.py:840} INFO - DAG(s) 'example_trigger_target_dag' retrieved from /home/airflow/.local/lib/python3.8/site-packages/airflow/example_dags/example_trigger_target_dag.py
[2024-10-09T22:06:29.270+0000] {logging_mixin.py:188} INFO - [2024-10-09T22:06:29.270+0000] {dag.py:3036} INFO - Sync 1 DAGs
[2024-10-09T22:06:29.302+0000] {logging_mixin.py:188} INFO - [2024-10-09T22:06:29.301+0000] {dag.py:3823} INFO - Setting next_dagrun for example_trigger_target_dag to None, run_after=None
[2024-10-09T22:06:29.344+0000] {processor.py:183} INFO - Processing /home/airflow/.local/lib/python3.8/site-packages/airflow/example_dags/example_trigger_target_dag.py took 0.133 seconds
[2024-10-09T22:06:59.509+0000] {processor.py:161} INFO - Started process (PID=559) to work on /home/airflow/.local/lib/python3.8/site-packages/airflow/example_dags/example_trigger_target_dag.py
[2024-10-09T22:06:59.510+0000] {processor.py:830} INFO - Processing file /home/airflow/.local/lib/python3.8/site-packages/airflow/example_dags/example_trigger_target_dag.py for tasks to queue
[2024-10-09T22:06:59.512+0000] {logging_mixin.py:188} INFO - [2024-10-09T22:06:59.512+0000] {dagbag.py:538} INFO - Filling up the DagBag from /home/airflow/.local/lib/python3.8/site-packages/airflow/example_dags/example_trigger_target_dag.py
[2024-10-09T22:06:59.519+0000] {processor.py:840} INFO - DAG(s) 'example_trigger_target_dag' retrieved from /home/airflow/.local/lib/python3.8/site-packages/airflow/example_dags/example_trigger_target_dag.py
[2024-10-09T22:06:59.552+0000] {logging_mixin.py:188} INFO - [2024-10-09T22:06:59.551+0000] {dag.py:3036} INFO - Sync 1 DAGs
[2024-10-09T22:06:59.571+0000] {logging_mixin.py:188} INFO - [2024-10-09T22:06:59.571+0000] {dag.py:3823} INFO - Setting next_dagrun for example_trigger_target_dag to None, run_after=None
[2024-10-09T22:06:59.619+0000] {processor.py:183} INFO - Processing /home/airflow/.local/lib/python3.8/site-packages/airflow/example_dags/example_trigger_target_dag.py took 0.113 seconds
[2024-10-09T22:07:29.675+0000] {processor.py:161} INFO - Started process (PID=621) to work on /home/airflow/.local/lib/python3.8/site-packages/airflow/example_dags/example_trigger_target_dag.py
[2024-10-09T22:07:29.677+0000] {processor.py:830} INFO - Processing file /home/airflow/.local/lib/python3.8/site-packages/airflow/example_dags/example_trigger_target_dag.py for tasks to queue
[2024-10-09T22:07:29.679+0000] {logging_mixin.py:188} INFO - [2024-10-09T22:07:29.678+0000] {dagbag.py:538} INFO - Filling up the DagBag from /home/airflow/.local/lib/python3.8/site-packages/airflow/example_dags/example_trigger_target_dag.py
[2024-10-09T22:07:29.685+0000] {processor.py:840} INFO - DAG(s) 'example_trigger_target_dag' retrieved from /home/airflow/.local/lib/python3.8/site-packages/airflow/example_dags/example_trigger_target_dag.py
[2024-10-09T22:07:29.707+0000] {logging_mixin.py:188} INFO - [2024-10-09T22:07:29.707+0000] {dag.py:3036} INFO - Sync 1 DAGs
[2024-10-09T22:07:29.722+0000] {logging_mixin.py:188} INFO - [2024-10-09T22:07:29.722+0000] {dag.py:3823} INFO - Setting next_dagrun for example_trigger_target_dag to None, run_after=None
[2024-10-09T22:07:29.761+0000] {processor.py:183} INFO - Processing /home/airflow/.local/lib/python3.8/site-packages/airflow/example_dags/example_trigger_target_dag.py took 0.088 seconds
[2024-10-09T22:08:00.351+0000] {processor.py:161} INFO - Started process (PID=685) to work on /home/airflow/.local/lib/python3.8/site-packages/airflow/example_dags/example_trigger_target_dag.py
[2024-10-09T22:08:00.352+0000] {processor.py:830} INFO - Processing file /home/airflow/.local/lib/python3.8/site-packages/airflow/example_dags/example_trigger_target_dag.py for tasks to queue
[2024-10-09T22:08:00.354+0000] {logging_mixin.py:188} INFO - [2024-10-09T22:08:00.354+0000] {dagbag.py:538} INFO - Filling up the DagBag from /home/airflow/.local/lib/python3.8/site-packages/airflow/example_dags/example_trigger_target_dag.py
[2024-10-09T22:08:00.361+0000] {processor.py:840} INFO - DAG(s) 'example_trigger_target_dag' retrieved from /home/airflow/.local/lib/python3.8/site-packages/airflow/example_dags/example_trigger_target_dag.py
[2024-10-09T22:08:00.397+0000] {logging_mixin.py:188} INFO - [2024-10-09T22:08:00.397+0000] {dag.py:3036} INFO - Sync 1 DAGs
[2024-10-09T22:08:00.413+0000] {logging_mixin.py:188} INFO - [2024-10-09T22:08:00.413+0000] {dag.py:3823} INFO - Setting next_dagrun for example_trigger_target_dag to None, run_after=None
[2024-10-09T22:08:00.439+0000] {processor.py:183} INFO - Processing /home/airflow/.local/lib/python3.8/site-packages/airflow/example_dags/example_trigger_target_dag.py took 0.091 seconds
[2024-10-09T22:08:30.867+0000] {processor.py:161} INFO - Started process (PID=746) to work on /home/airflow/.local/lib/python3.8/site-packages/airflow/example_dags/example_trigger_target_dag.py
[2024-10-09T22:08:30.868+0000] {processor.py:830} INFO - Processing file /home/airflow/.local/lib/python3.8/site-packages/airflow/example_dags/example_trigger_target_dag.py for tasks to queue
[2024-10-09T22:08:30.871+0000] {logging_mixin.py:188} INFO - [2024-10-09T22:08:30.871+0000] {dagbag.py:538} INFO - Filling up the DagBag from /home/airflow/.local/lib/python3.8/site-packages/airflow/example_dags/example_trigger_target_dag.py
[2024-10-09T22:08:30.881+0000] {processor.py:840} INFO - DAG(s) 'example_trigger_target_dag' retrieved from /home/airflow/.local/lib/python3.8/site-packages/airflow/example_dags/example_trigger_target_dag.py
[2024-10-09T22:08:30.911+0000] {logging_mixin.py:188} INFO - [2024-10-09T22:08:30.911+0000] {dag.py:3036} INFO - Sync 1 DAGs
[2024-10-09T22:08:30.933+0000] {logging_mixin.py:188} INFO - [2024-10-09T22:08:30.933+0000] {dag.py:3823} INFO - Setting next_dagrun for example_trigger_target_dag to None, run_after=None
[2024-10-09T22:08:30.976+0000] {processor.py:183} INFO - Processing /home/airflow/.local/lib/python3.8/site-packages/airflow/example_dags/example_trigger_target_dag.py took 0.113 seconds
[2024-10-09T22:09:01.452+0000] {processor.py:161} INFO - Started process (PID=807) to work on /home/airflow/.local/lib/python3.8/site-packages/airflow/example_dags/example_trigger_target_dag.py
[2024-10-09T22:09:01.463+0000] {processor.py:830} INFO - Processing file /home/airflow/.local/lib/python3.8/site-packages/airflow/example_dags/example_trigger_target_dag.py for tasks to queue
[2024-10-09T22:09:01.466+0000] {logging_mixin.py:188} INFO - [2024-10-09T22:09:01.466+0000] {dagbag.py:538} INFO - Filling up the DagBag from /home/airflow/.local/lib/python3.8/site-packages/airflow/example_dags/example_trigger_target_dag.py
[2024-10-09T22:09:01.479+0000] {processor.py:840} INFO - DAG(s) 'example_trigger_target_dag' retrieved from /home/airflow/.local/lib/python3.8/site-packages/airflow/example_dags/example_trigger_target_dag.py
[2024-10-09T22:09:01.543+0000] {logging_mixin.py:188} INFO - [2024-10-09T22:09:01.542+0000] {dag.py:3036} INFO - Sync 1 DAGs
[2024-10-09T22:09:01.605+0000] {logging_mixin.py:188} INFO - [2024-10-09T22:09:01.604+0000] {dag.py:3823} INFO - Setting next_dagrun for example_trigger_target_dag to None, run_after=None
[2024-10-09T22:09:01.669+0000] {processor.py:183} INFO - Processing /home/airflow/.local/lib/python3.8/site-packages/airflow/example_dags/example_trigger_target_dag.py took 0.255 seconds
