[2024-10-09T22:02:19.297+0000] {processor.py:161} INFO - Started process (PID=118) to work on /home/airflow/.local/lib/python3.8/site-packages/airflow/example_dags/tutorial.py
[2024-10-09T22:02:19.306+0000] {processor.py:830} INFO - Processing file /home/airflow/.local/lib/python3.8/site-packages/airflow/example_dags/tutorial.py for tasks to queue
[2024-10-09T22:02:19.311+0000] {logging_mixin.py:188} INFO - [2024-10-09T22:02:19.311+0000] {dagbag.py:538} INFO - Filling up the DagBag from /home/airflow/.local/lib/python3.8/site-packages/airflow/example_dags/tutorial.py
[2024-10-09T22:02:19.325+0000] {processor.py:840} INFO - DAG(s) 'tutorial' retrieved from /home/airflow/.local/lib/python3.8/site-packages/airflow/example_dags/tutorial.py
[2024-10-09T22:02:19.349+0000] {logging_mixin.py:188} INFO - [2024-10-09T22:02:19.349+0000] {dag.py:3036} INFO - Sync 1 DAGs
[2024-10-09T22:02:19.408+0000] {logging_mixin.py:188} INFO - [2024-10-09T22:02:19.407+0000] {dag.py:3823} INFO - Setting next_dagrun for tutorial to 2024-10-08 00:00:00+00:00, run_after=2024-10-09 00:00:00+00:00
[2024-10-09T22:02:19.446+0000] {processor.py:183} INFO - Processing /home/airflow/.local/lib/python3.8/site-packages/airflow/example_dags/tutorial.py took 0.155 seconds
[2024-10-09T22:02:59.715+0000] {processor.py:161} INFO - Started process (PID=103) to work on /home/airflow/.local/lib/python3.8/site-packages/airflow/example_dags/tutorial.py
[2024-10-09T22:02:59.717+0000] {processor.py:830} INFO - Processing file /home/airflow/.local/lib/python3.8/site-packages/airflow/example_dags/tutorial.py for tasks to queue
[2024-10-09T22:02:59.719+0000] {logging_mixin.py:188} INFO - [2024-10-09T22:02:59.719+0000] {dagbag.py:538} INFO - Filling up the DagBag from /home/airflow/.local/lib/python3.8/site-packages/airflow/example_dags/tutorial.py
[2024-10-09T22:02:59.725+0000] {processor.py:840} INFO - DAG(s) 'tutorial' retrieved from /home/airflow/.local/lib/python3.8/site-packages/airflow/example_dags/tutorial.py
[2024-10-09T22:02:59.857+0000] {logging_mixin.py:188} INFO - [2024-10-09T22:02:59.857+0000] {dag.py:3036} INFO - Sync 1 DAGs
[2024-10-09T22:02:59.888+0000] {logging_mixin.py:188} INFO - [2024-10-09T22:02:59.888+0000] {dag.py:3823} INFO - Setting next_dagrun for tutorial to 2024-10-08 00:00:00+00:00, run_after=2024-10-09 00:00:00+00:00
[2024-10-09T22:02:59.940+0000] {processor.py:183} INFO - Processing /home/airflow/.local/lib/python3.8/site-packages/airflow/example_dags/tutorial.py took 0.228 seconds
[2024-10-09T22:03:30.809+0000] {processor.py:161} INFO - Started process (PID=165) to work on /home/airflow/.local/lib/python3.8/site-packages/airflow/example_dags/tutorial.py
[2024-10-09T22:03:30.811+0000] {processor.py:830} INFO - Processing file /home/airflow/.local/lib/python3.8/site-packages/airflow/example_dags/tutorial.py for tasks to queue
[2024-10-09T22:03:30.813+0000] {logging_mixin.py:188} INFO - [2024-10-09T22:03:30.813+0000] {dagbag.py:538} INFO - Filling up the DagBag from /home/airflow/.local/lib/python3.8/site-packages/airflow/example_dags/tutorial.py
[2024-10-09T22:03:30.820+0000] {processor.py:840} INFO - DAG(s) 'tutorial' retrieved from /home/airflow/.local/lib/python3.8/site-packages/airflow/example_dags/tutorial.py
[2024-10-09T22:03:30.844+0000] {logging_mixin.py:188} INFO - [2024-10-09T22:03:30.844+0000] {dag.py:3036} INFO - Sync 1 DAGs
[2024-10-09T22:03:30.871+0000] {logging_mixin.py:188} INFO - [2024-10-09T22:03:30.870+0000] {dag.py:3823} INFO - Setting next_dagrun for tutorial to 2024-10-08 00:00:00+00:00, run_after=2024-10-09 00:00:00+00:00
[2024-10-09T22:03:30.948+0000] {processor.py:183} INFO - Processing /home/airflow/.local/lib/python3.8/site-packages/airflow/example_dags/tutorial.py took 0.142 seconds
[2024-10-09T22:04:01.485+0000] {processor.py:161} INFO - Started process (PID=227) to work on /home/airflow/.local/lib/python3.8/site-packages/airflow/example_dags/tutorial.py
[2024-10-09T22:04:01.486+0000] {processor.py:830} INFO - Processing file /home/airflow/.local/lib/python3.8/site-packages/airflow/example_dags/tutorial.py for tasks to queue
[2024-10-09T22:04:01.489+0000] {logging_mixin.py:188} INFO - [2024-10-09T22:04:01.488+0000] {dagbag.py:538} INFO - Filling up the DagBag from /home/airflow/.local/lib/python3.8/site-packages/airflow/example_dags/tutorial.py
[2024-10-09T22:04:01.494+0000] {processor.py:840} INFO - DAG(s) 'tutorial' retrieved from /home/airflow/.local/lib/python3.8/site-packages/airflow/example_dags/tutorial.py
[2024-10-09T22:04:01.516+0000] {logging_mixin.py:188} INFO - [2024-10-09T22:04:01.515+0000] {dag.py:3036} INFO - Sync 1 DAGs
[2024-10-09T22:04:01.539+0000] {logging_mixin.py:188} INFO - [2024-10-09T22:04:01.539+0000] {dag.py:3823} INFO - Setting next_dagrun for tutorial to 2024-10-08 00:00:00+00:00, run_after=2024-10-09 00:00:00+00:00
[2024-10-09T22:04:01.631+0000] {processor.py:183} INFO - Processing /home/airflow/.local/lib/python3.8/site-packages/airflow/example_dags/tutorial.py took 0.149 seconds
[2024-10-09T22:04:31.758+0000] {processor.py:161} INFO - Started process (PID=289) to work on /home/airflow/.local/lib/python3.8/site-packages/airflow/example_dags/tutorial.py
[2024-10-09T22:04:31.767+0000] {processor.py:830} INFO - Processing file /home/airflow/.local/lib/python3.8/site-packages/airflow/example_dags/tutorial.py for tasks to queue
[2024-10-09T22:04:31.791+0000] {logging_mixin.py:188} INFO - [2024-10-09T22:04:31.790+0000] {dagbag.py:538} INFO - Filling up the DagBag from /home/airflow/.local/lib/python3.8/site-packages/airflow/example_dags/tutorial.py
[2024-10-09T22:04:31.803+0000] {processor.py:840} INFO - DAG(s) 'tutorial' retrieved from /home/airflow/.local/lib/python3.8/site-packages/airflow/example_dags/tutorial.py
[2024-10-09T22:04:31.838+0000] {logging_mixin.py:188} INFO - [2024-10-09T22:04:31.838+0000] {dag.py:3036} INFO - Sync 1 DAGs
[2024-10-09T22:04:31.869+0000] {logging_mixin.py:188} INFO - [2024-10-09T22:04:31.868+0000] {dag.py:3823} INFO - Setting next_dagrun for tutorial to 2024-10-08 00:00:00+00:00, run_after=2024-10-09 00:00:00+00:00
[2024-10-09T22:04:31.909+0000] {processor.py:183} INFO - Processing /home/airflow/.local/lib/python3.8/site-packages/airflow/example_dags/tutorial.py took 0.157 seconds
[2024-10-09T22:05:03.305+0000] {processor.py:161} INFO - Started process (PID=351) to work on /home/airflow/.local/lib/python3.8/site-packages/airflow/example_dags/tutorial.py
[2024-10-09T22:05:03.307+0000] {processor.py:830} INFO - Processing file /home/airflow/.local/lib/python3.8/site-packages/airflow/example_dags/tutorial.py for tasks to queue
[2024-10-09T22:05:03.310+0000] {logging_mixin.py:188} INFO - [2024-10-09T22:05:03.309+0000] {dagbag.py:538} INFO - Filling up the DagBag from /home/airflow/.local/lib/python3.8/site-packages/airflow/example_dags/tutorial.py
[2024-10-09T22:05:03.317+0000] {processor.py:840} INFO - DAG(s) 'tutorial' retrieved from /home/airflow/.local/lib/python3.8/site-packages/airflow/example_dags/tutorial.py
[2024-10-09T22:05:03.344+0000] {logging_mixin.py:188} INFO - [2024-10-09T22:05:03.343+0000] {dag.py:3036} INFO - Sync 1 DAGs
[2024-10-09T22:05:03.370+0000] {logging_mixin.py:188} INFO - [2024-10-09T22:05:03.370+0000] {dag.py:3823} INFO - Setting next_dagrun for tutorial to 2024-10-08 00:00:00+00:00, run_after=2024-10-09 00:00:00+00:00
[2024-10-09T22:05:03.396+0000] {processor.py:183} INFO - Processing /home/airflow/.local/lib/python3.8/site-packages/airflow/example_dags/tutorial.py took 0.094 seconds
[2024-10-09T22:05:33.964+0000] {processor.py:161} INFO - Started process (PID=413) to work on /home/airflow/.local/lib/python3.8/site-packages/airflow/example_dags/tutorial.py
[2024-10-09T22:05:33.965+0000] {processor.py:830} INFO - Processing file /home/airflow/.local/lib/python3.8/site-packages/airflow/example_dags/tutorial.py for tasks to queue
[2024-10-09T22:05:33.968+0000] {logging_mixin.py:188} INFO - [2024-10-09T22:05:33.968+0000] {dagbag.py:538} INFO - Filling up the DagBag from /home/airflow/.local/lib/python3.8/site-packages/airflow/example_dags/tutorial.py
[2024-10-09T22:05:33.977+0000] {processor.py:840} INFO - DAG(s) 'tutorial' retrieved from /home/airflow/.local/lib/python3.8/site-packages/airflow/example_dags/tutorial.py
[2024-10-09T22:05:34.002+0000] {logging_mixin.py:188} INFO - [2024-10-09T22:05:34.002+0000] {dag.py:3036} INFO - Sync 1 DAGs
[2024-10-09T22:05:34.042+0000] {logging_mixin.py:188} INFO - [2024-10-09T22:05:34.042+0000] {dag.py:3823} INFO - Setting next_dagrun for tutorial to 2024-10-08 00:00:00+00:00, run_after=2024-10-09 00:00:00+00:00
[2024-10-09T22:05:34.069+0000] {processor.py:183} INFO - Processing /home/airflow/.local/lib/python3.8/site-packages/airflow/example_dags/tutorial.py took 0.109 seconds
[2024-10-09T22:06:06.690+0000] {processor.py:161} INFO - Started process (PID=475) to work on /home/airflow/.local/lib/python3.8/site-packages/airflow/example_dags/tutorial.py
[2024-10-09T22:06:06.692+0000] {processor.py:830} INFO - Processing file /home/airflow/.local/lib/python3.8/site-packages/airflow/example_dags/tutorial.py for tasks to queue
[2024-10-09T22:06:06.695+0000] {logging_mixin.py:188} INFO - [2024-10-09T22:06:06.694+0000] {dagbag.py:538} INFO - Filling up the DagBag from /home/airflow/.local/lib/python3.8/site-packages/airflow/example_dags/tutorial.py
[2024-10-09T22:06:06.705+0000] {processor.py:840} INFO - DAG(s) 'tutorial' retrieved from /home/airflow/.local/lib/python3.8/site-packages/airflow/example_dags/tutorial.py
[2024-10-09T22:06:06.749+0000] {logging_mixin.py:188} INFO - [2024-10-09T22:06:06.748+0000] {dag.py:3036} INFO - Sync 1 DAGs
[2024-10-09T22:06:06.778+0000] {logging_mixin.py:188} INFO - [2024-10-09T22:06:06.778+0000] {dag.py:3823} INFO - Setting next_dagrun for tutorial to 2024-10-08 00:00:00+00:00, run_after=2024-10-09 00:00:00+00:00
[2024-10-09T22:06:06.809+0000] {processor.py:183} INFO - Processing /home/airflow/.local/lib/python3.8/site-packages/airflow/example_dags/tutorial.py took 0.124 seconds
[2024-10-09T22:06:37.288+0000] {processor.py:161} INFO - Started process (PID=537) to work on /home/airflow/.local/lib/python3.8/site-packages/airflow/example_dags/tutorial.py
[2024-10-09T22:06:37.289+0000] {processor.py:830} INFO - Processing file /home/airflow/.local/lib/python3.8/site-packages/airflow/example_dags/tutorial.py for tasks to queue
[2024-10-09T22:06:37.292+0000] {logging_mixin.py:188} INFO - [2024-10-09T22:06:37.292+0000] {dagbag.py:538} INFO - Filling up the DagBag from /home/airflow/.local/lib/python3.8/site-packages/airflow/example_dags/tutorial.py
[2024-10-09T22:06:37.302+0000] {processor.py:840} INFO - DAG(s) 'tutorial' retrieved from /home/airflow/.local/lib/python3.8/site-packages/airflow/example_dags/tutorial.py
[2024-10-09T22:06:37.331+0000] {logging_mixin.py:188} INFO - [2024-10-09T22:06:37.330+0000] {dag.py:3036} INFO - Sync 1 DAGs
[2024-10-09T22:06:37.361+0000] {logging_mixin.py:188} INFO - [2024-10-09T22:06:37.361+0000] {dag.py:3823} INFO - Setting next_dagrun for tutorial to 2024-10-08 00:00:00+00:00, run_after=2024-10-09 00:00:00+00:00
[2024-10-09T22:06:37.391+0000] {processor.py:183} INFO - Processing /home/airflow/.local/lib/python3.8/site-packages/airflow/example_dags/tutorial.py took 0.108 seconds
[2024-10-09T22:07:08.580+0000] {processor.py:161} INFO - Started process (PID=599) to work on /home/airflow/.local/lib/python3.8/site-packages/airflow/example_dags/tutorial.py
[2024-10-09T22:07:08.581+0000] {processor.py:830} INFO - Processing file /home/airflow/.local/lib/python3.8/site-packages/airflow/example_dags/tutorial.py for tasks to queue
[2024-10-09T22:07:08.584+0000] {logging_mixin.py:188} INFO - [2024-10-09T22:07:08.583+0000] {dagbag.py:538} INFO - Filling up the DagBag from /home/airflow/.local/lib/python3.8/site-packages/airflow/example_dags/tutorial.py
[2024-10-09T22:07:08.590+0000] {processor.py:840} INFO - DAG(s) 'tutorial' retrieved from /home/airflow/.local/lib/python3.8/site-packages/airflow/example_dags/tutorial.py
[2024-10-09T22:07:08.617+0000] {logging_mixin.py:188} INFO - [2024-10-09T22:07:08.617+0000] {dag.py:3036} INFO - Sync 1 DAGs
[2024-10-09T22:07:08.643+0000] {logging_mixin.py:188} INFO - [2024-10-09T22:07:08.643+0000] {dag.py:3823} INFO - Setting next_dagrun for tutorial to 2024-10-08 00:00:00+00:00, run_after=2024-10-09 00:00:00+00:00
[2024-10-09T22:07:08.682+0000] {processor.py:183} INFO - Processing /home/airflow/.local/lib/python3.8/site-packages/airflow/example_dags/tutorial.py took 0.105 seconds
[2024-10-09T22:07:38.939+0000] {processor.py:161} INFO - Started process (PID=661) to work on /home/airflow/.local/lib/python3.8/site-packages/airflow/example_dags/tutorial.py
[2024-10-09T22:07:38.941+0000] {processor.py:830} INFO - Processing file /home/airflow/.local/lib/python3.8/site-packages/airflow/example_dags/tutorial.py for tasks to queue
[2024-10-09T22:07:38.944+0000] {logging_mixin.py:188} INFO - [2024-10-09T22:07:38.943+0000] {dagbag.py:538} INFO - Filling up the DagBag from /home/airflow/.local/lib/python3.8/site-packages/airflow/example_dags/tutorial.py
[2024-10-09T22:07:38.951+0000] {processor.py:840} INFO - DAG(s) 'tutorial' retrieved from /home/airflow/.local/lib/python3.8/site-packages/airflow/example_dags/tutorial.py
[2024-10-09T22:07:38.981+0000] {logging_mixin.py:188} INFO - [2024-10-09T22:07:38.981+0000] {dag.py:3036} INFO - Sync 1 DAGs
[2024-10-09T22:07:39.006+0000] {logging_mixin.py:188} INFO - [2024-10-09T22:07:39.006+0000] {dag.py:3823} INFO - Setting next_dagrun for tutorial to 2024-10-08 00:00:00+00:00, run_after=2024-10-09 00:00:00+00:00
[2024-10-09T22:07:39.047+0000] {processor.py:183} INFO - Processing /home/airflow/.local/lib/python3.8/site-packages/airflow/example_dags/tutorial.py took 0.111 seconds
[2024-10-09T22:08:09.201+0000] {processor.py:161} INFO - Started process (PID=724) to work on /home/airflow/.local/lib/python3.8/site-packages/airflow/example_dags/tutorial.py
[2024-10-09T22:08:09.203+0000] {processor.py:830} INFO - Processing file /home/airflow/.local/lib/python3.8/site-packages/airflow/example_dags/tutorial.py for tasks to queue
[2024-10-09T22:08:09.205+0000] {logging_mixin.py:188} INFO - [2024-10-09T22:08:09.205+0000] {dagbag.py:538} INFO - Filling up the DagBag from /home/airflow/.local/lib/python3.8/site-packages/airflow/example_dags/tutorial.py
[2024-10-09T22:08:09.212+0000] {processor.py:840} INFO - DAG(s) 'tutorial' retrieved from /home/airflow/.local/lib/python3.8/site-packages/airflow/example_dags/tutorial.py
[2024-10-09T22:08:09.235+0000] {logging_mixin.py:188} INFO - [2024-10-09T22:08:09.235+0000] {dag.py:3036} INFO - Sync 1 DAGs
[2024-10-09T22:08:09.265+0000] {logging_mixin.py:188} INFO - [2024-10-09T22:08:09.264+0000] {dag.py:3823} INFO - Setting next_dagrun for tutorial to 2024-10-08 00:00:00+00:00, run_after=2024-10-09 00:00:00+00:00
[2024-10-09T22:08:09.296+0000] {processor.py:183} INFO - Processing /home/airflow/.local/lib/python3.8/site-packages/airflow/example_dags/tutorial.py took 0.098 seconds
[2024-10-09T22:08:39.524+0000] {processor.py:161} INFO - Started process (PID=785) to work on /home/airflow/.local/lib/python3.8/site-packages/airflow/example_dags/tutorial.py
[2024-10-09T22:08:39.525+0000] {processor.py:830} INFO - Processing file /home/airflow/.local/lib/python3.8/site-packages/airflow/example_dags/tutorial.py for tasks to queue
[2024-10-09T22:08:39.527+0000] {logging_mixin.py:188} INFO - [2024-10-09T22:08:39.527+0000] {dagbag.py:538} INFO - Filling up the DagBag from /home/airflow/.local/lib/python3.8/site-packages/airflow/example_dags/tutorial.py
[2024-10-09T22:08:39.535+0000] {processor.py:840} INFO - DAG(s) 'tutorial' retrieved from /home/airflow/.local/lib/python3.8/site-packages/airflow/example_dags/tutorial.py
[2024-10-09T22:08:39.567+0000] {logging_mixin.py:188} INFO - [2024-10-09T22:08:39.567+0000] {dag.py:3036} INFO - Sync 1 DAGs
[2024-10-09T22:08:39.593+0000] {logging_mixin.py:188} INFO - [2024-10-09T22:08:39.593+0000] {dag.py:3823} INFO - Setting next_dagrun for tutorial to 2024-10-08 00:00:00+00:00, run_after=2024-10-09 00:00:00+00:00
[2024-10-09T22:08:39.621+0000] {processor.py:183} INFO - Processing /home/airflow/.local/lib/python3.8/site-packages/airflow/example_dags/tutorial.py took 0.102 seconds
[2024-10-09T22:09:14.654+0000] {processor.py:161} INFO - Started process (PID=846) to work on /home/airflow/.local/lib/python3.8/site-packages/airflow/example_dags/tutorial.py
[2024-10-09T22:09:14.657+0000] {processor.py:830} INFO - Processing file /home/airflow/.local/lib/python3.8/site-packages/airflow/example_dags/tutorial.py for tasks to queue
[2024-10-09T22:09:14.660+0000] {logging_mixin.py:188} INFO - [2024-10-09T22:09:14.660+0000] {dagbag.py:538} INFO - Filling up the DagBag from /home/airflow/.local/lib/python3.8/site-packages/airflow/example_dags/tutorial.py
[2024-10-09T22:09:14.674+0000] {processor.py:840} INFO - DAG(s) 'tutorial' retrieved from /home/airflow/.local/lib/python3.8/site-packages/airflow/example_dags/tutorial.py
[2024-10-09T22:09:14.731+0000] {logging_mixin.py:188} INFO - [2024-10-09T22:09:14.729+0000] {dag.py:3036} INFO - Sync 1 DAGs
[2024-10-09T22:09:14.821+0000] {logging_mixin.py:188} INFO - [2024-10-09T22:09:14.821+0000] {dag.py:3823} INFO - Setting next_dagrun for tutorial to 2024-10-08 00:00:00+00:00, run_after=2024-10-09 00:00:00+00:00
[2024-10-09T22:09:15.074+0000] {processor.py:183} INFO - Processing /home/airflow/.local/lib/python3.8/site-packages/airflow/example_dags/tutorial.py took 0.426 seconds
