[2024-10-09T22:02:18.103+0000] {processor.py:161} INFO - Started process (PID=103) to work on /home/airflow/.local/lib/python3.8/site-packages/airflow/example_dags/tutorial_objectstorage.py
[2024-10-09T22:02:18.105+0000] {processor.py:830} INFO - Processing file /home/airflow/.local/lib/python3.8/site-packages/airflow/example_dags/tutorial_objectstorage.py for tasks to queue
[2024-10-09T22:02:18.108+0000] {logging_mixin.py:188} INFO - [2024-10-09T22:02:18.107+0000] {dagbag.py:538} INFO - Filling up the DagBag from /home/airflow/.local/lib/python3.8/site-packages/airflow/example_dags/tutorial_objectstorage.py
[2024-10-09T22:02:18.118+0000] {processor.py:840} INFO - DAG(s) 'tutorial_objectstorage' retrieved from /home/airflow/.local/lib/python3.8/site-packages/airflow/example_dags/tutorial_objectstorage.py
[2024-10-09T22:02:18.137+0000] {logging_mixin.py:188} INFO - [2024-10-09T22:02:18.137+0000] {dag.py:3036} INFO - Sync 1 DAGs
[2024-10-09T22:02:18.161+0000] {logging_mixin.py:188} INFO - [2024-10-09T22:02:18.160+0000] {dag.py:3823} INFO - Setting next_dagrun for tutorial_objectstorage to None, run_after=None
[2024-10-09T22:02:18.192+0000] {processor.py:183} INFO - Processing /home/airflow/.local/lib/python3.8/site-packages/airflow/example_dags/tutorial_objectstorage.py took 0.094 seconds
[2024-10-09T22:02:57.743+0000] {processor.py:161} INFO - Started process (PID=88) to work on /home/airflow/.local/lib/python3.8/site-packages/airflow/example_dags/tutorial_objectstorage.py
[2024-10-09T22:02:57.745+0000] {processor.py:830} INFO - Processing file /home/airflow/.local/lib/python3.8/site-packages/airflow/example_dags/tutorial_objectstorage.py for tasks to queue
[2024-10-09T22:02:57.747+0000] {logging_mixin.py:188} INFO - [2024-10-09T22:02:57.747+0000] {dagbag.py:538} INFO - Filling up the DagBag from /home/airflow/.local/lib/python3.8/site-packages/airflow/example_dags/tutorial_objectstorage.py
[2024-10-09T22:02:57.755+0000] {processor.py:840} INFO - DAG(s) 'tutorial_objectstorage' retrieved from /home/airflow/.local/lib/python3.8/site-packages/airflow/example_dags/tutorial_objectstorage.py
[2024-10-09T22:02:57.867+0000] {logging_mixin.py:188} INFO - [2024-10-09T22:02:57.867+0000] {dag.py:3036} INFO - Sync 1 DAGs
[2024-10-09T22:02:57.881+0000] {logging_mixin.py:188} INFO - [2024-10-09T22:02:57.880+0000] {dag.py:3823} INFO - Setting next_dagrun for tutorial_objectstorage to None, run_after=None
[2024-10-09T22:02:57.921+0000] {processor.py:183} INFO - Processing /home/airflow/.local/lib/python3.8/site-packages/airflow/example_dags/tutorial_objectstorage.py took 0.181 seconds
[2024-10-09T22:03:28.417+0000] {processor.py:161} INFO - Started process (PID=150) to work on /home/airflow/.local/lib/python3.8/site-packages/airflow/example_dags/tutorial_objectstorage.py
[2024-10-09T22:03:28.419+0000] {processor.py:830} INFO - Processing file /home/airflow/.local/lib/python3.8/site-packages/airflow/example_dags/tutorial_objectstorage.py for tasks to queue
[2024-10-09T22:03:28.422+0000] {logging_mixin.py:188} INFO - [2024-10-09T22:03:28.421+0000] {dagbag.py:538} INFO - Filling up the DagBag from /home/airflow/.local/lib/python3.8/site-packages/airflow/example_dags/tutorial_objectstorage.py
[2024-10-09T22:03:28.437+0000] {processor.py:840} INFO - DAG(s) 'tutorial_objectstorage' retrieved from /home/airflow/.local/lib/python3.8/site-packages/airflow/example_dags/tutorial_objectstorage.py
[2024-10-09T22:03:28.467+0000] {logging_mixin.py:188} INFO - [2024-10-09T22:03:28.467+0000] {dag.py:3036} INFO - Sync 1 DAGs
[2024-10-09T22:03:28.481+0000] {logging_mixin.py:188} INFO - [2024-10-09T22:03:28.480+0000] {dag.py:3823} INFO - Setting next_dagrun for tutorial_objectstorage to None, run_after=None
[2024-10-09T22:03:28.509+0000] {processor.py:183} INFO - Processing /home/airflow/.local/lib/python3.8/site-packages/airflow/example_dags/tutorial_objectstorage.py took 0.096 seconds
[2024-10-09T22:03:59.294+0000] {processor.py:161} INFO - Started process (PID=212) to work on /home/airflow/.local/lib/python3.8/site-packages/airflow/example_dags/tutorial_objectstorage.py
[2024-10-09T22:03:59.297+0000] {processor.py:830} INFO - Processing file /home/airflow/.local/lib/python3.8/site-packages/airflow/example_dags/tutorial_objectstorage.py for tasks to queue
[2024-10-09T22:03:59.302+0000] {logging_mixin.py:188} INFO - [2024-10-09T22:03:59.301+0000] {dagbag.py:538} INFO - Filling up the DagBag from /home/airflow/.local/lib/python3.8/site-packages/airflow/example_dags/tutorial_objectstorage.py
[2024-10-09T22:03:59.315+0000] {processor.py:840} INFO - DAG(s) 'tutorial_objectstorage' retrieved from /home/airflow/.local/lib/python3.8/site-packages/airflow/example_dags/tutorial_objectstorage.py
[2024-10-09T22:03:59.356+0000] {logging_mixin.py:188} INFO - [2024-10-09T22:03:59.355+0000] {dag.py:3036} INFO - Sync 1 DAGs
[2024-10-09T22:03:59.377+0000] {logging_mixin.py:188} INFO - [2024-10-09T22:03:59.376+0000] {dag.py:3823} INFO - Setting next_dagrun for tutorial_objectstorage to None, run_after=None
[2024-10-09T22:03:59.405+0000] {processor.py:183} INFO - Processing /home/airflow/.local/lib/python3.8/site-packages/airflow/example_dags/tutorial_objectstorage.py took 0.116 seconds
[2024-10-09T22:04:30.144+0000] {processor.py:161} INFO - Started process (PID=274) to work on /home/airflow/.local/lib/python3.8/site-packages/airflow/example_dags/tutorial_objectstorage.py
[2024-10-09T22:04:30.147+0000] {processor.py:830} INFO - Processing file /home/airflow/.local/lib/python3.8/site-packages/airflow/example_dags/tutorial_objectstorage.py for tasks to queue
[2024-10-09T22:04:30.151+0000] {logging_mixin.py:188} INFO - [2024-10-09T22:04:30.150+0000] {dagbag.py:538} INFO - Filling up the DagBag from /home/airflow/.local/lib/python3.8/site-packages/airflow/example_dags/tutorial_objectstorage.py
[2024-10-09T22:04:30.170+0000] {processor.py:840} INFO - DAG(s) 'tutorial_objectstorage' retrieved from /home/airflow/.local/lib/python3.8/site-packages/airflow/example_dags/tutorial_objectstorage.py
[2024-10-09T22:04:30.221+0000] {logging_mixin.py:188} INFO - [2024-10-09T22:04:30.220+0000] {dag.py:3036} INFO - Sync 1 DAGs
[2024-10-09T22:04:30.245+0000] {logging_mixin.py:188} INFO - [2024-10-09T22:04:30.245+0000] {dag.py:3823} INFO - Setting next_dagrun for tutorial_objectstorage to None, run_after=None
[2024-10-09T22:04:30.312+0000] {processor.py:183} INFO - Processing /home/airflow/.local/lib/python3.8/site-packages/airflow/example_dags/tutorial_objectstorage.py took 0.179 seconds
[2024-10-09T22:05:02.253+0000] {processor.py:161} INFO - Started process (PID=336) to work on /home/airflow/.local/lib/python3.8/site-packages/airflow/example_dags/tutorial_objectstorage.py
[2024-10-09T22:05:02.255+0000] {processor.py:830} INFO - Processing file /home/airflow/.local/lib/python3.8/site-packages/airflow/example_dags/tutorial_objectstorage.py for tasks to queue
[2024-10-09T22:05:02.257+0000] {logging_mixin.py:188} INFO - [2024-10-09T22:05:02.257+0000] {dagbag.py:538} INFO - Filling up the DagBag from /home/airflow/.local/lib/python3.8/site-packages/airflow/example_dags/tutorial_objectstorage.py
[2024-10-09T22:05:02.265+0000] {processor.py:840} INFO - DAG(s) 'tutorial_objectstorage' retrieved from /home/airflow/.local/lib/python3.8/site-packages/airflow/example_dags/tutorial_objectstorage.py
[2024-10-09T22:05:02.291+0000] {logging_mixin.py:188} INFO - [2024-10-09T22:05:02.290+0000] {dag.py:3036} INFO - Sync 1 DAGs
[2024-10-09T22:05:02.306+0000] {logging_mixin.py:188} INFO - [2024-10-09T22:05:02.306+0000] {dag.py:3823} INFO - Setting next_dagrun for tutorial_objectstorage to None, run_after=None
[2024-10-09T22:05:02.331+0000] {processor.py:183} INFO - Processing /home/airflow/.local/lib/python3.8/site-packages/airflow/example_dags/tutorial_objectstorage.py took 0.082 seconds
[2024-10-09T22:05:32.875+0000] {processor.py:161} INFO - Started process (PID=398) to work on /home/airflow/.local/lib/python3.8/site-packages/airflow/example_dags/tutorial_objectstorage.py
[2024-10-09T22:05:32.877+0000] {processor.py:830} INFO - Processing file /home/airflow/.local/lib/python3.8/site-packages/airflow/example_dags/tutorial_objectstorage.py for tasks to queue
[2024-10-09T22:05:32.879+0000] {logging_mixin.py:188} INFO - [2024-10-09T22:05:32.879+0000] {dagbag.py:538} INFO - Filling up the DagBag from /home/airflow/.local/lib/python3.8/site-packages/airflow/example_dags/tutorial_objectstorage.py
[2024-10-09T22:05:32.887+0000] {processor.py:840} INFO - DAG(s) 'tutorial_objectstorage' retrieved from /home/airflow/.local/lib/python3.8/site-packages/airflow/example_dags/tutorial_objectstorage.py
[2024-10-09T22:05:32.911+0000] {logging_mixin.py:188} INFO - [2024-10-09T22:05:32.911+0000] {dag.py:3036} INFO - Sync 1 DAGs
[2024-10-09T22:05:32.927+0000] {logging_mixin.py:188} INFO - [2024-10-09T22:05:32.926+0000] {dag.py:3823} INFO - Setting next_dagrun for tutorial_objectstorage to None, run_after=None
[2024-10-09T22:05:32.958+0000] {processor.py:183} INFO - Processing /home/airflow/.local/lib/python3.8/site-packages/airflow/example_dags/tutorial_objectstorage.py took 0.086 seconds
[2024-10-09T22:06:04.873+0000] {processor.py:161} INFO - Started process (PID=460) to work on /home/airflow/.local/lib/python3.8/site-packages/airflow/example_dags/tutorial_objectstorage.py
[2024-10-09T22:06:04.875+0000] {processor.py:830} INFO - Processing file /home/airflow/.local/lib/python3.8/site-packages/airflow/example_dags/tutorial_objectstorage.py for tasks to queue
[2024-10-09T22:06:04.877+0000] {logging_mixin.py:188} INFO - [2024-10-09T22:06:04.877+0000] {dagbag.py:538} INFO - Filling up the DagBag from /home/airflow/.local/lib/python3.8/site-packages/airflow/example_dags/tutorial_objectstorage.py
[2024-10-09T22:06:04.887+0000] {processor.py:840} INFO - DAG(s) 'tutorial_objectstorage' retrieved from /home/airflow/.local/lib/python3.8/site-packages/airflow/example_dags/tutorial_objectstorage.py
[2024-10-09T22:06:04.931+0000] {logging_mixin.py:188} INFO - [2024-10-09T22:06:04.931+0000] {dag.py:3036} INFO - Sync 1 DAGs
[2024-10-09T22:06:04.952+0000] {logging_mixin.py:188} INFO - [2024-10-09T22:06:04.951+0000] {dag.py:3823} INFO - Setting next_dagrun for tutorial_objectstorage to None, run_after=None
[2024-10-09T22:06:04.993+0000] {processor.py:183} INFO - Processing /home/airflow/.local/lib/python3.8/site-packages/airflow/example_dags/tutorial_objectstorage.py took 0.125 seconds
[2024-10-09T22:06:35.905+0000] {processor.py:161} INFO - Started process (PID=522) to work on /home/airflow/.local/lib/python3.8/site-packages/airflow/example_dags/tutorial_objectstorage.py
[2024-10-09T22:06:35.907+0000] {processor.py:830} INFO - Processing file /home/airflow/.local/lib/python3.8/site-packages/airflow/example_dags/tutorial_objectstorage.py for tasks to queue
[2024-10-09T22:06:35.909+0000] {logging_mixin.py:188} INFO - [2024-10-09T22:06:35.909+0000] {dagbag.py:538} INFO - Filling up the DagBag from /home/airflow/.local/lib/python3.8/site-packages/airflow/example_dags/tutorial_objectstorage.py
[2024-10-09T22:06:35.916+0000] {processor.py:840} INFO - DAG(s) 'tutorial_objectstorage' retrieved from /home/airflow/.local/lib/python3.8/site-packages/airflow/example_dags/tutorial_objectstorage.py
[2024-10-09T22:06:35.942+0000] {logging_mixin.py:188} INFO - [2024-10-09T22:06:35.941+0000] {dag.py:3036} INFO - Sync 1 DAGs
[2024-10-09T22:06:35.956+0000] {logging_mixin.py:188} INFO - [2024-10-09T22:06:35.956+0000] {dag.py:3823} INFO - Setting next_dagrun for tutorial_objectstorage to None, run_after=None
[2024-10-09T22:06:35.988+0000] {processor.py:183} INFO - Processing /home/airflow/.local/lib/python3.8/site-packages/airflow/example_dags/tutorial_objectstorage.py took 0.086 seconds
[2024-10-09T22:07:06.842+0000] {processor.py:161} INFO - Started process (PID=584) to work on /home/airflow/.local/lib/python3.8/site-packages/airflow/example_dags/tutorial_objectstorage.py
[2024-10-09T22:07:06.843+0000] {processor.py:830} INFO - Processing file /home/airflow/.local/lib/python3.8/site-packages/airflow/example_dags/tutorial_objectstorage.py for tasks to queue
[2024-10-09T22:07:06.846+0000] {logging_mixin.py:188} INFO - [2024-10-09T22:07:06.845+0000] {dagbag.py:538} INFO - Filling up the DagBag from /home/airflow/.local/lib/python3.8/site-packages/airflow/example_dags/tutorial_objectstorage.py
[2024-10-09T22:07:06.853+0000] {processor.py:840} INFO - DAG(s) 'tutorial_objectstorage' retrieved from /home/airflow/.local/lib/python3.8/site-packages/airflow/example_dags/tutorial_objectstorage.py
[2024-10-09T22:07:06.878+0000] {logging_mixin.py:188} INFO - [2024-10-09T22:07:06.877+0000] {dag.py:3036} INFO - Sync 1 DAGs
[2024-10-09T22:07:06.911+0000] {logging_mixin.py:188} INFO - [2024-10-09T22:07:06.910+0000] {dag.py:3823} INFO - Setting next_dagrun for tutorial_objectstorage to None, run_after=None
[2024-10-09T22:07:06.945+0000] {processor.py:183} INFO - Processing /home/airflow/.local/lib/python3.8/site-packages/airflow/example_dags/tutorial_objectstorage.py took 0.107 seconds
[2024-10-09T22:07:37.625+0000] {processor.py:161} INFO - Started process (PID=646) to work on /home/airflow/.local/lib/python3.8/site-packages/airflow/example_dags/tutorial_objectstorage.py
[2024-10-09T22:07:37.627+0000] {processor.py:830} INFO - Processing file /home/airflow/.local/lib/python3.8/site-packages/airflow/example_dags/tutorial_objectstorage.py for tasks to queue
[2024-10-09T22:07:37.629+0000] {logging_mixin.py:188} INFO - [2024-10-09T22:07:37.629+0000] {dagbag.py:538} INFO - Filling up the DagBag from /home/airflow/.local/lib/python3.8/site-packages/airflow/example_dags/tutorial_objectstorage.py
[2024-10-09T22:07:37.638+0000] {processor.py:840} INFO - DAG(s) 'tutorial_objectstorage' retrieved from /home/airflow/.local/lib/python3.8/site-packages/airflow/example_dags/tutorial_objectstorage.py
[2024-10-09T22:07:37.666+0000] {logging_mixin.py:188} INFO - [2024-10-09T22:07:37.666+0000] {dag.py:3036} INFO - Sync 1 DAGs
[2024-10-09T22:07:37.685+0000] {logging_mixin.py:188} INFO - [2024-10-09T22:07:37.684+0000] {dag.py:3823} INFO - Setting next_dagrun for tutorial_objectstorage to None, run_after=None
[2024-10-09T22:07:37.711+0000] {processor.py:183} INFO - Processing /home/airflow/.local/lib/python3.8/site-packages/airflow/example_dags/tutorial_objectstorage.py took 0.091 seconds
[2024-10-09T22:08:08.003+0000] {processor.py:161} INFO - Started process (PID=709) to work on /home/airflow/.local/lib/python3.8/site-packages/airflow/example_dags/tutorial_objectstorage.py
[2024-10-09T22:08:08.004+0000] {processor.py:830} INFO - Processing file /home/airflow/.local/lib/python3.8/site-packages/airflow/example_dags/tutorial_objectstorage.py for tasks to queue
[2024-10-09T22:08:08.007+0000] {logging_mixin.py:188} INFO - [2024-10-09T22:08:08.007+0000] {dagbag.py:538} INFO - Filling up the DagBag from /home/airflow/.local/lib/python3.8/site-packages/airflow/example_dags/tutorial_objectstorage.py
[2024-10-09T22:08:08.015+0000] {processor.py:840} INFO - DAG(s) 'tutorial_objectstorage' retrieved from /home/airflow/.local/lib/python3.8/site-packages/airflow/example_dags/tutorial_objectstorage.py
[2024-10-09T22:08:08.040+0000] {logging_mixin.py:188} INFO - [2024-10-09T22:08:08.039+0000] {dag.py:3036} INFO - Sync 1 DAGs
[2024-10-09T22:08:08.055+0000] {logging_mixin.py:188} INFO - [2024-10-09T22:08:08.055+0000] {dag.py:3823} INFO - Setting next_dagrun for tutorial_objectstorage to None, run_after=None
[2024-10-09T22:08:08.084+0000] {processor.py:183} INFO - Processing /home/airflow/.local/lib/python3.8/site-packages/airflow/example_dags/tutorial_objectstorage.py took 0.085 seconds
[2024-10-09T22:08:38.274+0000] {processor.py:161} INFO - Started process (PID=770) to work on /home/airflow/.local/lib/python3.8/site-packages/airflow/example_dags/tutorial_objectstorage.py
[2024-10-09T22:08:38.276+0000] {processor.py:830} INFO - Processing file /home/airflow/.local/lib/python3.8/site-packages/airflow/example_dags/tutorial_objectstorage.py for tasks to queue
[2024-10-09T22:08:38.279+0000] {logging_mixin.py:188} INFO - [2024-10-09T22:08:38.278+0000] {dagbag.py:538} INFO - Filling up the DagBag from /home/airflow/.local/lib/python3.8/site-packages/airflow/example_dags/tutorial_objectstorage.py
[2024-10-09T22:08:38.289+0000] {processor.py:840} INFO - DAG(s) 'tutorial_objectstorage' retrieved from /home/airflow/.local/lib/python3.8/site-packages/airflow/example_dags/tutorial_objectstorage.py
[2024-10-09T22:08:38.330+0000] {logging_mixin.py:188} INFO - [2024-10-09T22:08:38.329+0000] {dag.py:3036} INFO - Sync 1 DAGs
[2024-10-09T22:08:38.347+0000] {logging_mixin.py:188} INFO - [2024-10-09T22:08:38.346+0000] {dag.py:3823} INFO - Setting next_dagrun for tutorial_objectstorage to None, run_after=None
[2024-10-09T22:08:38.379+0000] {processor.py:183} INFO - Processing /home/airflow/.local/lib/python3.8/site-packages/airflow/example_dags/tutorial_objectstorage.py took 0.109 seconds
[2024-10-09T22:09:12.652+0000] {processor.py:161} INFO - Started process (PID=831) to work on /home/airflow/.local/lib/python3.8/site-packages/airflow/example_dags/tutorial_objectstorage.py
[2024-10-09T22:09:12.654+0000] {processor.py:830} INFO - Processing file /home/airflow/.local/lib/python3.8/site-packages/airflow/example_dags/tutorial_objectstorage.py for tasks to queue
[2024-10-09T22:09:12.657+0000] {logging_mixin.py:188} INFO - [2024-10-09T22:09:12.656+0000] {dagbag.py:538} INFO - Filling up the DagBag from /home/airflow/.local/lib/python3.8/site-packages/airflow/example_dags/tutorial_objectstorage.py
[2024-10-09T22:09:12.675+0000] {processor.py:840} INFO - DAG(s) 'tutorial_objectstorage' retrieved from /home/airflow/.local/lib/python3.8/site-packages/airflow/example_dags/tutorial_objectstorage.py
[2024-10-09T22:09:12.715+0000] {logging_mixin.py:188} INFO - [2024-10-09T22:09:12.714+0000] {dag.py:3036} INFO - Sync 1 DAGs
[2024-10-09T22:09:12.731+0000] {logging_mixin.py:188} INFO - [2024-10-09T22:09:12.731+0000] {dag.py:3823} INFO - Setting next_dagrun for tutorial_objectstorage to None, run_after=None
[2024-10-09T22:09:12.768+0000] {processor.py:183} INFO - Processing /home/airflow/.local/lib/python3.8/site-packages/airflow/example_dags/tutorial_objectstorage.py took 0.122 seconds
