[2024-10-09T22:02:19.236+0000] {processor.py:161} INFO - Started process (PID=117) to work on /home/airflow/.local/lib/python3.8/site-packages/airflow/example_dags/tutorial_taskflow_api.py
[2024-10-09T22:02:19.238+0000] {processor.py:830} INFO - Processing file /home/airflow/.local/lib/python3.8/site-packages/airflow/example_dags/tutorial_taskflow_api.py for tasks to queue
[2024-10-09T22:02:19.242+0000] {logging_mixin.py:188} INFO - [2024-10-09T22:02:19.241+0000] {dagbag.py:538} INFO - Filling up the DagBag from /home/airflow/.local/lib/python3.8/site-packages/airflow/example_dags/tutorial_taskflow_api.py
[2024-10-09T22:02:19.271+0000] {processor.py:840} INFO - DAG(s) 'tutorial_taskflow_api' retrieved from /home/airflow/.local/lib/python3.8/site-packages/airflow/example_dags/tutorial_taskflow_api.py
[2024-10-09T22:02:19.295+0000] {logging_mixin.py:188} INFO - [2024-10-09T22:02:19.294+0000] {dag.py:3036} INFO - Sync 1 DAGs
[2024-10-09T22:02:19.329+0000] {logging_mixin.py:188} INFO - [2024-10-09T22:02:19.328+0000] {dag.py:3823} INFO - Setting next_dagrun for tutorial_taskflow_api to None, run_after=None
[2024-10-09T22:02:19.376+0000] {processor.py:183} INFO - Processing /home/airflow/.local/lib/python3.8/site-packages/airflow/example_dags/tutorial_taskflow_api.py took 0.147 seconds
[2024-10-09T22:02:59.476+0000] {processor.py:161} INFO - Started process (PID=102) to work on /home/airflow/.local/lib/python3.8/site-packages/airflow/example_dags/tutorial_taskflow_api.py
[2024-10-09T22:02:59.517+0000] {processor.py:830} INFO - Processing file /home/airflow/.local/lib/python3.8/site-packages/airflow/example_dags/tutorial_taskflow_api.py for tasks to queue
[2024-10-09T22:02:59.520+0000] {logging_mixin.py:188} INFO - [2024-10-09T22:02:59.519+0000] {dagbag.py:538} INFO - Filling up the DagBag from /home/airflow/.local/lib/python3.8/site-packages/airflow/example_dags/tutorial_taskflow_api.py
[2024-10-09T22:02:59.528+0000] {processor.py:840} INFO - DAG(s) 'tutorial_taskflow_api' retrieved from /home/airflow/.local/lib/python3.8/site-packages/airflow/example_dags/tutorial_taskflow_api.py
[2024-10-09T22:02:59.713+0000] {logging_mixin.py:188} INFO - [2024-10-09T22:02:59.713+0000] {dag.py:3036} INFO - Sync 1 DAGs
[2024-10-09T22:02:59.727+0000] {logging_mixin.py:188} INFO - [2024-10-09T22:02:59.727+0000] {dag.py:3823} INFO - Setting next_dagrun for tutorial_taskflow_api to None, run_after=None
[2024-10-09T22:02:59.753+0000] {processor.py:183} INFO - Processing /home/airflow/.local/lib/python3.8/site-packages/airflow/example_dags/tutorial_taskflow_api.py took 0.281 seconds
[2024-10-09T22:03:30.681+0000] {processor.py:161} INFO - Started process (PID=164) to work on /home/airflow/.local/lib/python3.8/site-packages/airflow/example_dags/tutorial_taskflow_api.py
[2024-10-09T22:03:30.683+0000] {processor.py:830} INFO - Processing file /home/airflow/.local/lib/python3.8/site-packages/airflow/example_dags/tutorial_taskflow_api.py for tasks to queue
[2024-10-09T22:03:30.685+0000] {logging_mixin.py:188} INFO - [2024-10-09T22:03:30.685+0000] {dagbag.py:538} INFO - Filling up the DagBag from /home/airflow/.local/lib/python3.8/site-packages/airflow/example_dags/tutorial_taskflow_api.py
[2024-10-09T22:03:30.708+0000] {processor.py:840} INFO - DAG(s) 'tutorial_taskflow_api' retrieved from /home/airflow/.local/lib/python3.8/site-packages/airflow/example_dags/tutorial_taskflow_api.py
[2024-10-09T22:03:30.736+0000] {logging_mixin.py:188} INFO - [2024-10-09T22:03:30.735+0000] {dag.py:3036} INFO - Sync 1 DAGs
[2024-10-09T22:03:30.750+0000] {logging_mixin.py:188} INFO - [2024-10-09T22:03:30.749+0000] {dag.py:3823} INFO - Setting next_dagrun for tutorial_taskflow_api to None, run_after=None
[2024-10-09T22:03:30.776+0000] {processor.py:183} INFO - Processing /home/airflow/.local/lib/python3.8/site-packages/airflow/example_dags/tutorial_taskflow_api.py took 0.098 seconds
[2024-10-09T22:04:01.370+0000] {processor.py:161} INFO - Started process (PID=226) to work on /home/airflow/.local/lib/python3.8/site-packages/airflow/example_dags/tutorial_taskflow_api.py
[2024-10-09T22:04:01.372+0000] {processor.py:830} INFO - Processing file /home/airflow/.local/lib/python3.8/site-packages/airflow/example_dags/tutorial_taskflow_api.py for tasks to queue
[2024-10-09T22:04:01.374+0000] {logging_mixin.py:188} INFO - [2024-10-09T22:04:01.374+0000] {dagbag.py:538} INFO - Filling up the DagBag from /home/airflow/.local/lib/python3.8/site-packages/airflow/example_dags/tutorial_taskflow_api.py
[2024-10-09T22:04:01.380+0000] {processor.py:840} INFO - DAG(s) 'tutorial_taskflow_api' retrieved from /home/airflow/.local/lib/python3.8/site-packages/airflow/example_dags/tutorial_taskflow_api.py
[2024-10-09T22:04:01.401+0000] {logging_mixin.py:188} INFO - [2024-10-09T22:04:01.401+0000] {dag.py:3036} INFO - Sync 1 DAGs
[2024-10-09T22:04:01.413+0000] {logging_mixin.py:188} INFO - [2024-10-09T22:04:01.412+0000] {dag.py:3823} INFO - Setting next_dagrun for tutorial_taskflow_api to None, run_after=None
[2024-10-09T22:04:01.449+0000] {processor.py:183} INFO - Processing /home/airflow/.local/lib/python3.8/site-packages/airflow/example_dags/tutorial_taskflow_api.py took 0.085 seconds
[2024-10-09T22:04:31.640+0000] {processor.py:161} INFO - Started process (PID=288) to work on /home/airflow/.local/lib/python3.8/site-packages/airflow/example_dags/tutorial_taskflow_api.py
[2024-10-09T22:04:31.641+0000] {processor.py:830} INFO - Processing file /home/airflow/.local/lib/python3.8/site-packages/airflow/example_dags/tutorial_taskflow_api.py for tasks to queue
[2024-10-09T22:04:31.644+0000] {logging_mixin.py:188} INFO - [2024-10-09T22:04:31.643+0000] {dagbag.py:538} INFO - Filling up the DagBag from /home/airflow/.local/lib/python3.8/site-packages/airflow/example_dags/tutorial_taskflow_api.py
[2024-10-09T22:04:31.652+0000] {processor.py:840} INFO - DAG(s) 'tutorial_taskflow_api' retrieved from /home/airflow/.local/lib/python3.8/site-packages/airflow/example_dags/tutorial_taskflow_api.py
[2024-10-09T22:04:31.686+0000] {logging_mixin.py:188} INFO - [2024-10-09T22:04:31.686+0000] {dag.py:3036} INFO - Sync 1 DAGs
[2024-10-09T22:04:31.707+0000] {logging_mixin.py:188} INFO - [2024-10-09T22:04:31.706+0000] {dag.py:3823} INFO - Setting next_dagrun for tutorial_taskflow_api to None, run_after=None
[2024-10-09T22:04:31.741+0000] {processor.py:183} INFO - Processing /home/airflow/.local/lib/python3.8/site-packages/airflow/example_dags/tutorial_taskflow_api.py took 0.107 seconds
[2024-10-09T22:05:03.242+0000] {processor.py:161} INFO - Started process (PID=350) to work on /home/airflow/.local/lib/python3.8/site-packages/airflow/example_dags/tutorial_taskflow_api.py
[2024-10-09T22:05:03.243+0000] {processor.py:830} INFO - Processing file /home/airflow/.local/lib/python3.8/site-packages/airflow/example_dags/tutorial_taskflow_api.py for tasks to queue
[2024-10-09T22:05:03.245+0000] {logging_mixin.py:188} INFO - [2024-10-09T22:05:03.245+0000] {dagbag.py:538} INFO - Filling up the DagBag from /home/airflow/.local/lib/python3.8/site-packages/airflow/example_dags/tutorial_taskflow_api.py
[2024-10-09T22:05:03.253+0000] {processor.py:840} INFO - DAG(s) 'tutorial_taskflow_api' retrieved from /home/airflow/.local/lib/python3.8/site-packages/airflow/example_dags/tutorial_taskflow_api.py
[2024-10-09T22:05:03.278+0000] {logging_mixin.py:188} INFO - [2024-10-09T22:05:03.278+0000] {dag.py:3036} INFO - Sync 1 DAGs
[2024-10-09T22:05:03.296+0000] {logging_mixin.py:188} INFO - [2024-10-09T22:05:03.296+0000] {dag.py:3823} INFO - Setting next_dagrun for tutorial_taskflow_api to None, run_after=None
[2024-10-09T22:05:03.323+0000] {processor.py:183} INFO - Processing /home/airflow/.local/lib/python3.8/site-packages/airflow/example_dags/tutorial_taskflow_api.py took 0.085 seconds
[2024-10-09T22:05:33.876+0000] {processor.py:161} INFO - Started process (PID=412) to work on /home/airflow/.local/lib/python3.8/site-packages/airflow/example_dags/tutorial_taskflow_api.py
[2024-10-09T22:05:33.877+0000] {processor.py:830} INFO - Processing file /home/airflow/.local/lib/python3.8/site-packages/airflow/example_dags/tutorial_taskflow_api.py for tasks to queue
[2024-10-09T22:05:33.879+0000] {logging_mixin.py:188} INFO - [2024-10-09T22:05:33.879+0000] {dagbag.py:538} INFO - Filling up the DagBag from /home/airflow/.local/lib/python3.8/site-packages/airflow/example_dags/tutorial_taskflow_api.py
[2024-10-09T22:05:33.886+0000] {processor.py:840} INFO - DAG(s) 'tutorial_taskflow_api' retrieved from /home/airflow/.local/lib/python3.8/site-packages/airflow/example_dags/tutorial_taskflow_api.py
[2024-10-09T22:05:33.908+0000] {logging_mixin.py:188} INFO - [2024-10-09T22:05:33.908+0000] {dag.py:3036} INFO - Sync 1 DAGs
[2024-10-09T22:05:33.921+0000] {logging_mixin.py:188} INFO - [2024-10-09T22:05:33.920+0000] {dag.py:3823} INFO - Setting next_dagrun for tutorial_taskflow_api to None, run_after=None
[2024-10-09T22:05:33.954+0000] {processor.py:183} INFO - Processing /home/airflow/.local/lib/python3.8/site-packages/airflow/example_dags/tutorial_taskflow_api.py took 0.082 seconds
[2024-10-09T22:06:06.481+0000] {processor.py:161} INFO - Started process (PID=474) to work on /home/airflow/.local/lib/python3.8/site-packages/airflow/example_dags/tutorial_taskflow_api.py
[2024-10-09T22:06:06.483+0000] {processor.py:830} INFO - Processing file /home/airflow/.local/lib/python3.8/site-packages/airflow/example_dags/tutorial_taskflow_api.py for tasks to queue
[2024-10-09T22:06:06.486+0000] {logging_mixin.py:188} INFO - [2024-10-09T22:06:06.486+0000] {dagbag.py:538} INFO - Filling up the DagBag from /home/airflow/.local/lib/python3.8/site-packages/airflow/example_dags/tutorial_taskflow_api.py
[2024-10-09T22:06:06.497+0000] {processor.py:840} INFO - DAG(s) 'tutorial_taskflow_api' retrieved from /home/airflow/.local/lib/python3.8/site-packages/airflow/example_dags/tutorial_taskflow_api.py
[2024-10-09T22:06:06.536+0000] {logging_mixin.py:188} INFO - [2024-10-09T22:06:06.535+0000] {dag.py:3036} INFO - Sync 1 DAGs
[2024-10-09T22:06:06.562+0000] {logging_mixin.py:188} INFO - [2024-10-09T22:06:06.562+0000] {dag.py:3823} INFO - Setting next_dagrun for tutorial_taskflow_api to None, run_after=None
[2024-10-09T22:06:06.615+0000] {processor.py:183} INFO - Processing /home/airflow/.local/lib/python3.8/site-packages/airflow/example_dags/tutorial_taskflow_api.py took 0.140 seconds
[2024-10-09T22:06:37.176+0000] {processor.py:161} INFO - Started process (PID=536) to work on /home/airflow/.local/lib/python3.8/site-packages/airflow/example_dags/tutorial_taskflow_api.py
[2024-10-09T22:06:37.178+0000] {processor.py:830} INFO - Processing file /home/airflow/.local/lib/python3.8/site-packages/airflow/example_dags/tutorial_taskflow_api.py for tasks to queue
[2024-10-09T22:06:37.181+0000] {logging_mixin.py:188} INFO - [2024-10-09T22:06:37.180+0000] {dagbag.py:538} INFO - Filling up the DagBag from /home/airflow/.local/lib/python3.8/site-packages/airflow/example_dags/tutorial_taskflow_api.py
[2024-10-09T22:06:37.191+0000] {processor.py:840} INFO - DAG(s) 'tutorial_taskflow_api' retrieved from /home/airflow/.local/lib/python3.8/site-packages/airflow/example_dags/tutorial_taskflow_api.py
[2024-10-09T22:06:37.221+0000] {logging_mixin.py:188} INFO - [2024-10-09T22:06:37.220+0000] {dag.py:3036} INFO - Sync 1 DAGs
[2024-10-09T22:06:37.241+0000] {logging_mixin.py:188} INFO - [2024-10-09T22:06:37.241+0000] {dag.py:3823} INFO - Setting next_dagrun for tutorial_taskflow_api to None, run_after=None
[2024-10-09T22:06:37.286+0000] {processor.py:183} INFO - Processing /home/airflow/.local/lib/python3.8/site-packages/airflow/example_dags/tutorial_taskflow_api.py took 0.114 seconds
[2024-10-09T22:07:08.441+0000] {processor.py:161} INFO - Started process (PID=598) to work on /home/airflow/.local/lib/python3.8/site-packages/airflow/example_dags/tutorial_taskflow_api.py
[2024-10-09T22:07:08.443+0000] {processor.py:830} INFO - Processing file /home/airflow/.local/lib/python3.8/site-packages/airflow/example_dags/tutorial_taskflow_api.py for tasks to queue
[2024-10-09T22:07:08.446+0000] {logging_mixin.py:188} INFO - [2024-10-09T22:07:08.445+0000] {dagbag.py:538} INFO - Filling up the DagBag from /home/airflow/.local/lib/python3.8/site-packages/airflow/example_dags/tutorial_taskflow_api.py
[2024-10-09T22:07:08.455+0000] {processor.py:840} INFO - DAG(s) 'tutorial_taskflow_api' retrieved from /home/airflow/.local/lib/python3.8/site-packages/airflow/example_dags/tutorial_taskflow_api.py
[2024-10-09T22:07:08.480+0000] {logging_mixin.py:188} INFO - [2024-10-09T22:07:08.480+0000] {dag.py:3036} INFO - Sync 1 DAGs
[2024-10-09T22:07:08.495+0000] {logging_mixin.py:188} INFO - [2024-10-09T22:07:08.494+0000] {dag.py:3823} INFO - Setting next_dagrun for tutorial_taskflow_api to None, run_after=None
[2024-10-09T22:07:08.528+0000] {processor.py:183} INFO - Processing /home/airflow/.local/lib/python3.8/site-packages/airflow/example_dags/tutorial_taskflow_api.py took 0.090 seconds
[2024-10-09T22:07:38.815+0000] {processor.py:161} INFO - Started process (PID=660) to work on /home/airflow/.local/lib/python3.8/site-packages/airflow/example_dags/tutorial_taskflow_api.py
[2024-10-09T22:07:38.817+0000] {processor.py:830} INFO - Processing file /home/airflow/.local/lib/python3.8/site-packages/airflow/example_dags/tutorial_taskflow_api.py for tasks to queue
[2024-10-09T22:07:38.820+0000] {logging_mixin.py:188} INFO - [2024-10-09T22:07:38.820+0000] {dagbag.py:538} INFO - Filling up the DagBag from /home/airflow/.local/lib/python3.8/site-packages/airflow/example_dags/tutorial_taskflow_api.py
[2024-10-09T22:07:38.829+0000] {processor.py:840} INFO - DAG(s) 'tutorial_taskflow_api' retrieved from /home/airflow/.local/lib/python3.8/site-packages/airflow/example_dags/tutorial_taskflow_api.py
[2024-10-09T22:07:38.865+0000] {logging_mixin.py:188} INFO - [2024-10-09T22:07:38.864+0000] {dag.py:3036} INFO - Sync 1 DAGs
[2024-10-09T22:07:38.892+0000] {logging_mixin.py:188} INFO - [2024-10-09T22:07:38.892+0000] {dag.py:3823} INFO - Setting next_dagrun for tutorial_taskflow_api to None, run_after=None
[2024-10-09T22:07:38.929+0000] {processor.py:183} INFO - Processing /home/airflow/.local/lib/python3.8/site-packages/airflow/example_dags/tutorial_taskflow_api.py took 0.120 seconds
[2024-10-09T22:08:09.138+0000] {processor.py:161} INFO - Started process (PID=723) to work on /home/airflow/.local/lib/python3.8/site-packages/airflow/example_dags/tutorial_taskflow_api.py
[2024-10-09T22:08:09.140+0000] {processor.py:830} INFO - Processing file /home/airflow/.local/lib/python3.8/site-packages/airflow/example_dags/tutorial_taskflow_api.py for tasks to queue
[2024-10-09T22:08:09.142+0000] {logging_mixin.py:188} INFO - [2024-10-09T22:08:09.142+0000] {dagbag.py:538} INFO - Filling up the DagBag from /home/airflow/.local/lib/python3.8/site-packages/airflow/example_dags/tutorial_taskflow_api.py
[2024-10-09T22:08:09.150+0000] {processor.py:840} INFO - DAG(s) 'tutorial_taskflow_api' retrieved from /home/airflow/.local/lib/python3.8/site-packages/airflow/example_dags/tutorial_taskflow_api.py
[2024-10-09T22:08:09.188+0000] {logging_mixin.py:188} INFO - [2024-10-09T22:08:09.187+0000] {dag.py:3036} INFO - Sync 1 DAGs
[2024-10-09T22:08:09.207+0000] {logging_mixin.py:188} INFO - [2024-10-09T22:08:09.206+0000] {dag.py:3823} INFO - Setting next_dagrun for tutorial_taskflow_api to None, run_after=None
[2024-10-09T22:08:09.231+0000] {processor.py:183} INFO - Processing /home/airflow/.local/lib/python3.8/site-packages/airflow/example_dags/tutorial_taskflow_api.py took 0.097 seconds
[2024-10-09T22:08:39.522+0000] {processor.py:161} INFO - Started process (PID=784) to work on /home/airflow/.local/lib/python3.8/site-packages/airflow/example_dags/tutorial_taskflow_api.py
[2024-10-09T22:08:39.523+0000] {processor.py:830} INFO - Processing file /home/airflow/.local/lib/python3.8/site-packages/airflow/example_dags/tutorial_taskflow_api.py for tasks to queue
[2024-10-09T22:08:39.526+0000] {logging_mixin.py:188} INFO - [2024-10-09T22:08:39.525+0000] {dagbag.py:538} INFO - Filling up the DagBag from /home/airflow/.local/lib/python3.8/site-packages/airflow/example_dags/tutorial_taskflow_api.py
[2024-10-09T22:08:39.533+0000] {processor.py:840} INFO - DAG(s) 'tutorial_taskflow_api' retrieved from /home/airflow/.local/lib/python3.8/site-packages/airflow/example_dags/tutorial_taskflow_api.py
[2024-10-09T22:08:39.568+0000] {logging_mixin.py:188} INFO - [2024-10-09T22:08:39.567+0000] {dag.py:3036} INFO - Sync 1 DAGs
[2024-10-09T22:08:39.583+0000] {logging_mixin.py:188} INFO - [2024-10-09T22:08:39.583+0000] {dag.py:3823} INFO - Setting next_dagrun for tutorial_taskflow_api to None, run_after=None
[2024-10-09T22:08:39.609+0000] {processor.py:183} INFO - Processing /home/airflow/.local/lib/python3.8/site-packages/airflow/example_dags/tutorial_taskflow_api.py took 0.091 seconds
[2024-10-09T22:09:14.445+0000] {processor.py:161} INFO - Started process (PID=845) to work on /home/airflow/.local/lib/python3.8/site-packages/airflow/example_dags/tutorial_taskflow_api.py
[2024-10-09T22:09:14.448+0000] {processor.py:830} INFO - Processing file /home/airflow/.local/lib/python3.8/site-packages/airflow/example_dags/tutorial_taskflow_api.py for tasks to queue
[2024-10-09T22:09:14.453+0000] {logging_mixin.py:188} INFO - [2024-10-09T22:09:14.452+0000] {dagbag.py:538} INFO - Filling up the DagBag from /home/airflow/.local/lib/python3.8/site-packages/airflow/example_dags/tutorial_taskflow_api.py
[2024-10-09T22:09:14.477+0000] {processor.py:840} INFO - DAG(s) 'tutorial_taskflow_api' retrieved from /home/airflow/.local/lib/python3.8/site-packages/airflow/example_dags/tutorial_taskflow_api.py
[2024-10-09T22:09:14.605+0000] {logging_mixin.py:188} INFO - [2024-10-09T22:09:14.603+0000] {dag.py:3036} INFO - Sync 1 DAGs
[2024-10-09T22:09:14.628+0000] {logging_mixin.py:188} INFO - [2024-10-09T22:09:14.627+0000] {dag.py:3823} INFO - Setting next_dagrun for tutorial_taskflow_api to None, run_after=None
[2024-10-09T22:09:14.677+0000] {processor.py:183} INFO - Processing /home/airflow/.local/lib/python3.8/site-packages/airflow/example_dags/tutorial_taskflow_api.py took 0.237 seconds
