[2024-10-09T22:02:18.441+0000] {processor.py:161} INFO - Started process (PID=108) to work on /home/airflow/.local/lib/python3.8/site-packages/airflow/example_dags/tutorial_dag.py
[2024-10-09T22:02:18.443+0000] {processor.py:830} INFO - Processing file /home/airflow/.local/lib/python3.8/site-packages/airflow/example_dags/tutorial_dag.py for tasks to queue
[2024-10-09T22:02:18.446+0000] {logging_mixin.py:188} INFO - [2024-10-09T22:02:18.446+0000] {dagbag.py:538} INFO - Filling up the DagBag from /home/airflow/.local/lib/python3.8/site-packages/airflow/example_dags/tutorial_dag.py
[2024-10-09T22:02:18.459+0000] {processor.py:840} INFO - DAG(s) 'tutorial_dag' retrieved from /home/airflow/.local/lib/python3.8/site-packages/airflow/example_dags/tutorial_dag.py
[2024-10-09T22:02:18.487+0000] {logging_mixin.py:188} INFO - [2024-10-09T22:02:18.486+0000] {dag.py:3036} INFO - Sync 1 DAGs
[2024-10-09T22:02:18.524+0000] {logging_mixin.py:188} INFO - [2024-10-09T22:02:18.524+0000] {dag.py:3823} INFO - Setting next_dagrun for tutorial_dag to None, run_after=None
[2024-10-09T22:02:18.562+0000] {processor.py:183} INFO - Processing /home/airflow/.local/lib/python3.8/site-packages/airflow/example_dags/tutorial_dag.py took 0.126 seconds
[2024-10-09T22:02:58.387+0000] {processor.py:161} INFO - Started process (PID=93) to work on /home/airflow/.local/lib/python3.8/site-packages/airflow/example_dags/tutorial_dag.py
[2024-10-09T22:02:58.389+0000] {processor.py:830} INFO - Processing file /home/airflow/.local/lib/python3.8/site-packages/airflow/example_dags/tutorial_dag.py for tasks to queue
[2024-10-09T22:02:58.391+0000] {logging_mixin.py:188} INFO - [2024-10-09T22:02:58.391+0000] {dagbag.py:538} INFO - Filling up the DagBag from /home/airflow/.local/lib/python3.8/site-packages/airflow/example_dags/tutorial_dag.py
[2024-10-09T22:02:58.414+0000] {processor.py:840} INFO - DAG(s) 'tutorial_dag' retrieved from /home/airflow/.local/lib/python3.8/site-packages/airflow/example_dags/tutorial_dag.py
[2024-10-09T22:02:58.529+0000] {logging_mixin.py:188} INFO - [2024-10-09T22:02:58.529+0000] {dag.py:3036} INFO - Sync 1 DAGs
[2024-10-09T22:02:58.541+0000] {logging_mixin.py:188} INFO - [2024-10-09T22:02:58.541+0000] {dag.py:3823} INFO - Setting next_dagrun for tutorial_dag to None, run_after=None
[2024-10-09T22:02:58.566+0000] {processor.py:183} INFO - Processing /home/airflow/.local/lib/python3.8/site-packages/airflow/example_dags/tutorial_dag.py took 0.182 seconds
[2024-10-09T22:03:28.761+0000] {processor.py:161} INFO - Started process (PID=155) to work on /home/airflow/.local/lib/python3.8/site-packages/airflow/example_dags/tutorial_dag.py
[2024-10-09T22:03:28.763+0000] {processor.py:830} INFO - Processing file /home/airflow/.local/lib/python3.8/site-packages/airflow/example_dags/tutorial_dag.py for tasks to queue
[2024-10-09T22:03:28.767+0000] {logging_mixin.py:188} INFO - [2024-10-09T22:03:28.766+0000] {dagbag.py:538} INFO - Filling up the DagBag from /home/airflow/.local/lib/python3.8/site-packages/airflow/example_dags/tutorial_dag.py
[2024-10-09T22:03:28.775+0000] {processor.py:840} INFO - DAG(s) 'tutorial_dag' retrieved from /home/airflow/.local/lib/python3.8/site-packages/airflow/example_dags/tutorial_dag.py
[2024-10-09T22:03:28.801+0000] {logging_mixin.py:188} INFO - [2024-10-09T22:03:28.800+0000] {dag.py:3036} INFO - Sync 1 DAGs
[2024-10-09T22:03:28.815+0000] {logging_mixin.py:188} INFO - [2024-10-09T22:03:28.814+0000] {dag.py:3823} INFO - Setting next_dagrun for tutorial_dag to None, run_after=None
[2024-10-09T22:03:28.847+0000] {processor.py:183} INFO - Processing /home/airflow/.local/lib/python3.8/site-packages/airflow/example_dags/tutorial_dag.py took 0.091 seconds
[2024-10-09T22:03:59.751+0000] {processor.py:161} INFO - Started process (PID=217) to work on /home/airflow/.local/lib/python3.8/site-packages/airflow/example_dags/tutorial_dag.py
[2024-10-09T22:03:59.752+0000] {processor.py:830} INFO - Processing file /home/airflow/.local/lib/python3.8/site-packages/airflow/example_dags/tutorial_dag.py for tasks to queue
[2024-10-09T22:03:59.755+0000] {logging_mixin.py:188} INFO - [2024-10-09T22:03:59.754+0000] {dagbag.py:538} INFO - Filling up the DagBag from /home/airflow/.local/lib/python3.8/site-packages/airflow/example_dags/tutorial_dag.py
[2024-10-09T22:03:59.762+0000] {processor.py:840} INFO - DAG(s) 'tutorial_dag' retrieved from /home/airflow/.local/lib/python3.8/site-packages/airflow/example_dags/tutorial_dag.py
[2024-10-09T22:03:59.785+0000] {logging_mixin.py:188} INFO - [2024-10-09T22:03:59.785+0000] {dag.py:3036} INFO - Sync 1 DAGs
[2024-10-09T22:03:59.798+0000] {logging_mixin.py:188} INFO - [2024-10-09T22:03:59.797+0000] {dag.py:3823} INFO - Setting next_dagrun for tutorial_dag to None, run_after=None
[2024-10-09T22:03:59.821+0000] {processor.py:183} INFO - Processing /home/airflow/.local/lib/python3.8/site-packages/airflow/example_dags/tutorial_dag.py took 0.074 seconds
[2024-10-09T22:04:30.687+0000] {processor.py:161} INFO - Started process (PID=279) to work on /home/airflow/.local/lib/python3.8/site-packages/airflow/example_dags/tutorial_dag.py
[2024-10-09T22:04:30.689+0000] {processor.py:830} INFO - Processing file /home/airflow/.local/lib/python3.8/site-packages/airflow/example_dags/tutorial_dag.py for tasks to queue
[2024-10-09T22:04:30.695+0000] {logging_mixin.py:188} INFO - [2024-10-09T22:04:30.694+0000] {dagbag.py:538} INFO - Filling up the DagBag from /home/airflow/.local/lib/python3.8/site-packages/airflow/example_dags/tutorial_dag.py
[2024-10-09T22:04:30.708+0000] {processor.py:840} INFO - DAG(s) 'tutorial_dag' retrieved from /home/airflow/.local/lib/python3.8/site-packages/airflow/example_dags/tutorial_dag.py
[2024-10-09T22:04:30.750+0000] {logging_mixin.py:188} INFO - [2024-10-09T22:04:30.749+0000] {dag.py:3036} INFO - Sync 1 DAGs
[2024-10-09T22:04:30.802+0000] {logging_mixin.py:188} INFO - [2024-10-09T22:04:30.802+0000] {dag.py:3823} INFO - Setting next_dagrun for tutorial_dag to None, run_after=None
[2024-10-09T22:04:30.844+0000] {processor.py:183} INFO - Processing /home/airflow/.local/lib/python3.8/site-packages/airflow/example_dags/tutorial_dag.py took 0.164 seconds
[2024-10-09T22:05:02.595+0000] {processor.py:161} INFO - Started process (PID=341) to work on /home/airflow/.local/lib/python3.8/site-packages/airflow/example_dags/tutorial_dag.py
[2024-10-09T22:05:02.596+0000] {processor.py:830} INFO - Processing file /home/airflow/.local/lib/python3.8/site-packages/airflow/example_dags/tutorial_dag.py for tasks to queue
[2024-10-09T22:05:02.598+0000] {logging_mixin.py:188} INFO - [2024-10-09T22:05:02.598+0000] {dagbag.py:538} INFO - Filling up the DagBag from /home/airflow/.local/lib/python3.8/site-packages/airflow/example_dags/tutorial_dag.py
[2024-10-09T22:05:02.605+0000] {processor.py:840} INFO - DAG(s) 'tutorial_dag' retrieved from /home/airflow/.local/lib/python3.8/site-packages/airflow/example_dags/tutorial_dag.py
[2024-10-09T22:05:02.629+0000] {logging_mixin.py:188} INFO - [2024-10-09T22:05:02.628+0000] {dag.py:3036} INFO - Sync 1 DAGs
[2024-10-09T22:05:02.643+0000] {logging_mixin.py:188} INFO - [2024-10-09T22:05:02.642+0000] {dag.py:3823} INFO - Setting next_dagrun for tutorial_dag to None, run_after=None
[2024-10-09T22:05:02.688+0000] {processor.py:183} INFO - Processing /home/airflow/.local/lib/python3.8/site-packages/airflow/example_dags/tutorial_dag.py took 0.097 seconds
[2024-10-09T22:05:33.224+0000] {processor.py:161} INFO - Started process (PID=403) to work on /home/airflow/.local/lib/python3.8/site-packages/airflow/example_dags/tutorial_dag.py
[2024-10-09T22:05:33.226+0000] {processor.py:830} INFO - Processing file /home/airflow/.local/lib/python3.8/site-packages/airflow/example_dags/tutorial_dag.py for tasks to queue
[2024-10-09T22:05:33.228+0000] {logging_mixin.py:188} INFO - [2024-10-09T22:05:33.227+0000] {dagbag.py:538} INFO - Filling up the DagBag from /home/airflow/.local/lib/python3.8/site-packages/airflow/example_dags/tutorial_dag.py
[2024-10-09T22:05:33.234+0000] {processor.py:840} INFO - DAG(s) 'tutorial_dag' retrieved from /home/airflow/.local/lib/python3.8/site-packages/airflow/example_dags/tutorial_dag.py
[2024-10-09T22:05:33.268+0000] {logging_mixin.py:188} INFO - [2024-10-09T22:05:33.268+0000] {dag.py:3036} INFO - Sync 1 DAGs
[2024-10-09T22:05:33.284+0000] {logging_mixin.py:188} INFO - [2024-10-09T22:05:33.283+0000] {dag.py:3823} INFO - Setting next_dagrun for tutorial_dag to None, run_after=None
[2024-10-09T22:05:33.313+0000] {processor.py:183} INFO - Processing /home/airflow/.local/lib/python3.8/site-packages/airflow/example_dags/tutorial_dag.py took 0.093 seconds
[2024-10-09T22:06:05.476+0000] {processor.py:161} INFO - Started process (PID=465) to work on /home/airflow/.local/lib/python3.8/site-packages/airflow/example_dags/tutorial_dag.py
[2024-10-09T22:06:05.478+0000] {processor.py:830} INFO - Processing file /home/airflow/.local/lib/python3.8/site-packages/airflow/example_dags/tutorial_dag.py for tasks to queue
[2024-10-09T22:06:05.480+0000] {logging_mixin.py:188} INFO - [2024-10-09T22:06:05.480+0000] {dagbag.py:538} INFO - Filling up the DagBag from /home/airflow/.local/lib/python3.8/site-packages/airflow/example_dags/tutorial_dag.py
[2024-10-09T22:06:05.488+0000] {processor.py:840} INFO - DAG(s) 'tutorial_dag' retrieved from /home/airflow/.local/lib/python3.8/site-packages/airflow/example_dags/tutorial_dag.py
[2024-10-09T22:06:05.517+0000] {logging_mixin.py:188} INFO - [2024-10-09T22:06:05.516+0000] {dag.py:3036} INFO - Sync 1 DAGs
[2024-10-09T22:06:05.536+0000] {logging_mixin.py:188} INFO - [2024-10-09T22:06:05.536+0000] {dag.py:3823} INFO - Setting next_dagrun for tutorial_dag to None, run_after=None
[2024-10-09T22:06:05.579+0000] {processor.py:183} INFO - Processing /home/airflow/.local/lib/python3.8/site-packages/airflow/example_dags/tutorial_dag.py took 0.108 seconds
[2024-10-09T22:06:36.363+0000] {processor.py:161} INFO - Started process (PID=527) to work on /home/airflow/.local/lib/python3.8/site-packages/airflow/example_dags/tutorial_dag.py
[2024-10-09T22:06:36.365+0000] {processor.py:830} INFO - Processing file /home/airflow/.local/lib/python3.8/site-packages/airflow/example_dags/tutorial_dag.py for tasks to queue
[2024-10-09T22:06:36.367+0000] {logging_mixin.py:188} INFO - [2024-10-09T22:06:36.367+0000] {dagbag.py:538} INFO - Filling up the DagBag from /home/airflow/.local/lib/python3.8/site-packages/airflow/example_dags/tutorial_dag.py
[2024-10-09T22:06:36.375+0000] {processor.py:840} INFO - DAG(s) 'tutorial_dag' retrieved from /home/airflow/.local/lib/python3.8/site-packages/airflow/example_dags/tutorial_dag.py
[2024-10-09T22:06:36.405+0000] {logging_mixin.py:188} INFO - [2024-10-09T22:06:36.405+0000] {dag.py:3036} INFO - Sync 1 DAGs
[2024-10-09T22:06:36.421+0000] {logging_mixin.py:188} INFO - [2024-10-09T22:06:36.420+0000] {dag.py:3823} INFO - Setting next_dagrun for tutorial_dag to None, run_after=None
[2024-10-09T22:06:36.454+0000] {processor.py:183} INFO - Processing /home/airflow/.local/lib/python3.8/site-packages/airflow/example_dags/tutorial_dag.py took 0.095 seconds
[2024-10-09T22:07:07.533+0000] {processor.py:161} INFO - Started process (PID=589) to work on /home/airflow/.local/lib/python3.8/site-packages/airflow/example_dags/tutorial_dag.py
[2024-10-09T22:07:07.534+0000] {processor.py:830} INFO - Processing file /home/airflow/.local/lib/python3.8/site-packages/airflow/example_dags/tutorial_dag.py for tasks to queue
[2024-10-09T22:07:07.536+0000] {logging_mixin.py:188} INFO - [2024-10-09T22:07:07.536+0000] {dagbag.py:538} INFO - Filling up the DagBag from /home/airflow/.local/lib/python3.8/site-packages/airflow/example_dags/tutorial_dag.py
[2024-10-09T22:07:07.542+0000] {processor.py:840} INFO - DAG(s) 'tutorial_dag' retrieved from /home/airflow/.local/lib/python3.8/site-packages/airflow/example_dags/tutorial_dag.py
[2024-10-09T22:07:07.567+0000] {logging_mixin.py:188} INFO - [2024-10-09T22:07:07.566+0000] {dag.py:3036} INFO - Sync 1 DAGs
[2024-10-09T22:07:07.580+0000] {logging_mixin.py:188} INFO - [2024-10-09T22:07:07.580+0000] {dag.py:3823} INFO - Setting next_dagrun for tutorial_dag to None, run_after=None
[2024-10-09T22:07:07.609+0000] {processor.py:183} INFO - Processing /home/airflow/.local/lib/python3.8/site-packages/airflow/example_dags/tutorial_dag.py took 0.079 seconds
[2024-10-09T22:07:37.915+0000] {processor.py:161} INFO - Started process (PID=651) to work on /home/airflow/.local/lib/python3.8/site-packages/airflow/example_dags/tutorial_dag.py
[2024-10-09T22:07:37.916+0000] {processor.py:830} INFO - Processing file /home/airflow/.local/lib/python3.8/site-packages/airflow/example_dags/tutorial_dag.py for tasks to queue
[2024-10-09T22:07:37.918+0000] {logging_mixin.py:188} INFO - [2024-10-09T22:07:37.918+0000] {dagbag.py:538} INFO - Filling up the DagBag from /home/airflow/.local/lib/python3.8/site-packages/airflow/example_dags/tutorial_dag.py
[2024-10-09T22:07:37.925+0000] {processor.py:840} INFO - DAG(s) 'tutorial_dag' retrieved from /home/airflow/.local/lib/python3.8/site-packages/airflow/example_dags/tutorial_dag.py
[2024-10-09T22:07:37.950+0000] {logging_mixin.py:188} INFO - [2024-10-09T22:07:37.950+0000] {dag.py:3036} INFO - Sync 1 DAGs
[2024-10-09T22:07:37.968+0000] {logging_mixin.py:188} INFO - [2024-10-09T22:07:37.967+0000] {dag.py:3823} INFO - Setting next_dagrun for tutorial_dag to None, run_after=None
[2024-10-09T22:07:37.998+0000] {processor.py:183} INFO - Processing /home/airflow/.local/lib/python3.8/site-packages/airflow/example_dags/tutorial_dag.py took 0.087 seconds
[2024-10-09T22:08:08.450+0000] {processor.py:161} INFO - Started process (PID=714) to work on /home/airflow/.local/lib/python3.8/site-packages/airflow/example_dags/tutorial_dag.py
[2024-10-09T22:08:08.452+0000] {processor.py:830} INFO - Processing file /home/airflow/.local/lib/python3.8/site-packages/airflow/example_dags/tutorial_dag.py for tasks to queue
[2024-10-09T22:08:08.456+0000] {logging_mixin.py:188} INFO - [2024-10-09T22:08:08.455+0000] {dagbag.py:538} INFO - Filling up the DagBag from /home/airflow/.local/lib/python3.8/site-packages/airflow/example_dags/tutorial_dag.py
[2024-10-09T22:08:08.467+0000] {processor.py:840} INFO - DAG(s) 'tutorial_dag' retrieved from /home/airflow/.local/lib/python3.8/site-packages/airflow/example_dags/tutorial_dag.py
[2024-10-09T22:08:08.496+0000] {logging_mixin.py:188} INFO - [2024-10-09T22:08:08.496+0000] {dag.py:3036} INFO - Sync 1 DAGs
[2024-10-09T22:08:08.511+0000] {logging_mixin.py:188} INFO - [2024-10-09T22:08:08.510+0000] {dag.py:3823} INFO - Setting next_dagrun for tutorial_dag to None, run_after=None
[2024-10-09T22:08:08.536+0000] {processor.py:183} INFO - Processing /home/airflow/.local/lib/python3.8/site-packages/airflow/example_dags/tutorial_dag.py took 0.090 seconds
[2024-10-09T22:08:38.719+0000] {processor.py:161} INFO - Started process (PID=775) to work on /home/airflow/.local/lib/python3.8/site-packages/airflow/example_dags/tutorial_dag.py
[2024-10-09T22:08:38.721+0000] {processor.py:830} INFO - Processing file /home/airflow/.local/lib/python3.8/site-packages/airflow/example_dags/tutorial_dag.py for tasks to queue
[2024-10-09T22:08:38.724+0000] {logging_mixin.py:188} INFO - [2024-10-09T22:08:38.724+0000] {dagbag.py:538} INFO - Filling up the DagBag from /home/airflow/.local/lib/python3.8/site-packages/airflow/example_dags/tutorial_dag.py
[2024-10-09T22:08:38.733+0000] {processor.py:840} INFO - DAG(s) 'tutorial_dag' retrieved from /home/airflow/.local/lib/python3.8/site-packages/airflow/example_dags/tutorial_dag.py
[2024-10-09T22:08:38.764+0000] {logging_mixin.py:188} INFO - [2024-10-09T22:08:38.763+0000] {dag.py:3036} INFO - Sync 1 DAGs
[2024-10-09T22:08:38.787+0000] {logging_mixin.py:188} INFO - [2024-10-09T22:08:38.786+0000] {dag.py:3823} INFO - Setting next_dagrun for tutorial_dag to None, run_after=None
[2024-10-09T22:08:38.834+0000] {processor.py:183} INFO - Processing /home/airflow/.local/lib/python3.8/site-packages/airflow/example_dags/tutorial_dag.py took 0.123 seconds
[2024-10-09T22:09:13.093+0000] {processor.py:161} INFO - Started process (PID=836) to work on /home/airflow/.local/lib/python3.8/site-packages/airflow/example_dags/tutorial_dag.py
[2024-10-09T22:09:13.095+0000] {processor.py:830} INFO - Processing file /home/airflow/.local/lib/python3.8/site-packages/airflow/example_dags/tutorial_dag.py for tasks to queue
[2024-10-09T22:09:13.097+0000] {logging_mixin.py:188} INFO - [2024-10-09T22:09:13.097+0000] {dagbag.py:538} INFO - Filling up the DagBag from /home/airflow/.local/lib/python3.8/site-packages/airflow/example_dags/tutorial_dag.py
[2024-10-09T22:09:13.106+0000] {processor.py:840} INFO - DAG(s) 'tutorial_dag' retrieved from /home/airflow/.local/lib/python3.8/site-packages/airflow/example_dags/tutorial_dag.py
[2024-10-09T22:09:13.191+0000] {logging_mixin.py:188} INFO - [2024-10-09T22:09:13.190+0000] {dag.py:3036} INFO - Sync 1 DAGs
[2024-10-09T22:09:13.215+0000] {logging_mixin.py:188} INFO - [2024-10-09T22:09:13.214+0000] {dag.py:3823} INFO - Setting next_dagrun for tutorial_dag to None, run_after=None
[2024-10-09T22:09:13.253+0000] {processor.py:183} INFO - Processing /home/airflow/.local/lib/python3.8/site-packages/airflow/example_dags/tutorial_dag.py took 0.164 seconds
